<?xml version="1.0" encoding="UTF-8"?>
<testsuite xmlns:xsi="http://www.w3.org/2001/XMLSchema-instance" xsi:noNamespaceSchemaLocation="https://maven.apache.org/surefire/maven-surefire-plugin/xsd/surefire-test-report-3.0.xsd" version="3.0" name="com.usyd.catams.integration.LecturerApprovalWorkflowIntegrationTest" time="15.454" tests="11" errors="0" skipped="0" failures="0">
  <properties>
    <property name="java.specification.version" value="17"/>
    <property name="sun.cpu.isalist" value="amd64"/>
    <property name="sun.jnu.encoding" value="UTF-8"/>
    <property name="java.class.path" value="E:\Code\Casual-Academic-Time-Allocation-Management-System\target\test-classes;E:\Code\Casual-Academic-Time-Allocation-Management-System\target\classes;C:\Users\k7407\.m2\repository\org\springframework\boot\spring-boot-starter-web\3.2.0\spring-boot-starter-web-3.2.0.jar;C:\Users\k7407\.m2\repository\org\springframework\boot\spring-boot-starter\3.2.0\spring-boot-starter-3.2.0.jar;C:\Users\k7407\.m2\repository\org\springframework\boot\spring-boot-starter-logging\3.2.0\spring-boot-starter-logging-3.2.0.jar;C:\Users\k7407\.m2\repository\ch\qos\logback\logback-classic\1.4.11\logback-classic-1.4.11.jar;C:\Users\k7407\.m2\repository\ch\qos\logback\logback-core\1.4.11\logback-core-1.4.11.jar;C:\Users\k7407\.m2\repository\org\apache\logging\log4j\log4j-to-slf4j\2.21.1\log4j-to-slf4j-2.21.1.jar;C:\Users\k7407\.m2\repository\org\apache\logging\log4j\log4j-api\2.21.1\log4j-api-2.21.1.jar;C:\Users\k7407\.m2\repository\org\slf4j\jul-to-slf4j\2.0.9\jul-to-slf4j-2.0.9.jar;C:\Users\k7407\.m2\repository\jakarta\annotation\jakarta.annotation-api\2.1.1\jakarta.annotation-api-2.1.1.jar;C:\Users\k7407\.m2\repository\org\yaml\snakeyaml\2.2\snakeyaml-2.2.jar;C:\Users\k7407\.m2\repository\org\springframework\boot\spring-boot-starter-json\3.2.0\spring-boot-starter-json-3.2.0.jar;C:\Users\k7407\.m2\repository\com\fasterxml\jackson\datatype\jackson-datatype-jdk8\2.15.3\jackson-datatype-jdk8-2.15.3.jar;C:\Users\k7407\.m2\repository\com\fasterxml\jackson\datatype\jackson-datatype-jsr310\2.15.3\jackson-datatype-jsr310-2.15.3.jar;C:\Users\k7407\.m2\repository\com\fasterxml\jackson\module\jackson-module-parameter-names\2.15.3\jackson-module-parameter-names-2.15.3.jar;C:\Users\k7407\.m2\repository\org\springframework\boot\spring-boot-starter-tomcat\3.2.0\spring-boot-starter-tomcat-3.2.0.jar;C:\Users\k7407\.m2\repository\org\apache\tomcat\embed\tomcat-embed-core\10.1.16\tomcat-embed-core-10.1.16.jar;C:\Users\k7407\.m2\repository\org\apache\tomcat\embed\tomcat-embed-websocket\10.1.16\tomcat-embed-websocket-10.1.16.jar;C:\Users\k7407\.m2\repository\org\springframework\spring-web\6.1.1\spring-web-6.1.1.jar;C:\Users\k7407\.m2\repository\org\springframework\spring-beans\6.1.1\spring-beans-6.1.1.jar;C:\Users\k7407\.m2\repository\org\springframework\spring-webmvc\6.1.1\spring-webmvc-6.1.1.jar;C:\Users\k7407\.m2\repository\org\springframework\spring-context\6.1.1\spring-context-6.1.1.jar;C:\Users\k7407\.m2\repository\org\springframework\spring-expression\6.1.1\spring-expression-6.1.1.jar;C:\Users\k7407\.m2\repository\org\springframework\boot\spring-boot-starter-data-jpa\3.2.0\spring-boot-starter-data-jpa-3.2.0.jar;C:\Users\k7407\.m2\repository\org\springframework\boot\spring-boot-starter-aop\3.2.0\spring-boot-starter-aop-3.2.0.jar;C:\Users\k7407\.m2\repository\org\aspectj\aspectjweaver\1.9.20.1\aspectjweaver-1.9.20.1.jar;C:\Users\k7407\.m2\repository\org\springframework\boot\spring-boot-starter-jdbc\3.2.0\spring-boot-starter-jdbc-3.2.0.jar;C:\Users\k7407\.m2\repository\com\zaxxer\HikariCP\5.0.1\HikariCP-5.0.1.jar;C:\Users\k7407\.m2\repository\org\springframework\spring-jdbc\6.1.1\spring-jdbc-6.1.1.jar;C:\Users\k7407\.m2\repository\org\hibernate\orm\hibernate-core\6.3.1.Final\hibernate-core-6.3.1.Final.jar;C:\Users\k7407\.m2\repository\jakarta\persistence\jakarta.persistence-api\3.1.0\jakarta.persistence-api-3.1.0.jar;C:\Users\k7407\.m2\repository\jakarta\transaction\jakarta.transaction-api\2.0.1\jakarta.transaction-api-2.0.1.jar;C:\Users\k7407\.m2\repository\org\jboss\logging\jboss-logging\3.5.3.Final\jboss-logging-3.5.3.Final.jar;C:\Users\k7407\.m2\repository\org\hibernate\common\hibernate-commons-annotations\6.0.6.Final\hibernate-commons-annotations-6.0.6.Final.jar;C:\Users\k7407\.m2\repository\io\smallrye\jandex\3.1.2\jandex-3.1.2.jar;C:\Users\k7407\.m2\repository\com\fasterxml\classmate\1.6.0\classmate-1.6.0.jar;C:\Users\k7407\.m2\repository\net\bytebuddy\byte-buddy\1.14.10\byte-buddy-1.14.10.jar;C:\Users\k7407\.m2\repository\org\glassfish\jaxb\jaxb-runtime\4.0.4\jaxb-runtime-4.0.4.jar;C:\Users\k7407\.m2\repository\org\glassfish\jaxb\jaxb-core\4.0.4\jaxb-core-4.0.4.jar;C:\Users\k7407\.m2\repository\org\eclipse\angus\angus-activation\2.0.1\angus-activation-2.0.1.jar;C:\Users\k7407\.m2\repository\org\glassfish\jaxb\txw2\4.0.4\txw2-4.0.4.jar;C:\Users\k7407\.m2\repository\com\sun\istack\istack-commons-runtime\4.1.2\istack-commons-runtime-4.1.2.jar;C:\Users\k7407\.m2\repository\jakarta\inject\jakarta.inject-api\2.0.1\jakarta.inject-api-2.0.1.jar;C:\Users\k7407\.m2\repository\org\antlr\antlr4-runtime\4.10.1\antlr4-runtime-4.10.1.jar;C:\Users\k7407\.m2\repository\org\springframework\data\spring-data-jpa\3.2.0\spring-data-jpa-3.2.0.jar;C:\Users\k7407\.m2\repository\org\springframework\data\spring-data-commons\3.2.0\spring-data-commons-3.2.0.jar;C:\Users\k7407\.m2\repository\org\springframework\spring-orm\6.1.1\spring-orm-6.1.1.jar;C:\Users\k7407\.m2\repository\org\springframework\spring-tx\6.1.1\spring-tx-6.1.1.jar;C:\Users\k7407\.m2\repository\org\slf4j\slf4j-api\2.0.9\slf4j-api-2.0.9.jar;C:\Users\k7407\.m2\repository\org\springframework\spring-aspects\6.1.1\spring-aspects-6.1.1.jar;C:\Users\k7407\.m2\repository\org\springframework\boot\spring-boot-starter-security\3.2.0\spring-boot-starter-security-3.2.0.jar;C:\Users\k7407\.m2\repository\org\springframework\spring-aop\6.1.1\spring-aop-6.1.1.jar;C:\Users\k7407\.m2\repository\org\springframework\security\spring-security-config\6.2.0\spring-security-config-6.2.0.jar;C:\Users\k7407\.m2\repository\org\springframework\security\spring-security-web\6.2.0\spring-security-web-6.2.0.jar;C:\Users\k7407\.m2\repository\org\springframework\boot\spring-boot-starter-validation\3.2.0\spring-boot-starter-validation-3.2.0.jar;C:\Users\k7407\.m2\repository\org\apache\tomcat\embed\tomcat-embed-el\10.1.16\tomcat-embed-el-10.1.16.jar;C:\Users\k7407\.m2\repository\org\hibernate\validator\hibernate-validator\8.0.1.Final\hibernate-validator-8.0.1.Final.jar;C:\Users\k7407\.m2\repository\jakarta\validation\jakarta.validation-api\3.0.2\jakarta.validation-api-3.0.2.jar;C:\Users\k7407\.m2\repository\org\springframework\boot\spring-boot-starter-actuator\3.2.0\spring-boot-starter-actuator-3.2.0.jar;C:\Users\k7407\.m2\repository\org\springframework\boot\spring-boot-actuator-autoconfigure\3.2.0\spring-boot-actuator-autoconfigure-3.2.0.jar;C:\Users\k7407\.m2\repository\org\springframework\boot\spring-boot-actuator\3.2.0\spring-boot-actuator-3.2.0.jar;C:\Users\k7407\.m2\repository\io\micrometer\micrometer-observation\1.12.0\micrometer-observation-1.12.0.jar;C:\Users\k7407\.m2\repository\io\micrometer\micrometer-commons\1.12.0\micrometer-commons-1.12.0.jar;C:\Users\k7407\.m2\repository\io\micrometer\micrometer-jakarta9\1.12.0\micrometer-jakarta9-1.12.0.jar;C:\Users\k7407\.m2\repository\io\micrometer\micrometer-core\1.12.0\micrometer-core-1.12.0.jar;C:\Users\k7407\.m2\repository\org\hdrhistogram\HdrHistogram\2.1.12\HdrHistogram-2.1.12.jar;C:\Users\k7407\.m2\repository\org\latencyutils\LatencyUtils\2.0.3\LatencyUtils-2.0.3.jar;C:\Users\k7407\.m2\repository\org\postgresql\postgresql\42.6.0\postgresql-42.6.0.jar;C:\Users\k7407\.m2\repository\org\checkerframework\checker-qual\3.31.0\checker-qual-3.31.0.jar;C:\Users\k7407\.m2\repository\com\h2database\h2\2.2.224\h2-2.2.224.jar;C:\Users\k7407\.m2\repository\io\jsonwebtoken\jjwt-api\0.12.3\jjwt-api-0.12.3.jar;C:\Users\k7407\.m2\repository\io\jsonwebtoken\jjwt-impl\0.12.3\jjwt-impl-0.12.3.jar;C:\Users\k7407\.m2\repository\io\jsonwebtoken\jjwt-jackson\0.12.3\jjwt-jackson-0.12.3.jar;C:\Users\k7407\.m2\repository\com\fasterxml\jackson\core\jackson-databind\2.15.3\jackson-databind-2.15.3.jar;C:\Users\k7407\.m2\repository\com\fasterxml\jackson\core\jackson-annotations\2.15.3\jackson-annotations-2.15.3.jar;C:\Users\k7407\.m2\repository\com\fasterxml\jackson\core\jackson-core\2.15.3\jackson-core-2.15.3.jar;C:\Users\k7407\.m2\repository\org\springframework\boot\spring-boot-devtools\3.2.0\spring-boot-devtools-3.2.0.jar;C:\Users\k7407\.m2\repository\org\springframework\boot\spring-boot\3.2.0\spring-boot-3.2.0.jar;C:\Users\k7407\.m2\repository\org\springframework\boot\spring-boot-autoconfigure\3.2.0\spring-boot-autoconfigure-3.2.0.jar;C:\Users\k7407\.m2\repository\org\springframework\boot\spring-boot-starter-test\3.2.0\spring-boot-starter-test-3.2.0.jar;C:\Users\k7407\.m2\repository\org\springframework\boot\spring-boot-test\3.2.0\spring-boot-test-3.2.0.jar;C:\Users\k7407\.m2\repository\org\springframework\boot\spring-boot-test-autoconfigure\3.2.0\spring-boot-test-autoconfigure-3.2.0.jar;C:\Users\k7407\.m2\repository\com\jayway\jsonpath\json-path\2.8.0\json-path-2.8.0.jar;C:\Users\k7407\.m2\repository\jakarta\xml\bind\jakarta.xml.bind-api\4.0.1\jakarta.xml.bind-api-4.0.1.jar;C:\Users\k7407\.m2\repository\jakarta\activation\jakarta.activation-api\2.1.2\jakarta.activation-api-2.1.2.jar;C:\Users\k7407\.m2\repository\net\minidev\json-smart\2.5.0\json-smart-2.5.0.jar;C:\Users\k7407\.m2\repository\net\minidev\accessors-smart\2.5.0\accessors-smart-2.5.0.jar;C:\Users\k7407\.m2\repository\org\ow2\asm\asm\9.3\asm-9.3.jar;C:\Users\k7407\.m2\repository\org\assertj\assertj-core\3.24.2\assertj-core-3.24.2.jar;C:\Users\k7407\.m2\repository\org\awaitility\awaitility\4.2.0\awaitility-4.2.0.jar;C:\Users\k7407\.m2\repository\org\hamcrest\hamcrest\2.2\hamcrest-2.2.jar;C:\Users\k7407\.m2\repository\org\junit\jupiter\junit-jupiter\5.10.1\junit-jupiter-5.10.1.jar;C:\Users\k7407\.m2\repository\org\junit\jupiter\junit-jupiter-api\5.10.1\junit-jupiter-api-5.10.1.jar;C:\Users\k7407\.m2\repository\org\opentest4j\opentest4j\1.3.0\opentest4j-1.3.0.jar;C:\Users\k7407\.m2\repository\org\junit\platform\junit-platform-commons\1.10.1\junit-platform-commons-1.10.1.jar;C:\Users\k7407\.m2\repository\org\apiguardian\apiguardian-api\1.1.2\apiguardian-api-1.1.2.jar;C:\Users\k7407\.m2\repository\org\junit\jupiter\junit-jupiter-params\5.10.1\junit-jupiter-params-5.10.1.jar;C:\Users\k7407\.m2\repository\org\junit\jupiter\junit-jupiter-engine\5.10.1\junit-jupiter-engine-5.10.1.jar;C:\Users\k7407\.m2\repository\org\junit\platform\junit-platform-engine\1.10.1\junit-platform-engine-1.10.1.jar;C:\Users\k7407\.m2\repository\org\mockito\mockito-core\5.7.0\mockito-core-5.7.0.jar;C:\Users\k7407\.m2\repository\net\bytebuddy\byte-buddy-agent\1.14.10\byte-buddy-agent-1.14.10.jar;C:\Users\k7407\.m2\repository\org\objenesis\objenesis\3.3\objenesis-3.3.jar;C:\Users\k7407\.m2\repository\org\mockito\mockito-junit-jupiter\5.7.0\mockito-junit-jupiter-5.7.0.jar;C:\Users\k7407\.m2\repository\org\skyscreamer\jsonassert\1.5.1\jsonassert-1.5.1.jar;C:\Users\k7407\.m2\repository\com\vaadin\external\google\android-json\0.0.20131108.vaadin1\android-json-0.0.20131108.vaadin1.jar;C:\Users\k7407\.m2\repository\org\springframework\spring-core\6.1.1\spring-core-6.1.1.jar;C:\Users\k7407\.m2\repository\org\springframework\spring-jcl\6.1.1\spring-jcl-6.1.1.jar;C:\Users\k7407\.m2\repository\org\springframework\spring-test\6.1.1\spring-test-6.1.1.jar;C:\Users\k7407\.m2\repository\org\xmlunit\xmlunit-core\2.9.1\xmlunit-core-2.9.1.jar;C:\Users\k7407\.m2\repository\org\springframework\security\spring-security-test\6.2.0\spring-security-test-6.2.0.jar;C:\Users\k7407\.m2\repository\org\springframework\security\spring-security-core\6.2.0\spring-security-core-6.2.0.jar;C:\Users\k7407\.m2\repository\org\springframework\security\spring-security-crypto\6.2.0\spring-security-crypto-6.2.0.jar;C:\Users\k7407\.m2\repository\org\testcontainers\junit-jupiter\1.19.3\junit-jupiter-1.19.3.jar;C:\Users\k7407\.m2\repository\org\testcontainers\testcontainers\1.19.3\testcontainers-1.19.3.jar;C:\Users\k7407\.m2\repository\junit\junit\4.13.2\junit-4.13.2.jar;C:\Users\k7407\.m2\repository\org\hamcrest\hamcrest-core\2.2\hamcrest-core-2.2.jar;C:\Users\k7407\.m2\repository\org\apache\commons\commons-compress\1.24.0\commons-compress-1.24.0.jar;C:\Users\k7407\.m2\repository\org\rnorth\duct-tape\duct-tape\1.0.8\duct-tape-1.0.8.jar;C:\Users\k7407\.m2\repository\org\jetbrains\annotations\17.0.0\annotations-17.0.0.jar;C:\Users\k7407\.m2\repository\com\github\docker-java\docker-java-api\3.3.4\docker-java-api-3.3.4.jar;C:\Users\k7407\.m2\repository\com\github\docker-java\docker-java-transport-zerodep\3.3.4\docker-java-transport-zerodep-3.3.4.jar;C:\Users\k7407\.m2\repository\com\github\docker-java\docker-java-transport\3.3.4\docker-java-transport-3.3.4.jar;C:\Users\k7407\.m2\repository\net\java\dev\jna\jna\5.13.0\jna-5.13.0.jar;C:\Users\k7407\.m2\repository\org\testcontainers\postgresql\1.19.3\postgresql-1.19.3.jar;C:\Users\k7407\.m2\repository\org\testcontainers\jdbc\1.19.3\jdbc-1.19.3.jar;C:\Users\k7407\.m2\repository\org\testcontainers\database-commons\1.19.3\database-commons-1.19.3.jar;"/>
    <property name="java.vm.vendor" value="Oracle Corporation"/>
    <property name="sun.arch.data.model" value="64"/>
    <property name="user.variant" value=""/>
    <property name="catalina.useNaming" value="false"/>
    <property name="java.vendor.url" value="https://java.oracle.com/"/>
    <property name="user.timezone" value="Australia/Sydney"/>
    <property name="org.jboss.logging.provider" value="slf4j"/>
    <property name="os.name" value="Windows 11"/>
    <property name="java.vm.specification.version" value="17"/>
    <property name="sun.java.launcher" value="SUN_STANDARD"/>
    <property name="user.country" value="CN"/>
    <property name="sun.boot.library.path" value="C:\Program Files\Java\jdk-17\bin"/>
    <property name="sun.java.command" value="C:\Users\k7407\AppData\Local\Temp\surefire15234588280945339482\surefirebooter-20250802184828128_3.jar C:\Users\k7407\AppData\Local\Temp\surefire15234588280945339482 2025-08-02T18-48-27_976-jvmRun1 surefire-20250802184828128_1tmp surefire_0-20250802184828128_2tmp"/>
    <property name="jdk.debug" value="release"/>
    <property name="surefire.test.class.path" value="E:\Code\Casual-Academic-Time-Allocation-Management-System\target\test-classes;E:\Code\Casual-Academic-Time-Allocation-Management-System\target\classes;C:\Users\k7407\.m2\repository\org\springframework\boot\spring-boot-starter-web\3.2.0\spring-boot-starter-web-3.2.0.jar;C:\Users\k7407\.m2\repository\org\springframework\boot\spring-boot-starter\3.2.0\spring-boot-starter-3.2.0.jar;C:\Users\k7407\.m2\repository\org\springframework\boot\spring-boot-starter-logging\3.2.0\spring-boot-starter-logging-3.2.0.jar;C:\Users\k7407\.m2\repository\ch\qos\logback\logback-classic\1.4.11\logback-classic-1.4.11.jar;C:\Users\k7407\.m2\repository\ch\qos\logback\logback-core\1.4.11\logback-core-1.4.11.jar;C:\Users\k7407\.m2\repository\org\apache\logging\log4j\log4j-to-slf4j\2.21.1\log4j-to-slf4j-2.21.1.jar;C:\Users\k7407\.m2\repository\org\apache\logging\log4j\log4j-api\2.21.1\log4j-api-2.21.1.jar;C:\Users\k7407\.m2\repository\org\slf4j\jul-to-slf4j\2.0.9\jul-to-slf4j-2.0.9.jar;C:\Users\k7407\.m2\repository\jakarta\annotation\jakarta.annotation-api\2.1.1\jakarta.annotation-api-2.1.1.jar;C:\Users\k7407\.m2\repository\org\yaml\snakeyaml\2.2\snakeyaml-2.2.jar;C:\Users\k7407\.m2\repository\org\springframework\boot\spring-boot-starter-json\3.2.0\spring-boot-starter-json-3.2.0.jar;C:\Users\k7407\.m2\repository\com\fasterxml\jackson\datatype\jackson-datatype-jdk8\2.15.3\jackson-datatype-jdk8-2.15.3.jar;C:\Users\k7407\.m2\repository\com\fasterxml\jackson\datatype\jackson-datatype-jsr310\2.15.3\jackson-datatype-jsr310-2.15.3.jar;C:\Users\k7407\.m2\repository\com\fasterxml\jackson\module\jackson-module-parameter-names\2.15.3\jackson-module-parameter-names-2.15.3.jar;C:\Users\k7407\.m2\repository\org\springframework\boot\spring-boot-starter-tomcat\3.2.0\spring-boot-starter-tomcat-3.2.0.jar;C:\Users\k7407\.m2\repository\org\apache\tomcat\embed\tomcat-embed-core\10.1.16\tomcat-embed-core-10.1.16.jar;C:\Users\k7407\.m2\repository\org\apache\tomcat\embed\tomcat-embed-websocket\10.1.16\tomcat-embed-websocket-10.1.16.jar;C:\Users\k7407\.m2\repository\org\springframework\spring-web\6.1.1\spring-web-6.1.1.jar;C:\Users\k7407\.m2\repository\org\springframework\spring-beans\6.1.1\spring-beans-6.1.1.jar;C:\Users\k7407\.m2\repository\org\springframework\spring-webmvc\6.1.1\spring-webmvc-6.1.1.jar;C:\Users\k7407\.m2\repository\org\springframework\spring-context\6.1.1\spring-context-6.1.1.jar;C:\Users\k7407\.m2\repository\org\springframework\spring-expression\6.1.1\spring-expression-6.1.1.jar;C:\Users\k7407\.m2\repository\org\springframework\boot\spring-boot-starter-data-jpa\3.2.0\spring-boot-starter-data-jpa-3.2.0.jar;C:\Users\k7407\.m2\repository\org\springframework\boot\spring-boot-starter-aop\3.2.0\spring-boot-starter-aop-3.2.0.jar;C:\Users\k7407\.m2\repository\org\aspectj\aspectjweaver\1.9.20.1\aspectjweaver-1.9.20.1.jar;C:\Users\k7407\.m2\repository\org\springframework\boot\spring-boot-starter-jdbc\3.2.0\spring-boot-starter-jdbc-3.2.0.jar;C:\Users\k7407\.m2\repository\com\zaxxer\HikariCP\5.0.1\HikariCP-5.0.1.jar;C:\Users\k7407\.m2\repository\org\springframework\spring-jdbc\6.1.1\spring-jdbc-6.1.1.jar;C:\Users\k7407\.m2\repository\org\hibernate\orm\hibernate-core\6.3.1.Final\hibernate-core-6.3.1.Final.jar;C:\Users\k7407\.m2\repository\jakarta\persistence\jakarta.persistence-api\3.1.0\jakarta.persistence-api-3.1.0.jar;C:\Users\k7407\.m2\repository\jakarta\transaction\jakarta.transaction-api\2.0.1\jakarta.transaction-api-2.0.1.jar;C:\Users\k7407\.m2\repository\org\jboss\logging\jboss-logging\3.5.3.Final\jboss-logging-3.5.3.Final.jar;C:\Users\k7407\.m2\repository\org\hibernate\common\hibernate-commons-annotations\6.0.6.Final\hibernate-commons-annotations-6.0.6.Final.jar;C:\Users\k7407\.m2\repository\io\smallrye\jandex\3.1.2\jandex-3.1.2.jar;C:\Users\k7407\.m2\repository\com\fasterxml\classmate\1.6.0\classmate-1.6.0.jar;C:\Users\k7407\.m2\repository\net\bytebuddy\byte-buddy\1.14.10\byte-buddy-1.14.10.jar;C:\Users\k7407\.m2\repository\org\glassfish\jaxb\jaxb-runtime\4.0.4\jaxb-runtime-4.0.4.jar;C:\Users\k7407\.m2\repository\org\glassfish\jaxb\jaxb-core\4.0.4\jaxb-core-4.0.4.jar;C:\Users\k7407\.m2\repository\org\eclipse\angus\angus-activation\2.0.1\angus-activation-2.0.1.jar;C:\Users\k7407\.m2\repository\org\glassfish\jaxb\txw2\4.0.4\txw2-4.0.4.jar;C:\Users\k7407\.m2\repository\com\sun\istack\istack-commons-runtime\4.1.2\istack-commons-runtime-4.1.2.jar;C:\Users\k7407\.m2\repository\jakarta\inject\jakarta.inject-api\2.0.1\jakarta.inject-api-2.0.1.jar;C:\Users\k7407\.m2\repository\org\antlr\antlr4-runtime\4.10.1\antlr4-runtime-4.10.1.jar;C:\Users\k7407\.m2\repository\org\springframework\data\spring-data-jpa\3.2.0\spring-data-jpa-3.2.0.jar;C:\Users\k7407\.m2\repository\org\springframework\data\spring-data-commons\3.2.0\spring-data-commons-3.2.0.jar;C:\Users\k7407\.m2\repository\org\springframework\spring-orm\6.1.1\spring-orm-6.1.1.jar;C:\Users\k7407\.m2\repository\org\springframework\spring-tx\6.1.1\spring-tx-6.1.1.jar;C:\Users\k7407\.m2\repository\org\slf4j\slf4j-api\2.0.9\slf4j-api-2.0.9.jar;C:\Users\k7407\.m2\repository\org\springframework\spring-aspects\6.1.1\spring-aspects-6.1.1.jar;C:\Users\k7407\.m2\repository\org\springframework\boot\spring-boot-starter-security\3.2.0\spring-boot-starter-security-3.2.0.jar;C:\Users\k7407\.m2\repository\org\springframework\spring-aop\6.1.1\spring-aop-6.1.1.jar;C:\Users\k7407\.m2\repository\org\springframework\security\spring-security-config\6.2.0\spring-security-config-6.2.0.jar;C:\Users\k7407\.m2\repository\org\springframework\security\spring-security-web\6.2.0\spring-security-web-6.2.0.jar;C:\Users\k7407\.m2\repository\org\springframework\boot\spring-boot-starter-validation\3.2.0\spring-boot-starter-validation-3.2.0.jar;C:\Users\k7407\.m2\repository\org\apache\tomcat\embed\tomcat-embed-el\10.1.16\tomcat-embed-el-10.1.16.jar;C:\Users\k7407\.m2\repository\org\hibernate\validator\hibernate-validator\8.0.1.Final\hibernate-validator-8.0.1.Final.jar;C:\Users\k7407\.m2\repository\jakarta\validation\jakarta.validation-api\3.0.2\jakarta.validation-api-3.0.2.jar;C:\Users\k7407\.m2\repository\org\springframework\boot\spring-boot-starter-actuator\3.2.0\spring-boot-starter-actuator-3.2.0.jar;C:\Users\k7407\.m2\repository\org\springframework\boot\spring-boot-actuator-autoconfigure\3.2.0\spring-boot-actuator-autoconfigure-3.2.0.jar;C:\Users\k7407\.m2\repository\org\springframework\boot\spring-boot-actuator\3.2.0\spring-boot-actuator-3.2.0.jar;C:\Users\k7407\.m2\repository\io\micrometer\micrometer-observation\1.12.0\micrometer-observation-1.12.0.jar;C:\Users\k7407\.m2\repository\io\micrometer\micrometer-commons\1.12.0\micrometer-commons-1.12.0.jar;C:\Users\k7407\.m2\repository\io\micrometer\micrometer-jakarta9\1.12.0\micrometer-jakarta9-1.12.0.jar;C:\Users\k7407\.m2\repository\io\micrometer\micrometer-core\1.12.0\micrometer-core-1.12.0.jar;C:\Users\k7407\.m2\repository\org\hdrhistogram\HdrHistogram\2.1.12\HdrHistogram-2.1.12.jar;C:\Users\k7407\.m2\repository\org\latencyutils\LatencyUtils\2.0.3\LatencyUtils-2.0.3.jar;C:\Users\k7407\.m2\repository\org\postgresql\postgresql\42.6.0\postgresql-42.6.0.jar;C:\Users\k7407\.m2\repository\org\checkerframework\checker-qual\3.31.0\checker-qual-3.31.0.jar;C:\Users\k7407\.m2\repository\com\h2database\h2\2.2.224\h2-2.2.224.jar;C:\Users\k7407\.m2\repository\io\jsonwebtoken\jjwt-api\0.12.3\jjwt-api-0.12.3.jar;C:\Users\k7407\.m2\repository\io\jsonwebtoken\jjwt-impl\0.12.3\jjwt-impl-0.12.3.jar;C:\Users\k7407\.m2\repository\io\jsonwebtoken\jjwt-jackson\0.12.3\jjwt-jackson-0.12.3.jar;C:\Users\k7407\.m2\repository\com\fasterxml\jackson\core\jackson-databind\2.15.3\jackson-databind-2.15.3.jar;C:\Users\k7407\.m2\repository\com\fasterxml\jackson\core\jackson-annotations\2.15.3\jackson-annotations-2.15.3.jar;C:\Users\k7407\.m2\repository\com\fasterxml\jackson\core\jackson-core\2.15.3\jackson-core-2.15.3.jar;C:\Users\k7407\.m2\repository\org\springframework\boot\spring-boot-devtools\3.2.0\spring-boot-devtools-3.2.0.jar;C:\Users\k7407\.m2\repository\org\springframework\boot\spring-boot\3.2.0\spring-boot-3.2.0.jar;C:\Users\k7407\.m2\repository\org\springframework\boot\spring-boot-autoconfigure\3.2.0\spring-boot-autoconfigure-3.2.0.jar;C:\Users\k7407\.m2\repository\org\springframework\boot\spring-boot-starter-test\3.2.0\spring-boot-starter-test-3.2.0.jar;C:\Users\k7407\.m2\repository\org\springframework\boot\spring-boot-test\3.2.0\spring-boot-test-3.2.0.jar;C:\Users\k7407\.m2\repository\org\springframework\boot\spring-boot-test-autoconfigure\3.2.0\spring-boot-test-autoconfigure-3.2.0.jar;C:\Users\k7407\.m2\repository\com\jayway\jsonpath\json-path\2.8.0\json-path-2.8.0.jar;C:\Users\k7407\.m2\repository\jakarta\xml\bind\jakarta.xml.bind-api\4.0.1\jakarta.xml.bind-api-4.0.1.jar;C:\Users\k7407\.m2\repository\jakarta\activation\jakarta.activation-api\2.1.2\jakarta.activation-api-2.1.2.jar;C:\Users\k7407\.m2\repository\net\minidev\json-smart\2.5.0\json-smart-2.5.0.jar;C:\Users\k7407\.m2\repository\net\minidev\accessors-smart\2.5.0\accessors-smart-2.5.0.jar;C:\Users\k7407\.m2\repository\org\ow2\asm\asm\9.3\asm-9.3.jar;C:\Users\k7407\.m2\repository\org\assertj\assertj-core\3.24.2\assertj-core-3.24.2.jar;C:\Users\k7407\.m2\repository\org\awaitility\awaitility\4.2.0\awaitility-4.2.0.jar;C:\Users\k7407\.m2\repository\org\hamcrest\hamcrest\2.2\hamcrest-2.2.jar;C:\Users\k7407\.m2\repository\org\junit\jupiter\junit-jupiter\5.10.1\junit-jupiter-5.10.1.jar;C:\Users\k7407\.m2\repository\org\junit\jupiter\junit-jupiter-api\5.10.1\junit-jupiter-api-5.10.1.jar;C:\Users\k7407\.m2\repository\org\opentest4j\opentest4j\1.3.0\opentest4j-1.3.0.jar;C:\Users\k7407\.m2\repository\org\junit\platform\junit-platform-commons\1.10.1\junit-platform-commons-1.10.1.jar;C:\Users\k7407\.m2\repository\org\apiguardian\apiguardian-api\1.1.2\apiguardian-api-1.1.2.jar;C:\Users\k7407\.m2\repository\org\junit\jupiter\junit-jupiter-params\5.10.1\junit-jupiter-params-5.10.1.jar;C:\Users\k7407\.m2\repository\org\junit\jupiter\junit-jupiter-engine\5.10.1\junit-jupiter-engine-5.10.1.jar;C:\Users\k7407\.m2\repository\org\junit\platform\junit-platform-engine\1.10.1\junit-platform-engine-1.10.1.jar;C:\Users\k7407\.m2\repository\org\mockito\mockito-core\5.7.0\mockito-core-5.7.0.jar;C:\Users\k7407\.m2\repository\net\bytebuddy\byte-buddy-agent\1.14.10\byte-buddy-agent-1.14.10.jar;C:\Users\k7407\.m2\repository\org\objenesis\objenesis\3.3\objenesis-3.3.jar;C:\Users\k7407\.m2\repository\org\mockito\mockito-junit-jupiter\5.7.0\mockito-junit-jupiter-5.7.0.jar;C:\Users\k7407\.m2\repository\org\skyscreamer\jsonassert\1.5.1\jsonassert-1.5.1.jar;C:\Users\k7407\.m2\repository\com\vaadin\external\google\android-json\0.0.20131108.vaadin1\android-json-0.0.20131108.vaadin1.jar;C:\Users\k7407\.m2\repository\org\springframework\spring-core\6.1.1\spring-core-6.1.1.jar;C:\Users\k7407\.m2\repository\org\springframework\spring-jcl\6.1.1\spring-jcl-6.1.1.jar;C:\Users\k7407\.m2\repository\org\springframework\spring-test\6.1.1\spring-test-6.1.1.jar;C:\Users\k7407\.m2\repository\org\xmlunit\xmlunit-core\2.9.1\xmlunit-core-2.9.1.jar;C:\Users\k7407\.m2\repository\org\springframework\security\spring-security-test\6.2.0\spring-security-test-6.2.0.jar;C:\Users\k7407\.m2\repository\org\springframework\security\spring-security-core\6.2.0\spring-security-core-6.2.0.jar;C:\Users\k7407\.m2\repository\org\springframework\security\spring-security-crypto\6.2.0\spring-security-crypto-6.2.0.jar;C:\Users\k7407\.m2\repository\org\testcontainers\junit-jupiter\1.19.3\junit-jupiter-1.19.3.jar;C:\Users\k7407\.m2\repository\org\testcontainers\testcontainers\1.19.3\testcontainers-1.19.3.jar;C:\Users\k7407\.m2\repository\junit\junit\4.13.2\junit-4.13.2.jar;C:\Users\k7407\.m2\repository\org\hamcrest\hamcrest-core\2.2\hamcrest-core-2.2.jar;C:\Users\k7407\.m2\repository\org\apache\commons\commons-compress\1.24.0\commons-compress-1.24.0.jar;C:\Users\k7407\.m2\repository\org\rnorth\duct-tape\duct-tape\1.0.8\duct-tape-1.0.8.jar;C:\Users\k7407\.m2\repository\org\jetbrains\annotations\17.0.0\annotations-17.0.0.jar;C:\Users\k7407\.m2\repository\com\github\docker-java\docker-java-api\3.3.4\docker-java-api-3.3.4.jar;C:\Users\k7407\.m2\repository\com\github\docker-java\docker-java-transport-zerodep\3.3.4\docker-java-transport-zerodep-3.3.4.jar;C:\Users\k7407\.m2\repository\com\github\docker-java\docker-java-transport\3.3.4\docker-java-transport-3.3.4.jar;C:\Users\k7407\.m2\repository\net\java\dev\jna\jna\5.13.0\jna-5.13.0.jar;C:\Users\k7407\.m2\repository\org\testcontainers\postgresql\1.19.3\postgresql-1.19.3.jar;C:\Users\k7407\.m2\repository\org\testcontainers\jdbc\1.19.3\jdbc-1.19.3.jar;C:\Users\k7407\.m2\repository\org\testcontainers\database-commons\1.19.3\database-commons-1.19.3.jar;"/>
    <property name="test" value="LecturerApprovalWorkflowIntegrationTest"/>
    <property name="sun.cpu.endian" value="little"/>
    <property name="user.home" value="C:\Users\k7407"/>
    <property name="user.language" value="zh"/>
    <property name="java.specification.vendor" value="Oracle Corporation"/>
    <property name="java.version.date" value="2024-07-16"/>
    <property name="java.home" value="C:\Program Files\Java\jdk-17"/>
    <property name="file.separator" value="\"/>
    <property name="basedir" value="E:\Code\Casual-Academic-Time-Allocation-Management-System"/>
    <property name="java.vm.compressedOopsMode" value="Zero based"/>
    <property name="line.separator" value="&#10;"/>
    <property name="java.vm.specification.vendor" value="Oracle Corporation"/>
    <property name="java.specification.name" value="Java Platform API Specification"/>
    <property name="FILE_LOG_CHARSET" value="UTF-8"/>
    <property name="java.awt.headless" value="true"/>
    <property name="surefire.real.class.path" value="C:\Users\k7407\AppData\Local\Temp\surefire15234588280945339482\surefirebooter-20250802184828128_3.jar"/>
    <property name="user.script" value=""/>
    <property name="sun.management.compiler" value="HotSpot 64-Bit Tiered Compilers"/>
    <property name="java.runtime.version" value="17.0.12+8-LTS-286"/>
    <property name="user.name" value="k7407"/>
    <property name="path.separator" value=";"/>
    <property name="os.version" value="10.0"/>
    <property name="java.runtime.name" value="Java(TM) SE Runtime Environment"/>
    <property name="file.encoding" value="UTF-8"/>
    <property name="java.vm.name" value="Java HotSpot(TM) 64-Bit Server VM"/>
    <property name="localRepository" value="C:\Users\k7407\.m2\repository"/>
    <property name="java.vendor.url.bug" value="https://bugreport.java.com/bugreport/"/>
    <property name="java.io.tmpdir" value="C:\Users\k7407\AppData\Local\Temp\"/>
    <property name="catalina.home" value="C:\Users\k7407\AppData\Local\Temp\tomcat.0.1473474388371566395"/>
    <property name="com.zaxxer.hikari.pool_number" value="1"/>
    <property name="java.version" value="17.0.12"/>
    <property name="user.dir" value="E:\Code\Casual-Academic-Time-Allocation-Management-System"/>
    <property name="os.arch" value="amd64"/>
    <property name="java.vm.specification.name" value="Java Virtual Machine Specification"/>
    <property name="PID" value="23140"/>
    <property name="sun.os.patch.level" value=""/>
    <property name="CONSOLE_LOG_CHARSET" value="UTF-8"/>
    <property name="catalina.base" value="C:\Users\k7407\AppData\Local\Temp\tomcat.0.1473474388371566395"/>
    <property name="native.encoding" value="UTF-8"/>
    <property name="java.library.path" value="C:\Program Files\Java\jdk-17\bin;C:\WINDOWS\Sun\Java\bin;C:\WINDOWS\system32;C:\WINDOWS;C:\Users\k7407\bin;C:\Program Files\Git\mingw64\bin;C:\Program Files\Git\usr\local\bin;C:\Program Files\Git\usr\bin;C:\Program Files\Git\usr\bin;C:\Program Files\Git\mingw64\bin;C:\Program Files\Git\usr\bin;C:\Users\k7407\bin;C:\ProgramData\miniconda3;C:\ProgramData\miniconda3\Library\mingw-w64\bin;C:\ProgramData\miniconda3\Library\usr\bin;C:\ProgramData\miniconda3\Library\bin;C:\ProgramData\miniconda3\Scripts;C:\ProgramData\miniconda3\bin;C:\Program Files (x86)\PowerShell\7;C:\Program Files\Amazon\AWSSAMCLI\bin;C:\Users\k7407\AppData\Local\Programs\cursor\resources\app\bin;C:\Python312\Scripts;C:\Python312;C:\Program Files\Common Files\Oracle\Java\javapath;C:\Windows\system32;C:\Program Files\RabbitMQ Server\rabbitmq_server-4.0.1\sbin;C:\Windows;C:\Windows\System32\Wbem;C:\Windows\System32\WindowsPowerShell\v1.0;C:\Windows\System32\OpenSSH;C:\Program Files (x86)\NVIDIA Corporation\PhysX\Common;C:\WINDOWS\system32;C:\WINDOWS;C:\WINDOWS\System32\Wbem;C:\WINDOWS\System32\WindowsPowerShell\v1.0;C:\WINDOWS\System32\OpenSSH;C:\ProgramData\chocolatey\bin;C:\Program Files\dotnet;C:\Users\k7407\AppData\Local\Microsoft\WindowsApps;E:\Intellij\IntelliJ IDEA 2024.2.1\bin;C:\Users\k7407\AppData\Roaming\npm;C:\Users\k7407\AppData\Local\GitHubDesktop\bin;C:\Users\k7407\AppData\Local\Programs\cursor\resources\app\bin;C:\Users\k7407\AppData\Local\Programs\cursor\resources\app\bin;C:\Program Files\Amazon\AWSSAMCLI\bin;C:\Program Files\Amazon\AWSCLIV2;C:\Program Files\Pandoc;C:\Program Files\Git\cmd;C:\Program Files\PuTTY;C:\Program Files\NVIDIA Corporation\NVIDIA App\NvDLISR;C:\msys64\mingw64\bin;C:\Program Files\wkhtmltopdf\bin;C:\Program Files (x86)\PowerShell\7;C:\ProgramData\miniconda3\Scripts;C:\ProgramData\miniconda3\condabin;C:\Users\k7407\AppData\Local\nvm;C:\nvm4w\nodejs;C:\Program Files\GitHub CLI;E:\act_Windows_x86_64;.;C:\Program Files\Docker\Docker\resources\bin;C:\Program Files\NVIDIA Corporation\NVIDIA NvDLISR;C:\Users\k7407\scoop\shims;C:\Users\k7407\.local\bin;E:\gradle-8.10.2\bin;E:\apache-maven-3.9.9\bin;E:\curl-8.10.1_5-win64-mingw\bin;C:\Users\k7407\AppData\Local\Programs\Ollama;C:\Users\k7407\AppData\Local\Programs\Microsoft VS Code\bin;C:\Users\k7407\.lmstudio\bin;C:\Users\k7407\AppData\Local\Programs\cursor\resources\app\bin;C:\Users\k7407\AppData\Local\Programs\Windsurf\bin;C:\Users\k7407\AppData\Local\Programs\MiKTeX\miktex\bin\x64;C:\Program Files\MongoDB\Server\8.0\bin;C:\Program Files\Git\usr\bin\vendor_perl;C:\Program Files\Git\usr\bin\core_perl;."/>
    <property name="java.vm.info" value="mixed mode, sharing"/>
    <property name="java.vendor" value="Oracle Corporation"/>
    <property name="java.vm.version" value="17.0.12+8-LTS-286"/>
    <property name="sun.io.unicode.encoding" value="UnicodeLittle"/>
    <property name="java.class.version" value="61.0"/>
    <property name="CONSOLE_LOG_PATTERN" value="%d{yyyy-MM-dd HH:mm:ss} - %msg%n"/>
    <property name="LOGGED_APPLICATION_NAME" value="[catams] "/>
  </properties>
  <testcase name="shouldRejectApprovalFromNonCourseLecturer" classname="com.usyd.catams.integration.LecturerApprovalWorkflowIntegrationTest" time="1.13">
    <system-out><![CDATA[18:48:29.593 [main] INFO org.springframework.test.context.support.AnnotationConfigContextLoaderUtils -- Could not detect default configuration classes for test class [com.usyd.catams.integration.LecturerApprovalWorkflowIntegrationTest]: LecturerApprovalWorkflowIntegrationTest does not declare any static, non-private, non-final, nested classes annotated with @Configuration.
18:48:29.885 [main] INFO org.springframework.boot.test.context.SpringBootTestContextBootstrapper -- Found @SpringBootConfiguration com.usyd.catams.CatamsApplication for test class com.usyd.catams.integration.LecturerApprovalWorkflowIntegrationTest
18:48:30.233 [main] INFO org.springframework.boot.devtools.restart.RestartApplicationListener -- Restart disabled due to context in which it is running
2025-08-02 18:48:30 - Starting LecturerApprovalWorkflowIntegrationTest using Java 17.0.12 with PID 23140 (started by k7407 in E:\Code\Casual-Academic-Time-Allocation-Management-System)
2025-08-02 18:48:30 - Running with Spring Boot v3.2.0, Spring v6.1.1
2025-08-02 18:48:30 - The following 1 profile is active: "test"
2025-08-02 18:48:32 - Bootstrapping Spring Data JPA repositories in DEFAULT mode.
2025-08-02 18:48:32 - Finished Spring Data repository scanning in 112 ms. Found 4 JPA repository interfaces.
2025-08-02 18:48:33 - Tomcat initialized with port 0 (http)
2025-08-02 18:48:33 - Starting service [Tomcat]
2025-08-02 18:48:33 - Starting Servlet engine: [Apache Tomcat/10.1.16]
2025-08-02 18:48:33 - Initializing Spring embedded WebApplicationContext
2025-08-02 18:48:33 - Root WebApplicationContext: initialization completed in 3185 ms
2025-08-02 18:48:34 - HHH000204: Processing PersistenceUnitInfo [name: default]
2025-08-02 18:48:34 - HHH000412: Hibernate ORM core version 6.3.1.Final
2025-08-02 18:48:34 - HHH000026: Second-level cache disabled
2025-08-02 18:48:34 - No LoadTimeWeaver setup: ignoring JPA class transformer
2025-08-02 18:48:35 - HikariPool-1 - Starting...
2025-08-02 18:48:35 - HikariPool-1 - Added connection conn0: url=jdbc:h2:mem:testdb user=SA
2025-08-02 18:48:35 - HikariPool-1 - Start completed.
2025-08-02 18:48:35 - HHH000511: The 2.2.0 version for [org.hibernate.dialect.PostgreSQLDialect] is no longer supported, hence certain features may not work properly. The minimum supported version is 11.0.0. Check the community dialects project for available legacy versions.
2025-08-02 18:48:35 - HHH90000025: PostgreSQLDialect does not need to be specified explicitly using 'hibernate.dialect' (remove the property setting and it will be selected by default)
2025-08-02 18:48:36 - HHH000489: No JTA platform available (set 'hibernate.transaction.jta.platform' to enable JTA platform integration)
2025-08-02 18:48:36 - Initialized JPA EntityManagerFactory for persistence unit 'default'
2025-08-02 18:48:37 - Hibernate is in classpath; If applicable, HQL parser will be used.
2025-08-02 18:48:37 - Filter 'jwtAuthenticationFilter' configured for use
2025-08-02 18:48:38 - 

Using generated security password: 9d87362d-175e-4f5f-a29b-fe4d24141dc0

This generated password is for development use only. Your security configuration must be updated before running your application in production.

2025-08-02 18:48:39 - Exposing 1 endpoint(s) beneath base path '/actuator'
2025-08-02 18:48:39 - Will secure any request with [org.springframework.security.web.session.DisableEncodeUrlFilter@71427ca8, org.springframework.security.web.context.request.async.WebAsyncManagerIntegrationFilter@10801754, org.springframework.security.web.context.SecurityContextHolderFilter@68f7d537, org.springframework.security.web.header.HeaderWriterFilter@70d9f46c, org.springframework.web.filter.CorsFilter@6071e84b, org.springframework.security.web.authentication.logout.LogoutFilter@754ce81c, com.usyd.catams.security.JwtAuthenticationFilter@56c562fa, org.springframework.security.web.savedrequest.RequestCacheAwareFilter@7383015f, org.springframework.security.web.servletapi.SecurityContextHolderAwareRequestFilter@2cc1f256, org.springframework.security.web.authentication.AnonymousAuthenticationFilter@620879c1, org.springframework.security.web.session.SessionManagementFilter@73eb0fcf, org.springframework.security.web.access.ExceptionTranslationFilter@22dbbe72, org.springframework.security.web.access.intercept.AuthorizationFilter@54699803]
2025-08-02 18:48:40 - Filter 'jwtAuthenticationFilter' configured for use
2025-08-02 18:48:40 - Initializing Spring TestDispatcherServlet ''
2025-08-02 18:48:40 - Initializing Servlet ''
2025-08-02 18:48:40 - Completed initialization in 1 ms
2025-08-02 18:48:40 - Tomcat started on port 55155 (http) with context path '/api'
2025-08-02 18:48:40 - Started LecturerApprovalWorkflowIntegrationTest in 10.131 seconds (process running for 12.107)
Test data initialized: 3 users created
2025-08-02 18:48:41 - Securing POST /api/approvals
2025-08-02 18:48:41 - Cache miss for REQUEST dispatch to '/api/approvals' (previous null). Performing CorsConfiguration lookup. This is logged once only at WARN level, and every time at TRACE.
2025-08-02 18:48:41 - JWT authentication successful for user: other.lecturer@test.com with role: LECTURER
2025-08-02 18:48:41 - Cache miss for REQUEST dispatch to '/api/approvals' (previous null). Performing MatchableHandlerMapping lookup. This is logged once only at WARN level, and every time at TRACE.
2025-08-02 18:48:41 - Secured POST /api/approvals
2025-08-02 18:48:41 - Authorizing method invocation ReflectiveMethodInvocation: public org.springframework.http.ResponseEntity com.usyd.catams.controller.ApprovalController.performApprovalAction(com.usyd.catams.dto.request.ApprovalActionRequest,org.springframework.security.core.Authentication); target is of class [com.usyd.catams.controller.ApprovalController]
2025-08-02 18:48:41 - Authorized method invocation ReflectiveMethodInvocation: public org.springframework.http.ResponseEntity com.usyd.catams.controller.ApprovalController.performApprovalAction(com.usyd.catams.dto.request.ApprovalActionRequest,org.springframework.security.core.Authentication); target is of class [com.usyd.catams.controller.ApprovalController]
2025-08-02 18:48:41 - Security exception: User does not have permission to perform APPROVE on this timesheet
]]></system-out>
  </testcase>
  <testcase name="shouldRejectUnauthorizedAccess" classname="com.usyd.catams.integration.LecturerApprovalWorkflowIntegrationTest" time="0.273">
    <system-out><![CDATA[2025-08-02 18:48:42 - Securing GET /api/timesheets/pending-approval
2025-08-02 18:48:42 - Set SecurityContextHolder to anonymous SecurityContext
2025-08-02 18:48:42 - Pre-authenticated entry point called. Rejecting access
2025-08-02 18:48:42 - Securing POST /api/approvals
2025-08-02 18:48:42 - Set SecurityContextHolder to anonymous SecurityContext
2025-08-02 18:48:42 - Pre-authenticated entry point called. Rejecting access
]]></system-out>
  </testcase>
  <testcase name="shouldReturnAllPendingApprovalTimesheetsForAdmin" classname="com.usyd.catams.integration.LecturerApprovalWorkflowIntegrationTest" time="0.342">
    <system-out><![CDATA[2025-08-02 18:48:42 - Securing GET /api/timesheets/pending-approval
2025-08-02 18:48:42 - JWT authentication successful for user: admin@test.com with role: ADMIN
2025-08-02 18:48:42 - Secured GET /api/timesheets/pending-approval
2025-08-02 18:48:42 - Authorizing method invocation ReflectiveMethodInvocation: public org.springframework.http.ResponseEntity com.usyd.catams.controller.TimesheetController.getPendingApprovalTimesheets(int,int,java.lang.String,java.lang.Long); target is of class [com.usyd.catams.controller.TimesheetController]
2025-08-02 18:48:42 - Authorized method invocation ReflectiveMethodInvocation: public org.springframework.http.ResponseEntity com.usyd.catams.controller.TimesheetController.getPendingApprovalTimesheets(int,int,java.lang.String,java.lang.Long); target is of class [com.usyd.catams.controller.TimesheetController]
]]></system-out>
  </testcase>
  <testcase name="shouldRejectApprovalOfNonPendingTimesheet" classname="com.usyd.catams.integration.LecturerApprovalWorkflowIntegrationTest" time="0.269">
    <system-out><![CDATA[2025-08-02 18:48:42 - Securing POST /api/approvals
2025-08-02 18:48:42 - JWT authentication successful for user: lecturer@test.com with role: LECTURER
2025-08-02 18:48:42 - Secured POST /api/approvals
2025-08-02 18:48:42 - Authorizing method invocation ReflectiveMethodInvocation: public org.springframework.http.ResponseEntity com.usyd.catams.controller.ApprovalController.performApprovalAction(com.usyd.catams.dto.request.ApprovalActionRequest,org.springframework.security.core.Authentication); target is of class [com.usyd.catams.controller.ApprovalController]
2025-08-02 18:48:42 - Authorized method invocation ReflectiveMethodInvocation: public org.springframework.http.ResponseEntity com.usyd.catams.controller.ApprovalController.performApprovalAction(com.usyd.catams.dto.request.ApprovalActionRequest,org.springframework.security.core.Authentication); target is of class [com.usyd.catams.controller.ApprovalController]
2025-08-02 18:48:42 - Illegal argument exception: Cannot perform APPROVE on timesheet with status draft: Cannot perform action APPROVE on timesheet with status draft
]]></system-out>
  </testcase>
  <testcase name="shouldApproveTimesheetAndAutoTransitionToHRReview" classname="com.usyd.catams.integration.LecturerApprovalWorkflowIntegrationTest" time="0.285">
    <system-out><![CDATA[2025-08-02 18:48:43 - Securing POST /api/approvals
2025-08-02 18:48:43 - JWT authentication successful for user: lecturer@test.com with role: LECTURER
2025-08-02 18:48:43 - Secured POST /api/approvals
2025-08-02 18:48:43 - Authorizing method invocation ReflectiveMethodInvocation: public org.springframework.http.ResponseEntity com.usyd.catams.controller.ApprovalController.performApprovalAction(com.usyd.catams.dto.request.ApprovalActionRequest,org.springframework.security.core.Authentication); target is of class [com.usyd.catams.controller.ApprovalController]
2025-08-02 18:48:43 - Authorized method invocation ReflectiveMethodInvocation: public org.springframework.http.ResponseEntity com.usyd.catams.controller.ApprovalController.performApprovalAction(com.usyd.catams.dto.request.ApprovalActionRequest,org.springframework.security.core.Authentication); target is of class [com.usyd.catams.controller.ApprovalController]
]]></system-out>
  </testcase>
  <testcase name="shouldAllowAdminToApproveAnyTimesheet" classname="com.usyd.catams.integration.LecturerApprovalWorkflowIntegrationTest" time="0.265">
    <system-out><![CDATA[2025-08-02 18:48:43 - Securing POST /api/approvals
2025-08-02 18:48:43 - JWT authentication successful for user: admin@test.com with role: ADMIN
2025-08-02 18:48:43 - Secured POST /api/approvals
2025-08-02 18:48:43 - Authorizing method invocation ReflectiveMethodInvocation: public org.springframework.http.ResponseEntity com.usyd.catams.controller.ApprovalController.performApprovalAction(com.usyd.catams.dto.request.ApprovalActionRequest,org.springframework.security.core.Authentication); target is of class [com.usyd.catams.controller.ApprovalController]
2025-08-02 18:48:43 - Authorized method invocation ReflectiveMethodInvocation: public org.springframework.http.ResponseEntity com.usyd.catams.controller.ApprovalController.performApprovalAction(com.usyd.catams.dto.request.ApprovalActionRequest,org.springframework.security.core.Authentication); target is of class [com.usyd.catams.controller.ApprovalController]
]]></system-out>
  </testcase>
  <testcase name="shouldSupportPaginationAndSorting" classname="com.usyd.catams.integration.LecturerApprovalWorkflowIntegrationTest" time="0.281">
    <system-out><![CDATA[2025-08-02 18:48:43 - Securing GET /api/timesheets/pending-approval
2025-08-02 18:48:43 - JWT authentication successful for user: lecturer@test.com with role: LECTURER
2025-08-02 18:48:43 - Secured GET /api/timesheets/pending-approval
2025-08-02 18:48:43 - Authorizing method invocation ReflectiveMethodInvocation: public org.springframework.http.ResponseEntity com.usyd.catams.controller.TimesheetController.getPendingApprovalTimesheets(int,int,java.lang.String,java.lang.Long); target is of class [com.usyd.catams.controller.TimesheetController]
2025-08-02 18:48:43 - Authorized method invocation ReflectiveMethodInvocation: public org.springframework.http.ResponseEntity com.usyd.catams.controller.TimesheetController.getPendingApprovalTimesheets(int,int,java.lang.String,java.lang.Long); target is of class [com.usyd.catams.controller.TimesheetController]
]]></system-out>
  </testcase>
  <testcase name="shouldRejectTimesheetAndSetStatusToRejected" classname="com.usyd.catams.integration.LecturerApprovalWorkflowIntegrationTest" time="0.263">
    <system-out><![CDATA[2025-08-02 18:48:43 - Securing POST /api/approvals
2025-08-02 18:48:43 - JWT authentication successful for user: lecturer@test.com with role: LECTURER
2025-08-02 18:48:43 - Secured POST /api/approvals
2025-08-02 18:48:43 - Authorizing method invocation ReflectiveMethodInvocation: public org.springframework.http.ResponseEntity com.usyd.catams.controller.ApprovalController.performApprovalAction(com.usyd.catams.dto.request.ApprovalActionRequest,org.springframework.security.core.Authentication); target is of class [com.usyd.catams.controller.ApprovalController]
2025-08-02 18:48:43 - Authorized method invocation ReflectiveMethodInvocation: public org.springframework.http.ResponseEntity com.usyd.catams.controller.ApprovalController.performApprovalAction(com.usyd.catams.dto.request.ApprovalActionRequest,org.springframework.security.core.Authentication); target is of class [com.usyd.catams.controller.ApprovalController]
]]></system-out>
  </testcase>
  <testcase name="shouldReturnPendingApprovalTimesheetsForLecturer" classname="com.usyd.catams.integration.LecturerApprovalWorkflowIntegrationTest" time="0.263">
    <system-out><![CDATA[2025-08-02 18:48:44 - Securing GET /api/timesheets/pending-approval
2025-08-02 18:48:44 - JWT authentication successful for user: lecturer@test.com with role: LECTURER
2025-08-02 18:48:44 - Secured GET /api/timesheets/pending-approval
2025-08-02 18:48:44 - Authorizing method invocation ReflectiveMethodInvocation: public org.springframework.http.ResponseEntity com.usyd.catams.controller.TimesheetController.getPendingApprovalTimesheets(int,int,java.lang.String,java.lang.Long); target is of class [com.usyd.catams.controller.TimesheetController]
2025-08-02 18:48:44 - Authorized method invocation ReflectiveMethodInvocation: public org.springframework.http.ResponseEntity com.usyd.catams.controller.TimesheetController.getPendingApprovalTimesheets(int,int,java.lang.String,java.lang.Long); target is of class [com.usyd.catams.controller.TimesheetController]
]]></system-out>
  </testcase>
  <testcase name="shouldRejectTutorAccessToPendingApproval" classname="com.usyd.catams.integration.LecturerApprovalWorkflowIntegrationTest" time="0.257">
    <system-out><![CDATA[2025-08-02 18:48:44 - Securing GET /api/timesheets/pending-approval
2025-08-02 18:48:44 - JWT authentication successful for user: tutor@test.com with role: TUTOR
2025-08-02 18:48:44 - Secured GET /api/timesheets/pending-approval
2025-08-02 18:48:44 - Authorizing method invocation ReflectiveMethodInvocation: public org.springframework.http.ResponseEntity com.usyd.catams.controller.TimesheetController.getPendingApprovalTimesheets(int,int,java.lang.String,java.lang.Long); target is of class [com.usyd.catams.controller.TimesheetController]
2025-08-02 18:48:44 - Failed to authorize ReflectiveMethodInvocation: public org.springframework.http.ResponseEntity com.usyd.catams.controller.TimesheetController.getPendingApprovalTimesheets(int,int,java.lang.String,java.lang.Long); target is of class [com.usyd.catams.controller.TimesheetController] with authorization manager org.springframework.security.config.annotation.method.configuration.DeferringObservationAuthorizationManager@2ad7a197 and decision ExpressionAuthorizationDecision [granted=false, expressionAttribute=hasRole('LECTURER') or hasRole('ADMIN')]
2025-08-02 18:48:44 - Access denied exception: Access Denied
]]></system-out>
  </testcase>
  <testcase name="shouldRejectRejectionOfApprovedTimesheet" classname="com.usyd.catams.integration.LecturerApprovalWorkflowIntegrationTest" time="0.258">
    <system-out><![CDATA[2025-08-02 18:48:44 - Securing POST /api/approvals
2025-08-02 18:48:44 - JWT authentication successful for user: lecturer@test.com with role: LECTURER
2025-08-02 18:48:44 - Secured POST /api/approvals
2025-08-02 18:48:44 - Authorizing method invocation ReflectiveMethodInvocation: public org.springframework.http.ResponseEntity com.usyd.catams.controller.ApprovalController.performApprovalAction(com.usyd.catams.dto.request.ApprovalActionRequest,org.springframework.security.core.Authentication); target is of class [com.usyd.catams.controller.ApprovalController]
2025-08-02 18:48:44 - Authorized method invocation ReflectiveMethodInvocation: public org.springframework.http.ResponseEntity com.usyd.catams.controller.ApprovalController.performApprovalAction(com.usyd.catams.dto.request.ApprovalActionRequest,org.springframework.security.core.Authentication); target is of class [com.usyd.catams.controller.ApprovalController]
2025-08-02 18:48:44 - Illegal argument exception: Cannot perform REJECT on timesheet with status final_approved: Cannot perform action REJECT on timesheet with status final_approved
]]></system-out>
  </testcase>
</testsuite>