<?xml version="1.0" encoding="UTF-8"?>
<testsuite xmlns:xsi="http://www.w3.org/2001/XMLSchema-instance" xsi:noNamespaceSchemaLocation="https://maven.apache.org/surefire/maven-surefire-plugin/xsd/surefire-test-report-3.0.xsd" version="3.0" name="com.usyd.catams.integration.TimesheetUpdateDeleteIntegrationTest" time="32.622" tests="13" errors="0" skipped="0" failures="0">
  <properties>
    <property name="java.specification.version" value="21"/>
    <property name="sun.cpu.isalist" value="amd64"/>
    <property name="sun.jnu.encoding" value="UTF-8"/>
    <property name="java.class.path" value="E:\Code\Casual-Academic-Time-Allocation-Management-System\target\test-classes;E:\Code\Casual-Academic-Time-Allocation-Management-System\target\classes;C:\Users\k7407\.m2\repository\org\springframework\boot\spring-boot-starter-web\3.2.0\spring-boot-starter-web-3.2.0.jar;C:\Users\k7407\.m2\repository\org\springframework\boot\spring-boot-starter\3.2.0\spring-boot-starter-3.2.0.jar;C:\Users\k7407\.m2\repository\org\springframework\boot\spring-boot-starter-logging\3.2.0\spring-boot-starter-logging-3.2.0.jar;C:\Users\k7407\.m2\repository\org\apache\logging\log4j\log4j-to-slf4j\2.21.1\log4j-to-slf4j-2.21.1.jar;C:\Users\k7407\.m2\repository\org\apache\logging\log4j\log4j-api\2.21.1\log4j-api-2.21.1.jar;C:\Users\k7407\.m2\repository\org\slf4j\jul-to-slf4j\2.0.9\jul-to-slf4j-2.0.9.jar;C:\Users\k7407\.m2\repository\jakarta\annotation\jakarta.annotation-api\2.1.1\jakarta.annotation-api-2.1.1.jar;C:\Users\k7407\.m2\repository\org\springframework\boot\spring-boot-starter-json\3.2.0\spring-boot-starter-json-3.2.0.jar;C:\Users\k7407\.m2\repository\com\fasterxml\jackson\datatype\jackson-datatype-jdk8\2.15.3\jackson-datatype-jdk8-2.15.3.jar;C:\Users\k7407\.m2\repository\com\fasterxml\jackson\datatype\jackson-datatype-jsr310\2.15.3\jackson-datatype-jsr310-2.15.3.jar;C:\Users\k7407\.m2\repository\com\fasterxml\jackson\module\jackson-module-parameter-names\2.15.3\jackson-module-parameter-names-2.15.3.jar;C:\Users\k7407\.m2\repository\org\springframework\boot\spring-boot-starter-tomcat\3.2.0\spring-boot-starter-tomcat-3.2.0.jar;C:\Users\k7407\.m2\repository\org\apache\tomcat\embed\tomcat-embed-core\10.1.16\tomcat-embed-core-10.1.16.jar;C:\Users\k7407\.m2\repository\org\apache\tomcat\embed\tomcat-embed-websocket\10.1.16\tomcat-embed-websocket-10.1.16.jar;C:\Users\k7407\.m2\repository\org\springframework\spring-web\6.1.1\spring-web-6.1.1.jar;C:\Users\k7407\.m2\repository\org\springframework\spring-beans\6.1.1\spring-beans-6.1.1.jar;C:\Users\k7407\.m2\repository\org\springframework\spring-webmvc\6.1.1\spring-webmvc-6.1.1.jar;C:\Users\k7407\.m2\repository\org\springframework\spring-context\6.1.1\spring-context-6.1.1.jar;C:\Users\k7407\.m2\repository\org\springframework\spring-expression\6.1.1\spring-expression-6.1.1.jar;C:\Users\k7407\.m2\repository\org\springframework\boot\spring-boot-starter-data-jpa\3.2.0\spring-boot-starter-data-jpa-3.2.0.jar;C:\Users\k7407\.m2\repository\org\springframework\boot\spring-boot-starter-aop\3.2.0\spring-boot-starter-aop-3.2.0.jar;C:\Users\k7407\.m2\repository\org\aspectj\aspectjweaver\1.9.20.1\aspectjweaver-1.9.20.1.jar;C:\Users\k7407\.m2\repository\org\springframework\boot\spring-boot-starter-jdbc\3.2.0\spring-boot-starter-jdbc-3.2.0.jar;C:\Users\k7407\.m2\repository\com\zaxxer\HikariCP\5.0.1\HikariCP-5.0.1.jar;C:\Users\k7407\.m2\repository\org\springframework\spring-jdbc\6.1.1\spring-jdbc-6.1.1.jar;C:\Users\k7407\.m2\repository\org\hibernate\orm\hibernate-core\6.3.1.Final\hibernate-core-6.3.1.Final.jar;C:\Users\k7407\.m2\repository\jakarta\persistence\jakarta.persistence-api\3.1.0\jakarta.persistence-api-3.1.0.jar;C:\Users\k7407\.m2\repository\jakarta\transaction\jakarta.transaction-api\2.0.1\jakarta.transaction-api-2.0.1.jar;C:\Users\k7407\.m2\repository\org\jboss\logging\jboss-logging\3.5.3.Final\jboss-logging-3.5.3.Final.jar;C:\Users\k7407\.m2\repository\org\hibernate\common\hibernate-commons-annotations\6.0.6.Final\hibernate-commons-annotations-6.0.6.Final.jar;C:\Users\k7407\.m2\repository\io\smallrye\jandex\3.1.2\jandex-3.1.2.jar;C:\Users\k7407\.m2\repository\com\fasterxml\classmate\1.6.0\classmate-1.6.0.jar;C:\Users\k7407\.m2\repository\net\bytebuddy\byte-buddy\1.14.10\byte-buddy-1.14.10.jar;C:\Users\k7407\.m2\repository\org\glassfish\jaxb\jaxb-runtime\4.0.4\jaxb-runtime-4.0.4.jar;C:\Users\k7407\.m2\repository\org\glassfish\jaxb\jaxb-core\4.0.4\jaxb-core-4.0.4.jar;C:\Users\k7407\.m2\repository\org\eclipse\angus\angus-activation\2.0.1\angus-activation-2.0.1.jar;C:\Users\k7407\.m2\repository\org\glassfish\jaxb\txw2\4.0.4\txw2-4.0.4.jar;C:\Users\k7407\.m2\repository\com\sun\istack\istack-commons-runtime\4.1.2\istack-commons-runtime-4.1.2.jar;C:\Users\k7407\.m2\repository\jakarta\inject\jakarta.inject-api\2.0.1\jakarta.inject-api-2.0.1.jar;C:\Users\k7407\.m2\repository\org\springframework\data\spring-data-jpa\3.2.0\spring-data-jpa-3.2.0.jar;C:\Users\k7407\.m2\repository\org\springframework\data\spring-data-commons\3.2.0\spring-data-commons-3.2.0.jar;C:\Users\k7407\.m2\repository\org\springframework\spring-orm\6.1.1\spring-orm-6.1.1.jar;C:\Users\k7407\.m2\repository\org\springframework\spring-tx\6.1.1\spring-tx-6.1.1.jar;C:\Users\k7407\.m2\repository\org\springframework\spring-aspects\6.1.1\spring-aspects-6.1.1.jar;C:\Users\k7407\.m2\repository\org\springframework\boot\spring-boot-starter-security\3.2.0\spring-boot-starter-security-3.2.0.jar;C:\Users\k7407\.m2\repository\org\springframework\spring-aop\6.1.1\spring-aop-6.1.1.jar;C:\Users\k7407\.m2\repository\org\springframework\security\spring-security-config\6.2.0\spring-security-config-6.2.0.jar;C:\Users\k7407\.m2\repository\org\springframework\security\spring-security-web\6.2.0\spring-security-web-6.2.0.jar;C:\Users\k7407\.m2\repository\org\springframework\boot\spring-boot-starter-validation\3.2.0\spring-boot-starter-validation-3.2.0.jar;C:\Users\k7407\.m2\repository\org\apache\tomcat\embed\tomcat-embed-el\10.1.16\tomcat-embed-el-10.1.16.jar;C:\Users\k7407\.m2\repository\org\hibernate\validator\hibernate-validator\8.0.1.Final\hibernate-validator-8.0.1.Final.jar;C:\Users\k7407\.m2\repository\jakarta\validation\jakarta.validation-api\3.0.2\jakarta.validation-api-3.0.2.jar;C:\Users\k7407\.m2\repository\org\springframework\boot\spring-boot-starter-actuator\3.2.0\spring-boot-starter-actuator-3.2.0.jar;C:\Users\k7407\.m2\repository\org\springframework\boot\spring-boot-actuator-autoconfigure\3.2.0\spring-boot-actuator-autoconfigure-3.2.0.jar;C:\Users\k7407\.m2\repository\org\springframework\boot\spring-boot-actuator\3.2.0\spring-boot-actuator-3.2.0.jar;C:\Users\k7407\.m2\repository\io\micrometer\micrometer-observation\1.12.0\micrometer-observation-1.12.0.jar;C:\Users\k7407\.m2\repository\io\micrometer\micrometer-jakarta9\1.12.0\micrometer-jakarta9-1.12.0.jar;C:\Users\k7407\.m2\repository\org\postgresql\postgresql\42.6.0\postgresql-42.6.0.jar;C:\Users\k7407\.m2\repository\org\checkerframework\checker-qual\3.31.0\checker-qual-3.31.0.jar;C:\Users\k7407\.m2\repository\com\h2database\h2\2.2.224\h2-2.2.224.jar;C:\Users\k7407\.m2\repository\io\jsonwebtoken\jjwt-api\0.12.3\jjwt-api-0.12.3.jar;C:\Users\k7407\.m2\repository\io\jsonwebtoken\jjwt-impl\0.12.3\jjwt-impl-0.12.3.jar;C:\Users\k7407\.m2\repository\io\jsonwebtoken\jjwt-jackson\0.12.3\jjwt-jackson-0.12.3.jar;C:\Users\k7407\.m2\repository\com\fasterxml\jackson\core\jackson-databind\2.15.3\jackson-databind-2.15.3.jar;C:\Users\k7407\.m2\repository\com\fasterxml\jackson\core\jackson-annotations\2.15.3\jackson-annotations-2.15.3.jar;C:\Users\k7407\.m2\repository\com\fasterxml\jackson\core\jackson-core\2.15.3\jackson-core-2.15.3.jar;C:\Users\k7407\.m2\repository\org\springframework\boot\spring-boot-devtools\3.2.0\spring-boot-devtools-3.2.0.jar;C:\Users\k7407\.m2\repository\org\springframework\boot\spring-boot\3.2.0\spring-boot-3.2.0.jar;C:\Users\k7407\.m2\repository\org\springframework\boot\spring-boot-autoconfigure\3.2.0\spring-boot-autoconfigure-3.2.0.jar;C:\Users\k7407\.m2\repository\org\springframework\boot\spring-boot-starter-test\3.2.0\spring-boot-starter-test-3.2.0.jar;C:\Users\k7407\.m2\repository\org\springframework\boot\spring-boot-test\3.2.0\spring-boot-test-3.2.0.jar;C:\Users\k7407\.m2\repository\org\springframework\boot\spring-boot-test-autoconfigure\3.2.0\spring-boot-test-autoconfigure-3.2.0.jar;C:\Users\k7407\.m2\repository\com\jayway\jsonpath\json-path\2.8.0\json-path-2.8.0.jar;C:\Users\k7407\.m2\repository\jakarta\xml\bind\jakarta.xml.bind-api\4.0.1\jakarta.xml.bind-api-4.0.1.jar;C:\Users\k7407\.m2\repository\jakarta\activation\jakarta.activation-api\2.1.2\jakarta.activation-api-2.1.2.jar;C:\Users\k7407\.m2\repository\net\minidev\json-smart\2.5.0\json-smart-2.5.0.jar;C:\Users\k7407\.m2\repository\net\minidev\accessors-smart\2.5.0\accessors-smart-2.5.0.jar;C:\Users\k7407\.m2\repository\org\ow2\asm\asm\9.3\asm-9.3.jar;C:\Users\k7407\.m2\repository\org\assertj\assertj-core\3.24.2\assertj-core-3.24.2.jar;C:\Users\k7407\.m2\repository\org\awaitility\awaitility\4.2.0\awaitility-4.2.0.jar;C:\Users\k7407\.m2\repository\org\hamcrest\hamcrest\2.2\hamcrest-2.2.jar;C:\Users\k7407\.m2\repository\org\junit\jupiter\junit-jupiter\5.10.1\junit-jupiter-5.10.1.jar;C:\Users\k7407\.m2\repository\org\junit\jupiter\junit-jupiter-params\5.10.1\junit-jupiter-params-5.10.1.jar;C:\Users\k7407\.m2\repository\org\mockito\mockito-core\5.7.0\mockito-core-5.7.0.jar;C:\Users\k7407\.m2\repository\net\bytebuddy\byte-buddy-agent\1.14.10\byte-buddy-agent-1.14.10.jar;C:\Users\k7407\.m2\repository\org\objenesis\objenesis\3.3\objenesis-3.3.jar;C:\Users\k7407\.m2\repository\org\mockito\mockito-junit-jupiter\5.7.0\mockito-junit-jupiter-5.7.0.jar;C:\Users\k7407\.m2\repository\org\skyscreamer\jsonassert\1.5.1\jsonassert-1.5.1.jar;C:\Users\k7407\.m2\repository\com\vaadin\external\google\android-json\0.0.20131108.vaadin1\android-json-0.0.20131108.vaadin1.jar;C:\Users\k7407\.m2\repository\org\springframework\spring-core\6.1.1\spring-core-6.1.1.jar;C:\Users\k7407\.m2\repository\org\springframework\spring-jcl\6.1.1\spring-jcl-6.1.1.jar;C:\Users\k7407\.m2\repository\org\springframework\spring-test\6.1.1\spring-test-6.1.1.jar;C:\Users\k7407\.m2\repository\org\xmlunit\xmlunit-core\2.9.1\xmlunit-core-2.9.1.jar;C:\Users\k7407\.m2\repository\org\springframework\security\spring-security-test\6.2.0\spring-security-test-6.2.0.jar;C:\Users\k7407\.m2\repository\org\springframework\security\spring-security-core\6.2.0\spring-security-core-6.2.0.jar;C:\Users\k7407\.m2\repository\org\springframework\security\spring-security-crypto\6.2.0\spring-security-crypto-6.2.0.jar;C:\Users\k7407\.m2\repository\org\testcontainers\junit-jupiter\1.19.1\junit-jupiter-1.19.1.jar;C:\Users\k7407\.m2\repository\org\testcontainers\postgresql\1.19.1\postgresql-1.19.1.jar;C:\Users\k7407\.m2\repository\org\testcontainers\jdbc\1.19.1\jdbc-1.19.1.jar;C:\Users\k7407\.m2\repository\org\testcontainers\database-commons\1.19.1\database-commons-1.19.1.jar;C:\Users\k7407\.m2\repository\org\testcontainers\testcontainers\1.19.1\testcontainers-1.19.1.jar;C:\Users\k7407\.m2\repository\junit\junit\4.13.2\junit-4.13.2.jar;C:\Users\k7407\.m2\repository\org\hamcrest\hamcrest-core\2.2\hamcrest-core-2.2.jar;C:\Users\k7407\.m2\repository\org\slf4j\slf4j-api\2.0.9\slf4j-api-2.0.9.jar;C:\Users\k7407\.m2\repository\org\apache\commons\commons-compress\1.24.0\commons-compress-1.24.0.jar;C:\Users\k7407\.m2\repository\org\rnorth\duct-tape\duct-tape\1.0.8\duct-tape-1.0.8.jar;C:\Users\k7407\.m2\repository\org\jetbrains\annotations\17.0.0\annotations-17.0.0.jar;C:\Users\k7407\.m2\repository\com\github\docker-java\docker-java-api\3.3.3\docker-java-api-3.3.3.jar;C:\Users\k7407\.m2\repository\com\github\docker-java\docker-java-transport-zerodep\3.3.3\docker-java-transport-zerodep-3.3.3.jar;C:\Users\k7407\.m2\repository\com\github\docker-java\docker-java-transport\3.3.3\docker-java-transport-3.3.3.jar;C:\Users\k7407\.m2\repository\net\java\dev\jna\jna\5.12.1\jna-5.12.1.jar;C:\Users\k7407\.m2\repository\org\apache\httpcomponents\client5\httpclient5\5.2.1\httpclient5-5.2.1.jar;C:\Users\k7407\.m2\repository\org\apache\httpcomponents\core5\httpcore5\5.2.3\httpcore5-5.2.3.jar;C:\Users\k7407\.m2\repository\org\apache\httpcomponents\core5\httpcore5-h2\5.2.3\httpcore5-h2-5.2.3.jar;C:\Users\k7407\.m2\repository\io\micrometer\micrometer-core\1.12.0\micrometer-core-1.12.0.jar;C:\Users\k7407\.m2\repository\io\micrometer\micrometer-commons\1.12.0\micrometer-commons-1.12.0.jar;C:\Users\k7407\.m2\repository\org\hdrhistogram\HdrHistogram\2.1.12\HdrHistogram-2.1.12.jar;C:\Users\k7407\.m2\repository\org\latencyutils\LatencyUtils\2.0.3\LatencyUtils-2.0.3.jar;C:\Users\k7407\.m2\repository\org\junit\platform\junit-platform-launcher\1.10.1\junit-platform-launcher-1.10.1.jar;C:\Users\k7407\.m2\repository\org\junit\platform\junit-platform-engine\1.10.1\junit-platform-engine-1.10.1.jar;C:\Users\k7407\.m2\repository\org\opentest4j\opentest4j\1.3.0\opentest4j-1.3.0.jar;C:\Users\k7407\.m2\repository\org\junit\platform\junit-platform-commons\1.10.1\junit-platform-commons-1.10.1.jar;C:\Users\k7407\.m2\repository\org\apiguardian\apiguardian-api\1.1.2\apiguardian-api-1.1.2.jar;C:\Users\k7407\.m2\repository\com\atlassian\oai\swagger-request-validator-mockmvc\2.39.0\swagger-request-validator-mockmvc-2.39.0.jar;C:\Users\k7407\.m2\repository\com\atlassian\oai\swagger-request-validator-core\2.39.0\swagger-request-validator-core-2.39.0.jar;C:\Users\k7407\.m2\repository\com\github\java-json-tools\json-schema-validator\2.2.14\json-schema-validator-2.2.14.jar;C:\Users\k7407\.m2\repository\com\github\java-json-tools\jackson-coreutils-equivalence\1.0\jackson-coreutils-equivalence-1.0.jar;C:\Users\k7407\.m2\repository\com\github\java-json-tools\jackson-coreutils\2.0\jackson-coreutils-2.0.jar;C:\Users\k7407\.m2\repository\com\github\java-json-tools\json-schema-core\1.2.14\json-schema-core-1.2.14.jar;C:\Users\k7407\.m2\repository\com\github\java-json-tools\uri-template\0.10\uri-template-0.10.jar;C:\Users\k7407\.m2\repository\org\mozilla\rhino\1.7.7.2\rhino-1.7.7.2.jar;C:\Users\k7407\.m2\repository\com\sun\mail\mailapi\1.6.2\mailapi-1.6.2.jar;C:\Users\k7407\.m2\repository\joda-time\joda-time\2.10.5\joda-time-2.10.5.jar;C:\Users\k7407\.m2\repository\com\googlecode\libphonenumber\libphonenumber\8.11.1\libphonenumber-8.11.1.jar;C:\Users\k7407\.m2\repository\net\sf\jopt-simple\jopt-simple\5.0.4\jopt-simple-5.0.4.jar;C:\Users\k7407\.m2\repository\com\google\guava\guava\31.1-jre\guava-31.1-jre.jar;C:\Users\k7407\.m2\repository\com\google\guava\failureaccess\1.0.1\failureaccess-1.0.1.jar;C:\Users\k7407\.m2\repository\com\google\guava\listenablefuture\9999.0-empty-to-avoid-conflict-with-guava\listenablefuture-9999.0-empty-to-avoid-conflict-with-guava.jar;C:\Users\k7407\.m2\repository\com\google\errorprone\error_prone_annotations\2.11.0\error_prone_annotations-2.11.0.jar;C:\Users\k7407\.m2\repository\com\google\j2objc\j2objc-annotations\1.3\j2objc-annotations-1.3.jar;C:\Users\k7407\.m2\repository\com\google\code\findbugs\jsr305\3.0.2\jsr305-3.0.2.jar;C:\Users\k7407\.m2\repository\io\swagger\parser\v3\swagger-parser\2.1.16\swagger-parser-2.1.16.jar;C:\Users\k7407\.m2\repository\io\swagger\parser\v3\swagger-parser-v2-converter\2.1.16\swagger-parser-v2-converter-2.1.16.jar;C:\Users\k7407\.m2\repository\io\swagger\swagger-core\1.6.11\swagger-core-1.6.11.jar;C:\Users\k7407\.m2\repository\org\apache\commons\commons-lang3\3.13.0\commons-lang3-3.13.0.jar;C:\Users\k7407\.m2\repository\io\swagger\swagger-models\1.6.11\swagger-models-1.6.11.jar;C:\Users\k7407\.m2\repository\io\swagger\swagger-annotations\1.6.11\swagger-annotations-1.6.11.jar;C:\Users\k7407\.m2\repository\io\swagger\swagger-parser\1.0.67\swagger-parser-1.0.67.jar;C:\Users\k7407\.m2\repository\io\swagger\swagger-compat-spec-parser\1.0.67\swagger-compat-spec-parser-1.0.67.jar;C:\Users\k7407\.m2\repository\com\github\java-json-tools\json-patch\1.13\json-patch-1.13.jar;C:\Users\k7407\.m2\repository\com\github\java-json-tools\msg-simple\1.2\msg-simple-1.2.jar;C:\Users\k7407\.m2\repository\com\github\java-json-tools\btf\1.3\btf-1.3.jar;C:\Users\k7407\.m2\repository\io\swagger\core\v3\swagger-models\2.2.14\swagger-models-2.2.14.jar;C:\Users\k7407\.m2\repository\io\swagger\parser\v3\swagger-parser-core\2.1.16\swagger-parser-core-2.1.16.jar;C:\Users\k7407\.m2\repository\io\swagger\parser\v3\swagger-parser-v3\2.1.16\swagger-parser-v3-2.1.16.jar;C:\Users\k7407\.m2\repository\io\swagger\core\v3\swagger-core\2.2.14\swagger-core-2.2.14.jar;C:\Users\k7407\.m2\repository\io\swagger\core\v3\swagger-annotations\2.2.14\swagger-annotations-2.2.14.jar;C:\Users\k7407\.m2\repository\io\swagger\parser\v3\swagger-parser-safe-url-resolver\2.1.16\swagger-parser-safe-url-resolver-2.1.16.jar;C:\Users\k7407\.m2\repository\org\yaml\snakeyaml\2.2\snakeyaml-2.2.jar;C:\Users\k7407\.m2\repository\commons-io\commons-io\2.11.0\commons-io-2.11.0.jar;C:\Users\k7407\.m2\repository\com\intuit\karate\karate-junit5\1.4.1\karate-junit5-1.4.1.jar;C:\Users\k7407\.m2\repository\org\junit\jupiter\junit-jupiter-api\5.10.1\junit-jupiter-api-5.10.1.jar;C:\Users\k7407\.m2\repository\org\junit\jupiter\junit-jupiter-engine\5.10.1\junit-jupiter-engine-5.10.1.jar;C:\Users\k7407\.m2\repository\com\intuit\karate\karate-core\1.4.1\karate-core-1.4.1.jar;C:\Users\k7407\.m2\repository\org\graalvm\js\js-scriptengine\22.3.3\js-scriptengine-22.3.3.jar;C:\Users\k7407\.m2\repository\org\graalvm\sdk\graal-sdk\22.3.3\graal-sdk-22.3.3.jar;C:\Users\k7407\.m2\repository\org\graalvm\js\js\22.3.3\js-22.3.3.jar;C:\Users\k7407\.m2\repository\org\graalvm\regex\regex\22.3.3\regex-22.3.3.jar;C:\Users\k7407\.m2\repository\org\graalvm\truffle\truffle-api\22.3.3\truffle-api-22.3.3.jar;C:\Users\k7407\.m2\repository\com\ibm\icu\icu4j\71.1\icu4j-71.1.jar;C:\Users\k7407\.m2\repository\org\thymeleaf\thymeleaf\3.1.2.RELEASE\thymeleaf-3.1.2.RELEASE.jar;C:\Users\k7407\.m2\repository\ognl\ognl\3.3.4\ognl-3.3.4.jar;C:\Users\k7407\.m2\repository\org\javassist\javassist\3.29.0-GA\javassist-3.29.0-GA.jar;C:\Users\k7407\.m2\repository\org\attoparser\attoparser\2.0.7.RELEASE\attoparser-2.0.7.RELEASE.jar;C:\Users\k7407\.m2\repository\org\unbescape\unbescape\1.1.6.RELEASE\unbescape-1.1.6.RELEASE.jar;C:\Users\k7407\.m2\repository\com\linecorp\armeria\armeria\1.25.2\armeria-1.25.2.jar;C:\Users\k7407\.m2\repository\io\netty\netty-transport\4.1.101.Final\netty-transport-4.1.101.Final.jar;C:\Users\k7407\.m2\repository\io\netty\netty-common\4.1.101.Final\netty-common-4.1.101.Final.jar;C:\Users\k7407\.m2\repository\io\netty\netty-buffer\4.1.101.Final\netty-buffer-4.1.101.Final.jar;C:\Users\k7407\.m2\repository\io\netty\netty-resolver\4.1.101.Final\netty-resolver-4.1.101.Final.jar;C:\Users\k7407\.m2\repository\io\netty\netty-codec-haproxy\4.1.101.Final\netty-codec-haproxy-4.1.101.Final.jar;C:\Users\k7407\.m2\repository\io\netty\netty-codec\4.1.101.Final\netty-codec-4.1.101.Final.jar;C:\Users\k7407\.m2\repository\io\netty\netty-codec-http2\4.1.101.Final\netty-codec-http2-4.1.101.Final.jar;C:\Users\k7407\.m2\repository\io\netty\netty-handler\4.1.101.Final\netty-handler-4.1.101.Final.jar;C:\Users\k7407\.m2\repository\io\netty\netty-codec-http\4.1.101.Final\netty-codec-http-4.1.101.Final.jar;C:\Users\k7407\.m2\repository\io\netty\netty-resolver-dns\4.1.101.Final\netty-resolver-dns-4.1.101.Final.jar;C:\Users\k7407\.m2\repository\io\netty\netty-codec-dns\4.1.101.Final\netty-codec-dns-4.1.101.Final.jar;C:\Users\k7407\.m2\repository\org\reactivestreams\reactive-streams\1.0.4\reactive-streams-1.0.4.jar;C:\Users\k7407\.m2\repository\io\netty\netty-handler-proxy\4.1.101.Final\netty-handler-proxy-4.1.101.Final.jar;C:\Users\k7407\.m2\repository\io\netty\netty-codec-socks\4.1.101.Final\netty-codec-socks-4.1.101.Final.jar;C:\Users\k7407\.m2\repository\io\netty\netty-transport-native-unix-common\4.1.101.Final\netty-transport-native-unix-common-4.1.101.Final-linux-x86_64.jar;C:\Users\k7407\.m2\repository\io\netty\netty-transport-native-epoll\4.1.101.Final\netty-transport-native-epoll-4.1.101.Final-linux-x86_64.jar;C:\Users\k7407\.m2\repository\io\netty\netty-transport-native-unix-common\4.1.101.Final\netty-transport-native-unix-common-4.1.101.Final.jar;C:\Users\k7407\.m2\repository\io\netty\netty-transport-classes-epoll\4.1.101.Final\netty-transport-classes-epoll-4.1.101.Final.jar;C:\Users\k7407\.m2\repository\io\netty\netty-transport-native-unix-common\4.1.101.Final\netty-transport-native-unix-common-4.1.101.Final-linux-aarch_64.jar;C:\Users\k7407\.m2\repository\io\netty\netty-transport-native-epoll\4.1.101.Final\netty-transport-native-epoll-4.1.101.Final-linux-aarch_64.jar;C:\Users\k7407\.m2\repository\io\netty\netty-transport-native-unix-common\4.1.101.Final\netty-transport-native-unix-common-4.1.101.Final-osx-x86_64.jar;C:\Users\k7407\.m2\repository\io\netty\netty-transport-native-kqueue\4.1.101.Final\netty-transport-native-kqueue-4.1.101.Final-osx-x86_64.jar;C:\Users\k7407\.m2\repository\io\netty\netty-transport-classes-kqueue\4.1.101.Final\netty-transport-classes-kqueue-4.1.101.Final.jar;C:\Users\k7407\.m2\repository\io\netty\netty-resolver-dns-native-macos\4.1.101.Final\netty-resolver-dns-native-macos-4.1.101.Final-osx-x86_64.jar;C:\Users\k7407\.m2\repository\io\netty\netty-resolver-dns-classes-macos\4.1.101.Final\netty-resolver-dns-classes-macos-4.1.101.Final.jar;C:\Users\k7407\.m2\repository\io\netty\netty-transport-native-unix-common\4.1.101.Final\netty-transport-native-unix-common-4.1.101.Final-osx-aarch_64.jar;C:\Users\k7407\.m2\repository\io\netty\netty-transport-native-kqueue\4.1.101.Final\netty-transport-native-kqueue-4.1.101.Final-osx-aarch_64.jar;C:\Users\k7407\.m2\repository\io\netty\netty-resolver-dns-native-macos\4.1.101.Final\netty-resolver-dns-native-macos-4.1.101.Final-osx-aarch_64.jar;C:\Users\k7407\.m2\repository\io\netty\netty-tcnative-boringssl-static\2.0.61.Final\netty-tcnative-boringssl-static-2.0.61.Final-linux-x86_64.jar;C:\Users\k7407\.m2\repository\io\netty\netty-tcnative-classes\2.0.61.Final\netty-tcnative-classes-2.0.61.Final.jar;C:\Users\k7407\.m2\repository\io\netty\netty-tcnative-boringssl-static\2.0.61.Final\netty-tcnative-boringssl-static-2.0.61.Final-linux-aarch_64.jar;C:\Users\k7407\.m2\repository\io\netty\netty-tcnative-boringssl-static\2.0.61.Final\netty-tcnative-boringssl-static-2.0.61.Final-osx-x86_64.jar;C:\Users\k7407\.m2\repository\io\netty\netty-tcnative-boringssl-static\2.0.61.Final\netty-tcnative-boringssl-static-2.0.61.Final-osx-aarch_64.jar;C:\Users\k7407\.m2\repository\io\netty\netty-tcnative-boringssl-static\2.0.61.Final\netty-tcnative-boringssl-static-2.0.61.Final-windows-x86_64.jar;C:\Users\k7407\.m2\repository\com\aayushatharva\brotli4j\brotli4j\1.12.0\brotli4j-1.12.0.jar;C:\Users\k7407\.m2\repository\com\aayushatharva\brotli4j\service\1.12.0\service-1.12.0.jar;C:\Users\k7407\.m2\repository\com\aayushatharva\brotli4j\native-windows-x86_64\1.12.0\native-windows-x86_64-1.12.0.jar;C:\Users\k7407\.m2\repository\org\apache\httpcomponents\httpclient\4.5.14\httpclient-4.5.14.jar;C:\Users\k7407\.m2\repository\org\apache\httpcomponents\httpcore\4.4.16\httpcore-4.4.16.jar;C:\Users\k7407\.m2\repository\commons-codec\commons-codec\1.16.0\commons-codec-1.16.0.jar;C:\Users\k7407\.m2\repository\ch\qos\logback\logback-classic\1.4.11\logback-classic-1.4.11.jar;C:\Users\k7407\.m2\repository\ch\qos\logback\logback-core\1.4.11\logback-core-1.4.11.jar;C:\Users\k7407\.m2\repository\org\slf4j\jcl-over-slf4j\2.0.9\jcl-over-slf4j-2.0.9.jar;C:\Users\k7407\.m2\repository\org\antlr\antlr4-runtime\4.11.1\antlr4-runtime-4.11.1.jar;C:\Users\k7407\.m2\repository\de\siegmar\fastcsv\2.2.1\fastcsv-2.2.1.jar;C:\Users\k7407\.m2\repository\info\picocli\picocli\4.7.1\picocli-4.7.1.jar;C:\Users\k7407\.m2\repository\io\github\classgraph\classgraph\4.8.160\classgraph-4.8.160.jar;C:\Users\k7407\.m2\repository\io\github\t12y\resemble\1.0.2\resemble-1.0.2.jar;C:\Users\k7407\.m2\repository\io\github\t12y\ssim\1.0.0\ssim-1.0.0.jar;C:\Users\k7407\.m2\repository\com\github\javaparser\javaparser-core\3.25.8\javaparser-core-3.25.8.jar;C:\Users\k7407\.m2\repository\com\networknt\json-schema-validator\1.0.87\json-schema-validator-1.0.87.jar;C:\Users\k7407\.m2\repository\com\ethlo\time\itu\1.7.0\itu-1.7.0.jar;C:\Users\k7407\.m2\repository\com\fasterxml\jackson\dataformat\jackson-dataformat-yaml\2.15.3\jackson-dataformat-yaml-2.15.3.jar;"/>
    <property name="java.vm.vendor" value="Oracle Corporation"/>
    <property name="sun.arch.data.model" value="64"/>
    <property name="user.variant" value=""/>
    <property name="java.vendor.url" value="https://java.oracle.com/"/>
    <property name="DB_USERNAME" value="test"/>
    <property name="catalina.useNaming" value="false"/>
    <property name="user.timezone" value="Australia/Sydney"/>
    <property name="org.jboss.logging.provider" value="slf4j"/>
    <property name="os.name" value="Windows 11"/>
    <property name="java.vm.specification.version" value="21"/>
    <property name="sun.java.launcher" value="SUN_STANDARD"/>
    <property name="user.country" value="CN"/>
    <property name="sun.boot.library.path" value="C:\Program Files\Java\jdk-21\bin"/>
    <property name="sun.java.command" value="C:\Users\k7407\AppData\Local\Temp\surefire10953237333915150943\surefirebooter-20250808160502695_3.jar C:\Users\k7407\AppData\Local\Temp\surefire10953237333915150943 2025-08-08T16-05-02_498-jvmRun1 surefire-20250808160502695_1tmp surefire_0-20250808160502695_2tmp"/>
    <property name="jdk.debug" value="release"/>
    <property name="surefire.test.class.path" value="E:\Code\Casual-Academic-Time-Allocation-Management-System\target\test-classes;E:\Code\Casual-Academic-Time-Allocation-Management-System\target\classes;C:\Users\k7407\.m2\repository\org\springframework\boot\spring-boot-starter-web\3.2.0\spring-boot-starter-web-3.2.0.jar;C:\Users\k7407\.m2\repository\org\springframework\boot\spring-boot-starter\3.2.0\spring-boot-starter-3.2.0.jar;C:\Users\k7407\.m2\repository\org\springframework\boot\spring-boot-starter-logging\3.2.0\spring-boot-starter-logging-3.2.0.jar;C:\Users\k7407\.m2\repository\org\apache\logging\log4j\log4j-to-slf4j\2.21.1\log4j-to-slf4j-2.21.1.jar;C:\Users\k7407\.m2\repository\org\apache\logging\log4j\log4j-api\2.21.1\log4j-api-2.21.1.jar;C:\Users\k7407\.m2\repository\org\slf4j\jul-to-slf4j\2.0.9\jul-to-slf4j-2.0.9.jar;C:\Users\k7407\.m2\repository\jakarta\annotation\jakarta.annotation-api\2.1.1\jakarta.annotation-api-2.1.1.jar;C:\Users\k7407\.m2\repository\org\springframework\boot\spring-boot-starter-json\3.2.0\spring-boot-starter-json-3.2.0.jar;C:\Users\k7407\.m2\repository\com\fasterxml\jackson\datatype\jackson-datatype-jdk8\2.15.3\jackson-datatype-jdk8-2.15.3.jar;C:\Users\k7407\.m2\repository\com\fasterxml\jackson\datatype\jackson-datatype-jsr310\2.15.3\jackson-datatype-jsr310-2.15.3.jar;C:\Users\k7407\.m2\repository\com\fasterxml\jackson\module\jackson-module-parameter-names\2.15.3\jackson-module-parameter-names-2.15.3.jar;C:\Users\k7407\.m2\repository\org\springframework\boot\spring-boot-starter-tomcat\3.2.0\spring-boot-starter-tomcat-3.2.0.jar;C:\Users\k7407\.m2\repository\org\apache\tomcat\embed\tomcat-embed-core\10.1.16\tomcat-embed-core-10.1.16.jar;C:\Users\k7407\.m2\repository\org\apache\tomcat\embed\tomcat-embed-websocket\10.1.16\tomcat-embed-websocket-10.1.16.jar;C:\Users\k7407\.m2\repository\org\springframework\spring-web\6.1.1\spring-web-6.1.1.jar;C:\Users\k7407\.m2\repository\org\springframework\spring-beans\6.1.1\spring-beans-6.1.1.jar;C:\Users\k7407\.m2\repository\org\springframework\spring-webmvc\6.1.1\spring-webmvc-6.1.1.jar;C:\Users\k7407\.m2\repository\org\springframework\spring-context\6.1.1\spring-context-6.1.1.jar;C:\Users\k7407\.m2\repository\org\springframework\spring-expression\6.1.1\spring-expression-6.1.1.jar;C:\Users\k7407\.m2\repository\org\springframework\boot\spring-boot-starter-data-jpa\3.2.0\spring-boot-starter-data-jpa-3.2.0.jar;C:\Users\k7407\.m2\repository\org\springframework\boot\spring-boot-starter-aop\3.2.0\spring-boot-starter-aop-3.2.0.jar;C:\Users\k7407\.m2\repository\org\aspectj\aspectjweaver\1.9.20.1\aspectjweaver-1.9.20.1.jar;C:\Users\k7407\.m2\repository\org\springframework\boot\spring-boot-starter-jdbc\3.2.0\spring-boot-starter-jdbc-3.2.0.jar;C:\Users\k7407\.m2\repository\com\zaxxer\HikariCP\5.0.1\HikariCP-5.0.1.jar;C:\Users\k7407\.m2\repository\org\springframework\spring-jdbc\6.1.1\spring-jdbc-6.1.1.jar;C:\Users\k7407\.m2\repository\org\hibernate\orm\hibernate-core\6.3.1.Final\hibernate-core-6.3.1.Final.jar;C:\Users\k7407\.m2\repository\jakarta\persistence\jakarta.persistence-api\3.1.0\jakarta.persistence-api-3.1.0.jar;C:\Users\k7407\.m2\repository\jakarta\transaction\jakarta.transaction-api\2.0.1\jakarta.transaction-api-2.0.1.jar;C:\Users\k7407\.m2\repository\org\jboss\logging\jboss-logging\3.5.3.Final\jboss-logging-3.5.3.Final.jar;C:\Users\k7407\.m2\repository\org\hibernate\common\hibernate-commons-annotations\6.0.6.Final\hibernate-commons-annotations-6.0.6.Final.jar;C:\Users\k7407\.m2\repository\io\smallrye\jandex\3.1.2\jandex-3.1.2.jar;C:\Users\k7407\.m2\repository\com\fasterxml\classmate\1.6.0\classmate-1.6.0.jar;C:\Users\k7407\.m2\repository\net\bytebuddy\byte-buddy\1.14.10\byte-buddy-1.14.10.jar;C:\Users\k7407\.m2\repository\org\glassfish\jaxb\jaxb-runtime\4.0.4\jaxb-runtime-4.0.4.jar;C:\Users\k7407\.m2\repository\org\glassfish\jaxb\jaxb-core\4.0.4\jaxb-core-4.0.4.jar;C:\Users\k7407\.m2\repository\org\eclipse\angus\angus-activation\2.0.1\angus-activation-2.0.1.jar;C:\Users\k7407\.m2\repository\org\glassfish\jaxb\txw2\4.0.4\txw2-4.0.4.jar;C:\Users\k7407\.m2\repository\com\sun\istack\istack-commons-runtime\4.1.2\istack-commons-runtime-4.1.2.jar;C:\Users\k7407\.m2\repository\jakarta\inject\jakarta.inject-api\2.0.1\jakarta.inject-api-2.0.1.jar;C:\Users\k7407\.m2\repository\org\springframework\data\spring-data-jpa\3.2.0\spring-data-jpa-3.2.0.jar;C:\Users\k7407\.m2\repository\org\springframework\data\spring-data-commons\3.2.0\spring-data-commons-3.2.0.jar;C:\Users\k7407\.m2\repository\org\springframework\spring-orm\6.1.1\spring-orm-6.1.1.jar;C:\Users\k7407\.m2\repository\org\springframework\spring-tx\6.1.1\spring-tx-6.1.1.jar;C:\Users\k7407\.m2\repository\org\springframework\spring-aspects\6.1.1\spring-aspects-6.1.1.jar;C:\Users\k7407\.m2\repository\org\springframework\boot\spring-boot-starter-security\3.2.0\spring-boot-starter-security-3.2.0.jar;C:\Users\k7407\.m2\repository\org\springframework\spring-aop\6.1.1\spring-aop-6.1.1.jar;C:\Users\k7407\.m2\repository\org\springframework\security\spring-security-config\6.2.0\spring-security-config-6.2.0.jar;C:\Users\k7407\.m2\repository\org\springframework\security\spring-security-web\6.2.0\spring-security-web-6.2.0.jar;C:\Users\k7407\.m2\repository\org\springframework\boot\spring-boot-starter-validation\3.2.0\spring-boot-starter-validation-3.2.0.jar;C:\Users\k7407\.m2\repository\org\apache\tomcat\embed\tomcat-embed-el\10.1.16\tomcat-embed-el-10.1.16.jar;C:\Users\k7407\.m2\repository\org\hibernate\validator\hibernate-validator\8.0.1.Final\hibernate-validator-8.0.1.Final.jar;C:\Users\k7407\.m2\repository\jakarta\validation\jakarta.validation-api\3.0.2\jakarta.validation-api-3.0.2.jar;C:\Users\k7407\.m2\repository\org\springframework\boot\spring-boot-starter-actuator\3.2.0\spring-boot-starter-actuator-3.2.0.jar;C:\Users\k7407\.m2\repository\org\springframework\boot\spring-boot-actuator-autoconfigure\3.2.0\spring-boot-actuator-autoconfigure-3.2.0.jar;C:\Users\k7407\.m2\repository\org\springframework\boot\spring-boot-actuator\3.2.0\spring-boot-actuator-3.2.0.jar;C:\Users\k7407\.m2\repository\io\micrometer\micrometer-observation\1.12.0\micrometer-observation-1.12.0.jar;C:\Users\k7407\.m2\repository\io\micrometer\micrometer-jakarta9\1.12.0\micrometer-jakarta9-1.12.0.jar;C:\Users\k7407\.m2\repository\org\postgresql\postgresql\42.6.0\postgresql-42.6.0.jar;C:\Users\k7407\.m2\repository\org\checkerframework\checker-qual\3.31.0\checker-qual-3.31.0.jar;C:\Users\k7407\.m2\repository\com\h2database\h2\2.2.224\h2-2.2.224.jar;C:\Users\k7407\.m2\repository\io\jsonwebtoken\jjwt-api\0.12.3\jjwt-api-0.12.3.jar;C:\Users\k7407\.m2\repository\io\jsonwebtoken\jjwt-impl\0.12.3\jjwt-impl-0.12.3.jar;C:\Users\k7407\.m2\repository\io\jsonwebtoken\jjwt-jackson\0.12.3\jjwt-jackson-0.12.3.jar;C:\Users\k7407\.m2\repository\com\fasterxml\jackson\core\jackson-databind\2.15.3\jackson-databind-2.15.3.jar;C:\Users\k7407\.m2\repository\com\fasterxml\jackson\core\jackson-annotations\2.15.3\jackson-annotations-2.15.3.jar;C:\Users\k7407\.m2\repository\com\fasterxml\jackson\core\jackson-core\2.15.3\jackson-core-2.15.3.jar;C:\Users\k7407\.m2\repository\org\springframework\boot\spring-boot-devtools\3.2.0\spring-boot-devtools-3.2.0.jar;C:\Users\k7407\.m2\repository\org\springframework\boot\spring-boot\3.2.0\spring-boot-3.2.0.jar;C:\Users\k7407\.m2\repository\org\springframework\boot\spring-boot-autoconfigure\3.2.0\spring-boot-autoconfigure-3.2.0.jar;C:\Users\k7407\.m2\repository\org\springframework\boot\spring-boot-starter-test\3.2.0\spring-boot-starter-test-3.2.0.jar;C:\Users\k7407\.m2\repository\org\springframework\boot\spring-boot-test\3.2.0\spring-boot-test-3.2.0.jar;C:\Users\k7407\.m2\repository\org\springframework\boot\spring-boot-test-autoconfigure\3.2.0\spring-boot-test-autoconfigure-3.2.0.jar;C:\Users\k7407\.m2\repository\com\jayway\jsonpath\json-path\2.8.0\json-path-2.8.0.jar;C:\Users\k7407\.m2\repository\jakarta\xml\bind\jakarta.xml.bind-api\4.0.1\jakarta.xml.bind-api-4.0.1.jar;C:\Users\k7407\.m2\repository\jakarta\activation\jakarta.activation-api\2.1.2\jakarta.activation-api-2.1.2.jar;C:\Users\k7407\.m2\repository\net\minidev\json-smart\2.5.0\json-smart-2.5.0.jar;C:\Users\k7407\.m2\repository\net\minidev\accessors-smart\2.5.0\accessors-smart-2.5.0.jar;C:\Users\k7407\.m2\repository\org\ow2\asm\asm\9.3\asm-9.3.jar;C:\Users\k7407\.m2\repository\org\assertj\assertj-core\3.24.2\assertj-core-3.24.2.jar;C:\Users\k7407\.m2\repository\org\awaitility\awaitility\4.2.0\awaitility-4.2.0.jar;C:\Users\k7407\.m2\repository\org\hamcrest\hamcrest\2.2\hamcrest-2.2.jar;C:\Users\k7407\.m2\repository\org\junit\jupiter\junit-jupiter\5.10.1\junit-jupiter-5.10.1.jar;C:\Users\k7407\.m2\repository\org\junit\jupiter\junit-jupiter-params\5.10.1\junit-jupiter-params-5.10.1.jar;C:\Users\k7407\.m2\repository\org\mockito\mockito-core\5.7.0\mockito-core-5.7.0.jar;C:\Users\k7407\.m2\repository\net\bytebuddy\byte-buddy-agent\1.14.10\byte-buddy-agent-1.14.10.jar;C:\Users\k7407\.m2\repository\org\objenesis\objenesis\3.3\objenesis-3.3.jar;C:\Users\k7407\.m2\repository\org\mockito\mockito-junit-jupiter\5.7.0\mockito-junit-jupiter-5.7.0.jar;C:\Users\k7407\.m2\repository\org\skyscreamer\jsonassert\1.5.1\jsonassert-1.5.1.jar;C:\Users\k7407\.m2\repository\com\vaadin\external\google\android-json\0.0.20131108.vaadin1\android-json-0.0.20131108.vaadin1.jar;C:\Users\k7407\.m2\repository\org\springframework\spring-core\6.1.1\spring-core-6.1.1.jar;C:\Users\k7407\.m2\repository\org\springframework\spring-jcl\6.1.1\spring-jcl-6.1.1.jar;C:\Users\k7407\.m2\repository\org\springframework\spring-test\6.1.1\spring-test-6.1.1.jar;C:\Users\k7407\.m2\repository\org\xmlunit\xmlunit-core\2.9.1\xmlunit-core-2.9.1.jar;C:\Users\k7407\.m2\repository\org\springframework\security\spring-security-test\6.2.0\spring-security-test-6.2.0.jar;C:\Users\k7407\.m2\repository\org\springframework\security\spring-security-core\6.2.0\spring-security-core-6.2.0.jar;C:\Users\k7407\.m2\repository\org\springframework\security\spring-security-crypto\6.2.0\spring-security-crypto-6.2.0.jar;C:\Users\k7407\.m2\repository\org\testcontainers\junit-jupiter\1.19.1\junit-jupiter-1.19.1.jar;C:\Users\k7407\.m2\repository\org\testcontainers\postgresql\1.19.1\postgresql-1.19.1.jar;C:\Users\k7407\.m2\repository\org\testcontainers\jdbc\1.19.1\jdbc-1.19.1.jar;C:\Users\k7407\.m2\repository\org\testcontainers\database-commons\1.19.1\database-commons-1.19.1.jar;C:\Users\k7407\.m2\repository\org\testcontainers\testcontainers\1.19.1\testcontainers-1.19.1.jar;C:\Users\k7407\.m2\repository\junit\junit\4.13.2\junit-4.13.2.jar;C:\Users\k7407\.m2\repository\org\hamcrest\hamcrest-core\2.2\hamcrest-core-2.2.jar;C:\Users\k7407\.m2\repository\org\slf4j\slf4j-api\2.0.9\slf4j-api-2.0.9.jar;C:\Users\k7407\.m2\repository\org\apache\commons\commons-compress\1.24.0\commons-compress-1.24.0.jar;C:\Users\k7407\.m2\repository\org\rnorth\duct-tape\duct-tape\1.0.8\duct-tape-1.0.8.jar;C:\Users\k7407\.m2\repository\org\jetbrains\annotations\17.0.0\annotations-17.0.0.jar;C:\Users\k7407\.m2\repository\com\github\docker-java\docker-java-api\3.3.3\docker-java-api-3.3.3.jar;C:\Users\k7407\.m2\repository\com\github\docker-java\docker-java-transport-zerodep\3.3.3\docker-java-transport-zerodep-3.3.3.jar;C:\Users\k7407\.m2\repository\com\github\docker-java\docker-java-transport\3.3.3\docker-java-transport-3.3.3.jar;C:\Users\k7407\.m2\repository\net\java\dev\jna\jna\5.12.1\jna-5.12.1.jar;C:\Users\k7407\.m2\repository\org\apache\httpcomponents\client5\httpclient5\5.2.1\httpclient5-5.2.1.jar;C:\Users\k7407\.m2\repository\org\apache\httpcomponents\core5\httpcore5\5.2.3\httpcore5-5.2.3.jar;C:\Users\k7407\.m2\repository\org\apache\httpcomponents\core5\httpcore5-h2\5.2.3\httpcore5-h2-5.2.3.jar;C:\Users\k7407\.m2\repository\io\micrometer\micrometer-core\1.12.0\micrometer-core-1.12.0.jar;C:\Users\k7407\.m2\repository\io\micrometer\micrometer-commons\1.12.0\micrometer-commons-1.12.0.jar;C:\Users\k7407\.m2\repository\org\hdrhistogram\HdrHistogram\2.1.12\HdrHistogram-2.1.12.jar;C:\Users\k7407\.m2\repository\org\latencyutils\LatencyUtils\2.0.3\LatencyUtils-2.0.3.jar;C:\Users\k7407\.m2\repository\org\junit\platform\junit-platform-launcher\1.10.1\junit-platform-launcher-1.10.1.jar;C:\Users\k7407\.m2\repository\org\junit\platform\junit-platform-engine\1.10.1\junit-platform-engine-1.10.1.jar;C:\Users\k7407\.m2\repository\org\opentest4j\opentest4j\1.3.0\opentest4j-1.3.0.jar;C:\Users\k7407\.m2\repository\org\junit\platform\junit-platform-commons\1.10.1\junit-platform-commons-1.10.1.jar;C:\Users\k7407\.m2\repository\org\apiguardian\apiguardian-api\1.1.2\apiguardian-api-1.1.2.jar;C:\Users\k7407\.m2\repository\com\atlassian\oai\swagger-request-validator-mockmvc\2.39.0\swagger-request-validator-mockmvc-2.39.0.jar;C:\Users\k7407\.m2\repository\com\atlassian\oai\swagger-request-validator-core\2.39.0\swagger-request-validator-core-2.39.0.jar;C:\Users\k7407\.m2\repository\com\github\java-json-tools\json-schema-validator\2.2.14\json-schema-validator-2.2.14.jar;C:\Users\k7407\.m2\repository\com\github\java-json-tools\jackson-coreutils-equivalence\1.0\jackson-coreutils-equivalence-1.0.jar;C:\Users\k7407\.m2\repository\com\github\java-json-tools\jackson-coreutils\2.0\jackson-coreutils-2.0.jar;C:\Users\k7407\.m2\repository\com\github\java-json-tools\json-schema-core\1.2.14\json-schema-core-1.2.14.jar;C:\Users\k7407\.m2\repository\com\github\java-json-tools\uri-template\0.10\uri-template-0.10.jar;C:\Users\k7407\.m2\repository\org\mozilla\rhino\1.7.7.2\rhino-1.7.7.2.jar;C:\Users\k7407\.m2\repository\com\sun\mail\mailapi\1.6.2\mailapi-1.6.2.jar;C:\Users\k7407\.m2\repository\joda-time\joda-time\2.10.5\joda-time-2.10.5.jar;C:\Users\k7407\.m2\repository\com\googlecode\libphonenumber\libphonenumber\8.11.1\libphonenumber-8.11.1.jar;C:\Users\k7407\.m2\repository\net\sf\jopt-simple\jopt-simple\5.0.4\jopt-simple-5.0.4.jar;C:\Users\k7407\.m2\repository\com\google\guava\guava\31.1-jre\guava-31.1-jre.jar;C:\Users\k7407\.m2\repository\com\google\guava\failureaccess\1.0.1\failureaccess-1.0.1.jar;C:\Users\k7407\.m2\repository\com\google\guava\listenablefuture\9999.0-empty-to-avoid-conflict-with-guava\listenablefuture-9999.0-empty-to-avoid-conflict-with-guava.jar;C:\Users\k7407\.m2\repository\com\google\errorprone\error_prone_annotations\2.11.0\error_prone_annotations-2.11.0.jar;C:\Users\k7407\.m2\repository\com\google\j2objc\j2objc-annotations\1.3\j2objc-annotations-1.3.jar;C:\Users\k7407\.m2\repository\com\google\code\findbugs\jsr305\3.0.2\jsr305-3.0.2.jar;C:\Users\k7407\.m2\repository\io\swagger\parser\v3\swagger-parser\2.1.16\swagger-parser-2.1.16.jar;C:\Users\k7407\.m2\repository\io\swagger\parser\v3\swagger-parser-v2-converter\2.1.16\swagger-parser-v2-converter-2.1.16.jar;C:\Users\k7407\.m2\repository\io\swagger\swagger-core\1.6.11\swagger-core-1.6.11.jar;C:\Users\k7407\.m2\repository\org\apache\commons\commons-lang3\3.13.0\commons-lang3-3.13.0.jar;C:\Users\k7407\.m2\repository\io\swagger\swagger-models\1.6.11\swagger-models-1.6.11.jar;C:\Users\k7407\.m2\repository\io\swagger\swagger-annotations\1.6.11\swagger-annotations-1.6.11.jar;C:\Users\k7407\.m2\repository\io\swagger\swagger-parser\1.0.67\swagger-parser-1.0.67.jar;C:\Users\k7407\.m2\repository\io\swagger\swagger-compat-spec-parser\1.0.67\swagger-compat-spec-parser-1.0.67.jar;C:\Users\k7407\.m2\repository\com\github\java-json-tools\json-patch\1.13\json-patch-1.13.jar;C:\Users\k7407\.m2\repository\com\github\java-json-tools\msg-simple\1.2\msg-simple-1.2.jar;C:\Users\k7407\.m2\repository\com\github\java-json-tools\btf\1.3\btf-1.3.jar;C:\Users\k7407\.m2\repository\io\swagger\core\v3\swagger-models\2.2.14\swagger-models-2.2.14.jar;C:\Users\k7407\.m2\repository\io\swagger\parser\v3\swagger-parser-core\2.1.16\swagger-parser-core-2.1.16.jar;C:\Users\k7407\.m2\repository\io\swagger\parser\v3\swagger-parser-v3\2.1.16\swagger-parser-v3-2.1.16.jar;C:\Users\k7407\.m2\repository\io\swagger\core\v3\swagger-core\2.2.14\swagger-core-2.2.14.jar;C:\Users\k7407\.m2\repository\io\swagger\core\v3\swagger-annotations\2.2.14\swagger-annotations-2.2.14.jar;C:\Users\k7407\.m2\repository\io\swagger\parser\v3\swagger-parser-safe-url-resolver\2.1.16\swagger-parser-safe-url-resolver-2.1.16.jar;C:\Users\k7407\.m2\repository\org\yaml\snakeyaml\2.2\snakeyaml-2.2.jar;C:\Users\k7407\.m2\repository\commons-io\commons-io\2.11.0\commons-io-2.11.0.jar;C:\Users\k7407\.m2\repository\com\intuit\karate\karate-junit5\1.4.1\karate-junit5-1.4.1.jar;C:\Users\k7407\.m2\repository\org\junit\jupiter\junit-jupiter-api\5.10.1\junit-jupiter-api-5.10.1.jar;C:\Users\k7407\.m2\repository\org\junit\jupiter\junit-jupiter-engine\5.10.1\junit-jupiter-engine-5.10.1.jar;C:\Users\k7407\.m2\repository\com\intuit\karate\karate-core\1.4.1\karate-core-1.4.1.jar;C:\Users\k7407\.m2\repository\org\graalvm\js\js-scriptengine\22.3.3\js-scriptengine-22.3.3.jar;C:\Users\k7407\.m2\repository\org\graalvm\sdk\graal-sdk\22.3.3\graal-sdk-22.3.3.jar;C:\Users\k7407\.m2\repository\org\graalvm\js\js\22.3.3\js-22.3.3.jar;C:\Users\k7407\.m2\repository\org\graalvm\regex\regex\22.3.3\regex-22.3.3.jar;C:\Users\k7407\.m2\repository\org\graalvm\truffle\truffle-api\22.3.3\truffle-api-22.3.3.jar;C:\Users\k7407\.m2\repository\com\ibm\icu\icu4j\71.1\icu4j-71.1.jar;C:\Users\k7407\.m2\repository\org\thymeleaf\thymeleaf\3.1.2.RELEASE\thymeleaf-3.1.2.RELEASE.jar;C:\Users\k7407\.m2\repository\ognl\ognl\3.3.4\ognl-3.3.4.jar;C:\Users\k7407\.m2\repository\org\javassist\javassist\3.29.0-GA\javassist-3.29.0-GA.jar;C:\Users\k7407\.m2\repository\org\attoparser\attoparser\2.0.7.RELEASE\attoparser-2.0.7.RELEASE.jar;C:\Users\k7407\.m2\repository\org\unbescape\unbescape\1.1.6.RELEASE\unbescape-1.1.6.RELEASE.jar;C:\Users\k7407\.m2\repository\com\linecorp\armeria\armeria\1.25.2\armeria-1.25.2.jar;C:\Users\k7407\.m2\repository\io\netty\netty-transport\4.1.101.Final\netty-transport-4.1.101.Final.jar;C:\Users\k7407\.m2\repository\io\netty\netty-common\4.1.101.Final\netty-common-4.1.101.Final.jar;C:\Users\k7407\.m2\repository\io\netty\netty-buffer\4.1.101.Final\netty-buffer-4.1.101.Final.jar;C:\Users\k7407\.m2\repository\io\netty\netty-resolver\4.1.101.Final\netty-resolver-4.1.101.Final.jar;C:\Users\k7407\.m2\repository\io\netty\netty-codec-haproxy\4.1.101.Final\netty-codec-haproxy-4.1.101.Final.jar;C:\Users\k7407\.m2\repository\io\netty\netty-codec\4.1.101.Final\netty-codec-4.1.101.Final.jar;C:\Users\k7407\.m2\repository\io\netty\netty-codec-http2\4.1.101.Final\netty-codec-http2-4.1.101.Final.jar;C:\Users\k7407\.m2\repository\io\netty\netty-handler\4.1.101.Final\netty-handler-4.1.101.Final.jar;C:\Users\k7407\.m2\repository\io\netty\netty-codec-http\4.1.101.Final\netty-codec-http-4.1.101.Final.jar;C:\Users\k7407\.m2\repository\io\netty\netty-resolver-dns\4.1.101.Final\netty-resolver-dns-4.1.101.Final.jar;C:\Users\k7407\.m2\repository\io\netty\netty-codec-dns\4.1.101.Final\netty-codec-dns-4.1.101.Final.jar;C:\Users\k7407\.m2\repository\org\reactivestreams\reactive-streams\1.0.4\reactive-streams-1.0.4.jar;C:\Users\k7407\.m2\repository\io\netty\netty-handler-proxy\4.1.101.Final\netty-handler-proxy-4.1.101.Final.jar;C:\Users\k7407\.m2\repository\io\netty\netty-codec-socks\4.1.101.Final\netty-codec-socks-4.1.101.Final.jar;C:\Users\k7407\.m2\repository\io\netty\netty-transport-native-unix-common\4.1.101.Final\netty-transport-native-unix-common-4.1.101.Final-linux-x86_64.jar;C:\Users\k7407\.m2\repository\io\netty\netty-transport-native-epoll\4.1.101.Final\netty-transport-native-epoll-4.1.101.Final-linux-x86_64.jar;C:\Users\k7407\.m2\repository\io\netty\netty-transport-native-unix-common\4.1.101.Final\netty-transport-native-unix-common-4.1.101.Final.jar;C:\Users\k7407\.m2\repository\io\netty\netty-transport-classes-epoll\4.1.101.Final\netty-transport-classes-epoll-4.1.101.Final.jar;C:\Users\k7407\.m2\repository\io\netty\netty-transport-native-unix-common\4.1.101.Final\netty-transport-native-unix-common-4.1.101.Final-linux-aarch_64.jar;C:\Users\k7407\.m2\repository\io\netty\netty-transport-native-epoll\4.1.101.Final\netty-transport-native-epoll-4.1.101.Final-linux-aarch_64.jar;C:\Users\k7407\.m2\repository\io\netty\netty-transport-native-unix-common\4.1.101.Final\netty-transport-native-unix-common-4.1.101.Final-osx-x86_64.jar;C:\Users\k7407\.m2\repository\io\netty\netty-transport-native-kqueue\4.1.101.Final\netty-transport-native-kqueue-4.1.101.Final-osx-x86_64.jar;C:\Users\k7407\.m2\repository\io\netty\netty-transport-classes-kqueue\4.1.101.Final\netty-transport-classes-kqueue-4.1.101.Final.jar;C:\Users\k7407\.m2\repository\io\netty\netty-resolver-dns-native-macos\4.1.101.Final\netty-resolver-dns-native-macos-4.1.101.Final-osx-x86_64.jar;C:\Users\k7407\.m2\repository\io\netty\netty-resolver-dns-classes-macos\4.1.101.Final\netty-resolver-dns-classes-macos-4.1.101.Final.jar;C:\Users\k7407\.m2\repository\io\netty\netty-transport-native-unix-common\4.1.101.Final\netty-transport-native-unix-common-4.1.101.Final-osx-aarch_64.jar;C:\Users\k7407\.m2\repository\io\netty\netty-transport-native-kqueue\4.1.101.Final\netty-transport-native-kqueue-4.1.101.Final-osx-aarch_64.jar;C:\Users\k7407\.m2\repository\io\netty\netty-resolver-dns-native-macos\4.1.101.Final\netty-resolver-dns-native-macos-4.1.101.Final-osx-aarch_64.jar;C:\Users\k7407\.m2\repository\io\netty\netty-tcnative-boringssl-static\2.0.61.Final\netty-tcnative-boringssl-static-2.0.61.Final-linux-x86_64.jar;C:\Users\k7407\.m2\repository\io\netty\netty-tcnative-classes\2.0.61.Final\netty-tcnative-classes-2.0.61.Final.jar;C:\Users\k7407\.m2\repository\io\netty\netty-tcnative-boringssl-static\2.0.61.Final\netty-tcnative-boringssl-static-2.0.61.Final-linux-aarch_64.jar;C:\Users\k7407\.m2\repository\io\netty\netty-tcnative-boringssl-static\2.0.61.Final\netty-tcnative-boringssl-static-2.0.61.Final-osx-x86_64.jar;C:\Users\k7407\.m2\repository\io\netty\netty-tcnative-boringssl-static\2.0.61.Final\netty-tcnative-boringssl-static-2.0.61.Final-osx-aarch_64.jar;C:\Users\k7407\.m2\repository\io\netty\netty-tcnative-boringssl-static\2.0.61.Final\netty-tcnative-boringssl-static-2.0.61.Final-windows-x86_64.jar;C:\Users\k7407\.m2\repository\com\aayushatharva\brotli4j\brotli4j\1.12.0\brotli4j-1.12.0.jar;C:\Users\k7407\.m2\repository\com\aayushatharva\brotli4j\service\1.12.0\service-1.12.0.jar;C:\Users\k7407\.m2\repository\com\aayushatharva\brotli4j\native-windows-x86_64\1.12.0\native-windows-x86_64-1.12.0.jar;C:\Users\k7407\.m2\repository\org\apache\httpcomponents\httpclient\4.5.14\httpclient-4.5.14.jar;C:\Users\k7407\.m2\repository\org\apache\httpcomponents\httpcore\4.4.16\httpcore-4.4.16.jar;C:\Users\k7407\.m2\repository\commons-codec\commons-codec\1.16.0\commons-codec-1.16.0.jar;C:\Users\k7407\.m2\repository\ch\qos\logback\logback-classic\1.4.11\logback-classic-1.4.11.jar;C:\Users\k7407\.m2\repository\ch\qos\logback\logback-core\1.4.11\logback-core-1.4.11.jar;C:\Users\k7407\.m2\repository\org\slf4j\jcl-over-slf4j\2.0.9\jcl-over-slf4j-2.0.9.jar;C:\Users\k7407\.m2\repository\org\antlr\antlr4-runtime\4.11.1\antlr4-runtime-4.11.1.jar;C:\Users\k7407\.m2\repository\de\siegmar\fastcsv\2.2.1\fastcsv-2.2.1.jar;C:\Users\k7407\.m2\repository\info\picocli\picocli\4.7.1\picocli-4.7.1.jar;C:\Users\k7407\.m2\repository\io\github\classgraph\classgraph\4.8.160\classgraph-4.8.160.jar;C:\Users\k7407\.m2\repository\io\github\t12y\resemble\1.0.2\resemble-1.0.2.jar;C:\Users\k7407\.m2\repository\io\github\t12y\ssim\1.0.0\ssim-1.0.0.jar;C:\Users\k7407\.m2\repository\com\github\javaparser\javaparser-core\3.25.8\javaparser-core-3.25.8.jar;C:\Users\k7407\.m2\repository\com\networknt\json-schema-validator\1.0.87\json-schema-validator-1.0.87.jar;C:\Users\k7407\.m2\repository\com\ethlo\time\itu\1.7.0\itu-1.7.0.jar;C:\Users\k7407\.m2\repository\com\fasterxml\jackson\dataformat\jackson-dataformat-yaml\2.15.3\jackson-dataformat-yaml-2.15.3.jar;"/>
    <property name="sun.cpu.endian" value="little"/>
    <property name="user.home" value="C:\Users\k7407"/>
    <property name="user.language" value="zh"/>
    <property name="java.specification.vendor" value="Oracle Corporation"/>
    <property name="java.version.date" value="2025-07-15"/>
    <property name="java.home" value="C:\Program Files\Java\jdk-21"/>
    <property name="file.separator" value="\"/>
    <property name="basedir" value="E:\Code\Casual-Academic-Time-Allocation-Management-System"/>
    <property name="java.vm.compressedOopsMode" value="Zero based"/>
    <property name="line.separator" value="&#10;"/>
    <property name="java.vm.specification.vendor" value="Oracle Corporation"/>
    <property name="java.specification.name" value="Java Platform API Specification"/>
    <property name="FILE_LOG_CHARSET" value="UTF-8"/>
    <property name="java.awt.headless" value="true"/>
    <property name="surefire.real.class.path" value="C:\Users\k7407\AppData\Local\Temp\surefire10953237333915150943\surefirebooter-20250808160502695_3.jar"/>
    <property name="user.script" value=""/>
    <property name="sun.management.compiler" value="HotSpot 64-Bit Tiered Compilers"/>
    <property name="java.runtime.version" value="21.0.8+12-LTS-250"/>
    <property name="user.name" value="k7407"/>
    <property name="stdout.encoding" value="UTF-8"/>
    <property name="path.separator" value=";"/>
    <property name="os.version" value="10.0"/>
    <property name="java.runtime.name" value="Java(TM) SE Runtime Environment"/>
    <property name="file.encoding" value="UTF-8"/>
    <property name="DB_URL" value="jdbc:postgresql://localhost:52410/test?loggerLevel=OFF"/>
    <property name="java.vm.name" value="Java HotSpot(TM) 64-Bit Server VM"/>
    <property name="skipTests" value="false"/>
    <property name="localRepository" value="C:\Users\k7407\.m2\repository"/>
    <property name="java.vendor.url.bug" value="https://bugreport.java.com/bugreport/"/>
    <property name="java.io.tmpdir" value="C:\Users\k7407\AppData\Local\Temp\"/>
    <property name="com.zaxxer.hikari.pool_number" value="27"/>
    <property name="catalina.home" value="C:\Users\k7407\AppData\Local\Temp\tomcat.0.16956961026991992561"/>
    <property name="java.version" value="21.0.8"/>
    <property name="user.dir" value="E:\Code\Casual-Academic-Time-Allocation-Management-System"/>
    <property name="os.arch" value="amd64"/>
    <property name="java.vm.specification.name" value="Java Virtual Machine Specification"/>
    <property name="PID" value="43568"/>
    <property name="sun.os.patch.level" value=""/>
    <property name="CONSOLE_LOG_CHARSET" value="UTF-8"/>
    <property name="catalina.base" value="C:\Users\k7407\AppData\Local\Temp\tomcat.0.11702608188728151094"/>
    <property name="native.encoding" value="UTF-8"/>
    <property name="java.library.path" value="C:\Program Files\Java\jdk-21\bin;C:\WINDOWS\Sun\Java\bin;C:\WINDOWS\system32;C:\WINDOWS;C:\ProgramData\miniconda3;C:\ProgramData\miniconda3\Library\mingw-w64\bin;C:\ProgramData\miniconda3\Library\usr\bin;C:\ProgramData\miniconda3\Library\bin;C:\ProgramData\miniconda3\Scripts;C:\ProgramData\miniconda3\bin;C:\Program Files (x86)\PowerShell\7;C:\Program Files\Java\jdk-21\bin;C:\Program Files\Amazon\AWSSAMCLI\bin;c:\Users\k7407\AppData\Local\Programs\cursor\resources\app\bin;C:\Python312\Scripts;C:\Python312;C:\Windows\system32;C:\Program Files\RabbitMQ Server\rabbitmq_server-4.0.1\sbin;C:\Windows;C:\Windows\System32\Wbem;C:\Windows\System32\WindowsPowerShell\v1.0;C:\Windows\System32\OpenSSH;C:\Program Files (x86)\NVIDIA Corporation\PhysX\Common;C:\WINDOWS\system32;C:\WINDOWS;C:\WINDOWS\System32\Wbem;C:\WINDOWS\System32\WindowsPowerShell\v1.0;C:\WINDOWS\System32\OpenSSH;C:\ProgramData\chocolatey\bin;C:\Program Files\dotnet;C:\Users\k7407\AppData\Local\Microsoft\WindowsApps;C:\Users\k7407\AppData\Roaming\npm;C:\Users\k7407\AppData\Local\GitHubDesktop\bin;c:\Users\k7407\AppData\Local\Programs\cursor\resources\app\bin;c:\Users\k7407\AppData\Local\Programs\cursor\resources\app\bin;C:\Program Files\Amazon\AWSSAMCLI\bin;C:\Program Files\Amazon\AWSCLIV2;C:\Program Files\Pandoc;C:\Program Files\Git\cmd;C:\Program Files\PuTTY;C:\Program Files\NVIDIA Corporation\NVIDIA App\NvDLISR;C:\msys64\mingw64\bin;C:\Program Files\wkhtmltopdf\bin;C:\Program Files (x86)\PowerShell\7;C:\ProgramData\miniconda3\Scripts;C:\ProgramData\miniconda3\condabin;C:\Users\k7407\AppData\Local\nvm;C:\nvm4w\nodejs;C:\Program Files\GitHub CLI;E:\act_Windows_x86_64;C:\Program Files\Docker\Docker\resources\bin;C:\Program Files\NVIDIA Corporation\NVIDIA NvDLISR;E:\Intellij\IntelliJ IDEA 2024.2.1\bin;C:\Users\k7407\scoop\shims;C:\Users\k7407\.local\bin;E:\gradle-8.10.2\bin;E:\apache-maven-3.9.9\bin;E:\curl-8.10.1_5-win64-mingw\bin;C:\Users\k7407\AppData\Local\Programs\Ollama;C:\Users\k7407\AppData\Local\Programs\Microsoft VS Code\bin;C:\Users\k7407\.lmstudio\bin;C:\Users\k7407\AppData\Local\Programs\cursor\resources\app\bin;C:\Users\k7407\AppData\Local\Programs\Windsurf\bin;C:\Users\k7407\AppData\Local\Programs\MiKTeX\miktex\bin\x64;C:\Program Files\MongoDB\Server\8.0\bin;c:\Users\k7407\.cursor\extensions\ms-python.debugpy-2025.8.0-win32-x64\bundled\scripts\noConfigScripts;."/>
    <property name="java.vm.info" value="mixed mode, sharing"/>
    <property name="stderr.encoding" value="UTF-8"/>
    <property name="java.vendor" value="Oracle Corporation"/>
    <property name="java.vm.version" value="21.0.8+12-LTS-250"/>
    <property name="sun.io.unicode.encoding" value="UnicodeLittle"/>
    <property name="java.class.version" value="65.0"/>
    <property name="CONSOLE_LOG_PATTERN" value="%d{yyyy-MM-dd HH:mm:ss} - %msg%n"/>
    <property name="LOGGED_APPLICATION_NAME" value="[catams] "/>
    <property name="DB_PASSWORD" value="test"/>
  </properties>
  <testcase name="testLecturerCannotDeleteTimesheetForOtherCourse" classname="com.usyd.catams.integration.TimesheetUpdateDeleteIntegrationTest" time="0.541">
    <system-out><![CDATA[16:06:15.648 [main] INFO  o.s.t.c.s.AnnotationConfigContextLoaderUtils - Could not detect default configuration classes for test class [com.usyd.catams.integration.TimesheetUpdateDeleteIntegrationTest]: TimesheetUpdateDeleteIntegrationTest does not declare any static, non-private, non-final, nested classes annotated with @Configuration.
16:06:15.651 [main] INFO  o.s.b.t.c.SpringBootTestContextBootstrapper - Found @SpringBootConfiguration com.usyd.catams.CatamsApplication for test class com.usyd.catams.integration.TimesheetUpdateDeleteIntegrationTest
16:06:15.655 [main] INFO  o.s.b.d.r.RestartApplicationListener - Restart disabled due to context in which it is running

  .   ____          _            __ _ _
 /\\ / ___'_ __ _ _(_)_ __  __ _ \ \ \ \
( ( )\___ | '_ | '_| | '_ \/ _` | \ \ \ \
 \\/  ___)| |_)| | | | | || (_| |  ) ) ) )
  '  |____| .__|_| |_|_| |_\__, | / / / /
 =========|_|==============|___/=/_/_/_/
 :: Spring Boot ::                (v3.2.0)

16:06:15.676 [main] INFO  c.u.c.i.TimesheetUpdateDeleteIntegrationTest - Starting TimesheetUpdateDeleteIntegrationTest using Java 21.0.8 with PID 43568 (started by k7407 in E:\Code\Casual-Academic-Time-Allocation-Management-System)
16:06:15.676 [main] DEBUG c.u.c.i.TimesheetUpdateDeleteIntegrationTest - Running with Spring Boot v3.2.0, Spring v6.1.1
16:06:15.676 [main] INFO  c.u.c.i.TimesheetUpdateDeleteIntegrationTest - The following 1 profile is active: "integration-test"
16:06:15.922 [main] INFO  o.s.d.r.c.RepositoryConfigurationDelegate - Bootstrapping Spring Data JPA repositories in DEFAULT mode.
16:06:15.952 [main] INFO  o.s.d.r.c.RepositoryConfigurationDelegate - Finished Spring Data repository scanning in 29 ms. Found 3 JPA repository interfaces.
16:06:16.104 [main] INFO  o.s.b.w.e.tomcat.TomcatWebServer - Tomcat initialized with port 0 (http)
16:06:16.104 [main] INFO  o.a.coyote.http11.Http11NioProtocol - Initializing ProtocolHandler ["http-nio-auto-13"]
16:06:16.104 [main] INFO  o.a.catalina.core.StandardService - Starting service [Tomcat]
16:06:16.105 [main] INFO  o.a.catalina.core.StandardEngine - Starting Servlet engine: [Apache Tomcat/10.1.16]
16:06:16.143 [main] INFO  o.a.c.c.C.[.[localhost].[/api] - Initializing Spring embedded WebApplicationContext
16:06:16.144 [main] INFO  o.s.b.w.s.c.ServletWebServerApplicationContext - Root WebApplicationContext: initialization completed in 467 ms
16:06:16.287 [main] INFO  o.h.jpa.internal.util.LogHelper - HHH000204: Processing PersistenceUnitInfo [name: default]
16:06:16.290 [main] INFO  o.h.c.i.RegionFactoryInitiator - HHH000026: Second-level cache disabled
16:06:16.297 [main] INFO  o.s.o.j.p.SpringPersistenceUnitInfo - No LoadTimeWeaver setup: ignoring JPA class transformer
16:06:16.299 [main] INFO  com.zaxxer.hikari.HikariDataSource - HikariPool-15 - Starting...
16:06:16.319 [main] INFO  com.zaxxer.hikari.pool.HikariPool - HikariPool-15 - Added connection org.postgresql.jdbc.PgConnection@724d41b0
16:06:16.319 [main] INFO  com.zaxxer.hikari.HikariDataSource - HikariPool-15 - Start completed.
16:06:16.325 [main] WARN  org.hibernate.orm.deprecation - HHH90000025: PostgreSQLDialect does not need to be specified explicitly using 'hibernate.dialect' (remove the property setting and it will be selected by default)
16:06:16.428 [main] INFO  o.h.e.t.j.p.i.JtaPlatformInitiator - HHH000489: No JTA platform available (set 'hibernate.transaction.jta.platform' to enable JTA platform integration)
16:06:16.574 [main] INFO  o.s.o.j.LocalContainerEntityManagerFactoryBean - Initialized JPA EntityManagerFactory for persistence unit 'default'
16:06:16.676 [main] DEBUG c.u.c.s.JwtAuthenticationFilter - Filter 'jwtAuthenticationFilter' configured for use
16:06:17.033 [main] WARN  o.s.b.a.s.s.UserDetailsServiceAutoConfiguration - 

Using generated security password: f13be057-01b5-4c7c-a79c-193db6e397e0

This generated password is for development use only. Your security configuration must be updated before running your application in production.

16:06:17.232 [main] INFO  o.s.b.a.e.web.EndpointLinksResolver - Exposing 3 endpoint(s) beneath base path '/actuator'
16:06:17.261 [main] INFO  o.s.s.web.DefaultSecurityFilterChain - Will secure any request with [org.springframework.security.web.session.DisableEncodeUrlFilter@5ef0db1f, org.springframework.security.web.context.request.async.WebAsyncManagerIntegrationFilter@3918ff73, org.springframework.security.web.context.SecurityContextHolderFilter@340dcba0, org.springframework.security.web.header.HeaderWriterFilter@7ffacaac, org.springframework.web.filter.CorsFilter@76b61565, org.springframework.security.web.authentication.logout.LogoutFilter@4d546be5, com.usyd.catams.security.JwtAuthenticationFilter@692f8ba2, org.springframework.security.web.savedrequest.RequestCacheAwareFilter@17fe3c10, org.springframework.security.web.servletapi.SecurityContextHolderAwareRequestFilter@79e06745, org.springframework.security.web.authentication.AnonymousAuthenticationFilter@e5ff49e, org.springframework.security.web.session.SessionManagementFilter@40442466, org.springframework.security.web.access.ExceptionTranslationFilter@64a0c244, org.springframework.security.web.access.intercept.AuthorizationFilter@4559e684]
16:06:17.459 [main] DEBUG c.u.c.s.JwtAuthenticationFilter - Filter 'jwtAuthenticationFilter' configured for use
16:06:17.460 [main] INFO  o.a.c.c.C.[.[localhost].[/api] - Initializing Spring TestDispatcherServlet ''
16:06:17.460 [main] INFO  o.s.t.w.s.TestDispatcherServlet - Initializing Servlet ''
16:06:17.461 [main] INFO  o.s.t.w.s.TestDispatcherServlet - Completed initialization in 1 ms
16:06:17.485 [main] INFO  o.a.coyote.http11.Http11NioProtocol - Starting ProtocolHandler ["http-nio-auto-13"]
16:06:17.490 [main] INFO  o.s.b.w.e.tomcat.TomcatWebServer - Tomcat started on port 52587 (http) with context path '/api'
16:06:17.493 [main] INFO  c.u.c.i.TimesheetUpdateDeleteIntegrationTest - Started TimesheetUpdateDeleteIntegrationTest in 1.838 seconds (process running for 74.603)
16:06:17.849 [main] DEBUG o.s.security.web.FilterChainProxy - Securing DELETE /api/timesheets/1
16:06:17.860 [main] DEBUG c.u.c.s.JwtAuthenticationFilter - JWT authentication successful for user: other.lecturer@university.edu with role: LECTURER
16:06:17.861 [main] WARN  o.s.w.s.h.HandlerMappingIntrospector - Cache miss for REQUEST dispatch to '/api/timesheets/1' (previous null). Performing MatchableHandlerMapping lookup. This is logged once only at WARN level, and every time at TRACE.
16:06:17.863 [main] DEBUG o.s.security.web.FilterChainProxy - Secured DELETE /api/timesheets/1
16:06:17.864 [main] DEBUG o.s.s.a.m.AuthorizationManagerBeforeMethodInterceptor - Authorizing method invocation ReflectiveMethodInvocation: public org.springframework.http.ResponseEntity com.usyd.catams.controller.TimesheetController.deleteTimesheet(java.lang.Long,org.springframework.security.core.Authentication); target is of class [com.usyd.catams.controller.TimesheetController]
16:06:17.867 [main] DEBUG o.s.s.a.m.AuthorizationManagerBeforeMethodInterceptor - Authorized method invocation ReflectiveMethodInvocation: public org.springframework.http.ResponseEntity com.usyd.catams.controller.TimesheetController.deleteTimesheet(java.lang.Long,org.springframework.security.core.Authentication); target is of class [com.usyd.catams.controller.TimesheetController]
16:06:17.889 [main] WARN  c.u.c.e.GlobalExceptionHandler - Security exception: User does not have permission to modify this timesheet
16:06:17.924 [main] INFO  o.a.coyote.http11.Http11NioProtocol - Stopping ProtocolHandler ["http-nio-auto-13-52587"]
16:06:17.943 [main] INFO  o.s.o.j.LocalContainerEntityManagerFactoryBean - Closing JPA EntityManagerFactory for persistence unit 'default'
16:06:18.014 [main] INFO  com.zaxxer.hikari.HikariDataSource - HikariPool-15 - Shutdown initiated...
16:06:18.021 [main] INFO  com.zaxxer.hikari.HikariDataSource - HikariPool-15 - Shutdown completed.
]]></system-out>
  </testcase>
  <testcase name="testLecturerCannotUpdateTimesheetForOtherCourse" classname="com.usyd.catams.integration.TimesheetUpdateDeleteIntegrationTest" time="0.55">
    <system-out><![CDATA[16:06:18.044 [main] INFO  o.s.b.d.r.RestartApplicationListener - Restart disabled due to context in which it is running

  .   ____          _            __ _ _
 /\\ / ___'_ __ _ _(_)_ __  __ _ \ \ \ \
( ( )\___ | '_ | '_| | '_ \/ _` | \ \ \ \
 \\/  ___)| |_)| | | | | || (_| |  ) ) ) )
  '  |____| .__|_| |_|_| |_\__, | / / / /
 =========|_|==============|___/=/_/_/_/
 :: Spring Boot ::                (v3.2.0)

16:06:18.093 [main] INFO  c.u.c.i.TimesheetUpdateDeleteIntegrationTest - Starting TimesheetUpdateDeleteIntegrationTest using Java 21.0.8 with PID 43568 (started by k7407 in E:\Code\Casual-Academic-Time-Allocation-Management-System)
16:06:18.093 [main] DEBUG c.u.c.i.TimesheetUpdateDeleteIntegrationTest - Running with Spring Boot v3.2.0, Spring v6.1.1
16:06:18.093 [main] INFO  c.u.c.i.TimesheetUpdateDeleteIntegrationTest - The following 1 profile is active: "integration-test"
16:06:18.493 [main] INFO  o.s.d.r.c.RepositoryConfigurationDelegate - Bootstrapping Spring Data JPA repositories in DEFAULT mode.
16:06:18.526 [main] INFO  o.s.d.r.c.RepositoryConfigurationDelegate - Finished Spring Data repository scanning in 33 ms. Found 3 JPA repository interfaces.
16:06:18.704 [main] INFO  o.s.b.w.e.tomcat.TomcatWebServer - Tomcat initialized with port 0 (http)
16:06:18.705 [main] INFO  o.a.coyote.http11.Http11NioProtocol - Initializing ProtocolHandler ["http-nio-auto-14"]
16:06:18.705 [main] INFO  o.a.catalina.core.StandardService - Starting service [Tomcat]
16:06:18.705 [main] INFO  o.a.catalina.core.StandardEngine - Starting Servlet engine: [Apache Tomcat/10.1.16]
16:06:18.745 [main] INFO  o.a.c.c.C.[.[localhost].[/api] - Initializing Spring embedded WebApplicationContext
16:06:18.745 [main] INFO  o.s.b.w.s.c.ServletWebServerApplicationContext - Root WebApplicationContext: initialization completed in 649 ms
16:06:18.891 [main] INFO  o.h.jpa.internal.util.LogHelper - HHH000204: Processing PersistenceUnitInfo [name: default]
16:06:18.895 [main] INFO  o.h.c.i.RegionFactoryInitiator - HHH000026: Second-level cache disabled
16:06:18.900 [main] INFO  o.s.o.j.p.SpringPersistenceUnitInfo - No LoadTimeWeaver setup: ignoring JPA class transformer
16:06:18.902 [main] INFO  com.zaxxer.hikari.HikariDataSource - HikariPool-16 - Starting...
16:06:18.924 [main] INFO  com.zaxxer.hikari.pool.HikariPool - HikariPool-16 - Added connection org.postgresql.jdbc.PgConnection@707c60f5
16:06:18.924 [main] INFO  com.zaxxer.hikari.HikariDataSource - HikariPool-16 - Start completed.
16:06:18.931 [main] WARN  org.hibernate.orm.deprecation - HHH90000025: PostgreSQLDialect does not need to be specified explicitly using 'hibernate.dialect' (remove the property setting and it will be selected by default)
16:06:19.064 [main] INFO  o.h.e.t.j.p.i.JtaPlatformInitiator - HHH000489: No JTA platform available (set 'hibernate.transaction.jta.platform' to enable JTA platform integration)
16:06:19.067 [main] WARN  o.h.e.jdbc.spi.SqlExceptionHelper - SQL Warning Code: 0, SQLState: 00000
16:06:19.067 [main] WARN  o.h.e.jdbc.spi.SqlExceptionHelper - table "approvals" does not exist, skipping
16:06:19.069 [main] WARN  o.h.e.jdbc.spi.SqlExceptionHelper - SQL Warning Code: 0, SQLState: 00000
16:06:19.069 [main] WARN  o.h.e.jdbc.spi.SqlExceptionHelper - table "courses" does not exist, skipping
16:06:19.071 [main] WARN  o.h.e.jdbc.spi.SqlExceptionHelper - SQL Warning Code: 0, SQLState: 00000
16:06:19.072 [main] WARN  o.h.e.jdbc.spi.SqlExceptionHelper - table "timesheets" does not exist, skipping
16:06:19.074 [main] WARN  o.h.e.jdbc.spi.SqlExceptionHelper - SQL Warning Code: 0, SQLState: 00000
16:06:19.074 [main] WARN  o.h.e.jdbc.spi.SqlExceptionHelper - table "users" does not exist, skipping
16:06:19.172 [main] INFO  o.s.o.j.LocalContainerEntityManagerFactoryBean - Initialized JPA EntityManagerFactory for persistence unit 'default'
16:06:19.283 [main] DEBUG c.u.c.s.JwtAuthenticationFilter - Filter 'jwtAuthenticationFilter' configured for use
16:06:19.654 [main] WARN  o.s.b.a.s.s.UserDetailsServiceAutoConfiguration - 

Using generated security password: b372be10-4325-4aac-93c6-2978b9cf9b36

This generated password is for development use only. Your security configuration must be updated before running your application in production.

16:06:19.878 [main] INFO  o.s.b.a.e.web.EndpointLinksResolver - Exposing 3 endpoint(s) beneath base path '/actuator'
16:06:19.912 [main] INFO  o.s.s.web.DefaultSecurityFilterChain - Will secure any request with [org.springframework.security.web.session.DisableEncodeUrlFilter@19db2e6e, org.springframework.security.web.context.request.async.WebAsyncManagerIntegrationFilter@471c5341, org.springframework.security.web.context.SecurityContextHolderFilter@1741236, org.springframework.security.web.header.HeaderWriterFilter@6931e449, org.springframework.web.filter.CorsFilter@28392737, org.springframework.security.web.authentication.logout.LogoutFilter@7e7c15c0, com.usyd.catams.security.JwtAuthenticationFilter@4befbab2, org.springframework.security.web.savedrequest.RequestCacheAwareFilter@29296df, org.springframework.security.web.servletapi.SecurityContextHolderAwareRequestFilter@52b9006c, org.springframework.security.web.authentication.AnonymousAuthenticationFilter@333153e5, org.springframework.security.web.session.SessionManagementFilter@24fc9392, org.springframework.security.web.access.ExceptionTranslationFilter@60cd016, org.springframework.security.web.access.intercept.AuthorizationFilter@1a80bc57]
16:06:20.162 [main] DEBUG c.u.c.s.JwtAuthenticationFilter - Filter 'jwtAuthenticationFilter' configured for use
16:06:20.162 [main] INFO  o.a.c.c.C.[.[localhost].[/api] - Initializing Spring TestDispatcherServlet ''
16:06:20.162 [main] INFO  o.s.t.w.s.TestDispatcherServlet - Initializing Servlet ''
16:06:20.163 [main] INFO  o.s.t.w.s.TestDispatcherServlet - Completed initialization in 1 ms
16:06:20.191 [main] INFO  o.a.coyote.http11.Http11NioProtocol - Starting ProtocolHandler ["http-nio-auto-14"]
16:06:20.195 [main] INFO  o.s.b.w.e.tomcat.TomcatWebServer - Tomcat started on port 52602 (http) with context path '/api'
16:06:20.200 [main] INFO  c.u.c.i.TimesheetUpdateDeleteIntegrationTest - Started TimesheetUpdateDeleteIntegrationTest in 2.156 seconds (process running for 77.309)
16:06:20.610 [main] DEBUG o.s.security.web.FilterChainProxy - Securing PUT /api/timesheets/1
16:06:20.622 [main] DEBUG c.u.c.s.JwtAuthenticationFilter - JWT authentication successful for user: other.lecturer@university.edu with role: LECTURER
16:06:20.622 [main] WARN  o.s.w.s.h.HandlerMappingIntrospector - Cache miss for REQUEST dispatch to '/api/timesheets/1' (previous null). Performing MatchableHandlerMapping lookup. This is logged once only at WARN level, and every time at TRACE.
16:06:20.624 [main] DEBUG o.s.security.web.FilterChainProxy - Secured PUT /api/timesheets/1
16:06:20.639 [main] DEBUG o.s.s.a.m.AuthorizationManagerBeforeMethodInterceptor - Authorizing method invocation ReflectiveMethodInvocation: public org.springframework.http.ResponseEntity com.usyd.catams.controller.TimesheetController.updateTimesheet(java.lang.Long,com.usyd.catams.dto.request.TimesheetUpdateRequest,org.springframework.security.core.Authentication); target is of class [com.usyd.catams.controller.TimesheetController]
16:06:20.642 [main] DEBUG o.s.s.a.m.AuthorizationManagerBeforeMethodInterceptor - Authorized method invocation ReflectiveMethodInvocation: public org.springframework.http.ResponseEntity com.usyd.catams.controller.TimesheetController.updateTimesheet(java.lang.Long,com.usyd.catams.dto.request.TimesheetUpdateRequest,org.springframework.security.core.Authentication); target is of class [com.usyd.catams.controller.TimesheetController]
16:06:20.663 [main] WARN  c.u.c.e.GlobalExceptionHandler - Security exception: User does not have permission to modify this timesheet
16:06:20.670 [main] INFO  o.a.coyote.http11.Http11NioProtocol - Stopping ProtocolHandler ["http-nio-auto-14-52602"]
16:06:20.678 [main] INFO  o.s.o.j.LocalContainerEntityManagerFactoryBean - Closing JPA EntityManagerFactory for persistence unit 'default'
16:06:20.744 [main] INFO  com.zaxxer.hikari.HikariDataSource - HikariPool-16 - Shutdown initiated...
16:06:20.748 [main] INFO  com.zaxxer.hikari.HikariDataSource - HikariPool-16 - Shutdown completed.
]]></system-out>
  </testcase>
  <testcase name="testUpdateNonExistentTimesheet" classname="com.usyd.catams.integration.TimesheetUpdateDeleteIntegrationTest" time="0.491">
    <system-out><![CDATA[16:06:20.757 [main] INFO  o.s.b.d.r.RestartApplicationListener - Restart disabled due to context in which it is running

  .   ____          _            __ _ _
 /\\ / ___'_ __ _ _(_)_ __  __ _ \ \ \ \
( ( )\___ | '_ | '_| | '_ \/ _` | \ \ \ \
 \\/  ___)| |_)| | | | | || (_| |  ) ) ) )
  '  |____| .__|_| |_|_| |_\__, | / / / /
 =========|_|==============|___/=/_/_/_/
 :: Spring Boot ::                (v3.2.0)

16:06:20.787 [main] INFO  c.u.c.i.TimesheetUpdateDeleteIntegrationTest - Starting TimesheetUpdateDeleteIntegrationTest using Java 21.0.8 with PID 43568 (started by k7407 in E:\Code\Casual-Academic-Time-Allocation-Management-System)
16:06:20.787 [main] DEBUG c.u.c.i.TimesheetUpdateDeleteIntegrationTest - Running with Spring Boot v3.2.0, Spring v6.1.1
16:06:20.787 [main] INFO  c.u.c.i.TimesheetUpdateDeleteIntegrationTest - The following 1 profile is active: "integration-test"
16:06:21.120 [main] INFO  o.s.d.r.c.RepositoryConfigurationDelegate - Bootstrapping Spring Data JPA repositories in DEFAULT mode.
16:06:21.148 [main] INFO  o.s.d.r.c.RepositoryConfigurationDelegate - Finished Spring Data repository scanning in 27 ms. Found 3 JPA repository interfaces.
16:06:21.370 [main] INFO  o.s.b.w.e.tomcat.TomcatWebServer - Tomcat initialized with port 0 (http)
16:06:21.371 [main] INFO  o.a.coyote.http11.Http11NioProtocol - Initializing ProtocolHandler ["http-nio-auto-15"]
16:06:21.371 [main] INFO  o.a.catalina.core.StandardService - Starting service [Tomcat]
16:06:21.371 [main] INFO  o.a.catalina.core.StandardEngine - Starting Servlet engine: [Apache Tomcat/10.1.16]
16:06:21.425 [main] INFO  o.a.c.c.C.[.[localhost].[/api] - Initializing Spring embedded WebApplicationContext
16:06:21.425 [main] INFO  o.s.b.w.s.c.ServletWebServerApplicationContext - Root WebApplicationContext: initialization completed in 635 ms
16:06:21.598 [main] INFO  o.h.jpa.internal.util.LogHelper - HHH000204: Processing PersistenceUnitInfo [name: default]
16:06:21.603 [main] INFO  o.h.c.i.RegionFactoryInitiator - HHH000026: Second-level cache disabled
16:06:21.608 [main] INFO  o.s.o.j.p.SpringPersistenceUnitInfo - No LoadTimeWeaver setup: ignoring JPA class transformer
16:06:21.609 [main] INFO  com.zaxxer.hikari.HikariDataSource - HikariPool-17 - Starting...
16:06:21.632 [main] INFO  com.zaxxer.hikari.pool.HikariPool - HikariPool-17 - Added connection org.postgresql.jdbc.PgConnection@2a40c1cc
16:06:21.632 [main] INFO  com.zaxxer.hikari.HikariDataSource - HikariPool-17 - Start completed.
16:06:21.638 [main] WARN  org.hibernate.orm.deprecation - HHH90000025: PostgreSQLDialect does not need to be specified explicitly using 'hibernate.dialect' (remove the property setting and it will be selected by default)
16:06:21.746 [main] INFO  o.h.e.t.j.p.i.JtaPlatformInitiator - HHH000489: No JTA platform available (set 'hibernate.transaction.jta.platform' to enable JTA platform integration)
16:06:21.748 [main] WARN  o.h.e.jdbc.spi.SqlExceptionHelper - SQL Warning Code: 0, SQLState: 00000
16:06:21.748 [main] WARN  o.h.e.jdbc.spi.SqlExceptionHelper - table "approvals" does not exist, skipping
16:06:21.750 [main] WARN  o.h.e.jdbc.spi.SqlExceptionHelper - SQL Warning Code: 0, SQLState: 00000
16:06:21.750 [main] WARN  o.h.e.jdbc.spi.SqlExceptionHelper - table "courses" does not exist, skipping
16:06:21.753 [main] WARN  o.h.e.jdbc.spi.SqlExceptionHelper - SQL Warning Code: 0, SQLState: 00000
16:06:21.753 [main] WARN  o.h.e.jdbc.spi.SqlExceptionHelper - table "timesheets" does not exist, skipping
16:06:21.755 [main] WARN  o.h.e.jdbc.spi.SqlExceptionHelper - SQL Warning Code: 0, SQLState: 00000
16:06:21.755 [main] WARN  o.h.e.jdbc.spi.SqlExceptionHelper - table "users" does not exist, skipping
16:06:21.860 [main] INFO  o.s.o.j.LocalContainerEntityManagerFactoryBean - Initialized JPA EntityManagerFactory for persistence unit 'default'
16:06:21.977 [main] DEBUG c.u.c.s.JwtAuthenticationFilter - Filter 'jwtAuthenticationFilter' configured for use
16:06:22.281 [main] WARN  o.s.b.a.s.s.UserDetailsServiceAutoConfiguration - 

Using generated security password: d7c7e1b2-0ecc-41a2-bc72-cd3630b1c33d

This generated password is for development use only. Your security configuration must be updated before running your application in production.

16:06:22.540 [main] INFO  o.s.b.a.e.web.EndpointLinksResolver - Exposing 3 endpoint(s) beneath base path '/actuator'
16:06:22.578 [main] INFO  o.s.s.web.DefaultSecurityFilterChain - Will secure any request with [org.springframework.security.web.session.DisableEncodeUrlFilter@688c9b8e, org.springframework.security.web.context.request.async.WebAsyncManagerIntegrationFilter@4f44ef96, org.springframework.security.web.context.SecurityContextHolderFilter@66361532, org.springframework.security.web.header.HeaderWriterFilter@5d3aa31c, org.springframework.web.filter.CorsFilter@21ac17cd, org.springframework.security.web.authentication.logout.LogoutFilter@635d4383, com.usyd.catams.security.JwtAuthenticationFilter@247522c3, org.springframework.security.web.savedrequest.RequestCacheAwareFilter@559d7415, org.springframework.security.web.servletapi.SecurityContextHolderAwareRequestFilter@3e78b458, org.springframework.security.web.authentication.AnonymousAuthenticationFilter@77afef15, org.springframework.security.web.session.SessionManagementFilter@30469a7c, org.springframework.security.web.access.ExceptionTranslationFilter@2e46410b, org.springframework.security.web.access.intercept.AuthorizationFilter@1632027d]
16:06:22.839 [main] DEBUG c.u.c.s.JwtAuthenticationFilter - Filter 'jwtAuthenticationFilter' configured for use
16:06:22.840 [main] INFO  o.a.c.c.C.[.[localhost].[/api] - Initializing Spring TestDispatcherServlet ''
16:06:22.840 [main] INFO  o.s.t.w.s.TestDispatcherServlet - Initializing Servlet ''
16:06:22.842 [main] INFO  o.s.t.w.s.TestDispatcherServlet - Completed initialization in 2 ms
16:06:22.878 [main] INFO  o.a.coyote.http11.Http11NioProtocol - Starting ProtocolHandler ["http-nio-auto-15"]
16:06:22.883 [main] INFO  o.s.b.w.e.tomcat.TomcatWebServer - Tomcat started on port 52614 (http) with context path '/api'
16:06:22.888 [main] INFO  c.u.c.i.TimesheetUpdateDeleteIntegrationTest - Started TimesheetUpdateDeleteIntegrationTest in 2.13 seconds (process running for 79.997)
16:06:23.263 [main] DEBUG o.s.security.web.FilterChainProxy - Securing PUT /api/timesheets/99999
16:06:23.274 [main] DEBUG c.u.c.s.JwtAuthenticationFilter - JWT authentication successful for user: lecturer@university.edu with role: LECTURER
16:06:23.275 [main] WARN  o.s.w.s.h.HandlerMappingIntrospector - Cache miss for REQUEST dispatch to '/api/timesheets/99999' (previous null). Performing MatchableHandlerMapping lookup. This is logged once only at WARN level, and every time at TRACE.
16:06:23.276 [main] DEBUG o.s.security.web.FilterChainProxy - Secured PUT /api/timesheets/99999
16:06:23.291 [main] DEBUG o.s.s.a.m.AuthorizationManagerBeforeMethodInterceptor - Authorizing method invocation ReflectiveMethodInvocation: public org.springframework.http.ResponseEntity com.usyd.catams.controller.TimesheetController.updateTimesheet(java.lang.Long,com.usyd.catams.dto.request.TimesheetUpdateRequest,org.springframework.security.core.Authentication); target is of class [com.usyd.catams.controller.TimesheetController]
16:06:23.294 [main] DEBUG o.s.s.a.m.AuthorizationManagerBeforeMethodInterceptor - Authorized method invocation ReflectiveMethodInvocation: public org.springframework.http.ResponseEntity com.usyd.catams.controller.TimesheetController.updateTimesheet(java.lang.Long,com.usyd.catams.dto.request.TimesheetUpdateRequest,org.springframework.security.core.Authentication); target is of class [com.usyd.catams.controller.TimesheetController]
16:06:23.307 [main] WARN  c.u.c.e.GlobalExceptionHandler - Resource not found: Timesheet not found with ID: 99999
16:06:23.317 [main] INFO  o.a.coyote.http11.Http11NioProtocol - Stopping ProtocolHandler ["http-nio-auto-15-52614"]
16:06:23.326 [main] INFO  o.s.o.j.LocalContainerEntityManagerFactoryBean - Closing JPA EntityManagerFactory for persistence unit 'default'
16:06:23.373 [main] INFO  com.zaxxer.hikari.HikariDataSource - HikariPool-17 - Shutdown initiated...
16:06:23.375 [main] INFO  com.zaxxer.hikari.HikariDataSource - HikariPool-17 - Shutdown completed.
]]></system-out>
  </testcase>
  <testcase name="testUpdateTimesheetWithoutAuth" classname="com.usyd.catams.integration.TimesheetUpdateDeleteIntegrationTest" time="0.378">
    <system-out><![CDATA[16:06:23.387 [main] INFO  o.s.b.d.r.RestartApplicationListener - Restart disabled due to context in which it is running

  .   ____          _            __ _ _
 /\\ / ___'_ __ _ _(_)_ __  __ _ \ \ \ \
( ( )\___ | '_ | '_| | '_ \/ _` | \ \ \ \
 \\/  ___)| |_)| | | | | || (_| |  ) ) ) )
  '  |____| .__|_| |_|_| |_\__, | / / / /
 =========|_|==============|___/=/_/_/_/
 :: Spring Boot ::                (v3.2.0)

16:06:23.421 [main] INFO  c.u.c.i.TimesheetUpdateDeleteIntegrationTest - Starting TimesheetUpdateDeleteIntegrationTest using Java 21.0.8 with PID 43568 (started by k7407 in E:\Code\Casual-Academic-Time-Allocation-Management-System)
16:06:23.422 [main] DEBUG c.u.c.i.TimesheetUpdateDeleteIntegrationTest - Running with Spring Boot v3.2.0, Spring v6.1.1
16:06:23.422 [main] INFO  c.u.c.i.TimesheetUpdateDeleteIntegrationTest - The following 1 profile is active: "integration-test"
16:06:24.053 [main] INFO  o.s.d.r.c.RepositoryConfigurationDelegate - Bootstrapping Spring Data JPA repositories in DEFAULT mode.
16:06:24.085 [main] INFO  o.s.d.r.c.RepositoryConfigurationDelegate - Finished Spring Data repository scanning in 32 ms. Found 3 JPA repository interfaces.
16:06:24.247 [main] INFO  o.s.b.w.e.tomcat.TomcatWebServer - Tomcat initialized with port 0 (http)
16:06:24.247 [main] INFO  o.a.coyote.http11.Http11NioProtocol - Initializing ProtocolHandler ["http-nio-auto-16"]
16:06:24.248 [main] INFO  o.a.catalina.core.StandardService - Starting service [Tomcat]
16:06:24.248 [main] INFO  o.a.catalina.core.StandardEngine - Starting Servlet engine: [Apache Tomcat/10.1.16]
16:06:24.295 [main] INFO  o.a.c.c.C.[.[localhost].[/api] - Initializing Spring embedded WebApplicationContext
16:06:24.295 [main] INFO  o.s.b.w.s.c.ServletWebServerApplicationContext - Root WebApplicationContext: initialization completed in 871 ms
16:06:24.460 [main] INFO  o.h.jpa.internal.util.LogHelper - HHH000204: Processing PersistenceUnitInfo [name: default]
16:06:24.463 [main] INFO  o.h.c.i.RegionFactoryInitiator - HHH000026: Second-level cache disabled
16:06:24.469 [main] INFO  o.s.o.j.p.SpringPersistenceUnitInfo - No LoadTimeWeaver setup: ignoring JPA class transformer
16:06:24.470 [main] INFO  com.zaxxer.hikari.HikariDataSource - HikariPool-18 - Starting...
16:06:24.495 [main] INFO  com.zaxxer.hikari.pool.HikariPool - HikariPool-18 - Added connection org.postgresql.jdbc.PgConnection@456b1881
16:06:24.495 [main] INFO  com.zaxxer.hikari.HikariDataSource - HikariPool-18 - Start completed.
16:06:24.500 [main] WARN  org.hibernate.orm.deprecation - HHH90000025: PostgreSQLDialect does not need to be specified explicitly using 'hibernate.dialect' (remove the property setting and it will be selected by default)
16:06:24.622 [main] INFO  o.h.e.t.j.p.i.JtaPlatformInitiator - HHH000489: No JTA platform available (set 'hibernate.transaction.jta.platform' to enable JTA platform integration)
16:06:24.625 [main] WARN  o.h.e.jdbc.spi.SqlExceptionHelper - SQL Warning Code: 0, SQLState: 00000
16:06:24.625 [main] WARN  o.h.e.jdbc.spi.SqlExceptionHelper - table "approvals" does not exist, skipping
16:06:24.627 [main] WARN  o.h.e.jdbc.spi.SqlExceptionHelper - SQL Warning Code: 0, SQLState: 00000
16:06:24.627 [main] WARN  o.h.e.jdbc.spi.SqlExceptionHelper - table "courses" does not exist, skipping
16:06:24.629 [main] WARN  o.h.e.jdbc.spi.SqlExceptionHelper - SQL Warning Code: 0, SQLState: 00000
16:06:24.629 [main] WARN  o.h.e.jdbc.spi.SqlExceptionHelper - table "timesheets" does not exist, skipping
16:06:24.631 [main] WARN  o.h.e.jdbc.spi.SqlExceptionHelper - SQL Warning Code: 0, SQLState: 00000
16:06:24.631 [main] WARN  o.h.e.jdbc.spi.SqlExceptionHelper - table "users" does not exist, skipping
16:06:24.738 [main] INFO  o.s.o.j.LocalContainerEntityManagerFactoryBean - Initialized JPA EntityManagerFactory for persistence unit 'default'
16:06:24.907 [main] DEBUG c.u.c.s.JwtAuthenticationFilter - Filter 'jwtAuthenticationFilter' configured for use
16:06:25.250 [main] WARN  o.s.b.a.s.s.UserDetailsServiceAutoConfiguration - 

Using generated security password: c05312bb-b714-4d83-bcf3-f0f514f8fac0

This generated password is for development use only. Your security configuration must be updated before running your application in production.

16:06:25.529 [main] INFO  o.s.b.a.e.web.EndpointLinksResolver - Exposing 3 endpoint(s) beneath base path '/actuator'
16:06:25.565 [main] INFO  o.s.s.web.DefaultSecurityFilterChain - Will secure any request with [org.springframework.security.web.session.DisableEncodeUrlFilter@5f7d121f, org.springframework.security.web.context.request.async.WebAsyncManagerIntegrationFilter@652fffb1, org.springframework.security.web.context.SecurityContextHolderFilter@66dd615d, org.springframework.security.web.header.HeaderWriterFilter@4d5f66a6, org.springframework.web.filter.CorsFilter@3e085b14, org.springframework.security.web.authentication.logout.LogoutFilter@1bf4ba2c, com.usyd.catams.security.JwtAuthenticationFilter@83d2dbc, org.springframework.security.web.savedrequest.RequestCacheAwareFilter@3bd5e8cc, org.springframework.security.web.servletapi.SecurityContextHolderAwareRequestFilter@cea44de, org.springframework.security.web.authentication.AnonymousAuthenticationFilter@39f98cc6, org.springframework.security.web.session.SessionManagementFilter@7061036e, org.springframework.security.web.access.ExceptionTranslationFilter@3a63beac, org.springframework.security.web.access.intercept.AuthorizationFilter@11a05d5f]
16:06:25.796 [main] DEBUG c.u.c.s.JwtAuthenticationFilter - Filter 'jwtAuthenticationFilter' configured for use
16:06:25.797 [main] INFO  o.a.c.c.C.[.[localhost].[/api] - Initializing Spring TestDispatcherServlet ''
16:06:25.797 [main] INFO  o.s.t.w.s.TestDispatcherServlet - Initializing Servlet ''
16:06:25.799 [main] INFO  o.s.t.w.s.TestDispatcherServlet - Completed initialization in 2 ms
16:06:25.825 [main] INFO  o.a.coyote.http11.Http11NioProtocol - Starting ProtocolHandler ["http-nio-auto-16"]
16:06:25.829 [main] INFO  o.s.b.w.e.tomcat.TomcatWebServer - Tomcat started on port 52626 (http) with context path '/api'
16:06:25.832 [main] INFO  c.u.c.i.TimesheetUpdateDeleteIntegrationTest - Started TimesheetUpdateDeleteIntegrationTest in 2.445 seconds (process running for 82.942)
16:06:26.144 [main] DEBUG o.s.security.web.FilterChainProxy - Securing PUT /api/timesheets/1
16:06:26.145 [main] DEBUG o.s.s.w.a.AnonymousAuthenticationFilter - Set SecurityContextHolder to anonymous SecurityContext
16:06:26.145 [main] WARN  o.s.w.s.h.HandlerMappingIntrospector - Cache miss for REQUEST dispatch to '/api/timesheets/1' (previous null). Performing MatchableHandlerMapping lookup. This is logged once only at WARN level, and every time at TRACE.
16:06:26.154 [main] INFO  o.a.coyote.http11.Http11NioProtocol - Stopping ProtocolHandler ["http-nio-auto-16-52626"]
16:06:26.163 [main] INFO  o.s.o.j.LocalContainerEntityManagerFactoryBean - Closing JPA EntityManagerFactory for persistence unit 'default'
16:06:26.207 [main] INFO  com.zaxxer.hikari.HikariDataSource - HikariPool-18 - Shutdown initiated...
16:06:26.210 [main] INFO  com.zaxxer.hikari.HikariDataSource - HikariPool-18 - Shutdown completed.
]]></system-out>
  </testcase>
  <testcase name="testCannotUpdateApprovedTimesheet" classname="com.usyd.catams.integration.TimesheetUpdateDeleteIntegrationTest" time="0.541">
    <system-out><![CDATA[16:06:26.220 [main] INFO  o.s.b.d.r.RestartApplicationListener - Restart disabled due to context in which it is running

  .   ____          _            __ _ _
 /\\ / ___'_ __ _ _(_)_ __  __ _ \ \ \ \
( ( )\___ | '_ | '_| | '_ \/ _` | \ \ \ \
 \\/  ___)| |_)| | | | | || (_| |  ) ) ) )
  '  |____| .__|_| |_|_| |_\__, | / / / /
 =========|_|==============|___/=/_/_/_/
 :: Spring Boot ::                (v3.2.0)

16:06:26.252 [main] INFO  c.u.c.i.TimesheetUpdateDeleteIntegrationTest - Starting TimesheetUpdateDeleteIntegrationTest using Java 21.0.8 with PID 43568 (started by k7407 in E:\Code\Casual-Academic-Time-Allocation-Management-System)
16:06:26.252 [main] DEBUG c.u.c.i.TimesheetUpdateDeleteIntegrationTest - Running with Spring Boot v3.2.0, Spring v6.1.1
16:06:26.252 [main] INFO  c.u.c.i.TimesheetUpdateDeleteIntegrationTest - The following 1 profile is active: "integration-test"
16:06:26.555 [main] INFO  o.s.d.r.c.RepositoryConfigurationDelegate - Bootstrapping Spring Data JPA repositories in DEFAULT mode.
16:06:26.582 [main] INFO  o.s.d.r.c.RepositoryConfigurationDelegate - Finished Spring Data repository scanning in 26 ms. Found 3 JPA repository interfaces.
16:06:26.743 [main] INFO  o.s.b.w.e.tomcat.TomcatWebServer - Tomcat initialized with port 0 (http)
16:06:26.743 [main] INFO  o.a.coyote.http11.Http11NioProtocol - Initializing ProtocolHandler ["http-nio-auto-17"]
16:06:26.744 [main] INFO  o.a.catalina.core.StandardService - Starting service [Tomcat]
16:06:26.744 [main] INFO  o.a.catalina.core.StandardEngine - Starting Servlet engine: [Apache Tomcat/10.1.16]
16:06:26.788 [main] INFO  o.a.c.c.C.[.[localhost].[/api] - Initializing Spring embedded WebApplicationContext
16:06:26.788 [main] INFO  o.s.b.w.s.c.ServletWebServerApplicationContext - Root WebApplicationContext: initialization completed in 535 ms
16:06:26.952 [main] INFO  o.h.jpa.internal.util.LogHelper - HHH000204: Processing PersistenceUnitInfo [name: default]
16:06:26.956 [main] INFO  o.h.c.i.RegionFactoryInitiator - HHH000026: Second-level cache disabled
16:06:26.962 [main] INFO  o.s.o.j.p.SpringPersistenceUnitInfo - No LoadTimeWeaver setup: ignoring JPA class transformer
16:06:26.963 [main] INFO  com.zaxxer.hikari.HikariDataSource - HikariPool-19 - Starting...
16:06:26.984 [main] INFO  com.zaxxer.hikari.pool.HikariPool - HikariPool-19 - Added connection org.postgresql.jdbc.PgConnection@3215b386
16:06:26.984 [main] INFO  com.zaxxer.hikari.HikariDataSource - HikariPool-19 - Start completed.
16:06:26.990 [main] WARN  org.hibernate.orm.deprecation - HHH90000025: PostgreSQLDialect does not need to be specified explicitly using 'hibernate.dialect' (remove the property setting and it will be selected by default)
16:06:27.099 [main] INFO  o.h.e.t.j.p.i.JtaPlatformInitiator - HHH000489: No JTA platform available (set 'hibernate.transaction.jta.platform' to enable JTA platform integration)
16:06:27.101 [main] WARN  o.h.e.jdbc.spi.SqlExceptionHelper - SQL Warning Code: 0, SQLState: 00000
16:06:27.101 [main] WARN  o.h.e.jdbc.spi.SqlExceptionHelper - table "approvals" does not exist, skipping
16:06:27.103 [main] WARN  o.h.e.jdbc.spi.SqlExceptionHelper - SQL Warning Code: 0, SQLState: 00000
16:06:27.103 [main] WARN  o.h.e.jdbc.spi.SqlExceptionHelper - table "courses" does not exist, skipping
16:06:27.105 [main] WARN  o.h.e.jdbc.spi.SqlExceptionHelper - SQL Warning Code: 0, SQLState: 00000
16:06:27.106 [main] WARN  o.h.e.jdbc.spi.SqlExceptionHelper - table "timesheets" does not exist, skipping
16:06:27.108 [main] WARN  o.h.e.jdbc.spi.SqlExceptionHelper - SQL Warning Code: 0, SQLState: 00000
16:06:27.108 [main] WARN  o.h.e.jdbc.spi.SqlExceptionHelper - table "users" does not exist, skipping
16:06:27.203 [main] INFO  o.s.o.j.LocalContainerEntityManagerFactoryBean - Initialized JPA EntityManagerFactory for persistence unit 'default'
16:06:27.317 [main] DEBUG c.u.c.s.JwtAuthenticationFilter - Filter 'jwtAuthenticationFilter' configured for use
16:06:27.629 [main] WARN  o.s.b.a.s.s.UserDetailsServiceAutoConfiguration - 

Using generated security password: 325a9f4e-6fd6-48c0-ad01-32831c2d5f2e

This generated password is for development use only. Your security configuration must be updated before running your application in production.

16:06:28.016 [main] INFO  o.s.b.a.e.web.EndpointLinksResolver - Exposing 3 endpoint(s) beneath base path '/actuator'
16:06:28.069 [main] INFO  o.s.s.web.DefaultSecurityFilterChain - Will secure any request with [org.springframework.security.web.session.DisableEncodeUrlFilter@45178281, org.springframework.security.web.context.request.async.WebAsyncManagerIntegrationFilter@4e80cc43, org.springframework.security.web.context.SecurityContextHolderFilter@3e62cc97, org.springframework.security.web.header.HeaderWriterFilter@798fb2f1, org.springframework.web.filter.CorsFilter@19f4517d, org.springframework.security.web.authentication.logout.LogoutFilter@65bba7a3, com.usyd.catams.security.JwtAuthenticationFilter@604800f9, org.springframework.security.web.savedrequest.RequestCacheAwareFilter@5df2b59f, org.springframework.security.web.servletapi.SecurityContextHolderAwareRequestFilter@399771ef, org.springframework.security.web.authentication.AnonymousAuthenticationFilter@562b207, org.springframework.security.web.session.SessionManagementFilter@1b2de56b, org.springframework.security.web.access.ExceptionTranslationFilter@7b1a1125, org.springframework.security.web.access.intercept.AuthorizationFilter@3d3c2c50]
16:06:28.387 [main] DEBUG c.u.c.s.JwtAuthenticationFilter - Filter 'jwtAuthenticationFilter' configured for use
16:06:28.388 [main] INFO  o.a.c.c.C.[.[localhost].[/api] - Initializing Spring TestDispatcherServlet ''
16:06:28.388 [main] INFO  o.s.t.w.s.TestDispatcherServlet - Initializing Servlet ''
16:06:28.390 [main] INFO  o.s.t.w.s.TestDispatcherServlet - Completed initialization in 2 ms
16:06:28.433 [main] INFO  o.a.coyote.http11.Http11NioProtocol - Starting ProtocolHandler ["http-nio-auto-17"]
16:06:28.438 [main] INFO  o.s.b.w.e.tomcat.TomcatWebServer - Tomcat started on port 52638 (http) with context path '/api'
16:06:28.442 [main] INFO  c.u.c.i.TimesheetUpdateDeleteIntegrationTest - Started TimesheetUpdateDeleteIntegrationTest in 2.222 seconds (process running for 85.553)
16:06:28.829 [main] DEBUG o.s.security.web.FilterChainProxy - Securing PUT /api/timesheets/2
16:06:28.843 [main] DEBUG c.u.c.s.JwtAuthenticationFilter - JWT authentication successful for user: lecturer@university.edu with role: LECTURER
16:06:28.844 [main] WARN  o.s.w.s.h.HandlerMappingIntrospector - Cache miss for REQUEST dispatch to '/api/timesheets/2' (previous null). Performing MatchableHandlerMapping lookup. This is logged once only at WARN level, and every time at TRACE.
16:06:28.846 [main] DEBUG o.s.security.web.FilterChainProxy - Secured PUT /api/timesheets/2
16:06:28.859 [main] DEBUG o.s.s.a.m.AuthorizationManagerBeforeMethodInterceptor - Authorizing method invocation ReflectiveMethodInvocation: public org.springframework.http.ResponseEntity com.usyd.catams.controller.TimesheetController.updateTimesheet(java.lang.Long,com.usyd.catams.dto.request.TimesheetUpdateRequest,org.springframework.security.core.Authentication); target is of class [com.usyd.catams.controller.TimesheetController]
16:06:28.862 [main] DEBUG o.s.s.a.m.AuthorizationManagerBeforeMethodInterceptor - Authorized method invocation ReflectiveMethodInvocation: public org.springframework.http.ResponseEntity com.usyd.catams.controller.TimesheetController.updateTimesheet(java.lang.Long,com.usyd.catams.dto.request.TimesheetUpdateRequest,org.springframework.security.core.Authentication); target is of class [com.usyd.catams.controller.TimesheetController]
16:06:28.881 [main] DEBUG o.s.s.a.m.AuthorizationManagerBeforeMethodInterceptor - Authorizing method invocation ReflectiveMethodInvocation: public com.usyd.catams.dto.response.TimesheetResponse com.usyd.catams.application.TimesheetApplicationService.updateTimesheetAndReturnDto(java.lang.Long,java.math.BigDecimal,java.math.BigDecimal,java.lang.String,java.lang.Long); target is of class [com.usyd.catams.application.TimesheetApplicationService]
16:06:28.908 [main] DEBUG o.s.s.a.m.AuthorizationManagerBeforeMethodInterceptor - Authorized method invocation ReflectiveMethodInvocation: public com.usyd.catams.dto.response.TimesheetResponse com.usyd.catams.application.TimesheetApplicationService.updateTimesheetAndReturnDto(java.lang.Long,java.math.BigDecimal,java.math.BigDecimal,java.lang.String,java.lang.Long); target is of class [com.usyd.catams.application.TimesheetApplicationService]
16:06:28.921 [main] WARN  c.u.c.e.GlobalExceptionHandler - Illegal argument exception: Cannot update timesheet with status: APPROVED_BY_LECTURER_AND_TUTOR. Only DRAFT timesheets can be updated.
16:06:28.932 [main] INFO  o.a.coyote.http11.Http11NioProtocol - Stopping ProtocolHandler ["http-nio-auto-17-52638"]
16:06:28.941 [main] INFO  o.s.o.j.LocalContainerEntityManagerFactoryBean - Closing JPA EntityManagerFactory for persistence unit 'default'
16:06:28.982 [main] INFO  com.zaxxer.hikari.HikariDataSource - HikariPool-19 - Shutdown initiated...
16:06:28.988 [main] INFO  com.zaxxer.hikari.HikariDataSource - HikariPool-19 - Shutdown completed.
]]></system-out>
  </testcase>
  <testcase name="testAdminCanUpdateDraftTimesheet" classname="com.usyd.catams.integration.TimesheetUpdateDeleteIntegrationTest" time="0.431">
    <system-out><![CDATA[16:06:28.999 [main] INFO  o.s.b.d.r.RestartApplicationListener - Restart disabled due to context in which it is running

  .   ____          _            __ _ _
 /\\ / ___'_ __ _ _(_)_ __  __ _ \ \ \ \
( ( )\___ | '_ | '_| | '_ \/ _` | \ \ \ \
 \\/  ___)| |_)| | | | | || (_| |  ) ) ) )
  '  |____| .__|_| |_|_| |_\__, | / / / /
 =========|_|==============|___/=/_/_/_/
 :: Spring Boot ::                (v3.2.0)

16:06:29.034 [main] INFO  c.u.c.i.TimesheetUpdateDeleteIntegrationTest - Starting TimesheetUpdateDeleteIntegrationTest using Java 21.0.8 with PID 43568 (started by k7407 in E:\Code\Casual-Academic-Time-Allocation-Management-System)
16:06:29.034 [main] DEBUG c.u.c.i.TimesheetUpdateDeleteIntegrationTest - Running with Spring Boot v3.2.0, Spring v6.1.1
16:06:29.034 [main] INFO  c.u.c.i.TimesheetUpdateDeleteIntegrationTest - The following 1 profile is active: "integration-test"
16:06:29.338 [main] INFO  o.s.d.r.c.RepositoryConfigurationDelegate - Bootstrapping Spring Data JPA repositories in DEFAULT mode.
16:06:29.370 [main] INFO  o.s.d.r.c.RepositoryConfigurationDelegate - Finished Spring Data repository scanning in 30 ms. Found 3 JPA repository interfaces.
16:06:29.525 [main] INFO  o.s.b.w.e.tomcat.TomcatWebServer - Tomcat initialized with port 0 (http)
16:06:29.526 [main] INFO  o.a.coyote.http11.Http11NioProtocol - Initializing ProtocolHandler ["http-nio-auto-18"]
16:06:29.527 [main] INFO  o.a.catalina.core.StandardService - Starting service [Tomcat]
16:06:29.527 [main] INFO  o.a.catalina.core.StandardEngine - Starting Servlet engine: [Apache Tomcat/10.1.16]
16:06:29.574 [main] INFO  o.a.c.c.C.[.[localhost].[/api] - Initializing Spring embedded WebApplicationContext
16:06:29.574 [main] INFO  o.s.b.w.s.c.ServletWebServerApplicationContext - Root WebApplicationContext: initialization completed in 538 ms
16:06:29.742 [main] INFO  o.h.jpa.internal.util.LogHelper - HHH000204: Processing PersistenceUnitInfo [name: default]
16:06:29.746 [main] INFO  o.h.c.i.RegionFactoryInitiator - HHH000026: Second-level cache disabled
16:06:29.752 [main] INFO  o.s.o.j.p.SpringPersistenceUnitInfo - No LoadTimeWeaver setup: ignoring JPA class transformer
16:06:29.753 [main] INFO  com.zaxxer.hikari.HikariDataSource - HikariPool-20 - Starting...
16:06:29.777 [main] INFO  com.zaxxer.hikari.pool.HikariPool - HikariPool-20 - Added connection org.postgresql.jdbc.PgConnection@1d3251f7
16:06:29.778 [main] INFO  com.zaxxer.hikari.HikariDataSource - HikariPool-20 - Start completed.
16:06:29.783 [main] WARN  org.hibernate.orm.deprecation - HHH90000025: PostgreSQLDialect does not need to be specified explicitly using 'hibernate.dialect' (remove the property setting and it will be selected by default)
16:06:29.907 [main] INFO  o.h.e.t.j.p.i.JtaPlatformInitiator - HHH000489: No JTA platform available (set 'hibernate.transaction.jta.platform' to enable JTA platform integration)
16:06:29.911 [main] WARN  o.h.e.jdbc.spi.SqlExceptionHelper - SQL Warning Code: 0, SQLState: 00000
16:06:29.911 [main] WARN  o.h.e.jdbc.spi.SqlExceptionHelper - table "approvals" does not exist, skipping
16:06:29.914 [main] WARN  o.h.e.jdbc.spi.SqlExceptionHelper - SQL Warning Code: 0, SQLState: 00000
16:06:29.914 [main] WARN  o.h.e.jdbc.spi.SqlExceptionHelper - table "courses" does not exist, skipping
16:06:29.916 [main] WARN  o.h.e.jdbc.spi.SqlExceptionHelper - SQL Warning Code: 0, SQLState: 00000
16:06:29.916 [main] WARN  o.h.e.jdbc.spi.SqlExceptionHelper - table "timesheets" does not exist, skipping
16:06:29.918 [main] WARN  o.h.e.jdbc.spi.SqlExceptionHelper - SQL Warning Code: 0, SQLState: 00000
16:06:29.918 [main] WARN  o.h.e.jdbc.spi.SqlExceptionHelper - table "users" does not exist, skipping
16:06:30.026 [main] INFO  o.s.o.j.LocalContainerEntityManagerFactoryBean - Initialized JPA EntityManagerFactory for persistence unit 'default'
16:06:30.151 [main] DEBUG c.u.c.s.JwtAuthenticationFilter - Filter 'jwtAuthenticationFilter' configured for use
16:06:30.417 [main] WARN  o.s.b.a.s.s.UserDetailsServiceAutoConfiguration - 

Using generated security password: cda3c335-4eeb-42e4-8255-be4bbbe121f5

This generated password is for development use only. Your security configuration must be updated before running your application in production.

16:06:30.634 [main] INFO  o.s.b.a.e.web.EndpointLinksResolver - Exposing 3 endpoint(s) beneath base path '/actuator'
16:06:30.668 [main] INFO  o.s.s.web.DefaultSecurityFilterChain - Will secure any request with [org.springframework.security.web.session.DisableEncodeUrlFilter@7ac002c1, org.springframework.security.web.context.request.async.WebAsyncManagerIntegrationFilter@7c4f35e6, org.springframework.security.web.context.SecurityContextHolderFilter@3e3f0f7a, org.springframework.security.web.header.HeaderWriterFilter@618e24fc, org.springframework.web.filter.CorsFilter@6473457f, org.springframework.security.web.authentication.logout.LogoutFilter@27ae93bd, com.usyd.catams.security.JwtAuthenticationFilter@4791af3f, org.springframework.security.web.savedrequest.RequestCacheAwareFilter@2948084c, org.springframework.security.web.servletapi.SecurityContextHolderAwareRequestFilter@7c8225c6, org.springframework.security.web.authentication.AnonymousAuthenticationFilter@5cb227cf, org.springframework.security.web.session.SessionManagementFilter@2dfd7cd8, org.springframework.security.web.access.ExceptionTranslationFilter@787d1633, org.springframework.security.web.access.intercept.AuthorizationFilter@4582edc8]
16:06:30.939 [main] DEBUG c.u.c.s.JwtAuthenticationFilter - Filter 'jwtAuthenticationFilter' configured for use
16:06:30.939 [main] INFO  o.a.c.c.C.[.[localhost].[/api] - Initializing Spring TestDispatcherServlet ''
16:06:30.939 [main] INFO  o.s.t.w.s.TestDispatcherServlet - Initializing Servlet ''
16:06:30.940 [main] INFO  o.s.t.w.s.TestDispatcherServlet - Completed initialization in 1 ms
16:06:30.970 [main] INFO  o.a.coyote.http11.Http11NioProtocol - Starting ProtocolHandler ["http-nio-auto-18"]
16:06:30.974 [main] INFO  o.s.b.w.e.tomcat.TomcatWebServer - Tomcat started on port 52655 (http) with context path '/api'
16:06:30.977 [main] INFO  c.u.c.i.TimesheetUpdateDeleteIntegrationTest - Started TimesheetUpdateDeleteIntegrationTest in 1.978 seconds (process running for 88.087)
16:06:31.269 [main] DEBUG o.s.security.web.FilterChainProxy - Securing PUT /api/timesheets/1
16:06:31.279 [main] DEBUG c.u.c.s.JwtAuthenticationFilter - JWT authentication successful for user: admin@university.edu with role: ADMIN
16:06:31.280 [main] WARN  o.s.w.s.h.HandlerMappingIntrospector - Cache miss for REQUEST dispatch to '/api/timesheets/1' (previous null). Performing MatchableHandlerMapping lookup. This is logged once only at WARN level, and every time at TRACE.
16:06:31.281 [main] DEBUG o.s.security.web.FilterChainProxy - Secured PUT /api/timesheets/1
16:06:31.292 [main] DEBUG o.s.s.a.m.AuthorizationManagerBeforeMethodInterceptor - Authorizing method invocation ReflectiveMethodInvocation: public org.springframework.http.ResponseEntity com.usyd.catams.controller.TimesheetController.updateTimesheet(java.lang.Long,com.usyd.catams.dto.request.TimesheetUpdateRequest,org.springframework.security.core.Authentication); target is of class [com.usyd.catams.controller.TimesheetController]
16:06:31.294 [main] DEBUG o.s.s.a.m.AuthorizationManagerBeforeMethodInterceptor - Authorized method invocation ReflectiveMethodInvocation: public org.springframework.http.ResponseEntity com.usyd.catams.controller.TimesheetController.updateTimesheet(java.lang.Long,com.usyd.catams.dto.request.TimesheetUpdateRequest,org.springframework.security.core.Authentication); target is of class [com.usyd.catams.controller.TimesheetController]
16:06:31.306 [main] DEBUG o.s.s.a.m.AuthorizationManagerBeforeMethodInterceptor - Authorizing method invocation ReflectiveMethodInvocation: public com.usyd.catams.dto.response.TimesheetResponse com.usyd.catams.application.TimesheetApplicationService.updateTimesheetAndReturnDto(java.lang.Long,java.math.BigDecimal,java.math.BigDecimal,java.lang.String,java.lang.Long); target is of class [com.usyd.catams.application.TimesheetApplicationService]
16:06:31.317 [main] DEBUG o.s.s.a.m.AuthorizationManagerBeforeMethodInterceptor - Authorized method invocation ReflectiveMethodInvocation: public com.usyd.catams.dto.response.TimesheetResponse com.usyd.catams.application.TimesheetApplicationService.updateTimesheetAndReturnDto(java.lang.Long,java.math.BigDecimal,java.math.BigDecimal,java.lang.String,java.lang.Long); target is of class [com.usyd.catams.application.TimesheetApplicationService]
16:06:31.356 [main] INFO  o.a.coyote.http11.Http11NioProtocol - Stopping ProtocolHandler ["http-nio-auto-18-52655"]
16:06:31.364 [main] INFO  o.s.o.j.LocalContainerEntityManagerFactoryBean - Closing JPA EntityManagerFactory for persistence unit 'default'
16:06:31.405 [main] INFO  com.zaxxer.hikari.HikariDataSource - HikariPool-20 - Shutdown initiated...
16:06:31.408 [main] INFO  com.zaxxer.hikari.HikariDataSource - HikariPool-20 - Shutdown completed.
]]></system-out>
  </testcase>
  <testcase name="testUpdateTimesheetWithInvalidData" classname="com.usyd.catams.integration.TimesheetUpdateDeleteIntegrationTest" time="0.429">
    <system-out><![CDATA[16:06:31.416 [main] INFO  o.s.b.d.r.RestartApplicationListener - Restart disabled due to context in which it is running

  .   ____          _            __ _ _
 /\\ / ___'_ __ _ _(_)_ __  __ _ \ \ \ \
( ( )\___ | '_ | '_| | '_ \/ _` | \ \ \ \
 \\/  ___)| |_)| | | | | || (_| |  ) ) ) )
  '  |____| .__|_| |_|_| |_\__, | / / / /
 =========|_|==============|___/=/_/_/_/
 :: Spring Boot ::                (v3.2.0)

16:06:31.445 [main] INFO  c.u.c.i.TimesheetUpdateDeleteIntegrationTest - Starting TimesheetUpdateDeleteIntegrationTest using Java 21.0.8 with PID 43568 (started by k7407 in E:\Code\Casual-Academic-Time-Allocation-Management-System)
16:06:31.445 [main] DEBUG c.u.c.i.TimesheetUpdateDeleteIntegrationTest - Running with Spring Boot v3.2.0, Spring v6.1.1
16:06:31.445 [main] INFO  c.u.c.i.TimesheetUpdateDeleteIntegrationTest - The following 1 profile is active: "integration-test"
16:06:31.730 [main] INFO  o.s.d.r.c.RepositoryConfigurationDelegate - Bootstrapping Spring Data JPA repositories in DEFAULT mode.
16:06:31.757 [main] INFO  o.s.d.r.c.RepositoryConfigurationDelegate - Finished Spring Data repository scanning in 26 ms. Found 3 JPA repository interfaces.
16:06:31.886 [main] INFO  o.s.b.w.e.tomcat.TomcatWebServer - Tomcat initialized with port 0 (http)
16:06:31.887 [main] INFO  o.a.coyote.http11.Http11NioProtocol - Initializing ProtocolHandler ["http-nio-auto-19"]
16:06:31.887 [main] INFO  o.a.catalina.core.StandardService - Starting service [Tomcat]
16:06:31.888 [main] INFO  o.a.catalina.core.StandardEngine - Starting Servlet engine: [Apache Tomcat/10.1.16]
16:06:31.924 [main] INFO  o.a.c.c.C.[.[localhost].[/api] - Initializing Spring embedded WebApplicationContext
16:06:31.924 [main] INFO  o.s.b.w.s.c.ServletWebServerApplicationContext - Root WebApplicationContext: initialization completed in 477 ms
16:06:32.120 [main] INFO  o.h.jpa.internal.util.LogHelper - HHH000204: Processing PersistenceUnitInfo [name: default]
16:06:32.126 [main] INFO  o.h.c.i.RegionFactoryInitiator - HHH000026: Second-level cache disabled
16:06:32.133 [main] INFO  o.s.o.j.p.SpringPersistenceUnitInfo - No LoadTimeWeaver setup: ignoring JPA class transformer
16:06:32.136 [main] INFO  com.zaxxer.hikari.HikariDataSource - HikariPool-21 - Starting...
16:06:32.192 [main] INFO  com.zaxxer.hikari.pool.HikariPool - HikariPool-21 - Added connection org.postgresql.jdbc.PgConnection@1da67612
16:06:32.192 [main] INFO  com.zaxxer.hikari.HikariDataSource - HikariPool-21 - Start completed.
16:06:32.201 [main] WARN  org.hibernate.orm.deprecation - HHH90000025: PostgreSQLDialect does not need to be specified explicitly using 'hibernate.dialect' (remove the property setting and it will be selected by default)
16:06:32.323 [main] INFO  o.h.e.t.j.p.i.JtaPlatformInitiator - HHH000489: No JTA platform available (set 'hibernate.transaction.jta.platform' to enable JTA platform integration)
16:06:32.328 [main] WARN  o.h.e.jdbc.spi.SqlExceptionHelper - SQL Warning Code: 0, SQLState: 00000
16:06:32.328 [main] WARN  o.h.e.jdbc.spi.SqlExceptionHelper - table "approvals" does not exist, skipping
16:06:32.330 [main] WARN  o.h.e.jdbc.spi.SqlExceptionHelper - SQL Warning Code: 0, SQLState: 00000
16:06:32.330 [main] WARN  o.h.e.jdbc.spi.SqlExceptionHelper - table "courses" does not exist, skipping
16:06:32.333 [main] WARN  o.h.e.jdbc.spi.SqlExceptionHelper - SQL Warning Code: 0, SQLState: 00000
16:06:32.333 [main] WARN  o.h.e.jdbc.spi.SqlExceptionHelper - table "timesheets" does not exist, skipping
16:06:32.336 [main] WARN  o.h.e.jdbc.spi.SqlExceptionHelper - SQL Warning Code: 0, SQLState: 00000
16:06:32.336 [main] WARN  o.h.e.jdbc.spi.SqlExceptionHelper - table "users" does not exist, skipping
16:06:32.454 [main] INFO  o.s.o.j.LocalContainerEntityManagerFactoryBean - Initialized JPA EntityManagerFactory for persistence unit 'default'
16:06:32.592 [main] DEBUG c.u.c.s.JwtAuthenticationFilter - Filter 'jwtAuthenticationFilter' configured for use
16:06:32.968 [main] WARN  o.s.b.a.s.s.UserDetailsServiceAutoConfiguration - 

Using generated security password: 327861c3-c911-4e2a-9422-71aedf976994

This generated password is for development use only. Your security configuration must be updated before running your application in production.

16:06:33.243 [main] INFO  o.s.b.a.e.web.EndpointLinksResolver - Exposing 3 endpoint(s) beneath base path '/actuator'
16:06:33.283 [main] INFO  o.s.s.web.DefaultSecurityFilterChain - Will secure any request with [org.springframework.security.web.session.DisableEncodeUrlFilter@d93ff12, org.springframework.security.web.context.request.async.WebAsyncManagerIntegrationFilter@1a5fd08, org.springframework.security.web.context.SecurityContextHolderFilter@3cd8d5d6, org.springframework.security.web.header.HeaderWriterFilter@1c8c84de, org.springframework.web.filter.CorsFilter@771a3ad, org.springframework.security.web.authentication.logout.LogoutFilter@3e8890fb, com.usyd.catams.security.JwtAuthenticationFilter@5ee736e2, org.springframework.security.web.savedrequest.RequestCacheAwareFilter@3afaefe0, org.springframework.security.web.servletapi.SecurityContextHolderAwareRequestFilter@7376afe5, org.springframework.security.web.authentication.AnonymousAuthenticationFilter@48c9d79b, org.springframework.security.web.session.SessionManagementFilter@5003101b, org.springframework.security.web.access.ExceptionTranslationFilter@d9bc01a, org.springframework.security.web.access.intercept.AuthorizationFilter@64fa92ba]
16:06:33.592 [main] DEBUG c.u.c.s.JwtAuthenticationFilter - Filter 'jwtAuthenticationFilter' configured for use
16:06:33.593 [main] INFO  o.a.c.c.C.[.[localhost].[/api] - Initializing Spring TestDispatcherServlet ''
16:06:33.593 [main] INFO  o.s.t.w.s.TestDispatcherServlet - Initializing Servlet ''
16:06:33.596 [main] INFO  o.s.t.w.s.TestDispatcherServlet - Completed initialization in 3 ms
16:06:33.629 [main] INFO  o.a.coyote.http11.Http11NioProtocol - Starting ProtocolHandler ["http-nio-auto-19"]
16:06:33.634 [main] INFO  o.s.b.w.e.tomcat.TomcatWebServer - Tomcat started on port 52671 (http) with context path '/api'
16:06:33.638 [main] INFO  c.u.c.i.TimesheetUpdateDeleteIntegrationTest - Started TimesheetUpdateDeleteIntegrationTest in 2.221 seconds (process running for 90.748)
16:06:33.956 [main] DEBUG o.s.security.web.FilterChainProxy - Securing PUT /api/timesheets/1
16:06:33.968 [main] DEBUG c.u.c.s.JwtAuthenticationFilter - JWT authentication successful for user: lecturer@university.edu with role: LECTURER
16:06:33.968 [main] WARN  o.s.w.s.h.HandlerMappingIntrospector - Cache miss for REQUEST dispatch to '/api/timesheets/1' (previous null). Performing MatchableHandlerMapping lookup. This is logged once only at WARN level, and every time at TRACE.
16:06:33.970 [main] DEBUG o.s.security.web.FilterChainProxy - Secured PUT /api/timesheets/1
16:06:33.987 [main] WARN  c.u.c.e.GlobalExceptionHandler - Validation exception: Validation failed: hours: Hours cannot exceed 40.0
16:06:34.000 [main] INFO  o.a.coyote.http11.Http11NioProtocol - Stopping ProtocolHandler ["http-nio-auto-19-52671"]
16:06:34.010 [main] INFO  o.s.o.j.LocalContainerEntityManagerFactoryBean - Closing JPA EntityManagerFactory for persistence unit 'default'
16:06:34.058 [main] INFO  com.zaxxer.hikari.HikariDataSource - HikariPool-21 - Shutdown initiated...
16:06:34.064 [main] INFO  com.zaxxer.hikari.HikariDataSource - HikariPool-21 - Shutdown completed.
]]></system-out>
  </testcase>
  <testcase name="testDeleteNonExistentTimesheet" classname="com.usyd.catams.integration.TimesheetUpdateDeleteIntegrationTest" time="0.385">
    <system-out><![CDATA[16:06:34.074 [main] INFO  o.s.b.d.r.RestartApplicationListener - Restart disabled due to context in which it is running

  .   ____          _            __ _ _
 /\\ / ___'_ __ _ _(_)_ __  __ _ \ \ \ \
( ( )\___ | '_ | '_| | '_ \/ _` | \ \ \ \
 \\/  ___)| |_)| | | | | || (_| |  ) ) ) )
  '  |____| .__|_| |_|_| |_\__, | / / / /
 =========|_|==============|___/=/_/_/_/
 :: Spring Boot ::                (v3.2.0)

16:06:34.102 [main] INFO  c.u.c.i.TimesheetUpdateDeleteIntegrationTest - Starting TimesheetUpdateDeleteIntegrationTest using Java 21.0.8 with PID 43568 (started by k7407 in E:\Code\Casual-Academic-Time-Allocation-Management-System)
16:06:34.102 [main] DEBUG c.u.c.i.TimesheetUpdateDeleteIntegrationTest - Running with Spring Boot v3.2.0, Spring v6.1.1
16:06:34.102 [main] INFO  c.u.c.i.TimesheetUpdateDeleteIntegrationTest - The following 1 profile is active: "integration-test"
16:06:34.424 [main] INFO  o.s.d.r.c.RepositoryConfigurationDelegate - Bootstrapping Spring Data JPA repositories in DEFAULT mode.
16:06:34.455 [main] INFO  o.s.d.r.c.RepositoryConfigurationDelegate - Finished Spring Data repository scanning in 30 ms. Found 3 JPA repository interfaces.
16:06:34.628 [main] INFO  o.s.b.w.e.tomcat.TomcatWebServer - Tomcat initialized with port 0 (http)
16:06:34.629 [main] INFO  o.a.coyote.http11.Http11NioProtocol - Initializing ProtocolHandler ["http-nio-auto-20"]
16:06:34.629 [main] INFO  o.a.catalina.core.StandardService - Starting service [Tomcat]
16:06:34.629 [main] INFO  o.a.catalina.core.StandardEngine - Starting Servlet engine: [Apache Tomcat/10.1.16]
16:06:34.678 [main] INFO  o.a.c.c.C.[.[localhost].[/api] - Initializing Spring embedded WebApplicationContext
16:06:34.678 [main] INFO  o.s.b.w.s.c.ServletWebServerApplicationContext - Root WebApplicationContext: initialization completed in 575 ms
16:06:34.933 [main] INFO  o.h.jpa.internal.util.LogHelper - HHH000204: Processing PersistenceUnitInfo [name: default]
16:06:34.940 [main] INFO  o.h.c.i.RegionFactoryInitiator - HHH000026: Second-level cache disabled
16:06:34.949 [main] INFO  o.s.o.j.p.SpringPersistenceUnitInfo - No LoadTimeWeaver setup: ignoring JPA class transformer
16:06:34.952 [main] INFO  com.zaxxer.hikari.HikariDataSource - HikariPool-22 - Starting...
16:06:34.978 [main] INFO  com.zaxxer.hikari.pool.HikariPool - HikariPool-22 - Added connection org.postgresql.jdbc.PgConnection@30fa42f7
16:06:34.978 [main] INFO  com.zaxxer.hikari.HikariDataSource - HikariPool-22 - Start completed.
16:06:34.983 [main] WARN  org.hibernate.orm.deprecation - HHH90000025: PostgreSQLDialect does not need to be specified explicitly using 'hibernate.dialect' (remove the property setting and it will be selected by default)
16:06:35.135 [main] INFO  o.h.e.t.j.p.i.JtaPlatformInitiator - HHH000489: No JTA platform available (set 'hibernate.transaction.jta.platform' to enable JTA platform integration)
16:06:35.138 [main] WARN  o.h.e.jdbc.spi.SqlExceptionHelper - SQL Warning Code: 0, SQLState: 00000
16:06:35.138 [main] WARN  o.h.e.jdbc.spi.SqlExceptionHelper - table "approvals" does not exist, skipping
16:06:35.140 [main] WARN  o.h.e.jdbc.spi.SqlExceptionHelper - SQL Warning Code: 0, SQLState: 00000
16:06:35.140 [main] WARN  o.h.e.jdbc.spi.SqlExceptionHelper - table "courses" does not exist, skipping
16:06:35.142 [main] WARN  o.h.e.jdbc.spi.SqlExceptionHelper - SQL Warning Code: 0, SQLState: 00000
16:06:35.142 [main] WARN  o.h.e.jdbc.spi.SqlExceptionHelper - table "timesheets" does not exist, skipping
16:06:35.144 [main] WARN  o.h.e.jdbc.spi.SqlExceptionHelper - SQL Warning Code: 0, SQLState: 00000
16:06:35.144 [main] WARN  o.h.e.jdbc.spi.SqlExceptionHelper - table "users" does not exist, skipping
16:06:35.249 [main] INFO  o.s.o.j.LocalContainerEntityManagerFactoryBean - Initialized JPA EntityManagerFactory for persistence unit 'default'
16:06:35.357 [main] DEBUG c.u.c.s.JwtAuthenticationFilter - Filter 'jwtAuthenticationFilter' configured for use
16:06:35.733 [main] WARN  o.s.b.a.s.s.UserDetailsServiceAutoConfiguration - 

Using generated security password: 7767b19c-dd76-4479-bd88-d65b74e54ee8

This generated password is for development use only. Your security configuration must be updated before running your application in production.

16:06:35.984 [main] INFO  o.s.b.a.e.web.EndpointLinksResolver - Exposing 3 endpoint(s) beneath base path '/actuator'
16:06:36.105 [main] INFO  o.s.s.web.DefaultSecurityFilterChain - Will secure any request with [org.springframework.security.web.session.DisableEncodeUrlFilter@cd7650f, org.springframework.security.web.context.request.async.WebAsyncManagerIntegrationFilter@54aabc00, org.springframework.security.web.context.SecurityContextHolderFilter@34e54277, org.springframework.security.web.header.HeaderWriterFilter@35e5cb61, org.springframework.web.filter.CorsFilter@7b71b077, org.springframework.security.web.authentication.logout.LogoutFilter@2859b6b, com.usyd.catams.security.JwtAuthenticationFilter@4cc47f25, org.springframework.security.web.savedrequest.RequestCacheAwareFilter@7b941eff, org.springframework.security.web.servletapi.SecurityContextHolderAwareRequestFilter@ab04e0e, org.springframework.security.web.authentication.AnonymousAuthenticationFilter@4553ed91, org.springframework.security.web.session.SessionManagementFilter@2ae069de, org.springframework.security.web.access.ExceptionTranslationFilter@499384b6, org.springframework.security.web.access.intercept.AuthorizationFilter@395f0288]
16:06:36.456 [main] DEBUG c.u.c.s.JwtAuthenticationFilter - Filter 'jwtAuthenticationFilter' configured for use
16:06:36.456 [main] INFO  o.a.c.c.C.[.[localhost].[/api] - Initializing Spring TestDispatcherServlet ''
16:06:36.456 [main] INFO  o.s.t.w.s.TestDispatcherServlet - Initializing Servlet ''
16:06:36.459 [main] INFO  o.s.t.w.s.TestDispatcherServlet - Completed initialization in 3 ms
16:06:36.493 [main] INFO  o.a.coyote.http11.Http11NioProtocol - Starting ProtocolHandler ["http-nio-auto-20"]
16:06:36.500 [main] INFO  o.s.b.w.e.tomcat.TomcatWebServer - Tomcat started on port 52684 (http) with context path '/api'
16:06:36.504 [main] INFO  c.u.c.i.TimesheetUpdateDeleteIntegrationTest - Started TimesheetUpdateDeleteIntegrationTest in 2.431 seconds (process running for 93.615)
16:06:36.809 [main] DEBUG o.s.security.web.FilterChainProxy - Securing DELETE /api/timesheets/99999
16:06:36.818 [main] DEBUG c.u.c.s.JwtAuthenticationFilter - JWT authentication successful for user: lecturer@university.edu with role: LECTURER
16:06:36.818 [main] WARN  o.s.w.s.h.HandlerMappingIntrospector - Cache miss for REQUEST dispatch to '/api/timesheets/99999' (previous null). Performing MatchableHandlerMapping lookup. This is logged once only at WARN level, and every time at TRACE.
16:06:36.820 [main] DEBUG o.s.security.web.FilterChainProxy - Secured DELETE /api/timesheets/99999
16:06:36.821 [main] DEBUG o.s.s.a.m.AuthorizationManagerBeforeMethodInterceptor - Authorizing method invocation ReflectiveMethodInvocation: public org.springframework.http.ResponseEntity com.usyd.catams.controller.TimesheetController.deleteTimesheet(java.lang.Long,org.springframework.security.core.Authentication); target is of class [com.usyd.catams.controller.TimesheetController]
16:06:36.823 [main] DEBUG o.s.s.a.m.AuthorizationManagerBeforeMethodInterceptor - Authorized method invocation ReflectiveMethodInvocation: public org.springframework.http.ResponseEntity com.usyd.catams.controller.TimesheetController.deleteTimesheet(java.lang.Long,org.springframework.security.core.Authentication); target is of class [com.usyd.catams.controller.TimesheetController]
16:06:36.832 [main] WARN  c.u.c.e.GlobalExceptionHandler - Resource not found: Timesheet not found with ID: 99999
16:06:36.838 [main] INFO  o.a.coyote.http11.Http11NioProtocol - Stopping ProtocolHandler ["http-nio-auto-20-52684"]
16:06:36.847 [main] INFO  o.s.o.j.LocalContainerEntityManagerFactoryBean - Closing JPA EntityManagerFactory for persistence unit 'default'
16:06:36.889 [main] INFO  com.zaxxer.hikari.HikariDataSource - HikariPool-22 - Shutdown initiated...
16:06:36.891 [main] INFO  com.zaxxer.hikari.HikariDataSource - HikariPool-22 - Shutdown completed.
]]></system-out>
  </testcase>
  <testcase name="testLecturerCanUpdateDraftTimesheet" classname="com.usyd.catams.integration.TimesheetUpdateDeleteIntegrationTest" time="0.457">
    <system-out><![CDATA[16:06:36.897 [main] INFO  o.s.b.d.r.RestartApplicationListener - Restart disabled due to context in which it is running

  .   ____          _            __ _ _
 /\\ / ___'_ __ _ _(_)_ __  __ _ \ \ \ \
( ( )\___ | '_ | '_| | '_ \/ _` | \ \ \ \
 \\/  ___)| |_)| | | | | || (_| |  ) ) ) )
  '  |____| .__|_| |_|_| |_\__, | / / / /
 =========|_|==============|___/=/_/_/_/
 :: Spring Boot ::                (v3.2.0)

16:06:36.925 [main] INFO  c.u.c.i.TimesheetUpdateDeleteIntegrationTest - Starting TimesheetUpdateDeleteIntegrationTest using Java 21.0.8 with PID 43568 (started by k7407 in E:\Code\Casual-Academic-Time-Allocation-Management-System)
16:06:36.925 [main] DEBUG c.u.c.i.TimesheetUpdateDeleteIntegrationTest - Running with Spring Boot v3.2.0, Spring v6.1.1
16:06:36.925 [main] INFO  c.u.c.i.TimesheetUpdateDeleteIntegrationTest - The following 1 profile is active: "integration-test"
16:06:37.206 [main] INFO  o.s.d.r.c.RepositoryConfigurationDelegate - Bootstrapping Spring Data JPA repositories in DEFAULT mode.
16:06:37.234 [main] INFO  o.s.d.r.c.RepositoryConfigurationDelegate - Finished Spring Data repository scanning in 27 ms. Found 3 JPA repository interfaces.
16:06:37.381 [main] INFO  o.s.b.w.e.tomcat.TomcatWebServer - Tomcat initialized with port 0 (http)
16:06:37.381 [main] INFO  o.a.coyote.http11.Http11NioProtocol - Initializing ProtocolHandler ["http-nio-auto-21"]
16:06:37.382 [main] INFO  o.a.catalina.core.StandardService - Starting service [Tomcat]
16:06:37.382 [main] INFO  o.a.catalina.core.StandardEngine - Starting Servlet engine: [Apache Tomcat/10.1.16]
16:06:37.441 [main] INFO  o.a.c.c.C.[.[localhost].[/api] - Initializing Spring embedded WebApplicationContext
16:06:37.441 [main] INFO  o.s.b.w.s.c.ServletWebServerApplicationContext - Root WebApplicationContext: initialization completed in 514 ms
16:06:37.595 [main] INFO  o.h.jpa.internal.util.LogHelper - HHH000204: Processing PersistenceUnitInfo [name: default]
16:06:37.599 [main] INFO  o.h.c.i.RegionFactoryInitiator - HHH000026: Second-level cache disabled
16:06:37.603 [main] INFO  o.s.o.j.p.SpringPersistenceUnitInfo - No LoadTimeWeaver setup: ignoring JPA class transformer
16:06:37.604 [main] INFO  com.zaxxer.hikari.HikariDataSource - HikariPool-23 - Starting...
16:06:37.626 [main] INFO  com.zaxxer.hikari.pool.HikariPool - HikariPool-23 - Added connection org.postgresql.jdbc.PgConnection@65aa10c3
16:06:37.627 [main] INFO  com.zaxxer.hikari.HikariDataSource - HikariPool-23 - Start completed.
16:06:37.634 [main] WARN  org.hibernate.orm.deprecation - HHH90000025: PostgreSQLDialect does not need to be specified explicitly using 'hibernate.dialect' (remove the property setting and it will be selected by default)
16:06:37.731 [main] INFO  o.h.e.t.j.p.i.JtaPlatformInitiator - HHH000489: No JTA platform available (set 'hibernate.transaction.jta.platform' to enable JTA platform integration)
16:06:37.734 [main] WARN  o.h.e.jdbc.spi.SqlExceptionHelper - SQL Warning Code: 0, SQLState: 00000
16:06:37.734 [main] WARN  o.h.e.jdbc.spi.SqlExceptionHelper - table "approvals" does not exist, skipping
16:06:37.736 [main] WARN  o.h.e.jdbc.spi.SqlExceptionHelper - SQL Warning Code: 0, SQLState: 00000
16:06:37.737 [main] WARN  o.h.e.jdbc.spi.SqlExceptionHelper - table "courses" does not exist, skipping
16:06:37.739 [main] WARN  o.h.e.jdbc.spi.SqlExceptionHelper - SQL Warning Code: 0, SQLState: 00000
16:06:37.739 [main] WARN  o.h.e.jdbc.spi.SqlExceptionHelper - table "timesheets" does not exist, skipping
16:06:37.741 [main] WARN  o.h.e.jdbc.spi.SqlExceptionHelper - SQL Warning Code: 0, SQLState: 00000
16:06:37.741 [main] WARN  o.h.e.jdbc.spi.SqlExceptionHelper - table "users" does not exist, skipping
16:06:37.850 [main] INFO  o.s.o.j.LocalContainerEntityManagerFactoryBean - Initialized JPA EntityManagerFactory for persistence unit 'default'
16:06:37.962 [main] DEBUG c.u.c.s.JwtAuthenticationFilter - Filter 'jwtAuthenticationFilter' configured for use
16:06:38.269 [main] WARN  o.s.b.a.s.s.UserDetailsServiceAutoConfiguration - 

Using generated security password: 7655d8fd-4f2a-4f76-9af1-d894cd124e79

This generated password is for development use only. Your security configuration must be updated before running your application in production.

16:06:38.492 [main] INFO  o.s.b.a.e.web.EndpointLinksResolver - Exposing 3 endpoint(s) beneath base path '/actuator'
16:06:38.531 [main] INFO  o.s.s.web.DefaultSecurityFilterChain - Will secure any request with [org.springframework.security.web.session.DisableEncodeUrlFilter@24e7b7c1, org.springframework.security.web.context.request.async.WebAsyncManagerIntegrationFilter@2a2c3b4a, org.springframework.security.web.context.SecurityContextHolderFilter@561175d4, org.springframework.security.web.header.HeaderWriterFilter@68d02d94, org.springframework.web.filter.CorsFilter@38114426, org.springframework.security.web.authentication.logout.LogoutFilter@18a8596d, com.usyd.catams.security.JwtAuthenticationFilter@2edfd3f3, org.springframework.security.web.savedrequest.RequestCacheAwareFilter@1984b2c4, org.springframework.security.web.servletapi.SecurityContextHolderAwareRequestFilter@3b3e82db, org.springframework.security.web.authentication.AnonymousAuthenticationFilter@3f205439, org.springframework.security.web.session.SessionManagementFilter@6f97338, org.springframework.security.web.access.ExceptionTranslationFilter@45262373, org.springframework.security.web.access.intercept.AuthorizationFilter@22d9f87]
16:06:38.784 [main] DEBUG c.u.c.s.JwtAuthenticationFilter - Filter 'jwtAuthenticationFilter' configured for use
16:06:38.784 [main] INFO  o.a.c.c.C.[.[localhost].[/api] - Initializing Spring TestDispatcherServlet ''
16:06:38.784 [main] INFO  o.s.t.w.s.TestDispatcherServlet - Initializing Servlet ''
16:06:38.786 [main] INFO  o.s.t.w.s.TestDispatcherServlet - Completed initialization in 2 ms
16:06:38.814 [main] INFO  o.a.coyote.http11.Http11NioProtocol - Starting ProtocolHandler ["http-nio-auto-21"]
16:06:38.819 [main] INFO  o.s.b.w.e.tomcat.TomcatWebServer - Tomcat started on port 52696 (http) with context path '/api'
16:06:38.822 [main] INFO  c.u.c.i.TimesheetUpdateDeleteIntegrationTest - Started TimesheetUpdateDeleteIntegrationTest in 1.925 seconds (process running for 95.933)
16:06:39.113 [main] DEBUG o.s.security.web.FilterChainProxy - Securing PUT /api/timesheets/1
16:06:39.122 [main] DEBUG c.u.c.s.JwtAuthenticationFilter - JWT authentication successful for user: lecturer@university.edu with role: LECTURER
16:06:39.123 [main] WARN  o.s.w.s.h.HandlerMappingIntrospector - Cache miss for REQUEST dispatch to '/api/timesheets/1' (previous null). Performing MatchableHandlerMapping lookup. This is logged once only at WARN level, and every time at TRACE.
16:06:39.124 [main] DEBUG o.s.security.web.FilterChainProxy - Secured PUT /api/timesheets/1
16:06:39.139 [main] DEBUG o.s.s.a.m.AuthorizationManagerBeforeMethodInterceptor - Authorizing method invocation ReflectiveMethodInvocation: public org.springframework.http.ResponseEntity com.usyd.catams.controller.TimesheetController.updateTimesheet(java.lang.Long,com.usyd.catams.dto.request.TimesheetUpdateRequest,org.springframework.security.core.Authentication); target is of class [com.usyd.catams.controller.TimesheetController]
16:06:39.142 [main] DEBUG o.s.s.a.m.AuthorizationManagerBeforeMethodInterceptor - Authorized method invocation ReflectiveMethodInvocation: public org.springframework.http.ResponseEntity com.usyd.catams.controller.TimesheetController.updateTimesheet(java.lang.Long,com.usyd.catams.dto.request.TimesheetUpdateRequest,org.springframework.security.core.Authentication); target is of class [com.usyd.catams.controller.TimesheetController]
16:06:39.163 [main] DEBUG o.s.s.a.m.AuthorizationManagerBeforeMethodInterceptor - Authorizing method invocation ReflectiveMethodInvocation: public com.usyd.catams.dto.response.TimesheetResponse com.usyd.catams.application.TimesheetApplicationService.updateTimesheetAndReturnDto(java.lang.Long,java.math.BigDecimal,java.math.BigDecimal,java.lang.String,java.lang.Long); target is of class [com.usyd.catams.application.TimesheetApplicationService]
16:06:39.179 [main] DEBUG o.s.s.a.m.AuthorizationManagerBeforeMethodInterceptor - Authorized method invocation ReflectiveMethodInvocation: public com.usyd.catams.dto.response.TimesheetResponse com.usyd.catams.application.TimesheetApplicationService.updateTimesheetAndReturnDto(java.lang.Long,java.math.BigDecimal,java.math.BigDecimal,java.lang.String,java.lang.Long); target is of class [com.usyd.catams.application.TimesheetApplicationService]
16:06:39.226 [main] INFO  o.a.coyote.http11.Http11NioProtocol - Stopping ProtocolHandler ["http-nio-auto-21-52696"]
16:06:39.233 [main] INFO  o.s.o.j.LocalContainerEntityManagerFactoryBean - Closing JPA EntityManagerFactory for persistence unit 'default'
16:06:39.273 [main] INFO  com.zaxxer.hikari.HikariDataSource - HikariPool-23 - Shutdown initiated...
16:06:39.277 [main] INFO  com.zaxxer.hikari.HikariDataSource - HikariPool-23 - Shutdown completed.
]]></system-out>
  </testcase>
  <testcase name="testDeleteTimesheetWithoutAuth" classname="com.usyd.catams.integration.TimesheetUpdateDeleteIntegrationTest" time="0.353">
    <system-out><![CDATA[16:06:39.287 [main] INFO  o.s.b.d.r.RestartApplicationListener - Restart disabled due to context in which it is running

  .   ____          _            __ _ _
 /\\ / ___'_ __ _ _(_)_ __  __ _ \ \ \ \
( ( )\___ | '_ | '_| | '_ \/ _` | \ \ \ \
 \\/  ___)| |_)| | | | | || (_| |  ) ) ) )
  '  |____| .__|_| |_|_| |_\__, | / / / /
 =========|_|==============|___/=/_/_/_/
 :: Spring Boot ::                (v3.2.0)

16:06:39.316 [main] INFO  c.u.c.i.TimesheetUpdateDeleteIntegrationTest - Starting TimesheetUpdateDeleteIntegrationTest using Java 21.0.8 with PID 43568 (started by k7407 in E:\Code\Casual-Academic-Time-Allocation-Management-System)
16:06:39.317 [main] DEBUG c.u.c.i.TimesheetUpdateDeleteIntegrationTest - Running with Spring Boot v3.2.0, Spring v6.1.1
16:06:39.317 [main] INFO  c.u.c.i.TimesheetUpdateDeleteIntegrationTest - The following 1 profile is active: "integration-test"
16:06:39.611 [main] INFO  o.s.d.r.c.RepositoryConfigurationDelegate - Bootstrapping Spring Data JPA repositories in DEFAULT mode.
16:06:39.670 [main] INFO  o.s.d.r.c.RepositoryConfigurationDelegate - Finished Spring Data repository scanning in 58 ms. Found 3 JPA repository interfaces.
16:06:39.840 [main] INFO  o.s.b.w.e.tomcat.TomcatWebServer - Tomcat initialized with port 0 (http)
16:06:39.841 [main] INFO  o.a.coyote.http11.Http11NioProtocol - Initializing ProtocolHandler ["http-nio-auto-22"]
16:06:39.842 [main] INFO  o.a.catalina.core.StandardService - Starting service [Tomcat]
16:06:39.842 [main] INFO  o.a.catalina.core.StandardEngine - Starting Servlet engine: [Apache Tomcat/10.1.16]
16:06:39.889 [main] INFO  o.a.c.c.C.[.[localhost].[/api] - Initializing Spring embedded WebApplicationContext
16:06:39.889 [main] INFO  o.s.b.w.s.c.ServletWebServerApplicationContext - Root WebApplicationContext: initialization completed in 571 ms
16:06:40.069 [main] INFO  o.h.jpa.internal.util.LogHelper - HHH000204: Processing PersistenceUnitInfo [name: default]
16:06:40.074 [main] INFO  o.h.c.i.RegionFactoryInitiator - HHH000026: Second-level cache disabled
16:06:40.079 [main] INFO  o.s.o.j.p.SpringPersistenceUnitInfo - No LoadTimeWeaver setup: ignoring JPA class transformer
16:06:40.080 [main] INFO  com.zaxxer.hikari.HikariDataSource - HikariPool-24 - Starting...
16:06:40.107 [main] INFO  com.zaxxer.hikari.pool.HikariPool - HikariPool-24 - Added connection org.postgresql.jdbc.PgConnection@320ac196
16:06:40.107 [main] INFO  com.zaxxer.hikari.HikariDataSource - HikariPool-24 - Start completed.
16:06:40.113 [main] WARN  org.hibernate.orm.deprecation - HHH90000025: PostgreSQLDialect does not need to be specified explicitly using 'hibernate.dialect' (remove the property setting and it will be selected by default)
16:06:40.239 [main] INFO  o.h.e.t.j.p.i.JtaPlatformInitiator - HHH000489: No JTA platform available (set 'hibernate.transaction.jta.platform' to enable JTA platform integration)
16:06:40.242 [main] WARN  o.h.e.jdbc.spi.SqlExceptionHelper - SQL Warning Code: 0, SQLState: 00000
16:06:40.242 [main] WARN  o.h.e.jdbc.spi.SqlExceptionHelper - table "approvals" does not exist, skipping
16:06:40.244 [main] WARN  o.h.e.jdbc.spi.SqlExceptionHelper - SQL Warning Code: 0, SQLState: 00000
16:06:40.244 [main] WARN  o.h.e.jdbc.spi.SqlExceptionHelper - table "courses" does not exist, skipping
16:06:40.246 [main] WARN  o.h.e.jdbc.spi.SqlExceptionHelper - SQL Warning Code: 0, SQLState: 00000
16:06:40.246 [main] WARN  o.h.e.jdbc.spi.SqlExceptionHelper - table "timesheets" does not exist, skipping
16:06:40.248 [main] WARN  o.h.e.jdbc.spi.SqlExceptionHelper - SQL Warning Code: 0, SQLState: 00000
16:06:40.248 [main] WARN  o.h.e.jdbc.spi.SqlExceptionHelper - table "users" does not exist, skipping
16:06:40.341 [main] INFO  o.s.o.j.LocalContainerEntityManagerFactoryBean - Initialized JPA EntityManagerFactory for persistence unit 'default'
16:06:40.441 [main] DEBUG c.u.c.s.JwtAuthenticationFilter - Filter 'jwtAuthenticationFilter' configured for use
16:06:40.697 [main] WARN  o.s.b.a.s.s.UserDetailsServiceAutoConfiguration - 

Using generated security password: 1db0a75c-54aa-45c5-9feb-8da452ed59f6

This generated password is for development use only. Your security configuration must be updated before running your application in production.

16:06:40.922 [main] INFO  o.s.b.a.e.web.EndpointLinksResolver - Exposing 3 endpoint(s) beneath base path '/actuator'
16:06:40.961 [main] INFO  o.s.s.web.DefaultSecurityFilterChain - Will secure any request with [org.springframework.security.web.session.DisableEncodeUrlFilter@cc43b44, org.springframework.security.web.context.request.async.WebAsyncManagerIntegrationFilter@78665127, org.springframework.security.web.context.SecurityContextHolderFilter@2c639534, org.springframework.security.web.header.HeaderWriterFilter@a6272b8, org.springframework.web.filter.CorsFilter@7d4d72b1, org.springframework.security.web.authentication.logout.LogoutFilter@600301ea, com.usyd.catams.security.JwtAuthenticationFilter@203109f5, org.springframework.security.web.savedrequest.RequestCacheAwareFilter@88e69c5, org.springframework.security.web.servletapi.SecurityContextHolderAwareRequestFilter@4939c622, org.springframework.security.web.authentication.AnonymousAuthenticationFilter@7ea33ba4, org.springframework.security.web.session.SessionManagementFilter@d44ce19, org.springframework.security.web.access.ExceptionTranslationFilter@4f4bd8b0, org.springframework.security.web.access.intercept.AuthorizationFilter@42d75c14]
16:06:41.202 [main] DEBUG c.u.c.s.JwtAuthenticationFilter - Filter 'jwtAuthenticationFilter' configured for use
16:06:41.202 [main] INFO  o.a.c.c.C.[.[localhost].[/api] - Initializing Spring TestDispatcherServlet ''
16:06:41.203 [main] INFO  o.s.t.w.s.TestDispatcherServlet - Initializing Servlet ''
16:06:41.203 [main] INFO  o.s.t.w.s.TestDispatcherServlet - Completed initialization in 0 ms
16:06:41.231 [main] INFO  o.a.coyote.http11.Http11NioProtocol - Starting ProtocolHandler ["http-nio-auto-22"]
16:06:41.235 [main] INFO  o.s.b.w.e.tomcat.TomcatWebServer - Tomcat started on port 52708 (http) with context path '/api'
16:06:41.239 [main] INFO  c.u.c.i.TimesheetUpdateDeleteIntegrationTest - Started TimesheetUpdateDeleteIntegrationTest in 1.952 seconds (process running for 98.349)
16:06:41.529 [main] DEBUG o.s.security.web.FilterChainProxy - Securing DELETE /api/timesheets/1
16:06:41.530 [main] DEBUG o.s.s.w.a.AnonymousAuthenticationFilter - Set SecurityContextHolder to anonymous SecurityContext
16:06:41.530 [main] WARN  o.s.w.s.h.HandlerMappingIntrospector - Cache miss for REQUEST dispatch to '/api/timesheets/1' (previous null). Performing MatchableHandlerMapping lookup. This is logged once only at WARN level, and every time at TRACE.
16:06:41.538 [main] INFO  o.a.coyote.http11.Http11NioProtocol - Stopping ProtocolHandler ["http-nio-auto-22-52708"]
16:06:41.544 [main] INFO  o.s.o.j.LocalContainerEntityManagerFactoryBean - Closing JPA EntityManagerFactory for persistence unit 'default'
16:06:41.587 [main] INFO  com.zaxxer.hikari.HikariDataSource - HikariPool-24 - Shutdown initiated...
16:06:41.590 [main] INFO  com.zaxxer.hikari.HikariDataSource - HikariPool-24 - Shutdown completed.
]]></system-out>
  </testcase>
  <testcase name="testAdminCanDeleteDraftTimesheet" classname="com.usyd.catams.integration.TimesheetUpdateDeleteIntegrationTest" time="0.462">
    <system-out><![CDATA[16:06:41.599 [main] INFO  o.s.b.d.r.RestartApplicationListener - Restart disabled due to context in which it is running

  .   ____          _            __ _ _
 /\\ / ___'_ __ _ _(_)_ __  __ _ \ \ \ \
( ( )\___ | '_ | '_| | '_ \/ _` | \ \ \ \
 \\/  ___)| |_)| | | | | || (_| |  ) ) ) )
  '  |____| .__|_| |_|_| |_\__, | / / / /
 =========|_|==============|___/=/_/_/_/
 :: Spring Boot ::                (v3.2.0)

16:06:41.624 [main] INFO  c.u.c.i.TimesheetUpdateDeleteIntegrationTest - Starting TimesheetUpdateDeleteIntegrationTest using Java 21.0.8 with PID 43568 (started by k7407 in E:\Code\Casual-Academic-Time-Allocation-Management-System)
16:06:41.624 [main] DEBUG c.u.c.i.TimesheetUpdateDeleteIntegrationTest - Running with Spring Boot v3.2.0, Spring v6.1.1
16:06:41.624 [main] INFO  c.u.c.i.TimesheetUpdateDeleteIntegrationTest - The following 1 profile is active: "integration-test"
16:06:41.909 [main] INFO  o.s.d.r.c.RepositoryConfigurationDelegate - Bootstrapping Spring Data JPA repositories in DEFAULT mode.
16:06:41.938 [main] INFO  o.s.d.r.c.RepositoryConfigurationDelegate - Finished Spring Data repository scanning in 27 ms. Found 3 JPA repository interfaces.
16:06:42.077 [main] INFO  o.s.b.w.e.tomcat.TomcatWebServer - Tomcat initialized with port 0 (http)
16:06:42.077 [main] INFO  o.a.coyote.http11.Http11NioProtocol - Initializing ProtocolHandler ["http-nio-auto-23"]
16:06:42.077 [main] INFO  o.a.catalina.core.StandardService - Starting service [Tomcat]
16:06:42.078 [main] INFO  o.a.catalina.core.StandardEngine - Starting Servlet engine: [Apache Tomcat/10.1.16]
16:06:42.125 [main] INFO  o.a.c.c.C.[.[localhost].[/api] - Initializing Spring embedded WebApplicationContext
16:06:42.125 [main] INFO  o.s.b.w.s.c.ServletWebServerApplicationContext - Root WebApplicationContext: initialization completed in 499 ms
16:06:42.290 [main] INFO  o.h.jpa.internal.util.LogHelper - HHH000204: Processing PersistenceUnitInfo [name: default]
16:06:42.293 [main] INFO  o.h.c.i.RegionFactoryInitiator - HHH000026: Second-level cache disabled
16:06:42.298 [main] INFO  o.s.o.j.p.SpringPersistenceUnitInfo - No LoadTimeWeaver setup: ignoring JPA class transformer
16:06:42.299 [main] INFO  com.zaxxer.hikari.HikariDataSource - HikariPool-25 - Starting...
16:06:42.320 [main] INFO  com.zaxxer.hikari.pool.HikariPool - HikariPool-25 - Added connection org.postgresql.jdbc.PgConnection@5f2cf0f9
16:06:42.320 [main] INFO  com.zaxxer.hikari.HikariDataSource - HikariPool-25 - Start completed.
16:06:42.325 [main] WARN  org.hibernate.orm.deprecation - HHH90000025: PostgreSQLDialect does not need to be specified explicitly using 'hibernate.dialect' (remove the property setting and it will be selected by default)
16:06:42.433 [main] INFO  o.h.e.t.j.p.i.JtaPlatformInitiator - HHH000489: No JTA platform available (set 'hibernate.transaction.jta.platform' to enable JTA platform integration)
16:06:42.436 [main] WARN  o.h.e.jdbc.spi.SqlExceptionHelper - SQL Warning Code: 0, SQLState: 00000
16:06:42.436 [main] WARN  o.h.e.jdbc.spi.SqlExceptionHelper - table "approvals" does not exist, skipping
16:06:42.438 [main] WARN  o.h.e.jdbc.spi.SqlExceptionHelper - SQL Warning Code: 0, SQLState: 00000
16:06:42.438 [main] WARN  o.h.e.jdbc.spi.SqlExceptionHelper - table "courses" does not exist, skipping
16:06:42.440 [main] WARN  o.h.e.jdbc.spi.SqlExceptionHelper - SQL Warning Code: 0, SQLState: 00000
16:06:42.440 [main] WARN  o.h.e.jdbc.spi.SqlExceptionHelper - table "timesheets" does not exist, skipping
16:06:42.442 [main] WARN  o.h.e.jdbc.spi.SqlExceptionHelper - SQL Warning Code: 0, SQLState: 00000
16:06:42.442 [main] WARN  o.h.e.jdbc.spi.SqlExceptionHelper - table "users" does not exist, skipping
16:06:42.541 [main] INFO  o.s.o.j.LocalContainerEntityManagerFactoryBean - Initialized JPA EntityManagerFactory for persistence unit 'default'
16:06:42.634 [main] DEBUG c.u.c.s.JwtAuthenticationFilter - Filter 'jwtAuthenticationFilter' configured for use
16:06:42.887 [main] WARN  o.s.b.a.s.s.UserDetailsServiceAutoConfiguration - 

Using generated security password: 00f3e0d4-9494-4d15-a642-ccf20bbd8272

This generated password is for development use only. Your security configuration must be updated before running your application in production.

16:06:43.108 [main] INFO  o.s.b.a.e.web.EndpointLinksResolver - Exposing 3 endpoint(s) beneath base path '/actuator'
16:06:43.144 [main] INFO  o.s.s.web.DefaultSecurityFilterChain - Will secure any request with [org.springframework.security.web.session.DisableEncodeUrlFilter@60298d7e, org.springframework.security.web.context.request.async.WebAsyncManagerIntegrationFilter@5121fb7e, org.springframework.security.web.context.SecurityContextHolderFilter@38b8610, org.springframework.security.web.header.HeaderWriterFilter@3d57c2b1, org.springframework.web.filter.CorsFilter@2362de14, org.springframework.security.web.authentication.logout.LogoutFilter@46703094, com.usyd.catams.security.JwtAuthenticationFilter@4dc5115f, org.springframework.security.web.savedrequest.RequestCacheAwareFilter@69618146, org.springframework.security.web.servletapi.SecurityContextHolderAwareRequestFilter@65d1cc9c, org.springframework.security.web.authentication.AnonymousAuthenticationFilter@19c22fdb, org.springframework.security.web.session.SessionManagementFilter@412d4c33, org.springframework.security.web.access.ExceptionTranslationFilter@3ff5aef4, org.springframework.security.web.access.intercept.AuthorizationFilter@c6f970b]
16:06:43.370 [main] DEBUG c.u.c.s.JwtAuthenticationFilter - Filter 'jwtAuthenticationFilter' configured for use
16:06:43.371 [main] INFO  o.a.c.c.C.[.[localhost].[/api] - Initializing Spring TestDispatcherServlet ''
16:06:43.371 [main] INFO  o.s.t.w.s.TestDispatcherServlet - Initializing Servlet ''
16:06:43.372 [main] INFO  o.s.t.w.s.TestDispatcherServlet - Completed initialization in 1 ms
16:06:43.419 [main] INFO  o.a.coyote.http11.Http11NioProtocol - Starting ProtocolHandler ["http-nio-auto-23"]
16:06:43.424 [main] INFO  o.s.b.w.e.tomcat.TomcatWebServer - Tomcat started on port 52723 (http) with context path '/api'
16:06:43.427 [main] INFO  c.u.c.i.TimesheetUpdateDeleteIntegrationTest - Started TimesheetUpdateDeleteIntegrationTest in 1.828 seconds (process running for 100.538)
16:06:43.764 [main] DEBUG o.s.security.web.FilterChainProxy - Securing DELETE /api/timesheets/1
16:06:43.776 [main] DEBUG c.u.c.s.JwtAuthenticationFilter - JWT authentication successful for user: admin@university.edu with role: ADMIN
16:06:43.776 [main] WARN  o.s.w.s.h.HandlerMappingIntrospector - Cache miss for REQUEST dispatch to '/api/timesheets/1' (previous null). Performing MatchableHandlerMapping lookup. This is logged once only at WARN level, and every time at TRACE.
16:06:43.778 [main] DEBUG o.s.security.web.FilterChainProxy - Secured DELETE /api/timesheets/1
16:06:43.780 [main] DEBUG o.s.s.a.m.AuthorizationManagerBeforeMethodInterceptor - Authorizing method invocation ReflectiveMethodInvocation: public org.springframework.http.ResponseEntity com.usyd.catams.controller.TimesheetController.deleteTimesheet(java.lang.Long,org.springframework.security.core.Authentication); target is of class [com.usyd.catams.controller.TimesheetController]
16:06:43.782 [main] DEBUG o.s.s.a.m.AuthorizationManagerBeforeMethodInterceptor - Authorized method invocation ReflectiveMethodInvocation: public org.springframework.http.ResponseEntity com.usyd.catams.controller.TimesheetController.deleteTimesheet(java.lang.Long,org.springframework.security.core.Authentication); target is of class [com.usyd.catams.controller.TimesheetController]
16:06:43.794 [main] DEBUG o.s.s.a.m.AuthorizationManagerBeforeMethodInterceptor - Authorizing method invocation ReflectiveMethodInvocation: public void com.usyd.catams.application.TimesheetApplicationService.deleteTimesheet(java.lang.Long,java.lang.Long); target is of class [com.usyd.catams.application.TimesheetApplicationService]
16:06:43.804 [main] DEBUG o.s.s.a.m.AuthorizationManagerBeforeMethodInterceptor - Authorized method invocation ReflectiveMethodInvocation: public void com.usyd.catams.application.TimesheetApplicationService.deleteTimesheet(java.lang.Long,java.lang.Long); target is of class [com.usyd.catams.application.TimesheetApplicationService]
16:06:43.846 [main] INFO  o.a.coyote.http11.Http11NioProtocol - Stopping ProtocolHandler ["http-nio-auto-23-52723"]
16:06:43.854 [main] INFO  o.s.o.j.LocalContainerEntityManagerFactoryBean - Closing JPA EntityManagerFactory for persistence unit 'default'
16:06:43.887 [main] INFO  com.zaxxer.hikari.HikariDataSource - HikariPool-25 - Shutdown initiated...
16:06:43.890 [main] INFO  com.zaxxer.hikari.HikariDataSource - HikariPool-25 - Shutdown completed.
]]></system-out>
  </testcase>
  <testcase name="testCannotDeleteApprovedTimesheet" classname="com.usyd.catams.integration.TimesheetUpdateDeleteIntegrationTest" time="0.402">
    <system-out><![CDATA[16:06:43.898 [main] INFO  o.s.b.d.r.RestartApplicationListener - Restart disabled due to context in which it is running

  .   ____          _            __ _ _
 /\\ / ___'_ __ _ _(_)_ __  __ _ \ \ \ \
( ( )\___ | '_ | '_| | '_ \/ _` | \ \ \ \
 \\/  ___)| |_)| | | | | || (_| |  ) ) ) )
  '  |____| .__|_| |_|_| |_\__, | / / / /
 =========|_|==============|___/=/_/_/_/
 :: Spring Boot ::                (v3.2.0)

16:06:43.923 [main] INFO  c.u.c.i.TimesheetUpdateDeleteIntegrationTest - Starting TimesheetUpdateDeleteIntegrationTest using Java 21.0.8 with PID 43568 (started by k7407 in E:\Code\Casual-Academic-Time-Allocation-Management-System)
16:06:43.923 [main] DEBUG c.u.c.i.TimesheetUpdateDeleteIntegrationTest - Running with Spring Boot v3.2.0, Spring v6.1.1
16:06:43.923 [main] INFO  c.u.c.i.TimesheetUpdateDeleteIntegrationTest - The following 1 profile is active: "integration-test"
16:06:44.175 [main] INFO  o.s.d.r.c.RepositoryConfigurationDelegate - Bootstrapping Spring Data JPA repositories in DEFAULT mode.
16:06:44.201 [main] INFO  o.s.d.r.c.RepositoryConfigurationDelegate - Finished Spring Data repository scanning in 25 ms. Found 3 JPA repository interfaces.
16:06:44.325 [main] INFO  o.s.b.w.e.tomcat.TomcatWebServer - Tomcat initialized with port 0 (http)
16:06:44.326 [main] INFO  o.a.coyote.http11.Http11NioProtocol - Initializing ProtocolHandler ["http-nio-auto-24"]
16:06:44.326 [main] INFO  o.a.catalina.core.StandardService - Starting service [Tomcat]
16:06:44.326 [main] INFO  o.a.catalina.core.StandardEngine - Starting Servlet engine: [Apache Tomcat/10.1.16]
16:06:44.364 [main] INFO  o.a.c.c.C.[.[localhost].[/api] - Initializing Spring embedded WebApplicationContext
16:06:44.364 [main] INFO  o.s.b.w.s.c.ServletWebServerApplicationContext - Root WebApplicationContext: initialization completed in 440 ms
16:06:44.493 [main] INFO  o.h.jpa.internal.util.LogHelper - HHH000204: Processing PersistenceUnitInfo [name: default]
16:06:44.495 [main] INFO  o.h.c.i.RegionFactoryInitiator - HHH000026: Second-level cache disabled
16:06:44.500 [main] INFO  o.s.o.j.p.SpringPersistenceUnitInfo - No LoadTimeWeaver setup: ignoring JPA class transformer
16:06:44.501 [main] INFO  com.zaxxer.hikari.HikariDataSource - HikariPool-26 - Starting...
16:06:44.519 [main] INFO  com.zaxxer.hikari.pool.HikariPool - HikariPool-26 - Added connection org.postgresql.jdbc.PgConnection@2589c05b
16:06:44.519 [main] INFO  com.zaxxer.hikari.HikariDataSource - HikariPool-26 - Start completed.
16:06:44.524 [main] WARN  org.hibernate.orm.deprecation - HHH90000025: PostgreSQLDialect does not need to be specified explicitly using 'hibernate.dialect' (remove the property setting and it will be selected by default)
16:06:44.616 [main] INFO  o.h.e.t.j.p.i.JtaPlatformInitiator - HHH000489: No JTA platform available (set 'hibernate.transaction.jta.platform' to enable JTA platform integration)
16:06:44.620 [main] WARN  o.h.e.jdbc.spi.SqlExceptionHelper - SQL Warning Code: 0, SQLState: 00000
16:06:44.620 [main] WARN  o.h.e.jdbc.spi.SqlExceptionHelper - table "approvals" does not exist, skipping
16:06:44.622 [main] WARN  o.h.e.jdbc.spi.SqlExceptionHelper - SQL Warning Code: 0, SQLState: 00000
16:06:44.622 [main] WARN  o.h.e.jdbc.spi.SqlExceptionHelper - table "courses" does not exist, skipping
16:06:44.623 [main] WARN  o.h.e.jdbc.spi.SqlExceptionHelper - SQL Warning Code: 0, SQLState: 00000
16:06:44.624 [main] WARN  o.h.e.jdbc.spi.SqlExceptionHelper - table "timesheets" does not exist, skipping
16:06:44.626 [main] WARN  o.h.e.jdbc.spi.SqlExceptionHelper - SQL Warning Code: 0, SQLState: 00000
16:06:44.626 [main] WARN  o.h.e.jdbc.spi.SqlExceptionHelper - table "users" does not exist, skipping
16:06:44.716 [main] INFO  o.s.o.j.LocalContainerEntityManagerFactoryBean - Initialized JPA EntityManagerFactory for persistence unit 'default'
16:06:44.808 [main] DEBUG c.u.c.s.JwtAuthenticationFilter - Filter 'jwtAuthenticationFilter' configured for use
16:06:45.163 [main] WARN  o.s.b.a.s.s.UserDetailsServiceAutoConfiguration - 

Using generated security password: 0cee18f2-5032-4787-83fd-5f6a3cfdea27

This generated password is for development use only. Your security configuration must be updated before running your application in production.

16:06:45.350 [main] INFO  o.s.b.a.e.web.EndpointLinksResolver - Exposing 3 endpoint(s) beneath base path '/actuator'
16:06:45.383 [main] INFO  o.s.s.web.DefaultSecurityFilterChain - Will secure any request with [org.springframework.security.web.session.DisableEncodeUrlFilter@18f10ef1, org.springframework.security.web.context.request.async.WebAsyncManagerIntegrationFilter@71a0eda1, org.springframework.security.web.context.SecurityContextHolderFilter@2b92fd82, org.springframework.security.web.header.HeaderWriterFilter@3a7e2098, org.springframework.web.filter.CorsFilter@645586ce, org.springframework.security.web.authentication.logout.LogoutFilter@1d62822, com.usyd.catams.security.JwtAuthenticationFilter@2b7a36c9, org.springframework.security.web.savedrequest.RequestCacheAwareFilter@38fd931f, org.springframework.security.web.servletapi.SecurityContextHolderAwareRequestFilter@59af2991, org.springframework.security.web.authentication.AnonymousAuthenticationFilter@4083d349, org.springframework.security.web.session.SessionManagementFilter@4639e736, org.springframework.security.web.access.ExceptionTranslationFilter@40664251, org.springframework.security.web.access.intercept.AuthorizationFilter@29967d2c]
16:06:45.590 [main] DEBUG c.u.c.s.JwtAuthenticationFilter - Filter 'jwtAuthenticationFilter' configured for use
16:06:45.591 [main] INFO  o.a.c.c.C.[.[localhost].[/api] - Initializing Spring TestDispatcherServlet ''
16:06:45.591 [main] INFO  o.s.t.w.s.TestDispatcherServlet - Initializing Servlet ''
16:06:45.591 [main] INFO  o.s.t.w.s.TestDispatcherServlet - Completed initialization in 0 ms
16:06:45.616 [main] INFO  o.a.coyote.http11.Http11NioProtocol - Starting ProtocolHandler ["http-nio-auto-24"]
16:06:45.620 [main] INFO  o.s.b.w.e.tomcat.TomcatWebServer - Tomcat started on port 52735 (http) with context path '/api'
16:06:45.623 [main] INFO  c.u.c.i.TimesheetUpdateDeleteIntegrationTest - Started TimesheetUpdateDeleteIntegrationTest in 1.725 seconds (process running for 102.734)
16:06:45.904 [main] DEBUG o.s.security.web.FilterChainProxy - Securing DELETE /api/timesheets/2
16:06:45.913 [main] DEBUG c.u.c.s.JwtAuthenticationFilter - JWT authentication successful for user: lecturer@university.edu with role: LECTURER
16:06:45.913 [main] WARN  o.s.w.s.h.HandlerMappingIntrospector - Cache miss for REQUEST dispatch to '/api/timesheets/2' (previous null). Performing MatchableHandlerMapping lookup. This is logged once only at WARN level, and every time at TRACE.
16:06:45.914 [main] DEBUG o.s.security.web.FilterChainProxy - Secured DELETE /api/timesheets/2
16:06:45.915 [main] DEBUG o.s.s.a.m.AuthorizationManagerBeforeMethodInterceptor - Authorizing method invocation ReflectiveMethodInvocation: public org.springframework.http.ResponseEntity com.usyd.catams.controller.TimesheetController.deleteTimesheet(java.lang.Long,org.springframework.security.core.Authentication); target is of class [com.usyd.catams.controller.TimesheetController]
16:06:45.919 [main] DEBUG o.s.s.a.m.AuthorizationManagerBeforeMethodInterceptor - Authorized method invocation ReflectiveMethodInvocation: public org.springframework.http.ResponseEntity com.usyd.catams.controller.TimesheetController.deleteTimesheet(java.lang.Long,org.springframework.security.core.Authentication); target is of class [com.usyd.catams.controller.TimesheetController]
16:06:45.935 [main] DEBUG o.s.s.a.m.AuthorizationManagerBeforeMethodInterceptor - Authorizing method invocation ReflectiveMethodInvocation: public void com.usyd.catams.application.TimesheetApplicationService.deleteTimesheet(java.lang.Long,java.lang.Long); target is of class [com.usyd.catams.application.TimesheetApplicationService]
16:06:45.948 [main] DEBUG o.s.s.a.m.AuthorizationManagerBeforeMethodInterceptor - Authorized method invocation ReflectiveMethodInvocation: public void com.usyd.catams.application.TimesheetApplicationService.deleteTimesheet(java.lang.Long,java.lang.Long); target is of class [com.usyd.catams.application.TimesheetApplicationService]
16:06:45.959 [main] WARN  c.u.c.e.GlobalExceptionHandler - Illegal argument exception: Cannot delete timesheet with status: APPROVED_BY_LECTURER_AND_TUTOR. Only DRAFT timesheets can be deleted.
16:06:45.973 [main] INFO  o.a.coyote.http11.Http11NioProtocol - Stopping ProtocolHandler ["http-nio-auto-24-52735"]
16:06:45.980 [main] INFO  o.s.o.j.LocalContainerEntityManagerFactoryBean - Closing JPA EntityManagerFactory for persistence unit 'default'
16:06:46.022 [main] INFO  com.zaxxer.hikari.HikariDataSource - HikariPool-26 - Shutdown initiated...
16:06:46.025 [main] INFO  com.zaxxer.hikari.HikariDataSource - HikariPool-26 - Shutdown completed.
]]></system-out>
  </testcase>
  <testcase name="testLecturerCanDeleteDraftTimesheet" classname="com.usyd.catams.integration.TimesheetUpdateDeleteIntegrationTest" time="0.452">
    <system-out><![CDATA[16:06:46.032 [main] INFO  o.s.b.d.r.RestartApplicationListener - Restart disabled due to context in which it is running

  .   ____          _            __ _ _
 /\\ / ___'_ __ _ _(_)_ __  __ _ \ \ \ \
( ( )\___ | '_ | '_| | '_ \/ _` | \ \ \ \
 \\/  ___)| |_)| | | | | || (_| |  ) ) ) )
  '  |____| .__|_| |_|_| |_\__, | / / / /
 =========|_|==============|___/=/_/_/_/
 :: Spring Boot ::                (v3.2.0)

16:06:46.058 [main] INFO  c.u.c.i.TimesheetUpdateDeleteIntegrationTest - Starting TimesheetUpdateDeleteIntegrationTest using Java 21.0.8 with PID 43568 (started by k7407 in E:\Code\Casual-Academic-Time-Allocation-Management-System)
16:06:46.058 [main] DEBUG c.u.c.i.TimesheetUpdateDeleteIntegrationTest - Running with Spring Boot v3.2.0, Spring v6.1.1
16:06:46.058 [main] INFO  c.u.c.i.TimesheetUpdateDeleteIntegrationTest - The following 1 profile is active: "integration-test"
16:06:46.321 [main] INFO  o.s.d.r.c.RepositoryConfigurationDelegate - Bootstrapping Spring Data JPA repositories in DEFAULT mode.
16:06:46.345 [main] INFO  o.s.d.r.c.RepositoryConfigurationDelegate - Finished Spring Data repository scanning in 23 ms. Found 3 JPA repository interfaces.
16:06:46.478 [main] INFO  o.s.b.w.e.tomcat.TomcatWebServer - Tomcat initialized with port 0 (http)
16:06:46.479 [main] INFO  o.a.coyote.http11.Http11NioProtocol - Initializing ProtocolHandler ["http-nio-auto-25"]
16:06:46.479 [main] INFO  o.a.catalina.core.StandardService - Starting service [Tomcat]
16:06:46.480 [main] INFO  o.a.catalina.core.StandardEngine - Starting Servlet engine: [Apache Tomcat/10.1.16]
16:06:46.515 [main] INFO  o.a.c.c.C.[.[localhost].[/api] - Initializing Spring embedded WebApplicationContext
16:06:46.515 [main] INFO  o.s.b.w.s.c.ServletWebServerApplicationContext - Root WebApplicationContext: initialization completed in 456 ms
16:06:46.659 [main] INFO  o.h.jpa.internal.util.LogHelper - HHH000204: Processing PersistenceUnitInfo [name: default]
16:06:46.662 [main] INFO  o.h.c.i.RegionFactoryInitiator - HHH000026: Second-level cache disabled
16:06:46.666 [main] INFO  o.s.o.j.p.SpringPersistenceUnitInfo - No LoadTimeWeaver setup: ignoring JPA class transformer
16:06:46.667 [main] INFO  com.zaxxer.hikari.HikariDataSource - HikariPool-27 - Starting...
16:06:46.687 [main] INFO  com.zaxxer.hikari.pool.HikariPool - HikariPool-27 - Added connection org.postgresql.jdbc.PgConnection@6d1103ac
16:06:46.687 [main] INFO  com.zaxxer.hikari.HikariDataSource - HikariPool-27 - Start completed.
16:06:46.691 [main] WARN  org.hibernate.orm.deprecation - HHH90000025: PostgreSQLDialect does not need to be specified explicitly using 'hibernate.dialect' (remove the property setting and it will be selected by default)
16:06:46.792 [main] INFO  o.h.e.t.j.p.i.JtaPlatformInitiator - HHH000489: No JTA platform available (set 'hibernate.transaction.jta.platform' to enable JTA platform integration)
16:06:46.794 [main] WARN  o.h.e.jdbc.spi.SqlExceptionHelper - SQL Warning Code: 0, SQLState: 00000
16:06:46.794 [main] WARN  o.h.e.jdbc.spi.SqlExceptionHelper - table "approvals" does not exist, skipping
16:06:46.796 [main] WARN  o.h.e.jdbc.spi.SqlExceptionHelper - SQL Warning Code: 0, SQLState: 00000
16:06:46.796 [main] WARN  o.h.e.jdbc.spi.SqlExceptionHelper - table "courses" does not exist, skipping
16:06:46.797 [main] WARN  o.h.e.jdbc.spi.SqlExceptionHelper - SQL Warning Code: 0, SQLState: 00000
16:06:46.797 [main] WARN  o.h.e.jdbc.spi.SqlExceptionHelper - table "timesheets" does not exist, skipping
16:06:46.799 [main] WARN  o.h.e.jdbc.spi.SqlExceptionHelper - SQL Warning Code: 0, SQLState: 00000
16:06:46.799 [main] WARN  o.h.e.jdbc.spi.SqlExceptionHelper - table "users" does not exist, skipping
16:06:46.907 [main] INFO  o.s.o.j.LocalContainerEntityManagerFactoryBean - Initialized JPA EntityManagerFactory for persistence unit 'default'
16:06:46.994 [main] DEBUG c.u.c.s.JwtAuthenticationFilter - Filter 'jwtAuthenticationFilter' configured for use
16:06:47.226 [main] WARN  o.s.b.a.s.s.UserDetailsServiceAutoConfiguration - 

Using generated security password: 158ae133-452c-4523-b492-f89fa0dc4545

This generated password is for development use only. Your security configuration must be updated before running your application in production.

16:06:47.460 [main] INFO  o.s.b.a.e.web.EndpointLinksResolver - Exposing 3 endpoint(s) beneath base path '/actuator'
16:06:47.526 [main] INFO  o.s.s.web.DefaultSecurityFilterChain - Will secure any request with [org.springframework.security.web.session.DisableEncodeUrlFilter@18da229f, org.springframework.security.web.context.request.async.WebAsyncManagerIntegrationFilter@7f44d902, org.springframework.security.web.context.SecurityContextHolderFilter@7a7a3995, org.springframework.security.web.header.HeaderWriterFilter@69297e17, org.springframework.web.filter.CorsFilter@dfbfcaf, org.springframework.security.web.authentication.logout.LogoutFilter@12be5077, com.usyd.catams.security.JwtAuthenticationFilter@42b1741a, org.springframework.security.web.savedrequest.RequestCacheAwareFilter@77693407, org.springframework.security.web.servletapi.SecurityContextHolderAwareRequestFilter@43fd1495, org.springframework.security.web.authentication.AnonymousAuthenticationFilter@4d88c5d, org.springframework.security.web.session.SessionManagementFilter@101fadd1, org.springframework.security.web.access.ExceptionTranslationFilter@379ca4a4, org.springframework.security.web.access.intercept.AuthorizationFilter@7c72e371]
16:06:47.769 [main] DEBUG c.u.c.s.JwtAuthenticationFilter - Filter 'jwtAuthenticationFilter' configured for use
16:06:47.770 [main] INFO  o.a.c.c.C.[.[localhost].[/api] - Initializing Spring TestDispatcherServlet ''
16:06:47.770 [main] INFO  o.s.t.w.s.TestDispatcherServlet - Initializing Servlet ''
16:06:47.771 [main] INFO  o.s.t.w.s.TestDispatcherServlet - Completed initialization in 1 ms
16:06:47.799 [main] INFO  o.a.coyote.http11.Http11NioProtocol - Starting ProtocolHandler ["http-nio-auto-25"]
16:06:47.804 [main] INFO  o.s.b.w.e.tomcat.TomcatWebServer - Tomcat started on port 52747 (http) with context path '/api'
16:06:47.809 [main] INFO  c.u.c.i.TimesheetUpdateDeleteIntegrationTest - Started TimesheetUpdateDeleteIntegrationTest in 1.776 seconds (process running for 104.919)
16:06:48.131 [main] DEBUG o.s.security.web.FilterChainProxy - Securing DELETE /api/timesheets/1
16:06:48.142 [main] DEBUG c.u.c.s.JwtAuthenticationFilter - JWT authentication successful for user: lecturer@university.edu with role: LECTURER
16:06:48.142 [main] WARN  o.s.w.s.h.HandlerMappingIntrospector - Cache miss for REQUEST dispatch to '/api/timesheets/1' (previous null). Performing MatchableHandlerMapping lookup. This is logged once only at WARN level, and every time at TRACE.
16:06:48.144 [main] DEBUG o.s.security.web.FilterChainProxy - Secured DELETE /api/timesheets/1
16:06:48.146 [main] DEBUG o.s.s.a.m.AuthorizationManagerBeforeMethodInterceptor - Authorizing method invocation ReflectiveMethodInvocation: public org.springframework.http.ResponseEntity com.usyd.catams.controller.TimesheetController.deleteTimesheet(java.lang.Long,org.springframework.security.core.Authentication); target is of class [com.usyd.catams.controller.TimesheetController]
16:06:48.148 [main] DEBUG o.s.s.a.m.AuthorizationManagerBeforeMethodInterceptor - Authorized method invocation ReflectiveMethodInvocation: public org.springframework.http.ResponseEntity com.usyd.catams.controller.TimesheetController.deleteTimesheet(java.lang.Long,org.springframework.security.core.Authentication); target is of class [com.usyd.catams.controller.TimesheetController]
16:06:48.165 [main] DEBUG o.s.s.a.m.AuthorizationManagerBeforeMethodInterceptor - Authorizing method invocation ReflectiveMethodInvocation: public void com.usyd.catams.application.TimesheetApplicationService.deleteTimesheet(java.lang.Long,java.lang.Long); target is of class [com.usyd.catams.application.TimesheetApplicationService]
16:06:48.180 [main] DEBUG o.s.s.a.m.AuthorizationManagerBeforeMethodInterceptor - Authorized method invocation ReflectiveMethodInvocation: public void com.usyd.catams.application.TimesheetApplicationService.deleteTimesheet(java.lang.Long,java.lang.Long); target is of class [com.usyd.catams.application.TimesheetApplicationService]
16:06:48.208 [main] INFO  o.a.coyote.http11.Http11NioProtocol - Stopping ProtocolHandler ["http-nio-auto-25-52747"]
16:06:48.216 [main] INFO  o.s.o.j.LocalContainerEntityManagerFactoryBean - Closing JPA EntityManagerFactory for persistence unit 'default'
16:06:48.260 [main] INFO  com.zaxxer.hikari.HikariDataSource - HikariPool-27 - Shutdown initiated...
16:06:48.263 [main] INFO  com.zaxxer.hikari.HikariDataSource - HikariPool-27 - Shutdown completed.
]]></system-out>
  </testcase>
</testsuite>