<?xml version="1.0" encoding="UTF-8"?>
<testsuite xmlns:xsi="http://www.w3.org/2001/XMLSchema-instance" xsi:noNamespaceSchemaLocation="https://maven.apache.org/surefire/maven-surefire-plugin/xsd/surefire-test-report-3.0.xsd" version="3.0" name="com.usyd.catams.integration.TimesheetControllerIntegrationTest" time="2.776" tests="10" errors="0" skipped="0" failures="3">
  <properties>
    <property name="java.specification.version" value="17"/>
    <property name="sun.cpu.isalist" value="amd64"/>
    <property name="sun.jnu.encoding" value="UTF-8"/>
    <property name="java.class.path" value="E:\Code\Casual-Academic-Time-Allocation-Management-System\target\test-classes;E:\Code\Casual-Academic-Time-Allocation-Management-System\target\classes;C:\Users\k7407\.m2\repository\org\springframework\boot\spring-boot-starter-web\3.2.0\spring-boot-starter-web-3.2.0.jar;C:\Users\k7407\.m2\repository\org\springframework\boot\spring-boot-starter\3.2.0\spring-boot-starter-3.2.0.jar;C:\Users\k7407\.m2\repository\org\springframework\boot\spring-boot-starter-logging\3.2.0\spring-boot-starter-logging-3.2.0.jar;C:\Users\k7407\.m2\repository\ch\qos\logback\logback-classic\1.4.11\logback-classic-1.4.11.jar;C:\Users\k7407\.m2\repository\ch\qos\logback\logback-core\1.4.11\logback-core-1.4.11.jar;C:\Users\k7407\.m2\repository\org\apache\logging\log4j\log4j-to-slf4j\2.21.1\log4j-to-slf4j-2.21.1.jar;C:\Users\k7407\.m2\repository\org\apache\logging\log4j\log4j-api\2.21.1\log4j-api-2.21.1.jar;C:\Users\k7407\.m2\repository\org\slf4j\jul-to-slf4j\2.0.9\jul-to-slf4j-2.0.9.jar;C:\Users\k7407\.m2\repository\jakarta\annotation\jakarta.annotation-api\2.1.1\jakarta.annotation-api-2.1.1.jar;C:\Users\k7407\.m2\repository\org\springframework\boot\spring-boot-starter-json\3.2.0\spring-boot-starter-json-3.2.0.jar;C:\Users\k7407\.m2\repository\com\fasterxml\jackson\datatype\jackson-datatype-jdk8\2.15.3\jackson-datatype-jdk8-2.15.3.jar;C:\Users\k7407\.m2\repository\com\fasterxml\jackson\datatype\jackson-datatype-jsr310\2.15.3\jackson-datatype-jsr310-2.15.3.jar;C:\Users\k7407\.m2\repository\com\fasterxml\jackson\module\jackson-module-parameter-names\2.15.3\jackson-module-parameter-names-2.15.3.jar;C:\Users\k7407\.m2\repository\org\springframework\boot\spring-boot-starter-tomcat\3.2.0\spring-boot-starter-tomcat-3.2.0.jar;C:\Users\k7407\.m2\repository\org\apache\tomcat\embed\tomcat-embed-core\10.1.16\tomcat-embed-core-10.1.16.jar;C:\Users\k7407\.m2\repository\org\apache\tomcat\embed\tomcat-embed-websocket\10.1.16\tomcat-embed-websocket-10.1.16.jar;C:\Users\k7407\.m2\repository\org\springframework\spring-web\6.1.1\spring-web-6.1.1.jar;C:\Users\k7407\.m2\repository\org\springframework\spring-beans\6.1.1\spring-beans-6.1.1.jar;C:\Users\k7407\.m2\repository\org\springframework\spring-webmvc\6.1.1\spring-webmvc-6.1.1.jar;C:\Users\k7407\.m2\repository\org\springframework\spring-context\6.1.1\spring-context-6.1.1.jar;C:\Users\k7407\.m2\repository\org\springframework\spring-expression\6.1.1\spring-expression-6.1.1.jar;C:\Users\k7407\.m2\repository\org\springframework\boot\spring-boot-starter-data-jpa\3.2.0\spring-boot-starter-data-jpa-3.2.0.jar;C:\Users\k7407\.m2\repository\org\springframework\boot\spring-boot-starter-aop\3.2.0\spring-boot-starter-aop-3.2.0.jar;C:\Users\k7407\.m2\repository\org\aspectj\aspectjweaver\1.9.20.1\aspectjweaver-1.9.20.1.jar;C:\Users\k7407\.m2\repository\org\springframework\boot\spring-boot-starter-jdbc\3.2.0\spring-boot-starter-jdbc-3.2.0.jar;C:\Users\k7407\.m2\repository\com\zaxxer\HikariCP\5.0.1\HikariCP-5.0.1.jar;C:\Users\k7407\.m2\repository\org\springframework\spring-jdbc\6.1.1\spring-jdbc-6.1.1.jar;C:\Users\k7407\.m2\repository\org\hibernate\orm\hibernate-core\6.3.1.Final\hibernate-core-6.3.1.Final.jar;C:\Users\k7407\.m2\repository\jakarta\persistence\jakarta.persistence-api\3.1.0\jakarta.persistence-api-3.1.0.jar;C:\Users\k7407\.m2\repository\jakarta\transaction\jakarta.transaction-api\2.0.1\jakarta.transaction-api-2.0.1.jar;C:\Users\k7407\.m2\repository\org\jboss\logging\jboss-logging\3.5.3.Final\jboss-logging-3.5.3.Final.jar;C:\Users\k7407\.m2\repository\org\hibernate\common\hibernate-commons-annotations\6.0.6.Final\hibernate-commons-annotations-6.0.6.Final.jar;C:\Users\k7407\.m2\repository\io\smallrye\jandex\3.1.2\jandex-3.1.2.jar;C:\Users\k7407\.m2\repository\com\fasterxml\classmate\1.6.0\classmate-1.6.0.jar;C:\Users\k7407\.m2\repository\net\bytebuddy\byte-buddy\1.14.10\byte-buddy-1.14.10.jar;C:\Users\k7407\.m2\repository\org\glassfish\jaxb\jaxb-runtime\4.0.4\jaxb-runtime-4.0.4.jar;C:\Users\k7407\.m2\repository\org\glassfish\jaxb\jaxb-core\4.0.4\jaxb-core-4.0.4.jar;C:\Users\k7407\.m2\repository\org\eclipse\angus\angus-activation\2.0.1\angus-activation-2.0.1.jar;C:\Users\k7407\.m2\repository\org\glassfish\jaxb\txw2\4.0.4\txw2-4.0.4.jar;C:\Users\k7407\.m2\repository\com\sun\istack\istack-commons-runtime\4.1.2\istack-commons-runtime-4.1.2.jar;C:\Users\k7407\.m2\repository\jakarta\inject\jakarta.inject-api\2.0.1\jakarta.inject-api-2.0.1.jar;C:\Users\k7407\.m2\repository\org\antlr\antlr4-runtime\4.10.1\antlr4-runtime-4.10.1.jar;C:\Users\k7407\.m2\repository\org\springframework\data\spring-data-jpa\3.2.0\spring-data-jpa-3.2.0.jar;C:\Users\k7407\.m2\repository\org\springframework\data\spring-data-commons\3.2.0\spring-data-commons-3.2.0.jar;C:\Users\k7407\.m2\repository\org\springframework\spring-orm\6.1.1\spring-orm-6.1.1.jar;C:\Users\k7407\.m2\repository\org\springframework\spring-tx\6.1.1\spring-tx-6.1.1.jar;C:\Users\k7407\.m2\repository\org\springframework\spring-aspects\6.1.1\spring-aspects-6.1.1.jar;C:\Users\k7407\.m2\repository\org\springframework\boot\spring-boot-starter-security\3.2.0\spring-boot-starter-security-3.2.0.jar;C:\Users\k7407\.m2\repository\org\springframework\spring-aop\6.1.1\spring-aop-6.1.1.jar;C:\Users\k7407\.m2\repository\org\springframework\security\spring-security-config\6.2.0\spring-security-config-6.2.0.jar;C:\Users\k7407\.m2\repository\org\springframework\security\spring-security-web\6.2.0\spring-security-web-6.2.0.jar;C:\Users\k7407\.m2\repository\org\springframework\boot\spring-boot-starter-validation\3.2.0\spring-boot-starter-validation-3.2.0.jar;C:\Users\k7407\.m2\repository\org\apache\tomcat\embed\tomcat-embed-el\10.1.16\tomcat-embed-el-10.1.16.jar;C:\Users\k7407\.m2\repository\org\hibernate\validator\hibernate-validator\8.0.1.Final\hibernate-validator-8.0.1.Final.jar;C:\Users\k7407\.m2\repository\jakarta\validation\jakarta.validation-api\3.0.2\jakarta.validation-api-3.0.2.jar;C:\Users\k7407\.m2\repository\org\springframework\boot\spring-boot-starter-actuator\3.2.0\spring-boot-starter-actuator-3.2.0.jar;C:\Users\k7407\.m2\repository\org\springframework\boot\spring-boot-actuator-autoconfigure\3.2.0\spring-boot-actuator-autoconfigure-3.2.0.jar;C:\Users\k7407\.m2\repository\org\springframework\boot\spring-boot-actuator\3.2.0\spring-boot-actuator-3.2.0.jar;C:\Users\k7407\.m2\repository\io\micrometer\micrometer-observation\1.12.0\micrometer-observation-1.12.0.jar;C:\Users\k7407\.m2\repository\io\micrometer\micrometer-jakarta9\1.12.0\micrometer-jakarta9-1.12.0.jar;C:\Users\k7407\.m2\repository\org\postgresql\postgresql\42.6.0\postgresql-42.6.0.jar;C:\Users\k7407\.m2\repository\org\checkerframework\checker-qual\3.31.0\checker-qual-3.31.0.jar;C:\Users\k7407\.m2\repository\com\h2database\h2\2.2.224\h2-2.2.224.jar;C:\Users\k7407\.m2\repository\io\jsonwebtoken\jjwt-api\0.12.3\jjwt-api-0.12.3.jar;C:\Users\k7407\.m2\repository\io\jsonwebtoken\jjwt-impl\0.12.3\jjwt-impl-0.12.3.jar;C:\Users\k7407\.m2\repository\io\jsonwebtoken\jjwt-jackson\0.12.3\jjwt-jackson-0.12.3.jar;C:\Users\k7407\.m2\repository\com\fasterxml\jackson\core\jackson-databind\2.15.3\jackson-databind-2.15.3.jar;C:\Users\k7407\.m2\repository\com\fasterxml\jackson\core\jackson-annotations\2.15.3\jackson-annotations-2.15.3.jar;C:\Users\k7407\.m2\repository\com\fasterxml\jackson\core\jackson-core\2.15.3\jackson-core-2.15.3.jar;C:\Users\k7407\.m2\repository\org\springframework\boot\spring-boot-devtools\3.2.0\spring-boot-devtools-3.2.0.jar;C:\Users\k7407\.m2\repository\org\springframework\boot\spring-boot\3.2.0\spring-boot-3.2.0.jar;C:\Users\k7407\.m2\repository\org\springframework\boot\spring-boot-autoconfigure\3.2.0\spring-boot-autoconfigure-3.2.0.jar;C:\Users\k7407\.m2\repository\org\springframework\boot\spring-boot-starter-test\3.2.0\spring-boot-starter-test-3.2.0.jar;C:\Users\k7407\.m2\repository\org\springframework\boot\spring-boot-test\3.2.0\spring-boot-test-3.2.0.jar;C:\Users\k7407\.m2\repository\org\springframework\boot\spring-boot-test-autoconfigure\3.2.0\spring-boot-test-autoconfigure-3.2.0.jar;C:\Users\k7407\.m2\repository\com\jayway\jsonpath\json-path\2.8.0\json-path-2.8.0.jar;C:\Users\k7407\.m2\repository\jakarta\xml\bind\jakarta.xml.bind-api\4.0.1\jakarta.xml.bind-api-4.0.1.jar;C:\Users\k7407\.m2\repository\jakarta\activation\jakarta.activation-api\2.1.2\jakarta.activation-api-2.1.2.jar;C:\Users\k7407\.m2\repository\net\minidev\json-smart\2.5.0\json-smart-2.5.0.jar;C:\Users\k7407\.m2\repository\net\minidev\accessors-smart\2.5.0\accessors-smart-2.5.0.jar;C:\Users\k7407\.m2\repository\org\ow2\asm\asm\9.3\asm-9.3.jar;C:\Users\k7407\.m2\repository\org\assertj\assertj-core\3.24.2\assertj-core-3.24.2.jar;C:\Users\k7407\.m2\repository\org\awaitility\awaitility\4.2.0\awaitility-4.2.0.jar;C:\Users\k7407\.m2\repository\org\hamcrest\hamcrest\2.2\hamcrest-2.2.jar;C:\Users\k7407\.m2\repository\org\junit\jupiter\junit-jupiter\5.10.1\junit-jupiter-5.10.1.jar;C:\Users\k7407\.m2\repository\org\junit\jupiter\junit-jupiter-api\5.10.1\junit-jupiter-api-5.10.1.jar;C:\Users\k7407\.m2\repository\org\junit\jupiter\junit-jupiter-params\5.10.1\junit-jupiter-params-5.10.1.jar;C:\Users\k7407\.m2\repository\org\junit\jupiter\junit-jupiter-engine\5.10.1\junit-jupiter-engine-5.10.1.jar;C:\Users\k7407\.m2\repository\org\mockito\mockito-core\5.7.0\mockito-core-5.7.0.jar;C:\Users\k7407\.m2\repository\net\bytebuddy\byte-buddy-agent\1.14.10\byte-buddy-agent-1.14.10.jar;C:\Users\k7407\.m2\repository\org\objenesis\objenesis\3.3\objenesis-3.3.jar;C:\Users\k7407\.m2\repository\org\mockito\mockito-junit-jupiter\5.7.0\mockito-junit-jupiter-5.7.0.jar;C:\Users\k7407\.m2\repository\org\skyscreamer\jsonassert\1.5.1\jsonassert-1.5.1.jar;C:\Users\k7407\.m2\repository\com\vaadin\external\google\android-json\0.0.20131108.vaadin1\android-json-0.0.20131108.vaadin1.jar;C:\Users\k7407\.m2\repository\org\springframework\spring-core\6.1.1\spring-core-6.1.1.jar;C:\Users\k7407\.m2\repository\org\springframework\spring-jcl\6.1.1\spring-jcl-6.1.1.jar;C:\Users\k7407\.m2\repository\org\springframework\spring-test\6.1.1\spring-test-6.1.1.jar;C:\Users\k7407\.m2\repository\org\xmlunit\xmlunit-core\2.9.1\xmlunit-core-2.9.1.jar;C:\Users\k7407\.m2\repository\org\springframework\security\spring-security-test\6.2.0\spring-security-test-6.2.0.jar;C:\Users\k7407\.m2\repository\org\springframework\security\spring-security-core\6.2.0\spring-security-core-6.2.0.jar;C:\Users\k7407\.m2\repository\org\springframework\security\spring-security-crypto\6.2.0\spring-security-crypto-6.2.0.jar;C:\Users\k7407\.m2\repository\org\testcontainers\junit-jupiter\1.19.1\junit-jupiter-1.19.1.jar;C:\Users\k7407\.m2\repository\org\testcontainers\postgresql\1.19.1\postgresql-1.19.1.jar;C:\Users\k7407\.m2\repository\org\testcontainers\jdbc\1.19.1\jdbc-1.19.1.jar;C:\Users\k7407\.m2\repository\org\testcontainers\database-commons\1.19.1\database-commons-1.19.1.jar;C:\Users\k7407\.m2\repository\org\testcontainers\testcontainers\1.19.1\testcontainers-1.19.1.jar;C:\Users\k7407\.m2\repository\junit\junit\4.13.2\junit-4.13.2.jar;C:\Users\k7407\.m2\repository\org\hamcrest\hamcrest-core\2.2\hamcrest-core-2.2.jar;C:\Users\k7407\.m2\repository\org\slf4j\slf4j-api\2.0.9\slf4j-api-2.0.9.jar;C:\Users\k7407\.m2\repository\org\apache\commons\commons-compress\1.24.0\commons-compress-1.24.0.jar;C:\Users\k7407\.m2\repository\org\rnorth\duct-tape\duct-tape\1.0.8\duct-tape-1.0.8.jar;C:\Users\k7407\.m2\repository\org\jetbrains\annotations\17.0.0\annotations-17.0.0.jar;C:\Users\k7407\.m2\repository\com\github\docker-java\docker-java-api\3.3.3\docker-java-api-3.3.3.jar;C:\Users\k7407\.m2\repository\com\github\docker-java\docker-java-transport-zerodep\3.3.3\docker-java-transport-zerodep-3.3.3.jar;C:\Users\k7407\.m2\repository\com\github\docker-java\docker-java-transport\3.3.3\docker-java-transport-3.3.3.jar;C:\Users\k7407\.m2\repository\net\java\dev\jna\jna\5.12.1\jna-5.12.1.jar;C:\Users\k7407\.m2\repository\org\apache\httpcomponents\client5\httpclient5\5.2.1\httpclient5-5.2.1.jar;C:\Users\k7407\.m2\repository\org\apache\httpcomponents\core5\httpcore5\5.2.3\httpcore5-5.2.3.jar;C:\Users\k7407\.m2\repository\org\apache\httpcomponents\core5\httpcore5-h2\5.2.3\httpcore5-h2-5.2.3.jar;C:\Users\k7407\.m2\repository\io\micrometer\micrometer-core\1.12.0\micrometer-core-1.12.0.jar;C:\Users\k7407\.m2\repository\io\micrometer\micrometer-commons\1.12.0\micrometer-commons-1.12.0.jar;C:\Users\k7407\.m2\repository\org\hdrhistogram\HdrHistogram\2.1.12\HdrHistogram-2.1.12.jar;C:\Users\k7407\.m2\repository\org\latencyutils\LatencyUtils\2.0.3\LatencyUtils-2.0.3.jar;C:\Users\k7407\.m2\repository\org\junit\platform\junit-platform-launcher\1.10.1\junit-platform-launcher-1.10.1.jar;C:\Users\k7407\.m2\repository\org\junit\platform\junit-platform-engine\1.10.1\junit-platform-engine-1.10.1.jar;C:\Users\k7407\.m2\repository\org\opentest4j\opentest4j\1.3.0\opentest4j-1.3.0.jar;C:\Users\k7407\.m2\repository\org\junit\platform\junit-platform-commons\1.10.1\junit-platform-commons-1.10.1.jar;C:\Users\k7407\.m2\repository\org\apiguardian\apiguardian-api\1.1.2\apiguardian-api-1.1.2.jar;C:\Users\k7407\.m2\repository\com\atlassian\oai\swagger-request-validator-mockmvc\2.39.0\swagger-request-validator-mockmvc-2.39.0.jar;C:\Users\k7407\.m2\repository\com\atlassian\oai\swagger-request-validator-core\2.39.0\swagger-request-validator-core-2.39.0.jar;C:\Users\k7407\.m2\repository\com\github\java-json-tools\json-schema-validator\2.2.14\json-schema-validator-2.2.14.jar;C:\Users\k7407\.m2\repository\com\github\java-json-tools\jackson-coreutils-equivalence\1.0\jackson-coreutils-equivalence-1.0.jar;C:\Users\k7407\.m2\repository\com\github\java-json-tools\jackson-coreutils\2.0\jackson-coreutils-2.0.jar;C:\Users\k7407\.m2\repository\com\github\java-json-tools\json-schema-core\1.2.14\json-schema-core-1.2.14.jar;C:\Users\k7407\.m2\repository\com\github\java-json-tools\uri-template\0.10\uri-template-0.10.jar;C:\Users\k7407\.m2\repository\org\mozilla\rhino\1.7.7.2\rhino-1.7.7.2.jar;C:\Users\k7407\.m2\repository\com\sun\mail\mailapi\1.6.2\mailapi-1.6.2.jar;C:\Users\k7407\.m2\repository\joda-time\joda-time\2.10.5\joda-time-2.10.5.jar;C:\Users\k7407\.m2\repository\com\googlecode\libphonenumber\libphonenumber\8.11.1\libphonenumber-8.11.1.jar;C:\Users\k7407\.m2\repository\net\sf\jopt-simple\jopt-simple\5.0.4\jopt-simple-5.0.4.jar;C:\Users\k7407\.m2\repository\com\google\guava\guava\31.1-jre\guava-31.1-jre.jar;C:\Users\k7407\.m2\repository\com\google\guava\failureaccess\1.0.1\failureaccess-1.0.1.jar;C:\Users\k7407\.m2\repository\com\google\guava\listenablefuture\9999.0-empty-to-avoid-conflict-with-guava\listenablefuture-9999.0-empty-to-avoid-conflict-with-guava.jar;C:\Users\k7407\.m2\repository\com\google\errorprone\error_prone_annotations\2.11.0\error_prone_annotations-2.11.0.jar;C:\Users\k7407\.m2\repository\com\google\j2objc\j2objc-annotations\1.3\j2objc-annotations-1.3.jar;C:\Users\k7407\.m2\repository\com\google\code\findbugs\jsr305\3.0.2\jsr305-3.0.2.jar;C:\Users\k7407\.m2\repository\io\swagger\parser\v3\swagger-parser\2.1.16\swagger-parser-2.1.16.jar;C:\Users\k7407\.m2\repository\io\swagger\parser\v3\swagger-parser-v2-converter\2.1.16\swagger-parser-v2-converter-2.1.16.jar;C:\Users\k7407\.m2\repository\io\swagger\swagger-core\1.6.11\swagger-core-1.6.11.jar;C:\Users\k7407\.m2\repository\org\apache\commons\commons-lang3\3.13.0\commons-lang3-3.13.0.jar;C:\Users\k7407\.m2\repository\io\swagger\swagger-models\1.6.11\swagger-models-1.6.11.jar;C:\Users\k7407\.m2\repository\io\swagger\swagger-annotations\1.6.11\swagger-annotations-1.6.11.jar;C:\Users\k7407\.m2\repository\io\swagger\swagger-parser\1.0.67\swagger-parser-1.0.67.jar;C:\Users\k7407\.m2\repository\io\swagger\swagger-compat-spec-parser\1.0.67\swagger-compat-spec-parser-1.0.67.jar;C:\Users\k7407\.m2\repository\com\github\java-json-tools\json-patch\1.13\json-patch-1.13.jar;C:\Users\k7407\.m2\repository\com\github\java-json-tools\msg-simple\1.2\msg-simple-1.2.jar;C:\Users\k7407\.m2\repository\com\github\java-json-tools\btf\1.3\btf-1.3.jar;C:\Users\k7407\.m2\repository\org\apache\httpcomponents\httpclient\4.5.14\httpclient-4.5.14.jar;C:\Users\k7407\.m2\repository\org\apache\httpcomponents\httpcore\4.4.16\httpcore-4.4.16.jar;C:\Users\k7407\.m2\repository\commons-logging\commons-logging\1.2\commons-logging-1.2.jar;C:\Users\k7407\.m2\repository\commons-codec\commons-codec\1.16.0\commons-codec-1.16.0.jar;C:\Users\k7407\.m2\repository\io\swagger\core\v3\swagger-models\2.2.14\swagger-models-2.2.14.jar;C:\Users\k7407\.m2\repository\io\swagger\parser\v3\swagger-parser-core\2.1.16\swagger-parser-core-2.1.16.jar;C:\Users\k7407\.m2\repository\io\swagger\parser\v3\swagger-parser-v3\2.1.16\swagger-parser-v3-2.1.16.jar;C:\Users\k7407\.m2\repository\io\swagger\core\v3\swagger-core\2.2.14\swagger-core-2.2.14.jar;C:\Users\k7407\.m2\repository\io\swagger\core\v3\swagger-annotations\2.2.14\swagger-annotations-2.2.14.jar;C:\Users\k7407\.m2\repository\io\swagger\parser\v3\swagger-parser-safe-url-resolver\2.1.16\swagger-parser-safe-url-resolver-2.1.16.jar;C:\Users\k7407\.m2\repository\com\fasterxml\jackson\dataformat\jackson-dataformat-yaml\2.15.3\jackson-dataformat-yaml-2.15.3.jar;C:\Users\k7407\.m2\repository\org\yaml\snakeyaml\2.2\snakeyaml-2.2.jar;C:\Users\k7407\.m2\repository\commons-io\commons-io\2.11.0\commons-io-2.11.0.jar;"/>
    <property name="java.vm.vendor" value="Oracle Corporation"/>
    <property name="sun.arch.data.model" value="64"/>
    <property name="user.variant" value=""/>
    <property name="catalina.useNaming" value="false"/>
    <property name="java.vendor.url" value="https://java.oracle.com/"/>
    <property name="user.timezone" value="Australia/Sydney"/>
    <property name="org.jboss.logging.provider" value="slf4j"/>
    <property name="os.name" value="Windows 11"/>
    <property name="java.vm.specification.version" value="17"/>
    <property name="sun.java.launcher" value="SUN_STANDARD"/>
    <property name="user.country" value="CN"/>
    <property name="sun.boot.library.path" value="C:\Program Files\Java\jdk-17\bin"/>
    <property name="sun.java.command" value="C:\Users\k7407\AppData\Local\Temp\surefire18252986523040081277\surefirebooter-20250805190434335_3.jar C:\Users\k7407\AppData\Local\Temp\surefire18252986523040081277 2025-08-05T19-04-34_175-jvmRun1 surefire-20250805190434335_1tmp surefire_0-20250805190434335_2tmp"/>
    <property name="jdk.debug" value="release"/>
    <property name="surefire.test.class.path" value="E:\Code\Casual-Academic-Time-Allocation-Management-System\target\test-classes;E:\Code\Casual-Academic-Time-Allocation-Management-System\target\classes;C:\Users\k7407\.m2\repository\org\springframework\boot\spring-boot-starter-web\3.2.0\spring-boot-starter-web-3.2.0.jar;C:\Users\k7407\.m2\repository\org\springframework\boot\spring-boot-starter\3.2.0\spring-boot-starter-3.2.0.jar;C:\Users\k7407\.m2\repository\org\springframework\boot\spring-boot-starter-logging\3.2.0\spring-boot-starter-logging-3.2.0.jar;C:\Users\k7407\.m2\repository\ch\qos\logback\logback-classic\1.4.11\logback-classic-1.4.11.jar;C:\Users\k7407\.m2\repository\ch\qos\logback\logback-core\1.4.11\logback-core-1.4.11.jar;C:\Users\k7407\.m2\repository\org\apache\logging\log4j\log4j-to-slf4j\2.21.1\log4j-to-slf4j-2.21.1.jar;C:\Users\k7407\.m2\repository\org\apache\logging\log4j\log4j-api\2.21.1\log4j-api-2.21.1.jar;C:\Users\k7407\.m2\repository\org\slf4j\jul-to-slf4j\2.0.9\jul-to-slf4j-2.0.9.jar;C:\Users\k7407\.m2\repository\jakarta\annotation\jakarta.annotation-api\2.1.1\jakarta.annotation-api-2.1.1.jar;C:\Users\k7407\.m2\repository\org\springframework\boot\spring-boot-starter-json\3.2.0\spring-boot-starter-json-3.2.0.jar;C:\Users\k7407\.m2\repository\com\fasterxml\jackson\datatype\jackson-datatype-jdk8\2.15.3\jackson-datatype-jdk8-2.15.3.jar;C:\Users\k7407\.m2\repository\com\fasterxml\jackson\datatype\jackson-datatype-jsr310\2.15.3\jackson-datatype-jsr310-2.15.3.jar;C:\Users\k7407\.m2\repository\com\fasterxml\jackson\module\jackson-module-parameter-names\2.15.3\jackson-module-parameter-names-2.15.3.jar;C:\Users\k7407\.m2\repository\org\springframework\boot\spring-boot-starter-tomcat\3.2.0\spring-boot-starter-tomcat-3.2.0.jar;C:\Users\k7407\.m2\repository\org\apache\tomcat\embed\tomcat-embed-core\10.1.16\tomcat-embed-core-10.1.16.jar;C:\Users\k7407\.m2\repository\org\apache\tomcat\embed\tomcat-embed-websocket\10.1.16\tomcat-embed-websocket-10.1.16.jar;C:\Users\k7407\.m2\repository\org\springframework\spring-web\6.1.1\spring-web-6.1.1.jar;C:\Users\k7407\.m2\repository\org\springframework\spring-beans\6.1.1\spring-beans-6.1.1.jar;C:\Users\k7407\.m2\repository\org\springframework\spring-webmvc\6.1.1\spring-webmvc-6.1.1.jar;C:\Users\k7407\.m2\repository\org\springframework\spring-context\6.1.1\spring-context-6.1.1.jar;C:\Users\k7407\.m2\repository\org\springframework\spring-expression\6.1.1\spring-expression-6.1.1.jar;C:\Users\k7407\.m2\repository\org\springframework\boot\spring-boot-starter-data-jpa\3.2.0\spring-boot-starter-data-jpa-3.2.0.jar;C:\Users\k7407\.m2\repository\org\springframework\boot\spring-boot-starter-aop\3.2.0\spring-boot-starter-aop-3.2.0.jar;C:\Users\k7407\.m2\repository\org\aspectj\aspectjweaver\1.9.20.1\aspectjweaver-1.9.20.1.jar;C:\Users\k7407\.m2\repository\org\springframework\boot\spring-boot-starter-jdbc\3.2.0\spring-boot-starter-jdbc-3.2.0.jar;C:\Users\k7407\.m2\repository\com\zaxxer\HikariCP\5.0.1\HikariCP-5.0.1.jar;C:\Users\k7407\.m2\repository\org\springframework\spring-jdbc\6.1.1\spring-jdbc-6.1.1.jar;C:\Users\k7407\.m2\repository\org\hibernate\orm\hibernate-core\6.3.1.Final\hibernate-core-6.3.1.Final.jar;C:\Users\k7407\.m2\repository\jakarta\persistence\jakarta.persistence-api\3.1.0\jakarta.persistence-api-3.1.0.jar;C:\Users\k7407\.m2\repository\jakarta\transaction\jakarta.transaction-api\2.0.1\jakarta.transaction-api-2.0.1.jar;C:\Users\k7407\.m2\repository\org\jboss\logging\jboss-logging\3.5.3.Final\jboss-logging-3.5.3.Final.jar;C:\Users\k7407\.m2\repository\org\hibernate\common\hibernate-commons-annotations\6.0.6.Final\hibernate-commons-annotations-6.0.6.Final.jar;C:\Users\k7407\.m2\repository\io\smallrye\jandex\3.1.2\jandex-3.1.2.jar;C:\Users\k7407\.m2\repository\com\fasterxml\classmate\1.6.0\classmate-1.6.0.jar;C:\Users\k7407\.m2\repository\net\bytebuddy\byte-buddy\1.14.10\byte-buddy-1.14.10.jar;C:\Users\k7407\.m2\repository\org\glassfish\jaxb\jaxb-runtime\4.0.4\jaxb-runtime-4.0.4.jar;C:\Users\k7407\.m2\repository\org\glassfish\jaxb\jaxb-core\4.0.4\jaxb-core-4.0.4.jar;C:\Users\k7407\.m2\repository\org\eclipse\angus\angus-activation\2.0.1\angus-activation-2.0.1.jar;C:\Users\k7407\.m2\repository\org\glassfish\jaxb\txw2\4.0.4\txw2-4.0.4.jar;C:\Users\k7407\.m2\repository\com\sun\istack\istack-commons-runtime\4.1.2\istack-commons-runtime-4.1.2.jar;C:\Users\k7407\.m2\repository\jakarta\inject\jakarta.inject-api\2.0.1\jakarta.inject-api-2.0.1.jar;C:\Users\k7407\.m2\repository\org\antlr\antlr4-runtime\4.10.1\antlr4-runtime-4.10.1.jar;C:\Users\k7407\.m2\repository\org\springframework\data\spring-data-jpa\3.2.0\spring-data-jpa-3.2.0.jar;C:\Users\k7407\.m2\repository\org\springframework\data\spring-data-commons\3.2.0\spring-data-commons-3.2.0.jar;C:\Users\k7407\.m2\repository\org\springframework\spring-orm\6.1.1\spring-orm-6.1.1.jar;C:\Users\k7407\.m2\repository\org\springframework\spring-tx\6.1.1\spring-tx-6.1.1.jar;C:\Users\k7407\.m2\repository\org\springframework\spring-aspects\6.1.1\spring-aspects-6.1.1.jar;C:\Users\k7407\.m2\repository\org\springframework\boot\spring-boot-starter-security\3.2.0\spring-boot-starter-security-3.2.0.jar;C:\Users\k7407\.m2\repository\org\springframework\spring-aop\6.1.1\spring-aop-6.1.1.jar;C:\Users\k7407\.m2\repository\org\springframework\security\spring-security-config\6.2.0\spring-security-config-6.2.0.jar;C:\Users\k7407\.m2\repository\org\springframework\security\spring-security-web\6.2.0\spring-security-web-6.2.0.jar;C:\Users\k7407\.m2\repository\org\springframework\boot\spring-boot-starter-validation\3.2.0\spring-boot-starter-validation-3.2.0.jar;C:\Users\k7407\.m2\repository\org\apache\tomcat\embed\tomcat-embed-el\10.1.16\tomcat-embed-el-10.1.16.jar;C:\Users\k7407\.m2\repository\org\hibernate\validator\hibernate-validator\8.0.1.Final\hibernate-validator-8.0.1.Final.jar;C:\Users\k7407\.m2\repository\jakarta\validation\jakarta.validation-api\3.0.2\jakarta.validation-api-3.0.2.jar;C:\Users\k7407\.m2\repository\org\springframework\boot\spring-boot-starter-actuator\3.2.0\spring-boot-starter-actuator-3.2.0.jar;C:\Users\k7407\.m2\repository\org\springframework\boot\spring-boot-actuator-autoconfigure\3.2.0\spring-boot-actuator-autoconfigure-3.2.0.jar;C:\Users\k7407\.m2\repository\org\springframework\boot\spring-boot-actuator\3.2.0\spring-boot-actuator-3.2.0.jar;C:\Users\k7407\.m2\repository\io\micrometer\micrometer-observation\1.12.0\micrometer-observation-1.12.0.jar;C:\Users\k7407\.m2\repository\io\micrometer\micrometer-jakarta9\1.12.0\micrometer-jakarta9-1.12.0.jar;C:\Users\k7407\.m2\repository\org\postgresql\postgresql\42.6.0\postgresql-42.6.0.jar;C:\Users\k7407\.m2\repository\org\checkerframework\checker-qual\3.31.0\checker-qual-3.31.0.jar;C:\Users\k7407\.m2\repository\com\h2database\h2\2.2.224\h2-2.2.224.jar;C:\Users\k7407\.m2\repository\io\jsonwebtoken\jjwt-api\0.12.3\jjwt-api-0.12.3.jar;C:\Users\k7407\.m2\repository\io\jsonwebtoken\jjwt-impl\0.12.3\jjwt-impl-0.12.3.jar;C:\Users\k7407\.m2\repository\io\jsonwebtoken\jjwt-jackson\0.12.3\jjwt-jackson-0.12.3.jar;C:\Users\k7407\.m2\repository\com\fasterxml\jackson\core\jackson-databind\2.15.3\jackson-databind-2.15.3.jar;C:\Users\k7407\.m2\repository\com\fasterxml\jackson\core\jackson-annotations\2.15.3\jackson-annotations-2.15.3.jar;C:\Users\k7407\.m2\repository\com\fasterxml\jackson\core\jackson-core\2.15.3\jackson-core-2.15.3.jar;C:\Users\k7407\.m2\repository\org\springframework\boot\spring-boot-devtools\3.2.0\spring-boot-devtools-3.2.0.jar;C:\Users\k7407\.m2\repository\org\springframework\boot\spring-boot\3.2.0\spring-boot-3.2.0.jar;C:\Users\k7407\.m2\repository\org\springframework\boot\spring-boot-autoconfigure\3.2.0\spring-boot-autoconfigure-3.2.0.jar;C:\Users\k7407\.m2\repository\org\springframework\boot\spring-boot-starter-test\3.2.0\spring-boot-starter-test-3.2.0.jar;C:\Users\k7407\.m2\repository\org\springframework\boot\spring-boot-test\3.2.0\spring-boot-test-3.2.0.jar;C:\Users\k7407\.m2\repository\org\springframework\boot\spring-boot-test-autoconfigure\3.2.0\spring-boot-test-autoconfigure-3.2.0.jar;C:\Users\k7407\.m2\repository\com\jayway\jsonpath\json-path\2.8.0\json-path-2.8.0.jar;C:\Users\k7407\.m2\repository\jakarta\xml\bind\jakarta.xml.bind-api\4.0.1\jakarta.xml.bind-api-4.0.1.jar;C:\Users\k7407\.m2\repository\jakarta\activation\jakarta.activation-api\2.1.2\jakarta.activation-api-2.1.2.jar;C:\Users\k7407\.m2\repository\net\minidev\json-smart\2.5.0\json-smart-2.5.0.jar;C:\Users\k7407\.m2\repository\net\minidev\accessors-smart\2.5.0\accessors-smart-2.5.0.jar;C:\Users\k7407\.m2\repository\org\ow2\asm\asm\9.3\asm-9.3.jar;C:\Users\k7407\.m2\repository\org\assertj\assertj-core\3.24.2\assertj-core-3.24.2.jar;C:\Users\k7407\.m2\repository\org\awaitility\awaitility\4.2.0\awaitility-4.2.0.jar;C:\Users\k7407\.m2\repository\org\hamcrest\hamcrest\2.2\hamcrest-2.2.jar;C:\Users\k7407\.m2\repository\org\junit\jupiter\junit-jupiter\5.10.1\junit-jupiter-5.10.1.jar;C:\Users\k7407\.m2\repository\org\junit\jupiter\junit-jupiter-api\5.10.1\junit-jupiter-api-5.10.1.jar;C:\Users\k7407\.m2\repository\org\junit\jupiter\junit-jupiter-params\5.10.1\junit-jupiter-params-5.10.1.jar;C:\Users\k7407\.m2\repository\org\junit\jupiter\junit-jupiter-engine\5.10.1\junit-jupiter-engine-5.10.1.jar;C:\Users\k7407\.m2\repository\org\mockito\mockito-core\5.7.0\mockito-core-5.7.0.jar;C:\Users\k7407\.m2\repository\net\bytebuddy\byte-buddy-agent\1.14.10\byte-buddy-agent-1.14.10.jar;C:\Users\k7407\.m2\repository\org\objenesis\objenesis\3.3\objenesis-3.3.jar;C:\Users\k7407\.m2\repository\org\mockito\mockito-junit-jupiter\5.7.0\mockito-junit-jupiter-5.7.0.jar;C:\Users\k7407\.m2\repository\org\skyscreamer\jsonassert\1.5.1\jsonassert-1.5.1.jar;C:\Users\k7407\.m2\repository\com\vaadin\external\google\android-json\0.0.20131108.vaadin1\android-json-0.0.20131108.vaadin1.jar;C:\Users\k7407\.m2\repository\org\springframework\spring-core\6.1.1\spring-core-6.1.1.jar;C:\Users\k7407\.m2\repository\org\springframework\spring-jcl\6.1.1\spring-jcl-6.1.1.jar;C:\Users\k7407\.m2\repository\org\springframework\spring-test\6.1.1\spring-test-6.1.1.jar;C:\Users\k7407\.m2\repository\org\xmlunit\xmlunit-core\2.9.1\xmlunit-core-2.9.1.jar;C:\Users\k7407\.m2\repository\org\springframework\security\spring-security-test\6.2.0\spring-security-test-6.2.0.jar;C:\Users\k7407\.m2\repository\org\springframework\security\spring-security-core\6.2.0\spring-security-core-6.2.0.jar;C:\Users\k7407\.m2\repository\org\springframework\security\spring-security-crypto\6.2.0\spring-security-crypto-6.2.0.jar;C:\Users\k7407\.m2\repository\org\testcontainers\junit-jupiter\1.19.1\junit-jupiter-1.19.1.jar;C:\Users\k7407\.m2\repository\org\testcontainers\postgresql\1.19.1\postgresql-1.19.1.jar;C:\Users\k7407\.m2\repository\org\testcontainers\jdbc\1.19.1\jdbc-1.19.1.jar;C:\Users\k7407\.m2\repository\org\testcontainers\database-commons\1.19.1\database-commons-1.19.1.jar;C:\Users\k7407\.m2\repository\org\testcontainers\testcontainers\1.19.1\testcontainers-1.19.1.jar;C:\Users\k7407\.m2\repository\junit\junit\4.13.2\junit-4.13.2.jar;C:\Users\k7407\.m2\repository\org\hamcrest\hamcrest-core\2.2\hamcrest-core-2.2.jar;C:\Users\k7407\.m2\repository\org\slf4j\slf4j-api\2.0.9\slf4j-api-2.0.9.jar;C:\Users\k7407\.m2\repository\org\apache\commons\commons-compress\1.24.0\commons-compress-1.24.0.jar;C:\Users\k7407\.m2\repository\org\rnorth\duct-tape\duct-tape\1.0.8\duct-tape-1.0.8.jar;C:\Users\k7407\.m2\repository\org\jetbrains\annotations\17.0.0\annotations-17.0.0.jar;C:\Users\k7407\.m2\repository\com\github\docker-java\docker-java-api\3.3.3\docker-java-api-3.3.3.jar;C:\Users\k7407\.m2\repository\com\github\docker-java\docker-java-transport-zerodep\3.3.3\docker-java-transport-zerodep-3.3.3.jar;C:\Users\k7407\.m2\repository\com\github\docker-java\docker-java-transport\3.3.3\docker-java-transport-3.3.3.jar;C:\Users\k7407\.m2\repository\net\java\dev\jna\jna\5.12.1\jna-5.12.1.jar;C:\Users\k7407\.m2\repository\org\apache\httpcomponents\client5\httpclient5\5.2.1\httpclient5-5.2.1.jar;C:\Users\k7407\.m2\repository\org\apache\httpcomponents\core5\httpcore5\5.2.3\httpcore5-5.2.3.jar;C:\Users\k7407\.m2\repository\org\apache\httpcomponents\core5\httpcore5-h2\5.2.3\httpcore5-h2-5.2.3.jar;C:\Users\k7407\.m2\repository\io\micrometer\micrometer-core\1.12.0\micrometer-core-1.12.0.jar;C:\Users\k7407\.m2\repository\io\micrometer\micrometer-commons\1.12.0\micrometer-commons-1.12.0.jar;C:\Users\k7407\.m2\repository\org\hdrhistogram\HdrHistogram\2.1.12\HdrHistogram-2.1.12.jar;C:\Users\k7407\.m2\repository\org\latencyutils\LatencyUtils\2.0.3\LatencyUtils-2.0.3.jar;C:\Users\k7407\.m2\repository\org\junit\platform\junit-platform-launcher\1.10.1\junit-platform-launcher-1.10.1.jar;C:\Users\k7407\.m2\repository\org\junit\platform\junit-platform-engine\1.10.1\junit-platform-engine-1.10.1.jar;C:\Users\k7407\.m2\repository\org\opentest4j\opentest4j\1.3.0\opentest4j-1.3.0.jar;C:\Users\k7407\.m2\repository\org\junit\platform\junit-platform-commons\1.10.1\junit-platform-commons-1.10.1.jar;C:\Users\k7407\.m2\repository\org\apiguardian\apiguardian-api\1.1.2\apiguardian-api-1.1.2.jar;C:\Users\k7407\.m2\repository\com\atlassian\oai\swagger-request-validator-mockmvc\2.39.0\swagger-request-validator-mockmvc-2.39.0.jar;C:\Users\k7407\.m2\repository\com\atlassian\oai\swagger-request-validator-core\2.39.0\swagger-request-validator-core-2.39.0.jar;C:\Users\k7407\.m2\repository\com\github\java-json-tools\json-schema-validator\2.2.14\json-schema-validator-2.2.14.jar;C:\Users\k7407\.m2\repository\com\github\java-json-tools\jackson-coreutils-equivalence\1.0\jackson-coreutils-equivalence-1.0.jar;C:\Users\k7407\.m2\repository\com\github\java-json-tools\jackson-coreutils\2.0\jackson-coreutils-2.0.jar;C:\Users\k7407\.m2\repository\com\github\java-json-tools\json-schema-core\1.2.14\json-schema-core-1.2.14.jar;C:\Users\k7407\.m2\repository\com\github\java-json-tools\uri-template\0.10\uri-template-0.10.jar;C:\Users\k7407\.m2\repository\org\mozilla\rhino\1.7.7.2\rhino-1.7.7.2.jar;C:\Users\k7407\.m2\repository\com\sun\mail\mailapi\1.6.2\mailapi-1.6.2.jar;C:\Users\k7407\.m2\repository\joda-time\joda-time\2.10.5\joda-time-2.10.5.jar;C:\Users\k7407\.m2\repository\com\googlecode\libphonenumber\libphonenumber\8.11.1\libphonenumber-8.11.1.jar;C:\Users\k7407\.m2\repository\net\sf\jopt-simple\jopt-simple\5.0.4\jopt-simple-5.0.4.jar;C:\Users\k7407\.m2\repository\com\google\guava\guava\31.1-jre\guava-31.1-jre.jar;C:\Users\k7407\.m2\repository\com\google\guava\failureaccess\1.0.1\failureaccess-1.0.1.jar;C:\Users\k7407\.m2\repository\com\google\guava\listenablefuture\9999.0-empty-to-avoid-conflict-with-guava\listenablefuture-9999.0-empty-to-avoid-conflict-with-guava.jar;C:\Users\k7407\.m2\repository\com\google\errorprone\error_prone_annotations\2.11.0\error_prone_annotations-2.11.0.jar;C:\Users\k7407\.m2\repository\com\google\j2objc\j2objc-annotations\1.3\j2objc-annotations-1.3.jar;C:\Users\k7407\.m2\repository\com\google\code\findbugs\jsr305\3.0.2\jsr305-3.0.2.jar;C:\Users\k7407\.m2\repository\io\swagger\parser\v3\swagger-parser\2.1.16\swagger-parser-2.1.16.jar;C:\Users\k7407\.m2\repository\io\swagger\parser\v3\swagger-parser-v2-converter\2.1.16\swagger-parser-v2-converter-2.1.16.jar;C:\Users\k7407\.m2\repository\io\swagger\swagger-core\1.6.11\swagger-core-1.6.11.jar;C:\Users\k7407\.m2\repository\org\apache\commons\commons-lang3\3.13.0\commons-lang3-3.13.0.jar;C:\Users\k7407\.m2\repository\io\swagger\swagger-models\1.6.11\swagger-models-1.6.11.jar;C:\Users\k7407\.m2\repository\io\swagger\swagger-annotations\1.6.11\swagger-annotations-1.6.11.jar;C:\Users\k7407\.m2\repository\io\swagger\swagger-parser\1.0.67\swagger-parser-1.0.67.jar;C:\Users\k7407\.m2\repository\io\swagger\swagger-compat-spec-parser\1.0.67\swagger-compat-spec-parser-1.0.67.jar;C:\Users\k7407\.m2\repository\com\github\java-json-tools\json-patch\1.13\json-patch-1.13.jar;C:\Users\k7407\.m2\repository\com\github\java-json-tools\msg-simple\1.2\msg-simple-1.2.jar;C:\Users\k7407\.m2\repository\com\github\java-json-tools\btf\1.3\btf-1.3.jar;C:\Users\k7407\.m2\repository\org\apache\httpcomponents\httpclient\4.5.14\httpclient-4.5.14.jar;C:\Users\k7407\.m2\repository\org\apache\httpcomponents\httpcore\4.4.16\httpcore-4.4.16.jar;C:\Users\k7407\.m2\repository\commons-logging\commons-logging\1.2\commons-logging-1.2.jar;C:\Users\k7407\.m2\repository\commons-codec\commons-codec\1.16.0\commons-codec-1.16.0.jar;C:\Users\k7407\.m2\repository\io\swagger\core\v3\swagger-models\2.2.14\swagger-models-2.2.14.jar;C:\Users\k7407\.m2\repository\io\swagger\parser\v3\swagger-parser-core\2.1.16\swagger-parser-core-2.1.16.jar;C:\Users\k7407\.m2\repository\io\swagger\parser\v3\swagger-parser-v3\2.1.16\swagger-parser-v3-2.1.16.jar;C:\Users\k7407\.m2\repository\io\swagger\core\v3\swagger-core\2.2.14\swagger-core-2.2.14.jar;C:\Users\k7407\.m2\repository\io\swagger\core\v3\swagger-annotations\2.2.14\swagger-annotations-2.2.14.jar;C:\Users\k7407\.m2\repository\io\swagger\parser\v3\swagger-parser-safe-url-resolver\2.1.16\swagger-parser-safe-url-resolver-2.1.16.jar;C:\Users\k7407\.m2\repository\com\fasterxml\jackson\dataformat\jackson-dataformat-yaml\2.15.3\jackson-dataformat-yaml-2.15.3.jar;C:\Users\k7407\.m2\repository\org\yaml\snakeyaml\2.2\snakeyaml-2.2.jar;C:\Users\k7407\.m2\repository\commons-io\commons-io\2.11.0\commons-io-2.11.0.jar;"/>
    <property name="sun.cpu.endian" value="little"/>
    <property name="user.home" value="C:\Users\k7407"/>
    <property name="user.language" value="zh"/>
    <property name="java.specification.vendor" value="Oracle Corporation"/>
    <property name="java.version.date" value="2024-07-16"/>
    <property name="java.home" value="C:\Program Files\Java\jdk-17"/>
    <property name="file.separator" value="\"/>
    <property name="basedir" value="E:\Code\Casual-Academic-Time-Allocation-Management-System"/>
    <property name="java.vm.compressedOopsMode" value="Zero based"/>
    <property name="line.separator" value="&#10;"/>
    <property name="java.vm.specification.vendor" value="Oracle Corporation"/>
    <property name="java.specification.name" value="Java Platform API Specification"/>
    <property name="FILE_LOG_CHARSET" value="UTF-8"/>
    <property name="java.awt.headless" value="true"/>
    <property name="surefire.real.class.path" value="C:\Users\k7407\AppData\Local\Temp\surefire18252986523040081277\surefirebooter-20250805190434335_3.jar"/>
    <property name="user.script" value=""/>
    <property name="sun.management.compiler" value="HotSpot 64-Bit Tiered Compilers"/>
    <property name="java.runtime.version" value="17.0.12+8-LTS-286"/>
    <property name="user.name" value="k7407"/>
    <property name="path.separator" value=";"/>
    <property name="os.version" value="10.0"/>
    <property name="java.runtime.name" value="Java(TM) SE Runtime Environment"/>
    <property name="file.encoding" value="UTF-8"/>
    <property name="java.vm.name" value="Java HotSpot(TM) 64-Bit Server VM"/>
    <property name="localRepository" value="C:\Users\k7407\.m2\repository"/>
    <property name="java.vendor.url.bug" value="https://bugreport.java.com/bugreport/"/>
    <property name="java.io.tmpdir" value="C:\Users\k7407\AppData\Local\Temp\"/>
    <property name="catalina.home" value="C:\Users\k7407\AppData\Local\Temp\tomcat.0.10724312175195135734"/>
    <property name="com.zaxxer.hikari.pool_number" value="1"/>
    <property name="java.version" value="17.0.12"/>
    <property name="user.dir" value="E:\Code\Casual-Academic-Time-Allocation-Management-System"/>
    <property name="os.arch" value="amd64"/>
    <property name="java.vm.specification.name" value="Java Virtual Machine Specification"/>
    <property name="PID" value="8308"/>
    <property name="sun.os.patch.level" value=""/>
    <property name="CONSOLE_LOG_CHARSET" value="UTF-8"/>
    <property name="catalina.base" value="C:\Users\k7407\AppData\Local\Temp\tomcat.0.10724312175195135734"/>
    <property name="native.encoding" value="UTF-8"/>
    <property name="java.library.path" value="C:\Program Files\Java\jdk-17\bin;C:\WINDOWS\Sun\Java\bin;C:\WINDOWS\system32;C:\WINDOWS;C:\Users\k7407\bin;C:\Program Files\Git\mingw64\bin;C:\Program Files\Git\usr\local\bin;C:\Program Files\Git\usr\bin;C:\Program Files\Git\usr\bin;C:\Program Files\Git\mingw64\bin;C:\Program Files\Git\usr\bin;C:\Users\k7407\bin;C:\ProgramData\miniconda3;C:\ProgramData\miniconda3\Library\mingw-w64\bin;C:\ProgramData\miniconda3\Library\usr\bin;C:\ProgramData\miniconda3\Library\bin;C:\ProgramData\miniconda3\Scripts;C:\ProgramData\miniconda3\bin;C:\Program Files (x86)\PowerShell\7;C:\Program Files\Amazon\AWSSAMCLI\bin;C:\Users\k7407\AppData\Local\Programs\cursor\resources\app\bin;C:\Python312\Scripts;C:\Python312;C:\Program Files\Common Files\Oracle\Java\javapath;C:\Windows\system32;C:\Program Files\RabbitMQ Server\rabbitmq_server-4.0.1\sbin;C:\Windows;C:\Windows\System32\Wbem;C:\Windows\System32\WindowsPowerShell\v1.0;C:\Windows\System32\OpenSSH;C:\Program Files (x86)\NVIDIA Corporation\PhysX\Common;C:\WINDOWS\system32;C:\WINDOWS;C:\WINDOWS\System32\Wbem;C:\WINDOWS\System32\WindowsPowerShell\v1.0;C:\WINDOWS\System32\OpenSSH;C:\ProgramData\chocolatey\bin;C:\Program Files\dotnet;C:\Users\k7407\AppData\Local\Microsoft\WindowsApps;E:\Intellij\IntelliJ IDEA 2024.2.1\bin;C:\Users\k7407\AppData\Roaming\npm;C:\Users\k7407\AppData\Local\GitHubDesktop\bin;C:\Users\k7407\AppData\Local\Programs\cursor\resources\app\bin;C:\Users\k7407\AppData\Local\Programs\cursor\resources\app\bin;C:\Program Files\Amazon\AWSSAMCLI\bin;C:\Program Files\Amazon\AWSCLIV2;C:\Program Files\Pandoc;C:\Program Files\Git\cmd;C:\Program Files\PuTTY;C:\Program Files\NVIDIA Corporation\NVIDIA App\NvDLISR;C:\msys64\mingw64\bin;C:\Program Files\wkhtmltopdf\bin;C:\Program Files (x86)\PowerShell\7;C:\ProgramData\miniconda3\Scripts;C:\ProgramData\miniconda3\condabin;C:\Users\k7407\AppData\Local\nvm;C:\nvm4w\nodejs;C:\Program Files\GitHub CLI;E:\act_Windows_x86_64;.;C:\Program Files\Docker\Docker\resources\bin;C:\Program Files\NVIDIA Corporation\NVIDIA NvDLISR;C:\Users\k7407\scoop\shims;C:\Users\k7407\.local\bin;E:\gradle-8.10.2\bin;E:\apache-maven-3.9.9\bin;E:\curl-8.10.1_5-win64-mingw\bin;C:\Users\k7407\AppData\Local\Programs\Ollama;C:\Users\k7407\AppData\Local\Programs\Microsoft VS Code\bin;C:\Users\k7407\.lmstudio\bin;C:\Users\k7407\AppData\Local\Programs\cursor\resources\app\bin;C:\Users\k7407\AppData\Local\Programs\Windsurf\bin;C:\Users\k7407\AppData\Local\Programs\MiKTeX\miktex\bin\x64;C:\Program Files\MongoDB\Server\8.0\bin;C:\Program Files\Git\usr\bin\vendor_perl;C:\Program Files\Git\usr\bin\core_perl;."/>
    <property name="java.vm.info" value="mixed mode, sharing"/>
    <property name="java.vendor" value="Oracle Corporation"/>
    <property name="java.vm.version" value="17.0.12+8-LTS-286"/>
    <property name="sun.io.unicode.encoding" value="UnicodeLittle"/>
    <property name="java.class.version" value="61.0"/>
    <property name="CONSOLE_LOG_PATTERN" value="%d{yyyy-MM-dd HH:mm:ss} - %msg%n"/>
    <property name="LOGGED_APPLICATION_NAME" value="[catams] "/>
  </properties>
  <testcase name="testAC1_NonLecturerCannotCreateTimesheet" classname="com.usyd.catams.integration.TimesheetControllerIntegrationTest" time="0.248">
    <system-out><![CDATA[2025-08-05 19:05:06 - Could not detect default configuration classes for test class [com.usyd.catams.integration.TimesheetControllerIntegrationTest]: TimesheetControllerIntegrationTest does not declare any static, non-private, non-final, nested classes annotated with @Configuration.
2025-08-05 19:05:06 - Found @SpringBootConfiguration com.usyd.catams.CatamsApplication for test class com.usyd.catams.integration.TimesheetControllerIntegrationTest
2025-08-05 19:05:06 - Securing POST /api/timesheets
2025-08-05 19:05:06 - JWT authentication successful for user: tutor@test.com with role: TUTOR
2025-08-05 19:05:06 - Secured POST /api/timesheets
2025-08-05 19:05:06 - Authorizing method invocation ReflectiveMethodInvocation: public org.springframework.http.ResponseEntity com.usyd.catams.controller.TimesheetController.createTimesheet(com.usyd.catams.dto.request.TimesheetCreateRequest,org.springframework.security.core.Authentication); target is of class [com.usyd.catams.controller.TimesheetController]
2025-08-05 19:05:06 - Failed to authorize ReflectiveMethodInvocation: public org.springframework.http.ResponseEntity com.usyd.catams.controller.TimesheetController.createTimesheet(com.usyd.catams.dto.request.TimesheetCreateRequest,org.springframework.security.core.Authentication); target is of class [com.usyd.catams.controller.TimesheetController] with authorization manager org.springframework.security.config.annotation.method.configuration.DeferringObservationAuthorizationManager@13cc58c2 and decision ExpressionAuthorizationDecision [granted=false, expressionAttribute=hasRole('LECTURER')]
2025-08-05 19:05:06 - Access denied exception: Access Denied
2025-08-05 19:05:06 - Securing POST /api/timesheets
2025-08-05 19:05:06 - JWT authentication successful for user: admin@test.com with role: ADMIN
2025-08-05 19:05:06 - Secured POST /api/timesheets
2025-08-05 19:05:06 - Authorizing method invocation ReflectiveMethodInvocation: public org.springframework.http.ResponseEntity com.usyd.catams.controller.TimesheetController.createTimesheet(com.usyd.catams.dto.request.TimesheetCreateRequest,org.springframework.security.core.Authentication); target is of class [com.usyd.catams.controller.TimesheetController]
2025-08-05 19:05:06 - Failed to authorize ReflectiveMethodInvocation: public org.springframework.http.ResponseEntity com.usyd.catams.controller.TimesheetController.createTimesheet(com.usyd.catams.dto.request.TimesheetCreateRequest,org.springframework.security.core.Authentication); target is of class [com.usyd.catams.controller.TimesheetController] with authorization manager org.springframework.security.config.annotation.method.configuration.DeferringObservationAuthorizationManager@13cc58c2 and decision ExpressionAuthorizationDecision [granted=false, expressionAttribute=hasRole('LECTURER')]
2025-08-05 19:05:06 - Access denied exception: Access Denied
]]></system-out>
  </testcase>
  <testcase name="testPaginationAndSorting" classname="com.usyd.catams.integration.TimesheetControllerIntegrationTest" time="0.47">
    <failure message="Status expected:&lt;200&gt; but was:&lt;500&gt;" type="java.lang.AssertionError"><![CDATA[java.lang.AssertionError: Status expected:<200> but was:<500>
	at org.springframework.test.util.AssertionErrors.fail(AssertionErrors.java:59)
	at org.springframework.test.util.AssertionErrors.assertEquals(AssertionErrors.java:122)
	at org.springframework.test.web.servlet.result.StatusResultMatchers.lambda$matcher$9(StatusResultMatchers.java:637)
	at org.springframework.test.web.servlet.MockMvc$1.andExpect(MockMvc.java:214)
	at com.usyd.catams.integration.TimesheetControllerIntegrationTest.testPaginationAndSorting(TimesheetControllerIntegrationTest.java:377)
	at java.base/java.lang.reflect.Method.invoke(Method.java:568)
	at java.base/java.util.ArrayList.forEach(ArrayList.java:1511)
	at java.base/java.util.ArrayList.forEach(ArrayList.java:1511)
]]></failure>
    <system-out><![CDATA[2025-08-05 19:05:06 - Securing POST /api/timesheets
2025-08-05 19:05:06 - JWT authentication successful for user: lecturer@test.com with role: LECTURER
2025-08-05 19:05:06 - Secured POST /api/timesheets
2025-08-05 19:05:06 - Authorizing method invocation ReflectiveMethodInvocation: public org.springframework.http.ResponseEntity com.usyd.catams.controller.TimesheetController.createTimesheet(com.usyd.catams.dto.request.TimesheetCreateRequest,org.springframework.security.core.Authentication); target is of class [com.usyd.catams.controller.TimesheetController]
2025-08-05 19:05:06 - Authorized method invocation ReflectiveMethodInvocation: public org.springframework.http.ResponseEntity com.usyd.catams.controller.TimesheetController.createTimesheet(com.usyd.catams.dto.request.TimesheetCreateRequest,org.springframework.security.core.Authentication); target is of class [com.usyd.catams.controller.TimesheetController]
2025-08-05 19:05:06 - Securing POST /api/timesheets
2025-08-05 19:05:06 - JWT authentication successful for user: lecturer@test.com with role: LECTURER
2025-08-05 19:05:06 - Secured POST /api/timesheets
2025-08-05 19:05:06 - Authorizing method invocation ReflectiveMethodInvocation: public org.springframework.http.ResponseEntity com.usyd.catams.controller.TimesheetController.createTimesheet(com.usyd.catams.dto.request.TimesheetCreateRequest,org.springframework.security.core.Authentication); target is of class [com.usyd.catams.controller.TimesheetController]
2025-08-05 19:05:06 - Authorized method invocation ReflectiveMethodInvocation: public org.springframework.http.ResponseEntity com.usyd.catams.controller.TimesheetController.createTimesheet(com.usyd.catams.dto.request.TimesheetCreateRequest,org.springframework.security.core.Authentication); target is of class [com.usyd.catams.controller.TimesheetController]
2025-08-05 19:05:06 - Securing POST /api/timesheets
2025-08-05 19:05:06 - JWT authentication successful for user: lecturer@test.com with role: LECTURER
2025-08-05 19:05:06 - Secured POST /api/timesheets
2025-08-05 19:05:06 - Authorizing method invocation ReflectiveMethodInvocation: public org.springframework.http.ResponseEntity com.usyd.catams.controller.TimesheetController.createTimesheet(com.usyd.catams.dto.request.TimesheetCreateRequest,org.springframework.security.core.Authentication); target is of class [com.usyd.catams.controller.TimesheetController]
2025-08-05 19:05:06 - Authorized method invocation ReflectiveMethodInvocation: public org.springframework.http.ResponseEntity com.usyd.catams.controller.TimesheetController.createTimesheet(com.usyd.catams.dto.request.TimesheetCreateRequest,org.springframework.security.core.Authentication); target is of class [com.usyd.catams.controller.TimesheetController]
2025-08-05 19:05:06 - Securing POST /api/timesheets
2025-08-05 19:05:06 - JWT authentication successful for user: lecturer@test.com with role: LECTURER
2025-08-05 19:05:06 - Secured POST /api/timesheets
2025-08-05 19:05:06 - Authorizing method invocation ReflectiveMethodInvocation: public org.springframework.http.ResponseEntity com.usyd.catams.controller.TimesheetController.createTimesheet(com.usyd.catams.dto.request.TimesheetCreateRequest,org.springframework.security.core.Authentication); target is of class [com.usyd.catams.controller.TimesheetController]
2025-08-05 19:05:06 - Authorized method invocation ReflectiveMethodInvocation: public org.springframework.http.ResponseEntity com.usyd.catams.controller.TimesheetController.createTimesheet(com.usyd.catams.dto.request.TimesheetCreateRequest,org.springframework.security.core.Authentication); target is of class [com.usyd.catams.controller.TimesheetController]
2025-08-05 19:05:06 - Securing POST /api/timesheets
2025-08-05 19:05:06 - JWT authentication successful for user: lecturer@test.com with role: LECTURER
2025-08-05 19:05:06 - Secured POST /api/timesheets
2025-08-05 19:05:06 - Authorizing method invocation ReflectiveMethodInvocation: public org.springframework.http.ResponseEntity com.usyd.catams.controller.TimesheetController.createTimesheet(com.usyd.catams.dto.request.TimesheetCreateRequest,org.springframework.security.core.Authentication); target is of class [com.usyd.catams.controller.TimesheetController]
2025-08-05 19:05:06 - Authorized method invocation ReflectiveMethodInvocation: public org.springframework.http.ResponseEntity com.usyd.catams.controller.TimesheetController.createTimesheet(com.usyd.catams.dto.request.TimesheetCreateRequest,org.springframework.security.core.Authentication); target is of class [com.usyd.catams.controller.TimesheetController]
2025-08-05 19:05:06 - Securing GET /api/timesheets
2025-08-05 19:05:06 - JWT authentication successful for user: admin@test.com with role: ADMIN
2025-08-05 19:05:06 - Secured GET /api/timesheets
2025-08-05 19:05:06 - Authorizing method invocation ReflectiveMethodInvocation: public org.springframework.http.ResponseEntity com.usyd.catams.controller.TimesheetController.getTimesheets(java.lang.Long,java.lang.Long,com.usyd.catams.enums.ApprovalStatus,int,int,java.lang.String,org.springframework.security.core.Authentication); target is of class [com.usyd.catams.controller.TimesheetController]
2025-08-05 19:05:06 - Authorized method invocation ReflectiveMethodInvocation: public org.springframework.http.ResponseEntity com.usyd.catams.controller.TimesheetController.getTimesheets(java.lang.Long,java.lang.Long,com.usyd.catams.enums.ApprovalStatus,int,int,java.lang.String,org.springframework.security.core.Authentication); target is of class [com.usyd.catams.controller.TimesheetController]
2025-08-05 19:05:06 - Securing GET /api/timesheets
2025-08-05 19:05:06 - JWT authentication successful for user: admin@test.com with role: ADMIN
2025-08-05 19:05:06 - Secured GET /api/timesheets
2025-08-05 19:05:06 - Authorizing method invocation ReflectiveMethodInvocation: public org.springframework.http.ResponseEntity com.usyd.catams.controller.TimesheetController.getTimesheets(java.lang.Long,java.lang.Long,com.usyd.catams.enums.ApprovalStatus,int,int,java.lang.String,org.springframework.security.core.Authentication); target is of class [com.usyd.catams.controller.TimesheetController]
2025-08-05 19:05:06 - Authorized method invocation ReflectiveMethodInvocation: public org.springframework.http.ResponseEntity com.usyd.catams.controller.TimesheetController.getTimesheets(java.lang.Long,java.lang.Long,com.usyd.catams.enums.ApprovalStatus,int,int,java.lang.String,org.springframework.security.core.Authentication); target is of class [com.usyd.catams.controller.TimesheetController]
2025-08-05 19:05:06 - System exception: org.hibernate.query.sqm.UnknownPathException: Could not resolve attribute 'weekStartDate' of 'com.usyd.catams.entity.Timesheet' [SELECT t FROM Timesheet t WHERE (:tutorId IS NULL OR t.tutorId = :tutorId) AND (:courseId IS NULL OR t.courseId = :courseId) AND (:status IS NULL OR t.status = :status) order by t.weekStartDate asc]
org.springframework.dao.InvalidDataAccessApiUsageException: org.hibernate.query.sqm.UnknownPathException: Could not resolve attribute 'weekStartDate' of 'com.usyd.catams.entity.Timesheet' [SELECT t FROM Timesheet t WHERE (:tutorId IS NULL OR t.tutorId = :tutorId) AND (:courseId IS NULL OR t.courseId = :courseId) AND (:status IS NULL OR t.status = :status) order by t.weekStartDate asc]
	at org.springframework.orm.jpa.EntityManagerFactoryUtils.convertJpaAccessExceptionIfPossible(EntityManagerFactoryUtils.java:371)
	at org.springframework.orm.jpa.vendor.HibernateJpaDialect.translateExceptionIfPossible(HibernateJpaDialect.java:246)
	at org.springframework.orm.jpa.AbstractEntityManagerFactoryBean.translateExceptionIfPossible(AbstractEntityManagerFactoryBean.java:550)
	at org.springframework.dao.support.ChainedPersistenceExceptionTranslator.translateExceptionIfPossible(ChainedPersistenceExceptionTranslator.java:61)
	at org.springframework.dao.support.DataAccessUtils.translateIfNecessary(DataAccessUtils.java:335)
	at org.springframework.dao.support.PersistenceExceptionTranslationInterceptor.invoke(PersistenceExceptionTranslationInterceptor.java:152)
	at org.springframework.aop.framework.ReflectiveMethodInvocation.proceed(ReflectiveMethodInvocation.java:184)
	at org.springframework.data.jpa.repository.support.CrudMethodMetadataPostProcessor$CrudMethodMetadataPopulatingMethodInterceptor.invoke(CrudMethodMetadataPostProcessor.java:135)
	at org.springframework.aop.framework.ReflectiveMethodInvocation.proceed(ReflectiveMethodInvocation.java:184)
	at org.springframework.aop.interceptor.ExposeInvocationInterceptor.invoke(ExposeInvocationInterceptor.java:97)
	at org.springframework.aop.framework.ReflectiveMethodInvocation.proceed(ReflectiveMethodInvocation.java:184)
	at org.springframework.aop.framework.JdkDynamicAopProxy.invoke(JdkDynamicAopProxy.java:249)
	at jdk.proxy2/jdk.proxy2.$Proxy191.findWithFilters(Unknown Source)
	at com.usyd.catams.application.TimesheetApplicationService.getTimesheets(TimesheetApplicationService.java:170)
	at com.usyd.catams.application.TimesheetApplicationService.getTimesheetsAsDto(TimesheetApplicationService.java:581)
	at java.base/jdk.internal.reflect.NativeMethodAccessorImpl.invoke0(Native Method)
	at java.base/jdk.internal.reflect.NativeMethodAccessorImpl.invoke(NativeMethodAccessorImpl.java:77)
	at java.base/jdk.internal.reflect.DelegatingMethodAccessorImpl.invoke(DelegatingMethodAccessorImpl.java:43)
	at java.base/java.lang.reflect.Method.invoke(Method.java:568)
	at org.springframework.aop.support.AopUtils.invokeJoinpointUsingReflection(AopUtils.java:352)
	at org.springframework.aop.framework.ReflectiveMethodInvocation.invokeJoinpoint(ReflectiveMethodInvocation.java:196)
	at org.springframework.aop.framework.ReflectiveMethodInvocation.proceed(ReflectiveMethodInvocation.java:163)
	at org.springframework.aop.framework.CglibAopProxy$CglibMethodInvocation.proceed(CglibAopProxy.java:765)
	at org.springframework.transaction.interceptor.TransactionInterceptor$1.proceedWithInvocation(TransactionInterceptor.java:123)
	at org.springframework.transaction.interceptor.TransactionAspectSupport.invokeWithinTransaction(TransactionAspectSupport.java:385)
	at org.springframework.transaction.interceptor.TransactionInterceptor.invoke(TransactionInterceptor.java:119)
	at org.springframework.aop.framework.ReflectiveMethodInvocation.proceed(ReflectiveMethodInvocation.java:184)
	at org.springframework.aop.framework.CglibAopProxy$CglibMethodInvocation.proceed(CglibAopProxy.java:765)
	at org.springframework.aop.framework.CglibAopProxy$DynamicAdvisedInterceptor.intercept(CglibAopProxy.java:717)
	at com.usyd.catams.application.TimesheetApplicationService$$SpringCGLIB$$0.getTimesheetsAsDto(<generated>)
	at com.usyd.catams.controller.TimesheetController.getTimesheets(TimesheetController.java:117)
	at java.base/jdk.internal.reflect.NativeMethodAccessorImpl.invoke0(Native Method)
	at java.base/jdk.internal.reflect.NativeMethodAccessorImpl.invoke(NativeMethodAccessorImpl.java:77)
	at java.base/jdk.internal.reflect.DelegatingMethodAccessorImpl.invoke(DelegatingMethodAccessorImpl.java:43)
	at java.base/java.lang.reflect.Method.invoke(Method.java:568)
	at org.springframework.aop.support.AopUtils.invokeJoinpointUsingReflection(AopUtils.java:352)
	at org.springframework.aop.framework.ReflectiveMethodInvocation.invokeJoinpoint(ReflectiveMethodInvocation.java:196)
	at org.springframework.aop.framework.ReflectiveMethodInvocation.proceed(ReflectiveMethodInvocation.java:163)
	at org.springframework.aop.framework.CglibAopProxy$CglibMethodInvocation.proceed(CglibAopProxy.java:765)
	at org.springframework.security.authorization.method.AuthorizationManagerBeforeMethodInterceptor.invoke(AuthorizationManagerBeforeMethodInterceptor.java:198)
	at org.springframework.aop.framework.ReflectiveMethodInvocation.proceed(ReflectiveMethodInvocation.java:184)
	at org.springframework.aop.framework.CglibAopProxy$CglibMethodInvocation.proceed(CglibAopProxy.java:765)
	at org.springframework.aop.framework.CglibAopProxy$DynamicAdvisedInterceptor.intercept(CglibAopProxy.java:717)
	at com.usyd.catams.controller.TimesheetController$$SpringCGLIB$$0.getTimesheets(<generated>)
	at java.base/jdk.internal.reflect.NativeMethodAccessorImpl.invoke0(Native Method)
	at java.base/jdk.internal.reflect.NativeMethodAccessorImpl.invoke(NativeMethodAccessorImpl.java:77)
	at java.base/jdk.internal.reflect.DelegatingMethodAccessorImpl.invoke(DelegatingMethodAccessorImpl.java:43)
	at java.base/java.lang.reflect.Method.invoke(Method.java:568)
	at org.springframework.web.method.support.InvocableHandlerMethod.doInvoke(InvocableHandlerMethod.java:254)
	at org.springframework.web.method.support.InvocableHandlerMethod.invokeForRequest(InvocableHandlerMethod.java:182)
	at org.springframework.web.servlet.mvc.method.annotation.ServletInvocableHandlerMethod.invokeAndHandle(ServletInvocableHandlerMethod.java:118)
	at org.springframework.web.servlet.mvc.method.annotation.RequestMappingHandlerAdapter.invokeHandlerMethod(RequestMappingHandlerAdapter.java:917)
	at org.springframework.web.servlet.mvc.method.annotation.RequestMappingHandlerAdapter.handleInternal(RequestMappingHandlerAdapter.java:829)
	at org.springframework.web.servlet.mvc.method.AbstractHandlerMethodAdapter.handle(AbstractHandlerMethodAdapter.java:87)
	at org.springframework.web.servlet.DispatcherServlet.doDispatch(DispatcherServlet.java:1089)
	at org.springframework.web.servlet.DispatcherServlet.doService(DispatcherServlet.java:979)
	at org.springframework.web.servlet.FrameworkServlet.processRequest(FrameworkServlet.java:1014)
	at org.springframework.web.servlet.FrameworkServlet.doGet(FrameworkServlet.java:903)
	at jakarta.servlet.http.HttpServlet.service(HttpServlet.java:564)
	at org.springframework.web.servlet.FrameworkServlet.service(FrameworkServlet.java:885)
	at org.springframework.test.web.servlet.TestDispatcherServlet.service(TestDispatcherServlet.java:72)
	at jakarta.servlet.http.HttpServlet.service(HttpServlet.java:658)
	at org.springframework.mock.web.MockFilterChain$ServletFilterProxy.doFilter(MockFilterChain.java:165)
	at org.springframework.mock.web.MockFilterChain.doFilter(MockFilterChain.java:132)
	at org.springframework.web.filter.OncePerRequestFilter.doFilter(OncePerRequestFilter.java:110)
	at org.springframework.test.web.servlet.setup.MockMvcFilterDecorator.doFilter(MockMvcFilterDecorator.java:151)
	at org.springframework.mock.web.MockFilterChain.doFilter(MockFilterChain.java:132)
	at org.springframework.security.web.FilterChainProxy.lambda$doFilterInternal$3(FilterChainProxy.java:231)
	at org.springframework.security.web.ObservationFilterChainDecorator$FilterObservation$SimpleFilterObservation.lambda$wrap$1(ObservationFilterChainDecorator.java:479)
	at org.springframework.security.web.ObservationFilterChainDecorator$AroundFilterObservation$SimpleAroundFilterObservation.lambda$wrap$1(ObservationFilterChainDecorator.java:340)
	at org.springframework.security.web.ObservationFilterChainDecorator.lambda$wrapSecured$0(ObservationFilterChainDecorator.java:82)
	at org.springframework.security.web.ObservationFilterChainDecorator$VirtualFilterChain.doFilter(ObservationFilterChainDecorator.java:128)
	at org.springframework.security.web.access.intercept.AuthorizationFilter.doFilter(AuthorizationFilter.java:100)
	at org.springframework.security.web.ObservationFilterChainDecorator$ObservationFilter.wrapFilter(ObservationFilterChainDecorator.java:240)
	at org.springframework.security.web.ObservationFilterChainDecorator$ObservationFilter.doFilter(ObservationFilterChainDecorator.java:227)
	at org.springframework.security.web.ObservationFilterChainDecorator$VirtualFilterChain.doFilter(ObservationFilterChainDecorator.java:137)
	at org.springframework.security.web.access.ExceptionTranslationFilter.doFilter(ExceptionTranslationFilter.java:126)
	at org.springframework.security.web.access.ExceptionTranslationFilter.doFilter(ExceptionTranslationFilter.java:120)
	at org.springframework.security.web.ObservationFilterChainDecorator$ObservationFilter.wrapFilter(ObservationFilterChainDecorator.java:240)
	at org.springframework.security.web.ObservationFilterChainDecorator$ObservationFilter.doFilter(ObservationFilterChainDecorator.java:227)
	at org.springframework.security.web.ObservationFilterChainDecorator$VirtualFilterChain.doFilter(ObservationFilterChainDecorator.java:137)
	at org.springframework.security.web.session.SessionManagementFilter.doFilter(SessionManagementFilter.java:131)
	at org.springframework.security.web.session.SessionManagementFilter.doFilter(SessionManagementFilter.java:85)
	at org.springframework.security.web.ObservationFilterChainDecorator$ObservationFilter.wrapFilter(ObservationFilterChainDecorator.java:240)
	at org.springframework.security.web.ObservationFilterChainDecorator$ObservationFilter.doFilter(ObservationFilterChainDecorator.java:227)
	at org.springframework.security.web.ObservationFilterChainDecorator$VirtualFilterChain.doFilter(ObservationFilterChainDecorator.java:137)
	at org.springframework.security.web.authentication.AnonymousAuthenticationFilter.doFilter(AnonymousAuthenticationFilter.java:100)
	at org.springframework.security.web.ObservationFilterChainDecorator$ObservationFilter.wrapFilter(ObservationFilterChainDecorator.java:240)
	at org.springframework.security.web.ObservationFilterChainDecorator$ObservationFilter.doFilter(ObservationFilterChainDecorator.java:227)
	at org.springframework.security.web.ObservationFilterChainDecorator$VirtualFilterChain.doFilter(ObservationFilterChainDecorator.java:137)
	at org.springframework.security.web.servletapi.SecurityContextHolderAwareRequestFilter.doFilter(SecurityContextHolderAwareRequestFilter.java:179)
	at org.springframework.security.web.ObservationFilterChainDecorator$ObservationFilter.wrapFilter(ObservationFilterChainDecorator.java:240)
	at org.springframework.security.web.ObservationFilterChainDecorator$ObservationFilter.doFilter(ObservationFilterChainDecorator.java:227)
	at org.springframework.security.web.ObservationFilterChainDecorator$VirtualFilterChain.doFilter(ObservationFilterChainDecorator.java:137)
	at org.springframework.security.web.savedrequest.RequestCacheAwareFilter.doFilter(RequestCacheAwareFilter.java:63)
	at org.springframework.security.web.ObservationFilterChainDecorator$ObservationFilter.wrapFilter(ObservationFilterChainDecorator.java:240)
	at org.springframework.security.web.ObservationFilterChainDecorator$ObservationFilter.doFilter(ObservationFilterChainDecorator.java:227)
	at org.springframework.security.web.ObservationFilterChainDecorator$VirtualFilterChain.doFilter(ObservationFilterChainDecorator.java:137)
	at com.usyd.catams.security.JwtAuthenticationFilter.doFilterInternal(JwtAuthenticationFilter.java:63)
	at org.springframework.web.filter.OncePerRequestFilter.doFilter(OncePerRequestFilter.java:116)
	at org.springframework.security.web.ObservationFilterChainDecorator$ObservationFilter.wrapFilter(ObservationFilterChainDecorator.java:240)
	at org.springframework.security.web.ObservationFilterChainDecorator$ObservationFilter.doFilter(ObservationFilterChainDecorator.java:227)
	at org.springframework.security.web.ObservationFilterChainDecorator$VirtualFilterChain.doFilter(ObservationFilterChainDecorator.java:137)
	at org.springframework.security.web.authentication.logout.LogoutFilter.doFilter(LogoutFilter.java:107)
	at org.springframework.security.web.authentication.logout.LogoutFilter.doFilter(LogoutFilter.java:93)
	at org.springframework.security.web.ObservationFilterChainDecorator$ObservationFilter.wrapFilter(ObservationFilterChainDecorator.java:240)
	at org.springframework.security.web.ObservationFilterChainDecorator$ObservationFilter.doFilter(ObservationFilterChainDecorator.java:227)
	at org.springframework.security.web.ObservationFilterChainDecorator$VirtualFilterChain.doFilter(ObservationFilterChainDecorator.java:137)
	at org.springframework.web.filter.CorsFilter.doFilterInternal(CorsFilter.java:91)
	at org.springframework.web.filter.OncePerRequestFilter.doFilter(OncePerRequestFilter.java:116)
	at org.springframework.security.web.ObservationFilterChainDecorator$ObservationFilter.wrapFilter(ObservationFilterChainDecorator.java:240)
	at org.springframework.security.web.ObservationFilterChainDecorator$ObservationFilter.doFilter(ObservationFilterChainDecorator.java:227)
	at org.springframework.security.web.ObservationFilterChainDecorator$VirtualFilterChain.doFilter(ObservationFilterChainDecorator.java:137)
	at org.springframework.security.web.header.HeaderWriterFilter.doHeadersAfter(HeaderWriterFilter.java:90)
	at org.springframework.security.web.header.HeaderWriterFilter.doFilterInternal(HeaderWriterFilter.java:75)
	at org.springframework.web.filter.OncePerRequestFilter.doFilter(OncePerRequestFilter.java:116)
	at org.springframework.security.web.ObservationFilterChainDecorator$ObservationFilter.wrapFilter(ObservationFilterChainDecorator.java:240)
	at org.springframework.security.web.ObservationFilterChainDecorator$ObservationFilter.doFilter(ObservationFilterChainDecorator.java:227)
	at org.springframework.security.web.ObservationFilterChainDecorator$VirtualFilterChain.doFilter(ObservationFilterChainDecorator.java:137)
	at org.springframework.security.web.context.SecurityContextHolderFilter.doFilter(SecurityContextHolderFilter.java:82)
	at org.springframework.security.web.context.SecurityContextHolderFilter.doFilter(SecurityContextHolderFilter.java:69)
	at org.springframework.security.web.ObservationFilterChainDecorator$ObservationFilter.wrapFilter(ObservationFilterChainDecorator.java:240)
	at org.springframework.security.web.ObservationFilterChainDecorator$ObservationFilter.doFilter(ObservationFilterChainDecorator.java:227)
	at org.springframework.security.web.ObservationFilterChainDecorator$VirtualFilterChain.doFilter(ObservationFilterChainDecorator.java:137)
	at org.springframework.security.web.context.request.async.WebAsyncManagerIntegrationFilter.doFilterInternal(WebAsyncManagerIntegrationFilter.java:62)
	at org.springframework.web.filter.OncePerRequestFilter.doFilter(OncePerRequestFilter.java:116)
	at org.springframework.security.web.ObservationFilterChainDecorator$ObservationFilter.wrapFilter(ObservationFilterChainDecorator.java:240)
	at org.springframework.security.web.ObservationFilterChainDecorator$ObservationFilter.doFilter(ObservationFilterChainDecorator.java:227)
	at org.springframework.security.web.ObservationFilterChainDecorator$VirtualFilterChain.doFilter(ObservationFilterChainDecorator.java:137)
	at org.springframework.security.web.session.DisableEncodeUrlFilter.doFilterInternal(DisableEncodeUrlFilter.java:42)
	at org.springframework.web.filter.OncePerRequestFilter.doFilter(OncePerRequestFilter.java:116)
	at org.springframework.security.web.ObservationFilterChainDecorator$ObservationFilter.wrapFilter(ObservationFilterChainDecorator.java:240)
	at org.springframework.security.web.ObservationFilterChainDecorator$AroundFilterObservation$SimpleAroundFilterObservation.lambda$wrap$0(ObservationFilterChainDecorator.java:323)
	at org.springframework.security.web.ObservationFilterChainDecorator$ObservationFilter.doFilter(ObservationFilterChainDecorator.java:224)
	at org.springframework.security.web.ObservationFilterChainDecorator$VirtualFilterChain.doFilter(ObservationFilterChainDecorator.java:137)
	at org.springframework.security.web.FilterChainProxy.doFilterInternal(FilterChainProxy.java:233)
	at org.springframework.security.web.FilterChainProxy.doFilter(FilterChainProxy.java:191)
	at org.springframework.web.filter.DelegatingFilterProxy.invokeDelegate(DelegatingFilterProxy.java:352)
	at org.springframework.web.filter.DelegatingFilterProxy.doFilter(DelegatingFilterProxy.java:268)
	at org.springframework.test.web.servlet.setup.MockMvcFilterDecorator.doFilter(MockMvcFilterDecorator.java:151)
	at org.springframework.mock.web.MockFilterChain.doFilter(MockFilterChain.java:132)
	at org.springframework.web.filter.RequestContextFilter.doFilterInternal(RequestContextFilter.java:100)
	at org.springframework.web.filter.OncePerRequestFilter.doFilter(OncePerRequestFilter.java:116)
	at org.springframework.test.web.servlet.setup.MockMvcFilterDecorator.doFilter(MockMvcFilterDecorator.java:151)
	at org.springframework.mock.web.MockFilterChain.doFilter(MockFilterChain.java:132)
	at org.springframework.web.filter.FormContentFilter.doFilterInternal(FormContentFilter.java:93)
	at org.springframework.web.filter.OncePerRequestFilter.doFilter(OncePerRequestFilter.java:116)
	at org.springframework.test.web.servlet.setup.MockMvcFilterDecorator.doFilter(MockMvcFilterDecorator.java:151)
	at org.springframework.mock.web.MockFilterChain.doFilter(MockFilterChain.java:132)
	at org.springframework.web.filter.ServerHttpObservationFilter.doFilterInternal(ServerHttpObservationFilter.java:109)
	at org.springframework.web.filter.OncePerRequestFilter.doFilter(OncePerRequestFilter.java:116)
	at org.springframework.test.web.servlet.setup.MockMvcFilterDecorator.doFilter(MockMvcFilterDecorator.java:151)
	at org.springframework.mock.web.MockFilterChain.doFilter(MockFilterChain.java:132)
	at org.springframework.web.filter.CharacterEncodingFilter.doFilterInternal(CharacterEncodingFilter.java:201)
	at org.springframework.web.filter.OncePerRequestFilter.doFilter(OncePerRequestFilter.java:116)
	at org.springframework.test.web.servlet.setup.MockMvcFilterDecorator.doFilter(MockMvcFilterDecorator.java:151)
	at org.springframework.mock.web.MockFilterChain.doFilter(MockFilterChain.java:132)
	at org.springframework.test.web.servlet.MockMvc.perform(MockMvc.java:201)
	at com.usyd.catams.integration.TimesheetControllerIntegrationTest.testPaginationAndSorting(TimesheetControllerIntegrationTest.java:374)
	at java.base/jdk.internal.reflect.NativeMethodAccessorImpl.invoke0(Native Method)
	at java.base/jdk.internal.reflect.NativeMethodAccessorImpl.invoke(NativeMethodAccessorImpl.java:77)
	at java.base/jdk.internal.reflect.DelegatingMethodAccessorImpl.invoke(DelegatingMethodAccessorImpl.java:43)
	at java.base/java.lang.reflect.Method.invoke(Method.java:568)
	at org.junit.platform.commons.util.ReflectionUtils.invokeMethod(ReflectionUtils.java:728)
	at org.junit.jupiter.engine.execution.MethodInvocation.proceed(MethodInvocation.java:60)
	at org.junit.jupiter.engine.execution.InvocationInterceptorChain$ValidatingInvocation.proceed(InvocationInterceptorChain.java:131)
	at org.junit.jupiter.engine.extension.TimeoutExtension.intercept(TimeoutExtension.java:156)
	at org.junit.jupiter.engine.extension.TimeoutExtension.interceptTestableMethod(TimeoutExtension.java:147)
	at org.junit.jupiter.engine.extension.TimeoutExtension.interceptTestMethod(TimeoutExtension.java:86)
	at org.junit.jupiter.engine.execution.InterceptingExecutableInvoker$ReflectiveInterceptorCall.lambda$ofVoidMethod$0(InterceptingExecutableInvoker.java:103)
	at org.junit.jupiter.engine.execution.InterceptingExecutableInvoker.lambda$invoke$0(InterceptingExecutableInvoker.java:93)
	at org.junit.jupiter.engine.execution.InvocationInterceptorChain$InterceptedInvocation.proceed(InvocationInterceptorChain.java:106)
	at org.junit.jupiter.engine.execution.InvocationInterceptorChain.proceed(InvocationInterceptorChain.java:64)
	at org.junit.jupiter.engine.execution.InvocationInterceptorChain.chainAndInvoke(InvocationInterceptorChain.java:45)
	at org.junit.jupiter.engine.execution.InvocationInterceptorChain.invoke(InvocationInterceptorChain.java:37)
	at org.junit.jupiter.engine.execution.InterceptingExecutableInvoker.invoke(InterceptingExecutableInvoker.java:92)
	at org.junit.jupiter.engine.execution.InterceptingExecutableInvoker.invoke(InterceptingExecutableInvoker.java:86)
	at org.junit.jupiter.engine.descriptor.TestMethodTestDescriptor.lambda$invokeTestMethod$7(TestMethodTestDescriptor.java:218)
	at org.junit.platform.engine.support.hierarchical.ThrowableCollector.execute(ThrowableCollector.java:73)
	at org.junit.jupiter.engine.descriptor.TestMethodTestDescriptor.invokeTestMethod(TestMethodTestDescriptor.java:214)
	at org.junit.jupiter.engine.descriptor.TestMethodTestDescriptor.execute(TestMethodTestDescriptor.java:139)
	at org.junit.jupiter.engine.descriptor.TestMethodTestDescriptor.execute(TestMethodTestDescriptor.java:69)
	at org.junit.platform.engine.support.hierarchical.NodeTestTask.lambda$executeRecursively$6(NodeTestTask.java:151)
	at org.junit.platform.engine.support.hierarchical.ThrowableCollector.execute(ThrowableCollector.java:73)
	at org.junit.platform.engine.support.hierarchical.NodeTestTask.lambda$executeRecursively$8(NodeTestTask.java:141)
	at org.junit.platform.engine.support.hierarchical.Node.around(Node.java:137)
	at org.junit.platform.engine.support.hierarchical.NodeTestTask.lambda$executeRecursively$9(NodeTestTask.java:139)
	at org.junit.platform.engine.support.hierarchical.ThrowableCollector.execute(ThrowableCollector.java:73)
	at org.junit.platform.engine.support.hierarchical.NodeTestTask.executeRecursively(NodeTestTask.java:138)
	at org.junit.platform.engine.support.hierarchical.NodeTestTask.execute(NodeTestTask.java:95)
	at java.base/java.util.ArrayList.forEach(ArrayList.java:1511)
	at org.junit.platform.engine.support.hierarchical.SameThreadHierarchicalTestExecutorService.invokeAll(SameThreadHierarchicalTestExecutorService.java:41)
	at org.junit.platform.engine.support.hierarchical.NodeTestTask.lambda$executeRecursively$6(NodeTestTask.java:155)
	at org.junit.platform.engine.support.hierarchical.ThrowableCollector.execute(ThrowableCollector.java:73)
	at org.junit.platform.engine.support.hierarchical.NodeTestTask.lambda$executeRecursively$8(NodeTestTask.java:141)
	at org.junit.platform.engine.support.hierarchical.Node.around(Node.java:137)
	at org.junit.platform.engine.support.hierarchical.NodeTestTask.lambda$executeRecursively$9(NodeTestTask.java:139)
	at org.junit.platform.engine.support.hierarchical.ThrowableCollector.execute(ThrowableCollector.java:73)
	at org.junit.platform.engine.support.hierarchical.NodeTestTask.executeRecursively(NodeTestTask.java:138)
	at org.junit.platform.engine.support.hierarchical.NodeTestTask.execute(NodeTestTask.java:95)
	at java.base/java.util.ArrayList.forEach(ArrayList.java:1511)
	at org.junit.platform.engine.support.hierarchical.SameThreadHierarchicalTestExecutorService.invokeAll(SameThreadHierarchicalTestExecutorService.java:41)
	at org.junit.platform.engine.support.hierarchical.NodeTestTask.lambda$executeRecursively$6(NodeTestTask.java:155)
	at org.junit.platform.engine.support.hierarchical.ThrowableCollector.execute(ThrowableCollector.java:73)
	at org.junit.platform.engine.support.hierarchical.NodeTestTask.lambda$executeRecursively$8(NodeTestTask.java:141)
	at org.junit.platform.engine.support.hierarchical.Node.around(Node.java:137)
	at org.junit.platform.engine.support.hierarchical.NodeTestTask.lambda$executeRecursively$9(NodeTestTask.java:139)
	at org.junit.platform.engine.support.hierarchical.ThrowableCollector.execute(ThrowableCollector.java:73)
	at org.junit.platform.engine.support.hierarchical.NodeTestTask.executeRecursively(NodeTestTask.java:138)
	at org.junit.platform.engine.support.hierarchical.NodeTestTask.execute(NodeTestTask.java:95)
	at org.junit.platform.engine.support.hierarchical.SameThreadHierarchicalTestExecutorService.submit(SameThreadHierarchicalTestExecutorService.java:35)
	at org.junit.platform.engine.support.hierarchical.HierarchicalTestExecutor.execute(HierarchicalTestExecutor.java:57)
	at org.junit.platform.engine.support.hierarchical.HierarchicalTestEngine.execute(HierarchicalTestEngine.java:54)
	at org.junit.platform.launcher.core.EngineExecutionOrchestrator.execute(EngineExecutionOrchestrator.java:198)
	at org.junit.platform.launcher.core.EngineExecutionOrchestrator.execute(EngineExecutionOrchestrator.java:169)
	at org.junit.platform.launcher.core.EngineExecutionOrchestrator.execute(EngineExecutionOrchestrator.java:93)
	at org.junit.platform.launcher.core.EngineExecutionOrchestrator.lambda$execute$0(EngineExecutionOrchestrator.java:58)
	at org.junit.platform.launcher.core.EngineExecutionOrchestrator.withInterceptedStreams(EngineExecutionOrchestrator.java:141)
	at org.junit.platform.launcher.core.EngineExecutionOrchestrator.execute(EngineExecutionOrchestrator.java:57)
	at org.junit.platform.launcher.core.DefaultLauncher.execute(DefaultLauncher.java:103)
	at org.junit.platform.launcher.core.DefaultLauncher.execute(DefaultLauncher.java:85)
	at org.junit.platform.launcher.core.DelegatingLauncher.execute(DelegatingLauncher.java:47)
	at org.apache.maven.surefire.junitplatform.LazyLauncher.execute(LazyLauncher.java:56)
	at org.apache.maven.surefire.junitplatform.JUnitPlatformProvider.execute(JUnitPlatformProvider.java:184)
	at org.apache.maven.surefire.junitplatform.JUnitPlatformProvider.invokeAllTests(JUnitPlatformProvider.java:148)
	at org.apache.maven.surefire.junitplatform.JUnitPlatformProvider.invoke(JUnitPlatformProvider.java:122)
	at org.apache.maven.surefire.booter.ForkedBooter.runSuitesInProcess(ForkedBooter.java:385)
	at org.apache.maven.surefire.booter.ForkedBooter.execute(ForkedBooter.java:162)
	at org.apache.maven.surefire.booter.ForkedBooter.run(ForkedBooter.java:507)
	at org.apache.maven.surefire.booter.ForkedBooter.main(ForkedBooter.java:495)
Caused by: java.lang.IllegalArgumentException: org.hibernate.query.sqm.UnknownPathException: Could not resolve attribute 'weekStartDate' of 'com.usyd.catams.entity.Timesheet' [SELECT t FROM Timesheet t WHERE (:tutorId IS NULL OR t.tutorId = :tutorId) AND (:courseId IS NULL OR t.courseId = :courseId) AND (:status IS NULL OR t.status = :status) order by t.weekStartDate asc]
	at org.hibernate.internal.ExceptionConverterImpl.convert(ExceptionConverterImpl.java:143)
	at org.hibernate.internal.ExceptionConverterImpl.convert(ExceptionConverterImpl.java:167)
	at org.hibernate.internal.ExceptionConverterImpl.convert(ExceptionConverterImpl.java:173)
	at org.hibernate.internal.AbstractSharedSessionContract.createQuery(AbstractSharedSessionContract.java:802)
	at org.hibernate.internal.AbstractSharedSessionContract.createQuery(AbstractSharedSessionContract.java:707)
	at org.hibernate.internal.AbstractSharedSessionContract.createQuery(AbstractSharedSessionContract.java:132)
	at jdk.internal.reflect.GeneratedMethodAccessor25.invoke(Unknown Source)
	at java.base/jdk.internal.reflect.DelegatingMethodAccessorImpl.invoke(DelegatingMethodAccessorImpl.java:43)
	at java.base/java.lang.reflect.Method.invoke(Method.java:568)
	at org.springframework.orm.jpa.SharedEntityManagerCreator$SharedEntityManagerInvocationHandler.invoke(SharedEntityManagerCreator.java:311)
	at jdk.proxy2/jdk.proxy2.$Proxy185.createQuery(Unknown Source)
	at org.springframework.data.jpa.repository.query.AbstractStringBasedJpaQuery.createJpaQuery(AbstractStringBasedJpaQuery.java:157)
	at org.springframework.data.jpa.repository.query.AbstractStringBasedJpaQuery.doCreateQuery(AbstractStringBasedJpaQuery.java:99)
	at org.springframework.data.jpa.repository.query.AbstractJpaQuery.createQuery(AbstractJpaQuery.java:239)
	at org.springframework.data.jpa.repository.query.JpaQueryExecution$PagedExecution.doExecute(JpaQueryExecution.java:202)
	at org.springframework.data.jpa.repository.query.JpaQueryExecution.execute(JpaQueryExecution.java:92)
	at org.springframework.data.jpa.repository.query.AbstractJpaQuery.doExecute(AbstractJpaQuery.java:149)
	at org.springframework.data.jpa.repository.query.AbstractJpaQuery.execute(AbstractJpaQuery.java:137)
	at org.springframework.data.repository.core.support.RepositoryMethodInvoker.doInvoke(RepositoryMethodInvoker.java:170)
	at org.springframework.data.repository.core.support.RepositoryMethodInvoker.invoke(RepositoryMethodInvoker.java:158)
	at org.springframework.data.repository.core.support.QueryExecutorMethodInterceptor.doInvoke(QueryExecutorMethodInterceptor.java:164)
	at org.springframework.data.repository.core.support.QueryExecutorMethodInterceptor.invoke(QueryExecutorMethodInterceptor.java:143)
	at org.springframework.aop.framework.ReflectiveMethodInvocation.proceed(ReflectiveMethodInvocation.java:184)
	at org.springframework.data.projection.DefaultMethodInvokingMethodInterceptor.invoke(DefaultMethodInvokingMethodInterceptor.java:70)
	at org.springframework.aop.framework.ReflectiveMethodInvocation.proceed(ReflectiveMethodInvocation.java:184)
	at org.springframework.transaction.interceptor.TransactionInterceptor$1.proceedWithInvocation(TransactionInterceptor.java:123)
	at org.springframework.transaction.interceptor.TransactionAspectSupport.invokeWithinTransaction(TransactionAspectSupport.java:385)
	at org.springframework.transaction.interceptor.TransactionInterceptor.invoke(TransactionInterceptor.java:119)
	at org.springframework.aop.framework.ReflectiveMethodInvocation.proceed(ReflectiveMethodInvocation.java:184)
	at org.springframework.dao.support.PersistenceExceptionTranslationInterceptor.invoke(PersistenceExceptionTranslationInterceptor.java:137)
	... 224 common frames omitted
Caused by: org.hibernate.query.sqm.UnknownPathException: Could not resolve attribute 'weekStartDate' of 'com.usyd.catams.entity.Timesheet' [SELECT t FROM Timesheet t WHERE (:tutorId IS NULL OR t.tutorId = :tutorId) AND (:courseId IS NULL OR t.courseId = :courseId) AND (:status IS NULL OR t.status = :status) order by t.weekStartDate asc]
	at org.hibernate.query.hql.internal.StandardHqlTranslator.translate(StandardHqlTranslator.java:87)
	at org.hibernate.query.internal.QueryInterpretationCacheStandardImpl.createHqlInterpretation(QueryInterpretationCacheStandardImpl.java:165)
	at org.hibernate.query.internal.QueryInterpretationCacheStandardImpl.resolveHqlInterpretation(QueryInterpretationCacheStandardImpl.java:147)
	at org.hibernate.internal.AbstractSharedSessionContract.interpretHql(AbstractSharedSessionContract.java:744)
	at org.hibernate.internal.AbstractSharedSessionContract.createQuery(AbstractSharedSessionContract.java:794)
	... 250 common frames omitted
Caused by: org.hibernate.query.sqm.PathElementException: Could not resolve attribute 'weekStartDate' of 'com.usyd.catams.entity.Timesheet'
	at org.hibernate.query.sqm.SqmPathSource.getSubPathSource(SqmPathSource.java:95)
	at org.hibernate.query.sqm.tree.domain.AbstractSqmPath.get(AbstractSqmPath.java:195)
	at org.hibernate.query.sqm.tree.domain.AbstractSqmFrom.resolvePathPart(AbstractSqmFrom.java:196)
	at org.hibernate.query.hql.internal.DomainPathPart.resolvePathPart(DomainPathPart.java:42)
	at org.hibernate.query.hql.internal.BasicDotIdentifierConsumer.consumeIdentifier(BasicDotIdentifierConsumer.java:91)
	at org.hibernate.query.hql.internal.SemanticQueryBuilder.visitSimplePath(SemanticQueryBuilder.java:5010)
	at org.hibernate.query.hql.internal.SemanticQueryBuilder.visitIndexedPathAccessFragment(SemanticQueryBuilder.java:4959)
	at org.hibernate.query.hql.internal.SemanticQueryBuilder.visitGeneralPathFragment(SemanticQueryBuilder.java:4934)
	at org.hibernate.query.hql.internal.SemanticQueryBuilder.visitGeneralPathExpression(SemanticQueryBuilder.java:1775)
	at org.hibernate.grammars.hql.HqlParser$GeneralPathExpressionContext.accept(HqlParser.java:7571)
	at org.antlr.v4.runtime.tree.AbstractParseTreeVisitor.visitChildren(AbstractParseTreeVisitor.java:46)
	at org.hibernate.grammars.hql.HqlParserBaseVisitor.visitBarePrimaryExpression(HqlParserBaseVisitor.java:755)
	at org.hibernate.grammars.hql.HqlParser$BarePrimaryExpressionContext.accept(HqlParser.java:7045)
	at org.hibernate.query.hql.internal.SemanticQueryBuilder.resolveOrderByOrGroupByExpression(SemanticQueryBuilder.java:1597)
	at org.hibernate.query.hql.internal.SemanticQueryBuilder.visitSortExpression(SemanticQueryBuilder.java:1680)
	at org.hibernate.query.hql.internal.SemanticQueryBuilder.visitSortSpecification(SemanticQueryBuilder.java:1640)
	at org.hibernate.query.hql.internal.SemanticQueryBuilder.visitOrderByClause(SemanticQueryBuilder.java:1623)
	at org.hibernate.query.hql.internal.SemanticQueryBuilder.visitOrderByClause(SemanticQueryBuilder.java:1612)
	at org.hibernate.query.hql.internal.SemanticQueryBuilder.visitQueryOrder(SemanticQueryBuilder.java:1094)
	at org.hibernate.query.hql.internal.SemanticQueryBuilder.visitQuerySpecExpression(SemanticQueryBuilder.java:943)
	at org.hibernate.query.hql.internal.SemanticQueryBuilder.visitQuerySpecExpression(SemanticQueryBuilder.java:268)
	at org.hibernate.grammars.hql.HqlParser$QuerySpecExpressionContext.accept(HqlParser.java:1844)
	at org.hibernate.query.hql.internal.SemanticQueryBuilder.visitSimpleQueryGroup(SemanticQueryBuilder.java:925)
	at org.hibernate.query.hql.internal.SemanticQueryBuilder.visitSimpleQueryGroup(SemanticQueryBuilder.java:268)
	at org.hibernate.grammars.hql.HqlParser$SimpleQueryGroupContext.accept(HqlParser.java:1718)
	at org.hibernate.query.hql.internal.SemanticQueryBuilder.visitSelectStatement(SemanticQueryBuilder.java:442)
	at org.hibernate.query.hql.internal.SemanticQueryBuilder.visitStatement(SemanticQueryBuilder.java:401)
	at org.hibernate.query.hql.internal.SemanticQueryBuilder.buildSemanticModel(SemanticQueryBuilder.java:310)
	at org.hibernate.query.hql.internal.StandardHqlTranslator.translate(StandardHqlTranslator.java:71)
	... 254 common frames omitted

MockHttpServletRequest:
      HTTP Method = POST
      Request URI = /api/timesheets
       Parameters = {}
          Headers = [Content-Type:"application/json;charset=UTF-8", Authorization:"Bearer eyJhbGciOiJIUzM4NCJ9.eyJzdWIiOiJsZWN0dXJlckB0ZXN0LmNvbSIsInVzZXJJZCI6MTY4LCJyb2xlIjoiTEVDVFVSRVIiLCJpYXQiOjE3NTQzODQ3MDYsImV4cCI6MTc1NDM4ODMwNn0.pW6f3E1FVpeaGWCHMby56YWW_Eo1IJKldwZbMyBM7dSJ3vpO187K_LfEV0i386Fy", Content-Length:"139"]
             Body = {"tutorId":169,"courseId":13,"weekStartDate":"2025-08-11","hours":10.0,"hourlyRate":45.0,"description":"Work 1","weekStartDateMonday":true}
    Session Attrs = {}

Handler:
             Type = com.usyd.catams.controller.TimesheetController
           Method = com.usyd.catams.controller.TimesheetController#createTimesheet(TimesheetCreateRequest, Authentication)

Async:
    Async started = false
     Async result = null

Resolved Exception:
             Type = null

ModelAndView:
        View name = null
             View = null
            Model = null

FlashMap:
       Attributes = null

MockHttpServletResponse:
           Status = 201
    Error message = null
          Headers = [Vary:"Origin", "Access-Control-Request-Method", "Access-Control-Request-Headers", Content-Type:"application/json", X-Content-Type-Options:"nosniff", X-XSS-Protection:"0", Cache-Control:"no-cache, no-store, max-age=0, must-revalidate", Pragma:"no-cache", Expires:"0", X-Frame-Options:"DENY"]
     Content type = application/json
             Body = {"success":true,"id":23,"tutorId":169,"courseId":13,"weekStartDate":"2025-08-11","hours":10.0,"hourlyRate":45.00,"totalPay":450.000,"description":"Work 1","status":"DRAFT","createdAt":"2025-08-05T19:05:06","updatedAt":"2025-08-05T19:05:06","createdBy":168,"isEditable":true,"canBeApproved":false}
    Forwarded URL = null
   Redirected URL = null
          Cookies = []

MockHttpServletRequest:
      HTTP Method = POST
      Request URI = /api/timesheets
       Parameters = {}
          Headers = [Content-Type:"application/json;charset=UTF-8", Authorization:"Bearer eyJhbGciOiJIUzM4NCJ9.eyJzdWIiOiJsZWN0dXJlckB0ZXN0LmNvbSIsInVzZXJJZCI6MTY4LCJyb2xlIjoiTEVDVFVSRVIiLCJpYXQiOjE3NTQzODQ3MDYsImV4cCI6MTc1NDM4ODMwNn0.pW6f3E1FVpeaGWCHMby56YWW_Eo1IJKldwZbMyBM7dSJ3vpO187K_LfEV0i386Fy", Content-Length:"139"]
             Body = {"tutorId":169,"courseId":13,"weekStartDate":"2025-08-18","hours":10.0,"hourlyRate":45.0,"description":"Work 2","weekStartDateMonday":true}
    Session Attrs = {}

Handler:
             Type = com.usyd.catams.controller.TimesheetController
           Method = com.usyd.catams.controller.TimesheetController#createTimesheet(TimesheetCreateRequest, Authentication)

Async:
    Async started = false
     Async result = null

Resolved Exception:
             Type = null

ModelAndView:
        View name = null
             View = null
            Model = null

FlashMap:
       Attributes = null

MockHttpServletResponse:
           Status = 201
    Error message = null
          Headers = [Vary:"Origin", "Access-Control-Request-Method", "Access-Control-Request-Headers", Content-Type:"application/json", X-Content-Type-Options:"nosniff", X-XSS-Protection:"0", Cache-Control:"no-cache, no-store, max-age=0, must-revalidate", Pragma:"no-cache", Expires:"0", X-Frame-Options:"DENY"]
     Content type = application/json
             Body = {"success":true,"id":24,"tutorId":169,"courseId":13,"weekStartDate":"2025-08-18","hours":10.0,"hourlyRate":45.00,"totalPay":450.000,"description":"Work 2","status":"DRAFT","createdAt":"2025-08-05T19:05:06","updatedAt":"2025-08-05T19:05:06","createdBy":168,"isEditable":true,"canBeApproved":false}
    Forwarded URL = null
   Redirected URL = null
          Cookies = []

MockHttpServletRequest:
      HTTP Method = POST
      Request URI = /api/timesheets
       Parameters = {}
          Headers = [Content-Type:"application/json;charset=UTF-8", Authorization:"Bearer eyJhbGciOiJIUzM4NCJ9.eyJzdWIiOiJsZWN0dXJlckB0ZXN0LmNvbSIsInVzZXJJZCI6MTY4LCJyb2xlIjoiTEVDVFVSRVIiLCJpYXQiOjE3NTQzODQ3MDYsImV4cCI6MTc1NDM4ODMwNn0.pW6f3E1FVpeaGWCHMby56YWW_Eo1IJKldwZbMyBM7dSJ3vpO187K_LfEV0i386Fy", Content-Length:"139"]
             Body = {"tutorId":169,"courseId":13,"weekStartDate":"2025-08-25","hours":10.0,"hourlyRate":45.0,"description":"Work 3","weekStartDateMonday":true}
    Session Attrs = {}

Handler:
             Type = com.usyd.catams.controller.TimesheetController
           Method = com.usyd.catams.controller.TimesheetController#createTimesheet(TimesheetCreateRequest, Authentication)

Async:
    Async started = false
     Async result = null

Resolved Exception:
             Type = null

ModelAndView:
        View name = null
             View = null
            Model = null

FlashMap:
       Attributes = null

MockHttpServletResponse:
           Status = 201
    Error message = null
          Headers = [Vary:"Origin", "Access-Control-Request-Method", "Access-Control-Request-Headers", Content-Type:"application/json", X-Content-Type-Options:"nosniff", X-XSS-Protection:"0", Cache-Control:"no-cache, no-store, max-age=0, must-revalidate", Pragma:"no-cache", Expires:"0", X-Frame-Options:"DENY"]
     Content type = application/json
             Body = {"success":true,"id":25,"tutorId":169,"courseId":13,"weekStartDate":"2025-08-25","hours":10.0,"hourlyRate":45.00,"totalPay":450.000,"description":"Work 3","status":"DRAFT","createdAt":"2025-08-05T19:05:06","updatedAt":"2025-08-05T19:05:06","createdBy":168,"isEditable":true,"canBeApproved":false}
    Forwarded URL = null
   Redirected URL = null
          Cookies = []

MockHttpServletRequest:
      HTTP Method = POST
      Request URI = /api/timesheets
       Parameters = {}
          Headers = [Content-Type:"application/json;charset=UTF-8", Authorization:"Bearer eyJhbGciOiJIUzM4NCJ9.eyJzdWIiOiJsZWN0dXJlckB0ZXN0LmNvbSIsInVzZXJJZCI6MTY4LCJyb2xlIjoiTEVDVFVSRVIiLCJpYXQiOjE3NTQzODQ3MDYsImV4cCI6MTc1NDM4ODMwNn0.pW6f3E1FVpeaGWCHMby56YWW_Eo1IJKldwZbMyBM7dSJ3vpO187K_LfEV0i386Fy", Content-Length:"139"]
             Body = {"tutorId":169,"courseId":13,"weekStartDate":"2025-09-01","hours":10.0,"hourlyRate":45.0,"description":"Work 4","weekStartDateMonday":true}
    Session Attrs = {}

Handler:
             Type = com.usyd.catams.controller.TimesheetController
           Method = com.usyd.catams.controller.TimesheetController#createTimesheet(TimesheetCreateRequest, Authentication)

Async:
    Async started = false
     Async result = null

Resolved Exception:
             Type = null

ModelAndView:
        View name = null
             View = null
            Model = null

FlashMap:
       Attributes = null

MockHttpServletResponse:
           Status = 201
    Error message = null
          Headers = [Vary:"Origin", "Access-Control-Request-Method", "Access-Control-Request-Headers", Content-Type:"application/json", X-Content-Type-Options:"nosniff", X-XSS-Protection:"0", Cache-Control:"no-cache, no-store, max-age=0, must-revalidate", Pragma:"no-cache", Expires:"0", X-Frame-Options:"DENY"]
     Content type = application/json
             Body = {"success":true,"id":26,"tutorId":169,"courseId":13,"weekStartDate":"2025-09-01","hours":10.0,"hourlyRate":45.00,"totalPay":450.000,"description":"Work 4","status":"DRAFT","createdAt":"2025-08-05T19:05:06","updatedAt":"2025-08-05T19:05:06","createdBy":168,"isEditable":true,"canBeApproved":false}
    Forwarded URL = null
   Redirected URL = null
          Cookies = []

MockHttpServletRequest:
      HTTP Method = POST
      Request URI = /api/timesheets
       Parameters = {}
          Headers = [Content-Type:"application/json;charset=UTF-8", Authorization:"Bearer eyJhbGciOiJIUzM4NCJ9.eyJzdWIiOiJsZWN0dXJlckB0ZXN0LmNvbSIsInVzZXJJZCI6MTY4LCJyb2xlIjoiTEVDVFVSRVIiLCJpYXQiOjE3NTQzODQ3MDYsImV4cCI6MTc1NDM4ODMwNn0.pW6f3E1FVpeaGWCHMby56YWW_Eo1IJKldwZbMyBM7dSJ3vpO187K_LfEV0i386Fy", Content-Length:"139"]
             Body = {"tutorId":169,"courseId":13,"weekStartDate":"2025-09-08","hours":10.0,"hourlyRate":45.0,"description":"Work 5","weekStartDateMonday":true}
    Session Attrs = {}

Handler:
             Type = com.usyd.catams.controller.TimesheetController
           Method = com.usyd.catams.controller.TimesheetController#createTimesheet(TimesheetCreateRequest, Authentication)

Async:
    Async started = false
     Async result = null

Resolved Exception:
             Type = null

ModelAndView:
        View name = null
             View = null
            Model = null

FlashMap:
       Attributes = null

MockHttpServletResponse:
           Status = 201
    Error message = null
          Headers = [Vary:"Origin", "Access-Control-Request-Method", "Access-Control-Request-Headers", Content-Type:"application/json", X-Content-Type-Options:"nosniff", X-XSS-Protection:"0", Cache-Control:"no-cache, no-store, max-age=0, must-revalidate", Pragma:"no-cache", Expires:"0", X-Frame-Options:"DENY"]
     Content type = application/json
             Body = {"success":true,"id":27,"tutorId":169,"courseId":13,"weekStartDate":"2025-09-08","hours":10.0,"hourlyRate":45.00,"totalPay":450.000,"description":"Work 5","status":"DRAFT","createdAt":"2025-08-05T19:05:06","updatedAt":"2025-08-05T19:05:06","createdBy":168,"isEditable":true,"canBeApproved":false}
    Forwarded URL = null
   Redirected URL = null
          Cookies = []

MockHttpServletRequest:
      HTTP Method = GET
      Request URI = /api/timesheets
       Parameters = {page=[0], size=[2]}
          Headers = [Authorization:"Bearer eyJhbGciOiJIUzM4NCJ9.eyJzdWIiOiJhZG1pbkB0ZXN0LmNvbSIsInVzZXJJZCI6MTcwLCJyb2xlIjoiQURNSU4iLCJpYXQiOjE3NTQzODQ3MDYsImV4cCI6MTc1NDM4ODMwNn0.i_5ECXBfWOcY3jDDS_1_S7dIatZewvzFLrWu9grCE4zqTL0T4G23GL3XPjPkz77f"]
             Body = null
    Session Attrs = {}

Handler:
             Type = com.usyd.catams.controller.TimesheetController
           Method = com.usyd.catams.controller.TimesheetController#getTimesheets(Long, Long, ApprovalStatus, int, int, String, Authentication)

Async:
    Async started = false
     Async result = null

Resolved Exception:
             Type = null

ModelAndView:
        View name = null
             View = null
            Model = null

FlashMap:
       Attributes = null

MockHttpServletResponse:
           Status = 200
    Error message = null
          Headers = [Vary:"Origin", "Access-Control-Request-Method", "Access-Control-Request-Headers", Content-Type:"application/json", X-Content-Type-Options:"nosniff", X-XSS-Protection:"0", Cache-Control:"no-cache, no-store, max-age=0, must-revalidate", Pragma:"no-cache", Expires:"0", X-Frame-Options:"DENY"]
     Content type = application/json
             Body = {"content":[{"success":true,"id":27,"tutorId":169,"courseId":13,"weekStartDate":"2025-09-08","hours":10.0,"hourlyRate":45.00,"totalPay":450.000,"description":"Work 5","status":"DRAFT","createdAt":"2025-08-05T19:05:06","updatedAt":"2025-08-05T19:05:06","createdBy":168,"isEditable":true,"canBeApproved":false},{"success":true,"id":26,"tutorId":169,"courseId":13,"weekStartDate":"2025-09-01","hours":10.0,"hourlyRate":45.00,"totalPay":450.000,"description":"Work 4","status":"DRAFT","createdAt":"2025-08-05T19:05:06","updatedAt":"2025-08-05T19:05:06","createdBy":168,"isEditable":true,"canBeApproved":false}],"data":[{"success":true,"id":27,"tutorId":169,"courseId":13,"weekStartDate":"2025-09-08","hours":10.0,"hourlyRate":45.00,"totalPay":450.000,"description":"Work 5","status":"DRAFT","createdAt":"2025-08-05T19:05:06","updatedAt":"2025-08-05T19:05:06","createdBy":168,"isEditable":true,"canBeApproved":false},{"success":true,"id":26,"tutorId":169,"courseId":13,"weekStartDate":"2025-09-01","hours":10.0,"hourlyRate":45.00,"totalPay":450.000,"description":"Work 4","status":"DRAFT","createdAt":"2025-08-05T19:05:06","updatedAt":"2025-08-05T19:05:06","createdBy":168,"isEditable":true,"canBeApproved":false}],"page":{"currentPage":0,"pageSize":2,"totalElements":5,"totalPages":3,"first":true,"last":false,"numberOfElements":2,"empty":false},"success":true,"timesheets":[{"success":true,"id":27,"tutorId":169,"courseId":13,"weekStartDate":"2025-09-08","hours":10.0,"hourlyRate":45.00,"totalPay":450.000,"description":"Work 5","status":"DRAFT","createdAt":"2025-08-05T19:05:06","updatedAt":"2025-08-05T19:05:06","createdBy":168,"isEditable":true,"canBeApproved":false},{"success":true,"id":26,"tutorId":169,"courseId":13,"weekStartDate":"2025-09-01","hours":10.0,"hourlyRate":45.00,"totalPay":450.000,"description":"Work 4","status":"DRAFT","createdAt":"2025-08-05T19:05:06","updatedAt":"2025-08-05T19:05:06","createdBy":168,"isEditable":true,"canBeApproved":false}],"pageInfo":{"currentPage":0,"pageSize":2,"totalElements":5,"totalPages":3,"first":true,"last":false,"numberOfElements":2,"empty":false}}
    Forwarded URL = null
   Redirected URL = null
          Cookies = []

MockHttpServletRequest:
      HTTP Method = GET
      Request URI = /api/timesheets
       Parameters = {sort=[weekStartDate,asc]}
          Headers = [Authorization:"Bearer eyJhbGciOiJIUzM4NCJ9.eyJzdWIiOiJhZG1pbkB0ZXN0LmNvbSIsInVzZXJJZCI6MTcwLCJyb2xlIjoiQURNSU4iLCJpYXQiOjE3NTQzODQ3MDYsImV4cCI6MTc1NDM4ODMwNn0.i_5ECXBfWOcY3jDDS_1_S7dIatZewvzFLrWu9grCE4zqTL0T4G23GL3XPjPkz77f"]
             Body = null
    Session Attrs = {}

Handler:
             Type = com.usyd.catams.controller.TimesheetController
           Method = com.usyd.catams.controller.TimesheetController#getTimesheets(Long, Long, ApprovalStatus, int, int, String, Authentication)

Async:
    Async started = false
     Async result = null

Resolved Exception:
             Type = org.springframework.dao.InvalidDataAccessApiUsageException

ModelAndView:
        View name = null
             View = null
            Model = null

FlashMap:
       Attributes = null

MockHttpServletResponse:
           Status = 500
    Error message = null
          Headers = [Vary:"Origin", "Access-Control-Request-Method", "Access-Control-Request-Headers", Content-Type:"application/json", X-Content-Type-Options:"nosniff", X-XSS-Protection:"0", Cache-Control:"no-cache, no-store, max-age=0, must-revalidate", Pragma:"no-cache", Expires:"0", X-Frame-Options:"DENY"]
     Content type = application/json
             Body = {"success":false,"timestamp":"2025-08-05T09:05:06.763129800Z","status":500,"error":"INTERNAL_ERROR","message":"Internal server error, please try again later","errorMessage":"Internal server error, please try again later","path":"/api/timesheets"}
    Forwarded URL = null
   Redirected URL = null
          Cookies = []
]]></system-out>
  </testcase>
  <testcase name="testAC1_ValidationErrors" classname="com.usyd.catams.integration.TimesheetControllerIntegrationTest" time="0.226">
    <system-out><![CDATA[2025-08-05 19:05:06 - Securing POST /api/timesheets
2025-08-05 19:05:06 - JWT authentication successful for user: lecturer@test.com with role: LECTURER
2025-08-05 19:05:06 - Secured POST /api/timesheets
2025-08-05 19:05:06 - Validation exception: Validation failed: hours: Hours must have at most 2 integer digits and 1 decimal place, hours: Hours must be at least 0.1
2025-08-05 19:05:06 - Securing POST /api/timesheets
2025-08-05 19:05:06 - JWT authentication successful for user: lecturer@test.com with role: LECTURER
2025-08-05 19:05:06 - Secured POST /api/timesheets
2025-08-05 19:05:06 - Validation exception: Validation failed: hourlyRate: Hourly rate cannot exceed 200.00
2025-08-05 19:05:06 - Securing POST /api/timesheets
2025-08-05 19:05:06 - JWT authentication successful for user: lecturer@test.com with role: LECTURER
2025-08-05 19:05:06 - Secured POST /api/timesheets
2025-08-05 19:05:06 - Validation exception: Validation failed: description: Description must be between 1 and 1000 characters, description: Description is required
]]></system-out>
  </testcase>
  <testcase name="testAC2_TutorCannotViewOtherTutorsTimesheets" classname="com.usyd.catams.integration.TimesheetControllerIntegrationTest" time="0.285">
    <system-out><![CDATA[2025-08-05 19:05:07 - Securing POST /api/timesheets
2025-08-05 19:05:07 - JWT authentication successful for user: lecturer@test.com with role: LECTURER
2025-08-05 19:05:07 - Secured POST /api/timesheets
2025-08-05 19:05:07 - Authorizing method invocation ReflectiveMethodInvocation: public org.springframework.http.ResponseEntity com.usyd.catams.controller.TimesheetController.createTimesheet(com.usyd.catams.dto.request.TimesheetCreateRequest,org.springframework.security.core.Authentication); target is of class [com.usyd.catams.controller.TimesheetController]
2025-08-05 19:05:07 - Authorized method invocation ReflectiveMethodInvocation: public org.springframework.http.ResponseEntity com.usyd.catams.controller.TimesheetController.createTimesheet(com.usyd.catams.dto.request.TimesheetCreateRequest,org.springframework.security.core.Authentication); target is of class [com.usyd.catams.controller.TimesheetController]
2025-08-05 19:05:07 - Securing GET /api/timesheets
2025-08-05 19:05:07 - JWT authentication successful for user: tutor@test.com with role: TUTOR
2025-08-05 19:05:07 - Secured GET /api/timesheets
2025-08-05 19:05:07 - Authorizing method invocation ReflectiveMethodInvocation: public org.springframework.http.ResponseEntity com.usyd.catams.controller.TimesheetController.getTimesheets(java.lang.Long,java.lang.Long,com.usyd.catams.enums.ApprovalStatus,int,int,java.lang.String,org.springframework.security.core.Authentication); target is of class [com.usyd.catams.controller.TimesheetController]
2025-08-05 19:05:07 - Authorized method invocation ReflectiveMethodInvocation: public org.springframework.http.ResponseEntity com.usyd.catams.controller.TimesheetController.getTimesheets(java.lang.Long,java.lang.Long,com.usyd.catams.enums.ApprovalStatus,int,int,java.lang.String,org.springframework.security.core.Authentication); target is of class [com.usyd.catams.controller.TimesheetController]
2025-08-05 19:05:07 - Security exception: TUTOR can only view their own timesheets
]]></system-out>
  </testcase>
  <testcase name="testAC3_AdminCanViewAllTimesheetsWithFiltering" classname="com.usyd.catams.integration.TimesheetControllerIntegrationTest" time="0.339">
    <system-out><![CDATA[2025-08-05 19:05:07 - Securing POST /api/timesheets
2025-08-05 19:05:07 - JWT authentication successful for user: lecturer@test.com with role: LECTURER
2025-08-05 19:05:07 - Secured POST /api/timesheets
2025-08-05 19:05:07 - Authorizing method invocation ReflectiveMethodInvocation: public org.springframework.http.ResponseEntity com.usyd.catams.controller.TimesheetController.createTimesheet(com.usyd.catams.dto.request.TimesheetCreateRequest,org.springframework.security.core.Authentication); target is of class [com.usyd.catams.controller.TimesheetController]
2025-08-05 19:05:07 - Authorized method invocation ReflectiveMethodInvocation: public org.springframework.http.ResponseEntity com.usyd.catams.controller.TimesheetController.createTimesheet(com.usyd.catams.dto.request.TimesheetCreateRequest,org.springframework.security.core.Authentication); target is of class [com.usyd.catams.controller.TimesheetController]
2025-08-05 19:05:07 - Securing POST /api/timesheets
2025-08-05 19:05:07 - JWT authentication successful for user: lecturer@test.com with role: LECTURER
2025-08-05 19:05:07 - Secured POST /api/timesheets
2025-08-05 19:05:07 - Authorizing method invocation ReflectiveMethodInvocation: public org.springframework.http.ResponseEntity com.usyd.catams.controller.TimesheetController.createTimesheet(com.usyd.catams.dto.request.TimesheetCreateRequest,org.springframework.security.core.Authentication); target is of class [com.usyd.catams.controller.TimesheetController]
2025-08-05 19:05:07 - Authorized method invocation ReflectiveMethodInvocation: public org.springframework.http.ResponseEntity com.usyd.catams.controller.TimesheetController.createTimesheet(com.usyd.catams.dto.request.TimesheetCreateRequest,org.springframework.security.core.Authentication); target is of class [com.usyd.catams.controller.TimesheetController]
2025-08-05 19:05:07 - Securing POST /api/timesheets
2025-08-05 19:05:07 - JWT authentication successful for user: lecturer@test.com with role: LECTURER
2025-08-05 19:05:07 - Secured POST /api/timesheets
2025-08-05 19:05:07 - Authorizing method invocation ReflectiveMethodInvocation: public org.springframework.http.ResponseEntity com.usyd.catams.controller.TimesheetController.createTimesheet(com.usyd.catams.dto.request.TimesheetCreateRequest,org.springframework.security.core.Authentication); target is of class [com.usyd.catams.controller.TimesheetController]
2025-08-05 19:05:07 - Authorized method invocation ReflectiveMethodInvocation: public org.springframework.http.ResponseEntity com.usyd.catams.controller.TimesheetController.createTimesheet(com.usyd.catams.dto.request.TimesheetCreateRequest,org.springframework.security.core.Authentication); target is of class [com.usyd.catams.controller.TimesheetController]
2025-08-05 19:05:07 - Securing GET /api/timesheets
2025-08-05 19:05:07 - JWT authentication successful for user: admin@test.com with role: ADMIN
2025-08-05 19:05:07 - Secured GET /api/timesheets
2025-08-05 19:05:07 - Authorizing method invocation ReflectiveMethodInvocation: public org.springframework.http.ResponseEntity com.usyd.catams.controller.TimesheetController.getTimesheets(java.lang.Long,java.lang.Long,com.usyd.catams.enums.ApprovalStatus,int,int,java.lang.String,org.springframework.security.core.Authentication); target is of class [com.usyd.catams.controller.TimesheetController]
2025-08-05 19:05:07 - Authorized method invocation ReflectiveMethodInvocation: public org.springframework.http.ResponseEntity com.usyd.catams.controller.TimesheetController.getTimesheets(java.lang.Long,java.lang.Long,com.usyd.catams.enums.ApprovalStatus,int,int,java.lang.String,org.springframework.security.core.Authentication); target is of class [com.usyd.catams.controller.TimesheetController]
2025-08-05 19:05:07 - Securing GET /api/timesheets
2025-08-05 19:05:07 - JWT authentication successful for user: admin@test.com with role: ADMIN
2025-08-05 19:05:07 - Secured GET /api/timesheets
2025-08-05 19:05:07 - Authorizing method invocation ReflectiveMethodInvocation: public org.springframework.http.ResponseEntity com.usyd.catams.controller.TimesheetController.getTimesheets(java.lang.Long,java.lang.Long,com.usyd.catams.enums.ApprovalStatus,int,int,java.lang.String,org.springframework.security.core.Authentication); target is of class [com.usyd.catams.controller.TimesheetController]
2025-08-05 19:05:07 - Authorized method invocation ReflectiveMethodInvocation: public org.springframework.http.ResponseEntity com.usyd.catams.controller.TimesheetController.getTimesheets(java.lang.Long,java.lang.Long,com.usyd.catams.enums.ApprovalStatus,int,int,java.lang.String,org.springframework.security.core.Authentication); target is of class [com.usyd.catams.controller.TimesheetController]
2025-08-05 19:05:07 - Securing GET /api/timesheets
2025-08-05 19:05:07 - JWT authentication successful for user: admin@test.com with role: ADMIN
2025-08-05 19:05:07 - Secured GET /api/timesheets
2025-08-05 19:05:07 - Authorizing method invocation ReflectiveMethodInvocation: public org.springframework.http.ResponseEntity com.usyd.catams.controller.TimesheetController.getTimesheets(java.lang.Long,java.lang.Long,com.usyd.catams.enums.ApprovalStatus,int,int,java.lang.String,org.springframework.security.core.Authentication); target is of class [com.usyd.catams.controller.TimesheetController]
2025-08-05 19:05:07 - Authorized method invocation ReflectiveMethodInvocation: public org.springframework.http.ResponseEntity com.usyd.catams.controller.TimesheetController.getTimesheets(java.lang.Long,java.lang.Long,com.usyd.catams.enums.ApprovalStatus,int,int,java.lang.String,org.springframework.security.core.Authentication); target is of class [com.usyd.catams.controller.TimesheetController]
]]></system-out>
  </testcase>
  <testcase name="testAC2_TutorCanViewOwnTimesheets" classname="com.usyd.catams.integration.TimesheetControllerIntegrationTest" time="0.236">
    <failure message="No value at JSON path &quot;$.page.number&quot;" type="java.lang.AssertionError"><![CDATA[java.lang.AssertionError: No value at JSON path "$.page.number"
	at org.springframework.test.util.JsonPathExpectationsHelper.evaluateJsonPath(JsonPathExpectationsHelper.java:302)
	at org.springframework.test.util.JsonPathExpectationsHelper.assertValue(JsonPathExpectationsHelper.java:99)
	at org.springframework.test.web.servlet.result.JsonPathResultMatchers.lambda$value$2(JsonPathResultMatchers.java:111)
	at org.springframework.test.web.servlet.MockMvc$1.andExpect(MockMvc.java:214)
	at com.usyd.catams.integration.TimesheetControllerIntegrationTest.testAC2_TutorCanViewOwnTimesheets(TimesheetControllerIntegrationTest.java:237)
	at java.base/java.lang.reflect.Method.invoke(Method.java:568)
	at java.base/java.util.ArrayList.forEach(ArrayList.java:1511)
	at java.base/java.util.ArrayList.forEach(ArrayList.java:1511)
Caused by: com.jayway.jsonpath.PathNotFoundException: No results for path: $['page']['number']
]]></failure>
    <system-out><![CDATA[2025-08-05 19:05:07 - Securing POST /api/timesheets
2025-08-05 19:05:07 - JWT authentication successful for user: lecturer@test.com with role: LECTURER
2025-08-05 19:05:07 - Secured POST /api/timesheets
2025-08-05 19:05:07 - Authorizing method invocation ReflectiveMethodInvocation: public org.springframework.http.ResponseEntity com.usyd.catams.controller.TimesheetController.createTimesheet(com.usyd.catams.dto.request.TimesheetCreateRequest,org.springframework.security.core.Authentication); target is of class [com.usyd.catams.controller.TimesheetController]
2025-08-05 19:05:07 - Authorized method invocation ReflectiveMethodInvocation: public org.springframework.http.ResponseEntity com.usyd.catams.controller.TimesheetController.createTimesheet(com.usyd.catams.dto.request.TimesheetCreateRequest,org.springframework.security.core.Authentication); target is of class [com.usyd.catams.controller.TimesheetController]
2025-08-05 19:05:07 - Securing POST /api/timesheets
2025-08-05 19:05:07 - JWT authentication successful for user: lecturer@test.com with role: LECTURER
2025-08-05 19:05:07 - Secured POST /api/timesheets
2025-08-05 19:05:07 - Authorizing method invocation ReflectiveMethodInvocation: public org.springframework.http.ResponseEntity com.usyd.catams.controller.TimesheetController.createTimesheet(com.usyd.catams.dto.request.TimesheetCreateRequest,org.springframework.security.core.Authentication); target is of class [com.usyd.catams.controller.TimesheetController]
2025-08-05 19:05:07 - Authorized method invocation ReflectiveMethodInvocation: public org.springframework.http.ResponseEntity com.usyd.catams.controller.TimesheetController.createTimesheet(com.usyd.catams.dto.request.TimesheetCreateRequest,org.springframework.security.core.Authentication); target is of class [com.usyd.catams.controller.TimesheetController]
2025-08-05 19:05:07 - Securing GET /api/timesheets
2025-08-05 19:05:07 - JWT authentication successful for user: tutor@test.com with role: TUTOR
2025-08-05 19:05:07 - Secured GET /api/timesheets
2025-08-05 19:05:07 - Authorizing method invocation ReflectiveMethodInvocation: public org.springframework.http.ResponseEntity com.usyd.catams.controller.TimesheetController.getTimesheets(java.lang.Long,java.lang.Long,com.usyd.catams.enums.ApprovalStatus,int,int,java.lang.String,org.springframework.security.core.Authentication); target is of class [com.usyd.catams.controller.TimesheetController]
2025-08-05 19:05:07 - Authorized method invocation ReflectiveMethodInvocation: public org.springframework.http.ResponseEntity com.usyd.catams.controller.TimesheetController.getTimesheets(java.lang.Long,java.lang.Long,com.usyd.catams.enums.ApprovalStatus,int,int,java.lang.String,org.springframework.security.core.Authentication); target is of class [com.usyd.catams.controller.TimesheetController]

MockHttpServletRequest:
      HTTP Method = POST
      Request URI = /api/timesheets
       Parameters = {}
          Headers = [Content-Type:"application/json;charset=UTF-8", Authorization:"Bearer eyJhbGciOiJIUzM4NCJ9.eyJzdWIiOiJsZWN0dXJlckB0ZXN0LmNvbSIsInVzZXJJZCI6MTgyLCJyb2xlIjoiTEVDVFVSRVIiLCJpYXQiOjE3NTQzODQ3MDcsImV4cCI6MTc1NDM4ODMwN30.iec5uqGswxYG5PXTHMDhhrlU8Y_ViM2K2RS4i3yBaDOPYB1b1p0rj9uCucMhZCaA", Content-Length:"148"]
             Body = {"tutorId":183,"courseId":18,"weekStartDate":"2025-08-11","hours":10.0,"hourlyRate":45.0,"description":"Tutorial work 1","weekStartDateMonday":true}
    Session Attrs = {}

Handler:
             Type = com.usyd.catams.controller.TimesheetController
           Method = com.usyd.catams.controller.TimesheetController#createTimesheet(TimesheetCreateRequest, Authentication)

Async:
    Async started = false
     Async result = null

Resolved Exception:
             Type = null

ModelAndView:
        View name = null
             View = null
            Model = null

FlashMap:
       Attributes = null

MockHttpServletResponse:
           Status = 201
    Error message = null
          Headers = [Vary:"Origin", "Access-Control-Request-Method", "Access-Control-Request-Headers", Content-Type:"application/json", X-Content-Type-Options:"nosniff", X-XSS-Protection:"0", Cache-Control:"no-cache, no-store, max-age=0, must-revalidate", Pragma:"no-cache", Expires:"0", X-Frame-Options:"DENY"]
     Content type = application/json
             Body = {"success":true,"id":32,"tutorId":183,"courseId":18,"weekStartDate":"2025-08-11","hours":10.0,"hourlyRate":45.00,"totalPay":450.000,"description":"Tutorial work 1","status":"DRAFT","createdAt":"2025-08-05T19:05:07","updatedAt":"2025-08-05T19:05:07","createdBy":182,"isEditable":true,"canBeApproved":false}
    Forwarded URL = null
   Redirected URL = null
          Cookies = []

MockHttpServletRequest:
      HTTP Method = POST
      Request URI = /api/timesheets
       Parameters = {}
          Headers = [Content-Type:"application/json;charset=UTF-8", Authorization:"Bearer eyJhbGciOiJIUzM4NCJ9.eyJzdWIiOiJsZWN0dXJlckB0ZXN0LmNvbSIsInVzZXJJZCI6MTgyLCJyb2xlIjoiTEVDVFVSRVIiLCJpYXQiOjE3NTQzODQ3MDcsImV4cCI6MTc1NDM4ODMwN30.iec5uqGswxYG5PXTHMDhhrlU8Y_ViM2K2RS4i3yBaDOPYB1b1p0rj9uCucMhZCaA", Content-Length:"148"]
             Body = {"tutorId":183,"courseId":18,"weekStartDate":"2025-08-18","hours":10.0,"hourlyRate":45.0,"description":"Tutorial work 2","weekStartDateMonday":true}
    Session Attrs = {}

Handler:
             Type = com.usyd.catams.controller.TimesheetController
           Method = com.usyd.catams.controller.TimesheetController#createTimesheet(TimesheetCreateRequest, Authentication)

Async:
    Async started = false
     Async result = null

Resolved Exception:
             Type = null

ModelAndView:
        View name = null
             View = null
            Model = null

FlashMap:
       Attributes = null

MockHttpServletResponse:
           Status = 201
    Error message = null
          Headers = [Vary:"Origin", "Access-Control-Request-Method", "Access-Control-Request-Headers", Content-Type:"application/json", X-Content-Type-Options:"nosniff", X-XSS-Protection:"0", Cache-Control:"no-cache, no-store, max-age=0, must-revalidate", Pragma:"no-cache", Expires:"0", X-Frame-Options:"DENY"]
     Content type = application/json
             Body = {"success":true,"id":33,"tutorId":183,"courseId":18,"weekStartDate":"2025-08-18","hours":10.0,"hourlyRate":45.00,"totalPay":450.000,"description":"Tutorial work 2","status":"DRAFT","createdAt":"2025-08-05T19:05:07","updatedAt":"2025-08-05T19:05:07","createdBy":182,"isEditable":true,"canBeApproved":false}
    Forwarded URL = null
   Redirected URL = null
          Cookies = []

MockHttpServletRequest:
      HTTP Method = GET
      Request URI = /api/timesheets
       Parameters = {page=[0], size=[20]}
          Headers = [Authorization:"Bearer eyJhbGciOiJIUzM4NCJ9.eyJzdWIiOiJ0dXRvckB0ZXN0LmNvbSIsInVzZXJJZCI6MTgzLCJyb2xlIjoiVFVUT1IiLCJpYXQiOjE3NTQzODQ3MDcsImV4cCI6MTc1NDM4ODMwN30.nycXTPy3TXuVJGkQqoQYxFlH0RIRkwujGtXBXb3UbjR7fBWn4QMWWOvLjDowf_es"]
             Body = null
    Session Attrs = {}

Handler:
             Type = com.usyd.catams.controller.TimesheetController
           Method = com.usyd.catams.controller.TimesheetController#getTimesheets(Long, Long, ApprovalStatus, int, int, String, Authentication)

Async:
    Async started = false
     Async result = null

Resolved Exception:
             Type = null

ModelAndView:
        View name = null
             View = null
            Model = null

FlashMap:
       Attributes = null

MockHttpServletResponse:
           Status = 200
    Error message = null
          Headers = [Vary:"Origin", "Access-Control-Request-Method", "Access-Control-Request-Headers", Content-Type:"application/json", X-Content-Type-Options:"nosniff", X-XSS-Protection:"0", Cache-Control:"no-cache, no-store, max-age=0, must-revalidate", Pragma:"no-cache", Expires:"0", X-Frame-Options:"DENY"]
     Content type = application/json
             Body = {"content":[{"success":true,"id":33,"tutorId":183,"courseId":18,"weekStartDate":"2025-08-18","hours":10.0,"hourlyRate":45.00,"totalPay":450.000,"description":"Tutorial work 2","status":"DRAFT","createdAt":"2025-08-05T19:05:07","updatedAt":"2025-08-05T19:05:07","createdBy":182,"isEditable":true,"canBeApproved":false},{"success":true,"id":32,"tutorId":183,"courseId":18,"weekStartDate":"2025-08-11","hours":10.0,"hourlyRate":45.00,"totalPay":450.000,"description":"Tutorial work 1","status":"DRAFT","createdAt":"2025-08-05T19:05:07","updatedAt":"2025-08-05T19:05:07","createdBy":182,"isEditable":true,"canBeApproved":false}],"data":[{"success":true,"id":33,"tutorId":183,"courseId":18,"weekStartDate":"2025-08-18","hours":10.0,"hourlyRate":45.00,"totalPay":450.000,"description":"Tutorial work 2","status":"DRAFT","createdAt":"2025-08-05T19:05:07","updatedAt":"2025-08-05T19:05:07","createdBy":182,"isEditable":true,"canBeApproved":false},{"success":true,"id":32,"tutorId":183,"courseId":18,"weekStartDate":"2025-08-11","hours":10.0,"hourlyRate":45.00,"totalPay":450.000,"description":"Tutorial work 1","status":"DRAFT","createdAt":"2025-08-05T19:05:07","updatedAt":"2025-08-05T19:05:07","createdBy":182,"isEditable":true,"canBeApproved":false}],"page":{"currentPage":0,"pageSize":20,"totalElements":2,"totalPages":1,"first":true,"last":true,"numberOfElements":2,"empty":false},"success":true,"timesheets":[{"success":true,"id":33,"tutorId":183,"courseId":18,"weekStartDate":"2025-08-18","hours":10.0,"hourlyRate":45.00,"totalPay":450.000,"description":"Tutorial work 2","status":"DRAFT","createdAt":"2025-08-05T19:05:07","updatedAt":"2025-08-05T19:05:07","createdBy":182,"isEditable":true,"canBeApproved":false},{"success":true,"id":32,"tutorId":183,"courseId":18,"weekStartDate":"2025-08-11","hours":10.0,"hourlyRate":45.00,"totalPay":450.000,"description":"Tutorial work 1","status":"DRAFT","createdAt":"2025-08-05T19:05:07","updatedAt":"2025-08-05T19:05:07","createdBy":182,"isEditable":true,"canBeApproved":false}],"pageInfo":{"currentPage":0,"pageSize":20,"totalElements":2,"totalPages":1,"first":true,"last":true,"numberOfElements":2,"empty":false}}
    Forwarded URL = null
   Redirected URL = null
          Cookies = []
]]></system-out>
  </testcase>
  <testcase name="testAC4_NotFoundErrorForNonExistentTimesheet" classname="com.usyd.catams.integration.TimesheetControllerIntegrationTest" time="0.206">
    <system-out><![CDATA[2025-08-05 19:05:08 - Securing GET /api/timesheets/99999
2025-08-05 19:05:08 - JWT authentication successful for user: admin@test.com with role: ADMIN
2025-08-05 19:05:08 - Secured GET /api/timesheets/99999
2025-08-05 19:05:08 - Authorizing method invocation ReflectiveMethodInvocation: public org.springframework.http.ResponseEntity com.usyd.catams.controller.TimesheetController.getTimesheetById(java.lang.Long,org.springframework.security.core.Authentication); target is of class [com.usyd.catams.controller.TimesheetController]
2025-08-05 19:05:08 - Authorized method invocation ReflectiveMethodInvocation: public org.springframework.http.ResponseEntity com.usyd.catams.controller.TimesheetController.getTimesheetById(java.lang.Long,org.springframework.security.core.Authentication); target is of class [com.usyd.catams.controller.TimesheetController]
2025-08-05 19:05:08 - Resource not found: Timesheet not found with ID: 99999
]]></system-out>
  </testcase>
  <testcase name="testLecturerCanViewTimesheetsForTheirCourses" classname="com.usyd.catams.integration.TimesheetControllerIntegrationTest" time="0.302">
    <system-out><![CDATA[2025-08-05 19:05:08 - Securing POST /api/timesheets
2025-08-05 19:05:08 - JWT authentication successful for user: lecturer@test.com with role: LECTURER
2025-08-05 19:05:08 - Secured POST /api/timesheets
2025-08-05 19:05:08 - Authorizing method invocation ReflectiveMethodInvocation: public org.springframework.http.ResponseEntity com.usyd.catams.controller.TimesheetController.createTimesheet(com.usyd.catams.dto.request.TimesheetCreateRequest,org.springframework.security.core.Authentication); target is of class [com.usyd.catams.controller.TimesheetController]
2025-08-05 19:05:08 - Authorized method invocation ReflectiveMethodInvocation: public org.springframework.http.ResponseEntity com.usyd.catams.controller.TimesheetController.createTimesheet(com.usyd.catams.dto.request.TimesheetCreateRequest,org.springframework.security.core.Authentication); target is of class [com.usyd.catams.controller.TimesheetController]
2025-08-05 19:05:08 - Securing POST /api/timesheets
2025-08-05 19:05:08 - JWT authentication successful for user: lecturer@test.com with role: LECTURER
2025-08-05 19:05:08 - Secured POST /api/timesheets
2025-08-05 19:05:08 - Authorizing method invocation ReflectiveMethodInvocation: public org.springframework.http.ResponseEntity com.usyd.catams.controller.TimesheetController.createTimesheet(com.usyd.catams.dto.request.TimesheetCreateRequest,org.springframework.security.core.Authentication); target is of class [com.usyd.catams.controller.TimesheetController]
2025-08-05 19:05:08 - Authorized method invocation ReflectiveMethodInvocation: public org.springframework.http.ResponseEntity com.usyd.catams.controller.TimesheetController.createTimesheet(com.usyd.catams.dto.request.TimesheetCreateRequest,org.springframework.security.core.Authentication); target is of class [com.usyd.catams.controller.TimesheetController]
2025-08-05 19:05:08 - Security exception: LECTURER can only create timesheets for courses they are assigned to
2025-08-05 19:05:08 - Securing GET /api/timesheets
2025-08-05 19:05:08 - JWT authentication successful for user: lecturer@test.com with role: LECTURER
2025-08-05 19:05:08 - Secured GET /api/timesheets
2025-08-05 19:05:08 - Authorizing method invocation ReflectiveMethodInvocation: public org.springframework.http.ResponseEntity com.usyd.catams.controller.TimesheetController.getTimesheets(java.lang.Long,java.lang.Long,com.usyd.catams.enums.ApprovalStatus,int,int,java.lang.String,org.springframework.security.core.Authentication); target is of class [com.usyd.catams.controller.TimesheetController]
2025-08-05 19:05:08 - Authorized method invocation ReflectiveMethodInvocation: public org.springframework.http.ResponseEntity com.usyd.catams.controller.TimesheetController.getTimesheets(java.lang.Long,java.lang.Long,com.usyd.catams.enums.ApprovalStatus,int,int,java.lang.String,org.springframework.security.core.Authentication); target is of class [com.usyd.catams.controller.TimesheetController]
2025-08-05 19:05:08 - Securing GET /api/timesheets
2025-08-05 19:05:08 - JWT authentication successful for user: lecturer@test.com with role: LECTURER
2025-08-05 19:05:08 - Secured GET /api/timesheets
2025-08-05 19:05:08 - Authorizing method invocation ReflectiveMethodInvocation: public org.springframework.http.ResponseEntity com.usyd.catams.controller.TimesheetController.getTimesheets(java.lang.Long,java.lang.Long,com.usyd.catams.enums.ApprovalStatus,int,int,java.lang.String,org.springframework.security.core.Authentication); target is of class [com.usyd.catams.controller.TimesheetController]
2025-08-05 19:05:08 - Authorized method invocation ReflectiveMethodInvocation: public org.springframework.http.ResponseEntity com.usyd.catams.controller.TimesheetController.getTimesheets(java.lang.Long,java.lang.Long,com.usyd.catams.enums.ApprovalStatus,int,int,java.lang.String,org.springframework.security.core.Authentication); target is of class [com.usyd.catams.controller.TimesheetController]
2025-08-05 19:05:08 - Security exception: LECTURER can only view timesheets for courses they teach
]]></system-out>
  </testcase>
  <testcase name="testAC1_LecturerCanCreateTimesheetForTutor" classname="com.usyd.catams.integration.TimesheetControllerIntegrationTest" time="0.215">
    <system-out><![CDATA[2025-08-05 19:05:08 - Securing POST /api/timesheets
2025-08-05 19:05:08 - JWT authentication successful for user: lecturer@test.com with role: LECTURER
2025-08-05 19:05:08 - Secured POST /api/timesheets
2025-08-05 19:05:08 - Authorizing method invocation ReflectiveMethodInvocation: public org.springframework.http.ResponseEntity com.usyd.catams.controller.TimesheetController.createTimesheet(com.usyd.catams.dto.request.TimesheetCreateRequest,org.springframework.security.core.Authentication); target is of class [com.usyd.catams.controller.TimesheetController]
2025-08-05 19:05:08 - Authorized method invocation ReflectiveMethodInvocation: public org.springframework.http.ResponseEntity com.usyd.catams.controller.TimesheetController.createTimesheet(com.usyd.catams.dto.request.TimesheetCreateRequest,org.springframework.security.core.Authentication); target is of class [com.usyd.catams.controller.TimesheetController]
]]></system-out>
  </testcase>
  <testcase name="testAC5_SchemaValidationCompliance" classname="com.usyd.catams.integration.TimesheetControllerIntegrationTest" time="0.238">
    <failure message="No value at JSON path &quot;$.page.number&quot;" type="java.lang.AssertionError"><![CDATA[java.lang.AssertionError: No value at JSON path "$.page.number"
	at org.springframework.test.util.JsonPathExpectationsHelper.evaluateJsonPath(JsonPathExpectationsHelper.java:302)
	at org.springframework.test.util.JsonPathExpectationsHelper.assertExistsAndReturn(JsonPathExpectationsHelper.java:326)
	at org.springframework.test.util.JsonPathExpectationsHelper.assertValueIsNumber(JsonPathExpectationsHelper.java:155)
	at org.springframework.test.web.servlet.result.JsonPathResultMatchers.lambda$isNumber$11(JsonPathResultMatchers.java:218)
	at org.springframework.test.web.servlet.MockMvc$1.andExpect(MockMvc.java:214)
	at com.usyd.catams.integration.TimesheetControllerIntegrationTest.testAC5_SchemaValidationCompliance(TimesheetControllerIntegrationTest.java:322)
	at java.base/java.lang.reflect.Method.invoke(Method.java:568)
	at java.base/java.util.ArrayList.forEach(ArrayList.java:1511)
	at java.base/java.util.ArrayList.forEach(ArrayList.java:1511)
Caused by: com.jayway.jsonpath.PathNotFoundException: No results for path: $['page']['number']
]]></failure>
    <system-out><![CDATA[2025-08-05 19:05:08 - Securing POST /api/timesheets
2025-08-05 19:05:08 - JWT authentication successful for user: lecturer@test.com with role: LECTURER
2025-08-05 19:05:08 - Secured POST /api/timesheets
2025-08-05 19:05:08 - Authorizing method invocation ReflectiveMethodInvocation: public org.springframework.http.ResponseEntity com.usyd.catams.controller.TimesheetController.createTimesheet(com.usyd.catams.dto.request.TimesheetCreateRequest,org.springframework.security.core.Authentication); target is of class [com.usyd.catams.controller.TimesheetController]
2025-08-05 19:05:08 - Authorized method invocation ReflectiveMethodInvocation: public org.springframework.http.ResponseEntity com.usyd.catams.controller.TimesheetController.createTimesheet(com.usyd.catams.dto.request.TimesheetCreateRequest,org.springframework.security.core.Authentication); target is of class [com.usyd.catams.controller.TimesheetController]
2025-08-05 19:05:08 - Securing GET /api/timesheets
2025-08-05 19:05:08 - JWT authentication successful for user: admin@test.com with role: ADMIN
2025-08-05 19:05:08 - Secured GET /api/timesheets
2025-08-05 19:05:08 - Authorizing method invocation ReflectiveMethodInvocation: public org.springframework.http.ResponseEntity com.usyd.catams.controller.TimesheetController.getTimesheets(java.lang.Long,java.lang.Long,com.usyd.catams.enums.ApprovalStatus,int,int,java.lang.String,org.springframework.security.core.Authentication); target is of class [com.usyd.catams.controller.TimesheetController]
2025-08-05 19:05:08 - Authorized method invocation ReflectiveMethodInvocation: public org.springframework.http.ResponseEntity com.usyd.catams.controller.TimesheetController.getTimesheets(java.lang.Long,java.lang.Long,com.usyd.catams.enums.ApprovalStatus,int,int,java.lang.String,org.springframework.security.core.Authentication); target is of class [com.usyd.catams.controller.TimesheetController]

MockHttpServletRequest:
      HTTP Method = POST
      Request URI = /api/timesheets
       Parameters = {}
          Headers = [Content-Type:"application/json;charset=UTF-8", Authorization:"Bearer eyJhbGciOiJIUzM4NCJ9.eyJzdWIiOiJsZWN0dXJlckB0ZXN0LmNvbSIsInVzZXJJZCI6MTk1LCJyb2xlIjoiTEVDVFVSRVIiLCJpYXQiOjE3NTQzODQ3MDgsImV4cCI6MTc1NDM4ODMwOH0.1lIJeWIfCVWkhBCEOnUZ62SmVopAP8l1MrmV24aMxXrCY_KhQ6awoE_Su7Xmoz0g", Content-Length:"149"]
             Body = {"tutorId":196,"courseId":23,"weekStartDate":"2025-08-11","hours":10.0,"hourlyRate":45.0,"description":"Schema test work","weekStartDateMonday":true}
    Session Attrs = {}

Handler:
             Type = com.usyd.catams.controller.TimesheetController
           Method = com.usyd.catams.controller.TimesheetController#createTimesheet(TimesheetCreateRequest, Authentication)

Async:
    Async started = false
     Async result = null

Resolved Exception:
             Type = null

ModelAndView:
        View name = null
             View = null
            Model = null

FlashMap:
       Attributes = null

MockHttpServletResponse:
           Status = 201
    Error message = null
          Headers = [Vary:"Origin", "Access-Control-Request-Method", "Access-Control-Request-Headers", Content-Type:"application/json", X-Content-Type-Options:"nosniff", X-XSS-Protection:"0", Cache-Control:"no-cache, no-store, max-age=0, must-revalidate", Pragma:"no-cache", Expires:"0", X-Frame-Options:"DENY"]
     Content type = application/json
             Body = {"success":true,"id":36,"tutorId":196,"courseId":23,"weekStartDate":"2025-08-11","hours":10.0,"hourlyRate":45.00,"totalPay":450.000,"description":"Schema test work","status":"DRAFT","createdAt":"2025-08-05T19:05:08","updatedAt":"2025-08-05T19:05:08","createdBy":195,"isEditable":true,"canBeApproved":false}
    Forwarded URL = null
   Redirected URL = null
          Cookies = []

MockHttpServletRequest:
      HTTP Method = GET
      Request URI = /api/timesheets
       Parameters = {}
          Headers = [Authorization:"Bearer eyJhbGciOiJIUzM4NCJ9.eyJzdWIiOiJhZG1pbkB0ZXN0LmNvbSIsInVzZXJJZCI6MTk3LCJyb2xlIjoiQURNSU4iLCJpYXQiOjE3NTQzODQ3MDgsImV4cCI6MTc1NDM4ODMwOH0.zc9wzV8x-dDOdtr-kxX6dy2WRSBGNwwkPZH1BVjW3_DkulXQ3nlfYBsmPm5IlyFo"]
             Body = null
    Session Attrs = {}

Handler:
             Type = com.usyd.catams.controller.TimesheetController
           Method = com.usyd.catams.controller.TimesheetController#getTimesheets(Long, Long, ApprovalStatus, int, int, String, Authentication)

Async:
    Async started = false
     Async result = null

Resolved Exception:
             Type = null

ModelAndView:
        View name = null
             View = null
            Model = null

FlashMap:
       Attributes = null

MockHttpServletResponse:
           Status = 200
    Error message = null
          Headers = [Vary:"Origin", "Access-Control-Request-Method", "Access-Control-Request-Headers", Content-Type:"application/json", X-Content-Type-Options:"nosniff", X-XSS-Protection:"0", Cache-Control:"no-cache, no-store, max-age=0, must-revalidate", Pragma:"no-cache", Expires:"0", X-Frame-Options:"DENY"]
     Content type = application/json
             Body = {"content":[{"success":true,"id":36,"tutorId":196,"courseId":23,"weekStartDate":"2025-08-11","hours":10.0,"hourlyRate":45.00,"totalPay":450.000,"description":"Schema test work","status":"DRAFT","createdAt":"2025-08-05T19:05:08","updatedAt":"2025-08-05T19:05:08","createdBy":195,"isEditable":true,"canBeApproved":false}],"data":[{"success":true,"id":36,"tutorId":196,"courseId":23,"weekStartDate":"2025-08-11","hours":10.0,"hourlyRate":45.00,"totalPay":450.000,"description":"Schema test work","status":"DRAFT","createdAt":"2025-08-05T19:05:08","updatedAt":"2025-08-05T19:05:08","createdBy":195,"isEditable":true,"canBeApproved":false}],"page":{"currentPage":0,"pageSize":20,"totalElements":1,"totalPages":1,"first":true,"last":true,"numberOfElements":1,"empty":false},"success":true,"timesheets":[{"success":true,"id":36,"tutorId":196,"courseId":23,"weekStartDate":"2025-08-11","hours":10.0,"hourlyRate":45.00,"totalPay":450.000,"description":"Schema test work","status":"DRAFT","createdAt":"2025-08-05T19:05:08","updatedAt":"2025-08-05T19:05:08","createdBy":195,"isEditable":true,"canBeApproved":false}],"pageInfo":{"currentPage":0,"pageSize":20,"totalElements":1,"totalPages":1,"first":true,"last":true,"numberOfElements":1,"empty":false}}
    Forwarded URL = null
   Redirected URL = null
          Cookies = []
]]></system-out>
  </testcase>
</testsuite>