<?xml version="1.0" encoding="UTF-8"?>
<testsuite xmlns:xsi="http://www.w3.org/2001/XMLSchema-instance" xsi:noNamespaceSchemaLocation="https://maven.apache.org/surefire/maven-surefire-plugin/xsd/surefire-test-report-3.0.xsd" version="3.0" name="com.usyd.catams.integration.ApprovalSubmissionIntegrationTest" time="42.244" tests="12" errors="0" skipped="0" failures="0">
  <properties>
    <property name="java.specification.version" value="21"/>
    <property name="sun.cpu.isalist" value="amd64"/>
    <property name="sun.jnu.encoding" value="UTF-8"/>
    <property name="java.class.path" value="E:\Code\Casual-Academic-Time-Allocation-Management-System\target\test-classes;E:\Code\Casual-Academic-Time-Allocation-Management-System\target\classes;C:\Users\k7407\.m2\repository\org\springframework\boot\spring-boot-starter-web\3.2.0\spring-boot-starter-web-3.2.0.jar;C:\Users\k7407\.m2\repository\org\springframework\boot\spring-boot-starter\3.2.0\spring-boot-starter-3.2.0.jar;C:\Users\k7407\.m2\repository\org\springframework\boot\spring-boot-starter-logging\3.2.0\spring-boot-starter-logging-3.2.0.jar;C:\Users\k7407\.m2\repository\org\apache\logging\log4j\log4j-to-slf4j\2.21.1\log4j-to-slf4j-2.21.1.jar;C:\Users\k7407\.m2\repository\org\apache\logging\log4j\log4j-api\2.21.1\log4j-api-2.21.1.jar;C:\Users\k7407\.m2\repository\org\slf4j\jul-to-slf4j\2.0.9\jul-to-slf4j-2.0.9.jar;C:\Users\k7407\.m2\repository\jakarta\annotation\jakarta.annotation-api\2.1.1\jakarta.annotation-api-2.1.1.jar;C:\Users\k7407\.m2\repository\org\springframework\boot\spring-boot-starter-json\3.2.0\spring-boot-starter-json-3.2.0.jar;C:\Users\k7407\.m2\repository\com\fasterxml\jackson\datatype\jackson-datatype-jdk8\2.15.3\jackson-datatype-jdk8-2.15.3.jar;C:\Users\k7407\.m2\repository\com\fasterxml\jackson\datatype\jackson-datatype-jsr310\2.15.3\jackson-datatype-jsr310-2.15.3.jar;C:\Users\k7407\.m2\repository\com\fasterxml\jackson\module\jackson-module-parameter-names\2.15.3\jackson-module-parameter-names-2.15.3.jar;C:\Users\k7407\.m2\repository\org\springframework\boot\spring-boot-starter-tomcat\3.2.0\spring-boot-starter-tomcat-3.2.0.jar;C:\Users\k7407\.m2\repository\org\apache\tomcat\embed\tomcat-embed-core\10.1.16\tomcat-embed-core-10.1.16.jar;C:\Users\k7407\.m2\repository\org\apache\tomcat\embed\tomcat-embed-websocket\10.1.16\tomcat-embed-websocket-10.1.16.jar;C:\Users\k7407\.m2\repository\org\springframework\spring-web\6.1.1\spring-web-6.1.1.jar;C:\Users\k7407\.m2\repository\org\springframework\spring-beans\6.1.1\spring-beans-6.1.1.jar;C:\Users\k7407\.m2\repository\org\springframework\spring-webmvc\6.1.1\spring-webmvc-6.1.1.jar;C:\Users\k7407\.m2\repository\org\springframework\spring-context\6.1.1\spring-context-6.1.1.jar;C:\Users\k7407\.m2\repository\org\springframework\spring-expression\6.1.1\spring-expression-6.1.1.jar;C:\Users\k7407\.m2\repository\org\springframework\boot\spring-boot-starter-data-jpa\3.2.0\spring-boot-starter-data-jpa-3.2.0.jar;C:\Users\k7407\.m2\repository\org\springframework\boot\spring-boot-starter-aop\3.2.0\spring-boot-starter-aop-3.2.0.jar;C:\Users\k7407\.m2\repository\org\aspectj\aspectjweaver\1.9.20.1\aspectjweaver-1.9.20.1.jar;C:\Users\k7407\.m2\repository\org\springframework\boot\spring-boot-starter-jdbc\3.2.0\spring-boot-starter-jdbc-3.2.0.jar;C:\Users\k7407\.m2\repository\com\zaxxer\HikariCP\5.0.1\HikariCP-5.0.1.jar;C:\Users\k7407\.m2\repository\org\springframework\spring-jdbc\6.1.1\spring-jdbc-6.1.1.jar;C:\Users\k7407\.m2\repository\org\hibernate\orm\hibernate-core\6.3.1.Final\hibernate-core-6.3.1.Final.jar;C:\Users\k7407\.m2\repository\jakarta\persistence\jakarta.persistence-api\3.1.0\jakarta.persistence-api-3.1.0.jar;C:\Users\k7407\.m2\repository\jakarta\transaction\jakarta.transaction-api\2.0.1\jakarta.transaction-api-2.0.1.jar;C:\Users\k7407\.m2\repository\org\jboss\logging\jboss-logging\3.5.3.Final\jboss-logging-3.5.3.Final.jar;C:\Users\k7407\.m2\repository\org\hibernate\common\hibernate-commons-annotations\6.0.6.Final\hibernate-commons-annotations-6.0.6.Final.jar;C:\Users\k7407\.m2\repository\io\smallrye\jandex\3.1.2\jandex-3.1.2.jar;C:\Users\k7407\.m2\repository\com\fasterxml\classmate\1.6.0\classmate-1.6.0.jar;C:\Users\k7407\.m2\repository\net\bytebuddy\byte-buddy\1.14.10\byte-buddy-1.14.10.jar;C:\Users\k7407\.m2\repository\org\glassfish\jaxb\jaxb-runtime\4.0.4\jaxb-runtime-4.0.4.jar;C:\Users\k7407\.m2\repository\org\glassfish\jaxb\jaxb-core\4.0.4\jaxb-core-4.0.4.jar;C:\Users\k7407\.m2\repository\org\eclipse\angus\angus-activation\2.0.1\angus-activation-2.0.1.jar;C:\Users\k7407\.m2\repository\org\glassfish\jaxb\txw2\4.0.4\txw2-4.0.4.jar;C:\Users\k7407\.m2\repository\com\sun\istack\istack-commons-runtime\4.1.2\istack-commons-runtime-4.1.2.jar;C:\Users\k7407\.m2\repository\jakarta\inject\jakarta.inject-api\2.0.1\jakarta.inject-api-2.0.1.jar;C:\Users\k7407\.m2\repository\org\springframework\data\spring-data-jpa\3.2.0\spring-data-jpa-3.2.0.jar;C:\Users\k7407\.m2\repository\org\springframework\data\spring-data-commons\3.2.0\spring-data-commons-3.2.0.jar;C:\Users\k7407\.m2\repository\org\springframework\spring-orm\6.1.1\spring-orm-6.1.1.jar;C:\Users\k7407\.m2\repository\org\springframework\spring-tx\6.1.1\spring-tx-6.1.1.jar;C:\Users\k7407\.m2\repository\org\springframework\spring-aspects\6.1.1\spring-aspects-6.1.1.jar;C:\Users\k7407\.m2\repository\org\springframework\boot\spring-boot-starter-security\3.2.0\spring-boot-starter-security-3.2.0.jar;C:\Users\k7407\.m2\repository\org\springframework\spring-aop\6.1.1\spring-aop-6.1.1.jar;C:\Users\k7407\.m2\repository\org\springframework\security\spring-security-config\6.2.0\spring-security-config-6.2.0.jar;C:\Users\k7407\.m2\repository\org\springframework\security\spring-security-web\6.2.0\spring-security-web-6.2.0.jar;C:\Users\k7407\.m2\repository\org\springframework\boot\spring-boot-starter-validation\3.2.0\spring-boot-starter-validation-3.2.0.jar;C:\Users\k7407\.m2\repository\org\apache\tomcat\embed\tomcat-embed-el\10.1.16\tomcat-embed-el-10.1.16.jar;C:\Users\k7407\.m2\repository\org\hibernate\validator\hibernate-validator\8.0.1.Final\hibernate-validator-8.0.1.Final.jar;C:\Users\k7407\.m2\repository\jakarta\validation\jakarta.validation-api\3.0.2\jakarta.validation-api-3.0.2.jar;C:\Users\k7407\.m2\repository\org\springframework\boot\spring-boot-starter-actuator\3.2.0\spring-boot-starter-actuator-3.2.0.jar;C:\Users\k7407\.m2\repository\org\springframework\boot\spring-boot-actuator-autoconfigure\3.2.0\spring-boot-actuator-autoconfigure-3.2.0.jar;C:\Users\k7407\.m2\repository\org\springframework\boot\spring-boot-actuator\3.2.0\spring-boot-actuator-3.2.0.jar;C:\Users\k7407\.m2\repository\io\micrometer\micrometer-observation\1.12.0\micrometer-observation-1.12.0.jar;C:\Users\k7407\.m2\repository\io\micrometer\micrometer-jakarta9\1.12.0\micrometer-jakarta9-1.12.0.jar;C:\Users\k7407\.m2\repository\org\postgresql\postgresql\42.6.0\postgresql-42.6.0.jar;C:\Users\k7407\.m2\repository\org\checkerframework\checker-qual\3.31.0\checker-qual-3.31.0.jar;C:\Users\k7407\.m2\repository\com\h2database\h2\2.2.224\h2-2.2.224.jar;C:\Users\k7407\.m2\repository\io\jsonwebtoken\jjwt-api\0.12.3\jjwt-api-0.12.3.jar;C:\Users\k7407\.m2\repository\io\jsonwebtoken\jjwt-impl\0.12.3\jjwt-impl-0.12.3.jar;C:\Users\k7407\.m2\repository\io\jsonwebtoken\jjwt-jackson\0.12.3\jjwt-jackson-0.12.3.jar;C:\Users\k7407\.m2\repository\com\fasterxml\jackson\core\jackson-databind\2.15.3\jackson-databind-2.15.3.jar;C:\Users\k7407\.m2\repository\com\fasterxml\jackson\core\jackson-annotations\2.15.3\jackson-annotations-2.15.3.jar;C:\Users\k7407\.m2\repository\com\fasterxml\jackson\core\jackson-core\2.15.3\jackson-core-2.15.3.jar;C:\Users\k7407\.m2\repository\org\springframework\boot\spring-boot-devtools\3.2.0\spring-boot-devtools-3.2.0.jar;C:\Users\k7407\.m2\repository\org\springframework\boot\spring-boot\3.2.0\spring-boot-3.2.0.jar;C:\Users\k7407\.m2\repository\org\springframework\boot\spring-boot-autoconfigure\3.2.0\spring-boot-autoconfigure-3.2.0.jar;C:\Users\k7407\.m2\repository\org\springframework\boot\spring-boot-starter-test\3.2.0\spring-boot-starter-test-3.2.0.jar;C:\Users\k7407\.m2\repository\org\springframework\boot\spring-boot-test\3.2.0\spring-boot-test-3.2.0.jar;C:\Users\k7407\.m2\repository\org\springframework\boot\spring-boot-test-autoconfigure\3.2.0\spring-boot-test-autoconfigure-3.2.0.jar;C:\Users\k7407\.m2\repository\com\jayway\jsonpath\json-path\2.8.0\json-path-2.8.0.jar;C:\Users\k7407\.m2\repository\jakarta\xml\bind\jakarta.xml.bind-api\4.0.1\jakarta.xml.bind-api-4.0.1.jar;C:\Users\k7407\.m2\repository\jakarta\activation\jakarta.activation-api\2.1.2\jakarta.activation-api-2.1.2.jar;C:\Users\k7407\.m2\repository\net\minidev\json-smart\2.5.0\json-smart-2.5.0.jar;C:\Users\k7407\.m2\repository\net\minidev\accessors-smart\2.5.0\accessors-smart-2.5.0.jar;C:\Users\k7407\.m2\repository\org\ow2\asm\asm\9.3\asm-9.3.jar;C:\Users\k7407\.m2\repository\org\assertj\assertj-core\3.24.2\assertj-core-3.24.2.jar;C:\Users\k7407\.m2\repository\org\awaitility\awaitility\4.2.0\awaitility-4.2.0.jar;C:\Users\k7407\.m2\repository\org\hamcrest\hamcrest\2.2\hamcrest-2.2.jar;C:\Users\k7407\.m2\repository\org\junit\jupiter\junit-jupiter\5.10.1\junit-jupiter-5.10.1.jar;C:\Users\k7407\.m2\repository\org\junit\jupiter\junit-jupiter-params\5.10.1\junit-jupiter-params-5.10.1.jar;C:\Users\k7407\.m2\repository\org\mockito\mockito-core\5.7.0\mockito-core-5.7.0.jar;C:\Users\k7407\.m2\repository\net\bytebuddy\byte-buddy-agent\1.14.10\byte-buddy-agent-1.14.10.jar;C:\Users\k7407\.m2\repository\org\objenesis\objenesis\3.3\objenesis-3.3.jar;C:\Users\k7407\.m2\repository\org\mockito\mockito-junit-jupiter\5.7.0\mockito-junit-jupiter-5.7.0.jar;C:\Users\k7407\.m2\repository\org\skyscreamer\jsonassert\1.5.1\jsonassert-1.5.1.jar;C:\Users\k7407\.m2\repository\com\vaadin\external\google\android-json\0.0.20131108.vaadin1\android-json-0.0.20131108.vaadin1.jar;C:\Users\k7407\.m2\repository\org\springframework\spring-core\6.1.1\spring-core-6.1.1.jar;C:\Users\k7407\.m2\repository\org\springframework\spring-jcl\6.1.1\spring-jcl-6.1.1.jar;C:\Users\k7407\.m2\repository\org\springframework\spring-test\6.1.1\spring-test-6.1.1.jar;C:\Users\k7407\.m2\repository\org\xmlunit\xmlunit-core\2.9.1\xmlunit-core-2.9.1.jar;C:\Users\k7407\.m2\repository\org\springframework\security\spring-security-test\6.2.0\spring-security-test-6.2.0.jar;C:\Users\k7407\.m2\repository\org\springframework\security\spring-security-core\6.2.0\spring-security-core-6.2.0.jar;C:\Users\k7407\.m2\repository\org\springframework\security\spring-security-crypto\6.2.0\spring-security-crypto-6.2.0.jar;C:\Users\k7407\.m2\repository\org\testcontainers\junit-jupiter\1.19.1\junit-jupiter-1.19.1.jar;C:\Users\k7407\.m2\repository\org\testcontainers\postgresql\1.19.1\postgresql-1.19.1.jar;C:\Users\k7407\.m2\repository\org\testcontainers\jdbc\1.19.1\jdbc-1.19.1.jar;C:\Users\k7407\.m2\repository\org\testcontainers\database-commons\1.19.1\database-commons-1.19.1.jar;C:\Users\k7407\.m2\repository\org\testcontainers\testcontainers\1.19.1\testcontainers-1.19.1.jar;C:\Users\k7407\.m2\repository\junit\junit\4.13.2\junit-4.13.2.jar;C:\Users\k7407\.m2\repository\org\hamcrest\hamcrest-core\2.2\hamcrest-core-2.2.jar;C:\Users\k7407\.m2\repository\org\slf4j\slf4j-api\2.0.9\slf4j-api-2.0.9.jar;C:\Users\k7407\.m2\repository\org\apache\commons\commons-compress\1.24.0\commons-compress-1.24.0.jar;C:\Users\k7407\.m2\repository\org\rnorth\duct-tape\duct-tape\1.0.8\duct-tape-1.0.8.jar;C:\Users\k7407\.m2\repository\org\jetbrains\annotations\17.0.0\annotations-17.0.0.jar;C:\Users\k7407\.m2\repository\com\github\docker-java\docker-java-api\3.3.3\docker-java-api-3.3.3.jar;C:\Users\k7407\.m2\repository\com\github\docker-java\docker-java-transport-zerodep\3.3.3\docker-java-transport-zerodep-3.3.3.jar;C:\Users\k7407\.m2\repository\com\github\docker-java\docker-java-transport\3.3.3\docker-java-transport-3.3.3.jar;C:\Users\k7407\.m2\repository\net\java\dev\jna\jna\5.12.1\jna-5.12.1.jar;C:\Users\k7407\.m2\repository\org\apache\httpcomponents\client5\httpclient5\5.2.1\httpclient5-5.2.1.jar;C:\Users\k7407\.m2\repository\org\apache\httpcomponents\core5\httpcore5\5.2.3\httpcore5-5.2.3.jar;C:\Users\k7407\.m2\repository\org\apache\httpcomponents\core5\httpcore5-h2\5.2.3\httpcore5-h2-5.2.3.jar;C:\Users\k7407\.m2\repository\io\micrometer\micrometer-core\1.12.0\micrometer-core-1.12.0.jar;C:\Users\k7407\.m2\repository\io\micrometer\micrometer-commons\1.12.0\micrometer-commons-1.12.0.jar;C:\Users\k7407\.m2\repository\org\hdrhistogram\HdrHistogram\2.1.12\HdrHistogram-2.1.12.jar;C:\Users\k7407\.m2\repository\org\latencyutils\LatencyUtils\2.0.3\LatencyUtils-2.0.3.jar;C:\Users\k7407\.m2\repository\org\junit\platform\junit-platform-launcher\1.10.1\junit-platform-launcher-1.10.1.jar;C:\Users\k7407\.m2\repository\org\junit\platform\junit-platform-engine\1.10.1\junit-platform-engine-1.10.1.jar;C:\Users\k7407\.m2\repository\org\opentest4j\opentest4j\1.3.0\opentest4j-1.3.0.jar;C:\Users\k7407\.m2\repository\org\junit\platform\junit-platform-commons\1.10.1\junit-platform-commons-1.10.1.jar;C:\Users\k7407\.m2\repository\org\apiguardian\apiguardian-api\1.1.2\apiguardian-api-1.1.2.jar;C:\Users\k7407\.m2\repository\com\atlassian\oai\swagger-request-validator-mockmvc\2.39.0\swagger-request-validator-mockmvc-2.39.0.jar;C:\Users\k7407\.m2\repository\com\atlassian\oai\swagger-request-validator-core\2.39.0\swagger-request-validator-core-2.39.0.jar;C:\Users\k7407\.m2\repository\com\github\java-json-tools\json-schema-validator\2.2.14\json-schema-validator-2.2.14.jar;C:\Users\k7407\.m2\repository\com\github\java-json-tools\jackson-coreutils-equivalence\1.0\jackson-coreutils-equivalence-1.0.jar;C:\Users\k7407\.m2\repository\com\github\java-json-tools\jackson-coreutils\2.0\jackson-coreutils-2.0.jar;C:\Users\k7407\.m2\repository\com\github\java-json-tools\json-schema-core\1.2.14\json-schema-core-1.2.14.jar;C:\Users\k7407\.m2\repository\com\github\java-json-tools\uri-template\0.10\uri-template-0.10.jar;C:\Users\k7407\.m2\repository\org\mozilla\rhino\1.7.7.2\rhino-1.7.7.2.jar;C:\Users\k7407\.m2\repository\com\sun\mail\mailapi\1.6.2\mailapi-1.6.2.jar;C:\Users\k7407\.m2\repository\joda-time\joda-time\2.10.5\joda-time-2.10.5.jar;C:\Users\k7407\.m2\repository\com\googlecode\libphonenumber\libphonenumber\8.11.1\libphonenumber-8.11.1.jar;C:\Users\k7407\.m2\repository\net\sf\jopt-simple\jopt-simple\5.0.4\jopt-simple-5.0.4.jar;C:\Users\k7407\.m2\repository\com\google\guava\guava\31.1-jre\guava-31.1-jre.jar;C:\Users\k7407\.m2\repository\com\google\guava\failureaccess\1.0.1\failureaccess-1.0.1.jar;C:\Users\k7407\.m2\repository\com\google\guava\listenablefuture\9999.0-empty-to-avoid-conflict-with-guava\listenablefuture-9999.0-empty-to-avoid-conflict-with-guava.jar;C:\Users\k7407\.m2\repository\com\google\errorprone\error_prone_annotations\2.11.0\error_prone_annotations-2.11.0.jar;C:\Users\k7407\.m2\repository\com\google\j2objc\j2objc-annotations\1.3\j2objc-annotations-1.3.jar;C:\Users\k7407\.m2\repository\com\google\code\findbugs\jsr305\3.0.2\jsr305-3.0.2.jar;C:\Users\k7407\.m2\repository\io\swagger\parser\v3\swagger-parser\2.1.16\swagger-parser-2.1.16.jar;C:\Users\k7407\.m2\repository\io\swagger\parser\v3\swagger-parser-v2-converter\2.1.16\swagger-parser-v2-converter-2.1.16.jar;C:\Users\k7407\.m2\repository\io\swagger\swagger-core\1.6.11\swagger-core-1.6.11.jar;C:\Users\k7407\.m2\repository\org\apache\commons\commons-lang3\3.13.0\commons-lang3-3.13.0.jar;C:\Users\k7407\.m2\repository\io\swagger\swagger-models\1.6.11\swagger-models-1.6.11.jar;C:\Users\k7407\.m2\repository\io\swagger\swagger-annotations\1.6.11\swagger-annotations-1.6.11.jar;C:\Users\k7407\.m2\repository\io\swagger\swagger-parser\1.0.67\swagger-parser-1.0.67.jar;C:\Users\k7407\.m2\repository\io\swagger\swagger-compat-spec-parser\1.0.67\swagger-compat-spec-parser-1.0.67.jar;C:\Users\k7407\.m2\repository\com\github\java-json-tools\json-patch\1.13\json-patch-1.13.jar;C:\Users\k7407\.m2\repository\com\github\java-json-tools\msg-simple\1.2\msg-simple-1.2.jar;C:\Users\k7407\.m2\repository\com\github\java-json-tools\btf\1.3\btf-1.3.jar;C:\Users\k7407\.m2\repository\io\swagger\core\v3\swagger-models\2.2.14\swagger-models-2.2.14.jar;C:\Users\k7407\.m2\repository\io\swagger\parser\v3\swagger-parser-core\2.1.16\swagger-parser-core-2.1.16.jar;C:\Users\k7407\.m2\repository\io\swagger\parser\v3\swagger-parser-v3\2.1.16\swagger-parser-v3-2.1.16.jar;C:\Users\k7407\.m2\repository\io\swagger\core\v3\swagger-core\2.2.14\swagger-core-2.2.14.jar;C:\Users\k7407\.m2\repository\io\swagger\core\v3\swagger-annotations\2.2.14\swagger-annotations-2.2.14.jar;C:\Users\k7407\.m2\repository\io\swagger\parser\v3\swagger-parser-safe-url-resolver\2.1.16\swagger-parser-safe-url-resolver-2.1.16.jar;C:\Users\k7407\.m2\repository\org\yaml\snakeyaml\2.2\snakeyaml-2.2.jar;C:\Users\k7407\.m2\repository\commons-io\commons-io\2.11.0\commons-io-2.11.0.jar;C:\Users\k7407\.m2\repository\com\intuit\karate\karate-junit5\1.4.1\karate-junit5-1.4.1.jar;C:\Users\k7407\.m2\repository\org\junit\jupiter\junit-jupiter-api\5.10.1\junit-jupiter-api-5.10.1.jar;C:\Users\k7407\.m2\repository\org\junit\jupiter\junit-jupiter-engine\5.10.1\junit-jupiter-engine-5.10.1.jar;C:\Users\k7407\.m2\repository\com\intuit\karate\karate-core\1.4.1\karate-core-1.4.1.jar;C:\Users\k7407\.m2\repository\org\graalvm\js\js-scriptengine\22.3.3\js-scriptengine-22.3.3.jar;C:\Users\k7407\.m2\repository\org\graalvm\sdk\graal-sdk\22.3.3\graal-sdk-22.3.3.jar;C:\Users\k7407\.m2\repository\org\graalvm\js\js\22.3.3\js-22.3.3.jar;C:\Users\k7407\.m2\repository\org\graalvm\regex\regex\22.3.3\regex-22.3.3.jar;C:\Users\k7407\.m2\repository\org\graalvm\truffle\truffle-api\22.3.3\truffle-api-22.3.3.jar;C:\Users\k7407\.m2\repository\com\ibm\icu\icu4j\71.1\icu4j-71.1.jar;C:\Users\k7407\.m2\repository\org\thymeleaf\thymeleaf\3.1.2.RELEASE\thymeleaf-3.1.2.RELEASE.jar;C:\Users\k7407\.m2\repository\ognl\ognl\3.3.4\ognl-3.3.4.jar;C:\Users\k7407\.m2\repository\org\javassist\javassist\3.29.0-GA\javassist-3.29.0-GA.jar;C:\Users\k7407\.m2\repository\org\attoparser\attoparser\2.0.7.RELEASE\attoparser-2.0.7.RELEASE.jar;C:\Users\k7407\.m2\repository\org\unbescape\unbescape\1.1.6.RELEASE\unbescape-1.1.6.RELEASE.jar;C:\Users\k7407\.m2\repository\com\linecorp\armeria\armeria\1.25.2\armeria-1.25.2.jar;C:\Users\k7407\.m2\repository\io\netty\netty-transport\4.1.101.Final\netty-transport-4.1.101.Final.jar;C:\Users\k7407\.m2\repository\io\netty\netty-common\4.1.101.Final\netty-common-4.1.101.Final.jar;C:\Users\k7407\.m2\repository\io\netty\netty-buffer\4.1.101.Final\netty-buffer-4.1.101.Final.jar;C:\Users\k7407\.m2\repository\io\netty\netty-resolver\4.1.101.Final\netty-resolver-4.1.101.Final.jar;C:\Users\k7407\.m2\repository\io\netty\netty-codec-haproxy\4.1.101.Final\netty-codec-haproxy-4.1.101.Final.jar;C:\Users\k7407\.m2\repository\io\netty\netty-codec\4.1.101.Final\netty-codec-4.1.101.Final.jar;C:\Users\k7407\.m2\repository\io\netty\netty-codec-http2\4.1.101.Final\netty-codec-http2-4.1.101.Final.jar;C:\Users\k7407\.m2\repository\io\netty\netty-handler\4.1.101.Final\netty-handler-4.1.101.Final.jar;C:\Users\k7407\.m2\repository\io\netty\netty-codec-http\4.1.101.Final\netty-codec-http-4.1.101.Final.jar;C:\Users\k7407\.m2\repository\io\netty\netty-resolver-dns\4.1.101.Final\netty-resolver-dns-4.1.101.Final.jar;C:\Users\k7407\.m2\repository\io\netty\netty-codec-dns\4.1.101.Final\netty-codec-dns-4.1.101.Final.jar;C:\Users\k7407\.m2\repository\org\reactivestreams\reactive-streams\1.0.4\reactive-streams-1.0.4.jar;C:\Users\k7407\.m2\repository\io\netty\netty-handler-proxy\4.1.101.Final\netty-handler-proxy-4.1.101.Final.jar;C:\Users\k7407\.m2\repository\io\netty\netty-codec-socks\4.1.101.Final\netty-codec-socks-4.1.101.Final.jar;C:\Users\k7407\.m2\repository\io\netty\netty-transport-native-unix-common\4.1.101.Final\netty-transport-native-unix-common-4.1.101.Final-linux-x86_64.jar;C:\Users\k7407\.m2\repository\io\netty\netty-transport-native-epoll\4.1.101.Final\netty-transport-native-epoll-4.1.101.Final-linux-x86_64.jar;C:\Users\k7407\.m2\repository\io\netty\netty-transport-native-unix-common\4.1.101.Final\netty-transport-native-unix-common-4.1.101.Final.jar;C:\Users\k7407\.m2\repository\io\netty\netty-transport-classes-epoll\4.1.101.Final\netty-transport-classes-epoll-4.1.101.Final.jar;C:\Users\k7407\.m2\repository\io\netty\netty-transport-native-unix-common\4.1.101.Final\netty-transport-native-unix-common-4.1.101.Final-linux-aarch_64.jar;C:\Users\k7407\.m2\repository\io\netty\netty-transport-native-epoll\4.1.101.Final\netty-transport-native-epoll-4.1.101.Final-linux-aarch_64.jar;C:\Users\k7407\.m2\repository\io\netty\netty-transport-native-unix-common\4.1.101.Final\netty-transport-native-unix-common-4.1.101.Final-osx-x86_64.jar;C:\Users\k7407\.m2\repository\io\netty\netty-transport-native-kqueue\4.1.101.Final\netty-transport-native-kqueue-4.1.101.Final-osx-x86_64.jar;C:\Users\k7407\.m2\repository\io\netty\netty-transport-classes-kqueue\4.1.101.Final\netty-transport-classes-kqueue-4.1.101.Final.jar;C:\Users\k7407\.m2\repository\io\netty\netty-resolver-dns-native-macos\4.1.101.Final\netty-resolver-dns-native-macos-4.1.101.Final-osx-x86_64.jar;C:\Users\k7407\.m2\repository\io\netty\netty-resolver-dns-classes-macos\4.1.101.Final\netty-resolver-dns-classes-macos-4.1.101.Final.jar;C:\Users\k7407\.m2\repository\io\netty\netty-transport-native-unix-common\4.1.101.Final\netty-transport-native-unix-common-4.1.101.Final-osx-aarch_64.jar;C:\Users\k7407\.m2\repository\io\netty\netty-transport-native-kqueue\4.1.101.Final\netty-transport-native-kqueue-4.1.101.Final-osx-aarch_64.jar;C:\Users\k7407\.m2\repository\io\netty\netty-resolver-dns-native-macos\4.1.101.Final\netty-resolver-dns-native-macos-4.1.101.Final-osx-aarch_64.jar;C:\Users\k7407\.m2\repository\io\netty\netty-tcnative-boringssl-static\2.0.61.Final\netty-tcnative-boringssl-static-2.0.61.Final-linux-x86_64.jar;C:\Users\k7407\.m2\repository\io\netty\netty-tcnative-classes\2.0.61.Final\netty-tcnative-classes-2.0.61.Final.jar;C:\Users\k7407\.m2\repository\io\netty\netty-tcnative-boringssl-static\2.0.61.Final\netty-tcnative-boringssl-static-2.0.61.Final-linux-aarch_64.jar;C:\Users\k7407\.m2\repository\io\netty\netty-tcnative-boringssl-static\2.0.61.Final\netty-tcnative-boringssl-static-2.0.61.Final-osx-x86_64.jar;C:\Users\k7407\.m2\repository\io\netty\netty-tcnative-boringssl-static\2.0.61.Final\netty-tcnative-boringssl-static-2.0.61.Final-osx-aarch_64.jar;C:\Users\k7407\.m2\repository\io\netty\netty-tcnative-boringssl-static\2.0.61.Final\netty-tcnative-boringssl-static-2.0.61.Final-windows-x86_64.jar;C:\Users\k7407\.m2\repository\com\aayushatharva\brotli4j\brotli4j\1.12.0\brotli4j-1.12.0.jar;C:\Users\k7407\.m2\repository\com\aayushatharva\brotli4j\service\1.12.0\service-1.12.0.jar;C:\Users\k7407\.m2\repository\com\aayushatharva\brotli4j\native-windows-x86_64\1.12.0\native-windows-x86_64-1.12.0.jar;C:\Users\k7407\.m2\repository\org\apache\httpcomponents\httpclient\4.5.14\httpclient-4.5.14.jar;C:\Users\k7407\.m2\repository\org\apache\httpcomponents\httpcore\4.4.16\httpcore-4.4.16.jar;C:\Users\k7407\.m2\repository\commons-codec\commons-codec\1.16.0\commons-codec-1.16.0.jar;C:\Users\k7407\.m2\repository\ch\qos\logback\logback-classic\1.4.11\logback-classic-1.4.11.jar;C:\Users\k7407\.m2\repository\ch\qos\logback\logback-core\1.4.11\logback-core-1.4.11.jar;C:\Users\k7407\.m2\repository\org\slf4j\jcl-over-slf4j\2.0.9\jcl-over-slf4j-2.0.9.jar;C:\Users\k7407\.m2\repository\org\antlr\antlr4-runtime\4.11.1\antlr4-runtime-4.11.1.jar;C:\Users\k7407\.m2\repository\de\siegmar\fastcsv\2.2.1\fastcsv-2.2.1.jar;C:\Users\k7407\.m2\repository\info\picocli\picocli\4.7.1\picocli-4.7.1.jar;C:\Users\k7407\.m2\repository\io\github\classgraph\classgraph\4.8.160\classgraph-4.8.160.jar;C:\Users\k7407\.m2\repository\io\github\t12y\resemble\1.0.2\resemble-1.0.2.jar;C:\Users\k7407\.m2\repository\io\github\t12y\ssim\1.0.0\ssim-1.0.0.jar;C:\Users\k7407\.m2\repository\com\github\javaparser\javaparser-core\3.25.8\javaparser-core-3.25.8.jar;C:\Users\k7407\.m2\repository\com\networknt\json-schema-validator\1.0.87\json-schema-validator-1.0.87.jar;C:\Users\k7407\.m2\repository\com\ethlo\time\itu\1.7.0\itu-1.7.0.jar;C:\Users\k7407\.m2\repository\com\fasterxml\jackson\dataformat\jackson-dataformat-yaml\2.15.3\jackson-dataformat-yaml-2.15.3.jar;"/>
    <property name="java.vm.vendor" value="Oracle Corporation"/>
    <property name="sun.arch.data.model" value="64"/>
    <property name="user.variant" value=""/>
    <property name="java.vendor.url" value="https://java.oracle.com/"/>
    <property name="DB_USERNAME" value="test"/>
    <property name="catalina.useNaming" value="false"/>
    <property name="user.timezone" value="Australia/Sydney"/>
    <property name="org.jboss.logging.provider" value="slf4j"/>
    <property name="os.name" value="Windows 11"/>
    <property name="java.vm.specification.version" value="21"/>
    <property name="sun.java.launcher" value="SUN_STANDARD"/>
    <property name="user.country" value="CN"/>
    <property name="sun.boot.library.path" value="C:\Program Files\Java\jdk-21\bin"/>
    <property name="sun.java.command" value="C:\Users\k7407\AppData\Local\Temp\surefire10953237333915150943\surefirebooter-20250808160502695_3.jar C:\Users\k7407\AppData\Local\Temp\surefire10953237333915150943 2025-08-08T16-05-02_498-jvmRun1 surefire-20250808160502695_1tmp surefire_0-20250808160502695_2tmp"/>
    <property name="jdk.debug" value="release"/>
    <property name="surefire.test.class.path" value="E:\Code\Casual-Academic-Time-Allocation-Management-System\target\test-classes;E:\Code\Casual-Academic-Time-Allocation-Management-System\target\classes;C:\Users\k7407\.m2\repository\org\springframework\boot\spring-boot-starter-web\3.2.0\spring-boot-starter-web-3.2.0.jar;C:\Users\k7407\.m2\repository\org\springframework\boot\spring-boot-starter\3.2.0\spring-boot-starter-3.2.0.jar;C:\Users\k7407\.m2\repository\org\springframework\boot\spring-boot-starter-logging\3.2.0\spring-boot-starter-logging-3.2.0.jar;C:\Users\k7407\.m2\repository\org\apache\logging\log4j\log4j-to-slf4j\2.21.1\log4j-to-slf4j-2.21.1.jar;C:\Users\k7407\.m2\repository\org\apache\logging\log4j\log4j-api\2.21.1\log4j-api-2.21.1.jar;C:\Users\k7407\.m2\repository\org\slf4j\jul-to-slf4j\2.0.9\jul-to-slf4j-2.0.9.jar;C:\Users\k7407\.m2\repository\jakarta\annotation\jakarta.annotation-api\2.1.1\jakarta.annotation-api-2.1.1.jar;C:\Users\k7407\.m2\repository\org\springframework\boot\spring-boot-starter-json\3.2.0\spring-boot-starter-json-3.2.0.jar;C:\Users\k7407\.m2\repository\com\fasterxml\jackson\datatype\jackson-datatype-jdk8\2.15.3\jackson-datatype-jdk8-2.15.3.jar;C:\Users\k7407\.m2\repository\com\fasterxml\jackson\datatype\jackson-datatype-jsr310\2.15.3\jackson-datatype-jsr310-2.15.3.jar;C:\Users\k7407\.m2\repository\com\fasterxml\jackson\module\jackson-module-parameter-names\2.15.3\jackson-module-parameter-names-2.15.3.jar;C:\Users\k7407\.m2\repository\org\springframework\boot\spring-boot-starter-tomcat\3.2.0\spring-boot-starter-tomcat-3.2.0.jar;C:\Users\k7407\.m2\repository\org\apache\tomcat\embed\tomcat-embed-core\10.1.16\tomcat-embed-core-10.1.16.jar;C:\Users\k7407\.m2\repository\org\apache\tomcat\embed\tomcat-embed-websocket\10.1.16\tomcat-embed-websocket-10.1.16.jar;C:\Users\k7407\.m2\repository\org\springframework\spring-web\6.1.1\spring-web-6.1.1.jar;C:\Users\k7407\.m2\repository\org\springframework\spring-beans\6.1.1\spring-beans-6.1.1.jar;C:\Users\k7407\.m2\repository\org\springframework\spring-webmvc\6.1.1\spring-webmvc-6.1.1.jar;C:\Users\k7407\.m2\repository\org\springframework\spring-context\6.1.1\spring-context-6.1.1.jar;C:\Users\k7407\.m2\repository\org\springframework\spring-expression\6.1.1\spring-expression-6.1.1.jar;C:\Users\k7407\.m2\repository\org\springframework\boot\spring-boot-starter-data-jpa\3.2.0\spring-boot-starter-data-jpa-3.2.0.jar;C:\Users\k7407\.m2\repository\org\springframework\boot\spring-boot-starter-aop\3.2.0\spring-boot-starter-aop-3.2.0.jar;C:\Users\k7407\.m2\repository\org\aspectj\aspectjweaver\1.9.20.1\aspectjweaver-1.9.20.1.jar;C:\Users\k7407\.m2\repository\org\springframework\boot\spring-boot-starter-jdbc\3.2.0\spring-boot-starter-jdbc-3.2.0.jar;C:\Users\k7407\.m2\repository\com\zaxxer\HikariCP\5.0.1\HikariCP-5.0.1.jar;C:\Users\k7407\.m2\repository\org\springframework\spring-jdbc\6.1.1\spring-jdbc-6.1.1.jar;C:\Users\k7407\.m2\repository\org\hibernate\orm\hibernate-core\6.3.1.Final\hibernate-core-6.3.1.Final.jar;C:\Users\k7407\.m2\repository\jakarta\persistence\jakarta.persistence-api\3.1.0\jakarta.persistence-api-3.1.0.jar;C:\Users\k7407\.m2\repository\jakarta\transaction\jakarta.transaction-api\2.0.1\jakarta.transaction-api-2.0.1.jar;C:\Users\k7407\.m2\repository\org\jboss\logging\jboss-logging\3.5.3.Final\jboss-logging-3.5.3.Final.jar;C:\Users\k7407\.m2\repository\org\hibernate\common\hibernate-commons-annotations\6.0.6.Final\hibernate-commons-annotations-6.0.6.Final.jar;C:\Users\k7407\.m2\repository\io\smallrye\jandex\3.1.2\jandex-3.1.2.jar;C:\Users\k7407\.m2\repository\com\fasterxml\classmate\1.6.0\classmate-1.6.0.jar;C:\Users\k7407\.m2\repository\net\bytebuddy\byte-buddy\1.14.10\byte-buddy-1.14.10.jar;C:\Users\k7407\.m2\repository\org\glassfish\jaxb\jaxb-runtime\4.0.4\jaxb-runtime-4.0.4.jar;C:\Users\k7407\.m2\repository\org\glassfish\jaxb\jaxb-core\4.0.4\jaxb-core-4.0.4.jar;C:\Users\k7407\.m2\repository\org\eclipse\angus\angus-activation\2.0.1\angus-activation-2.0.1.jar;C:\Users\k7407\.m2\repository\org\glassfish\jaxb\txw2\4.0.4\txw2-4.0.4.jar;C:\Users\k7407\.m2\repository\com\sun\istack\istack-commons-runtime\4.1.2\istack-commons-runtime-4.1.2.jar;C:\Users\k7407\.m2\repository\jakarta\inject\jakarta.inject-api\2.0.1\jakarta.inject-api-2.0.1.jar;C:\Users\k7407\.m2\repository\org\springframework\data\spring-data-jpa\3.2.0\spring-data-jpa-3.2.0.jar;C:\Users\k7407\.m2\repository\org\springframework\data\spring-data-commons\3.2.0\spring-data-commons-3.2.0.jar;C:\Users\k7407\.m2\repository\org\springframework\spring-orm\6.1.1\spring-orm-6.1.1.jar;C:\Users\k7407\.m2\repository\org\springframework\spring-tx\6.1.1\spring-tx-6.1.1.jar;C:\Users\k7407\.m2\repository\org\springframework\spring-aspects\6.1.1\spring-aspects-6.1.1.jar;C:\Users\k7407\.m2\repository\org\springframework\boot\spring-boot-starter-security\3.2.0\spring-boot-starter-security-3.2.0.jar;C:\Users\k7407\.m2\repository\org\springframework\spring-aop\6.1.1\spring-aop-6.1.1.jar;C:\Users\k7407\.m2\repository\org\springframework\security\spring-security-config\6.2.0\spring-security-config-6.2.0.jar;C:\Users\k7407\.m2\repository\org\springframework\security\spring-security-web\6.2.0\spring-security-web-6.2.0.jar;C:\Users\k7407\.m2\repository\org\springframework\boot\spring-boot-starter-validation\3.2.0\spring-boot-starter-validation-3.2.0.jar;C:\Users\k7407\.m2\repository\org\apache\tomcat\embed\tomcat-embed-el\10.1.16\tomcat-embed-el-10.1.16.jar;C:\Users\k7407\.m2\repository\org\hibernate\validator\hibernate-validator\8.0.1.Final\hibernate-validator-8.0.1.Final.jar;C:\Users\k7407\.m2\repository\jakarta\validation\jakarta.validation-api\3.0.2\jakarta.validation-api-3.0.2.jar;C:\Users\k7407\.m2\repository\org\springframework\boot\spring-boot-starter-actuator\3.2.0\spring-boot-starter-actuator-3.2.0.jar;C:\Users\k7407\.m2\repository\org\springframework\boot\spring-boot-actuator-autoconfigure\3.2.0\spring-boot-actuator-autoconfigure-3.2.0.jar;C:\Users\k7407\.m2\repository\org\springframework\boot\spring-boot-actuator\3.2.0\spring-boot-actuator-3.2.0.jar;C:\Users\k7407\.m2\repository\io\micrometer\micrometer-observation\1.12.0\micrometer-observation-1.12.0.jar;C:\Users\k7407\.m2\repository\io\micrometer\micrometer-jakarta9\1.12.0\micrometer-jakarta9-1.12.0.jar;C:\Users\k7407\.m2\repository\org\postgresql\postgresql\42.6.0\postgresql-42.6.0.jar;C:\Users\k7407\.m2\repository\org\checkerframework\checker-qual\3.31.0\checker-qual-3.31.0.jar;C:\Users\k7407\.m2\repository\com\h2database\h2\2.2.224\h2-2.2.224.jar;C:\Users\k7407\.m2\repository\io\jsonwebtoken\jjwt-api\0.12.3\jjwt-api-0.12.3.jar;C:\Users\k7407\.m2\repository\io\jsonwebtoken\jjwt-impl\0.12.3\jjwt-impl-0.12.3.jar;C:\Users\k7407\.m2\repository\io\jsonwebtoken\jjwt-jackson\0.12.3\jjwt-jackson-0.12.3.jar;C:\Users\k7407\.m2\repository\com\fasterxml\jackson\core\jackson-databind\2.15.3\jackson-databind-2.15.3.jar;C:\Users\k7407\.m2\repository\com\fasterxml\jackson\core\jackson-annotations\2.15.3\jackson-annotations-2.15.3.jar;C:\Users\k7407\.m2\repository\com\fasterxml\jackson\core\jackson-core\2.15.3\jackson-core-2.15.3.jar;C:\Users\k7407\.m2\repository\org\springframework\boot\spring-boot-devtools\3.2.0\spring-boot-devtools-3.2.0.jar;C:\Users\k7407\.m2\repository\org\springframework\boot\spring-boot\3.2.0\spring-boot-3.2.0.jar;C:\Users\k7407\.m2\repository\org\springframework\boot\spring-boot-autoconfigure\3.2.0\spring-boot-autoconfigure-3.2.0.jar;C:\Users\k7407\.m2\repository\org\springframework\boot\spring-boot-starter-test\3.2.0\spring-boot-starter-test-3.2.0.jar;C:\Users\k7407\.m2\repository\org\springframework\boot\spring-boot-test\3.2.0\spring-boot-test-3.2.0.jar;C:\Users\k7407\.m2\repository\org\springframework\boot\spring-boot-test-autoconfigure\3.2.0\spring-boot-test-autoconfigure-3.2.0.jar;C:\Users\k7407\.m2\repository\com\jayway\jsonpath\json-path\2.8.0\json-path-2.8.0.jar;C:\Users\k7407\.m2\repository\jakarta\xml\bind\jakarta.xml.bind-api\4.0.1\jakarta.xml.bind-api-4.0.1.jar;C:\Users\k7407\.m2\repository\jakarta\activation\jakarta.activation-api\2.1.2\jakarta.activation-api-2.1.2.jar;C:\Users\k7407\.m2\repository\net\minidev\json-smart\2.5.0\json-smart-2.5.0.jar;C:\Users\k7407\.m2\repository\net\minidev\accessors-smart\2.5.0\accessors-smart-2.5.0.jar;C:\Users\k7407\.m2\repository\org\ow2\asm\asm\9.3\asm-9.3.jar;C:\Users\k7407\.m2\repository\org\assertj\assertj-core\3.24.2\assertj-core-3.24.2.jar;C:\Users\k7407\.m2\repository\org\awaitility\awaitility\4.2.0\awaitility-4.2.0.jar;C:\Users\k7407\.m2\repository\org\hamcrest\hamcrest\2.2\hamcrest-2.2.jar;C:\Users\k7407\.m2\repository\org\junit\jupiter\junit-jupiter\5.10.1\junit-jupiter-5.10.1.jar;C:\Users\k7407\.m2\repository\org\junit\jupiter\junit-jupiter-params\5.10.1\junit-jupiter-params-5.10.1.jar;C:\Users\k7407\.m2\repository\org\mockito\mockito-core\5.7.0\mockito-core-5.7.0.jar;C:\Users\k7407\.m2\repository\net\bytebuddy\byte-buddy-agent\1.14.10\byte-buddy-agent-1.14.10.jar;C:\Users\k7407\.m2\repository\org\objenesis\objenesis\3.3\objenesis-3.3.jar;C:\Users\k7407\.m2\repository\org\mockito\mockito-junit-jupiter\5.7.0\mockito-junit-jupiter-5.7.0.jar;C:\Users\k7407\.m2\repository\org\skyscreamer\jsonassert\1.5.1\jsonassert-1.5.1.jar;C:\Users\k7407\.m2\repository\com\vaadin\external\google\android-json\0.0.20131108.vaadin1\android-json-0.0.20131108.vaadin1.jar;C:\Users\k7407\.m2\repository\org\springframework\spring-core\6.1.1\spring-core-6.1.1.jar;C:\Users\k7407\.m2\repository\org\springframework\spring-jcl\6.1.1\spring-jcl-6.1.1.jar;C:\Users\k7407\.m2\repository\org\springframework\spring-test\6.1.1\spring-test-6.1.1.jar;C:\Users\k7407\.m2\repository\org\xmlunit\xmlunit-core\2.9.1\xmlunit-core-2.9.1.jar;C:\Users\k7407\.m2\repository\org\springframework\security\spring-security-test\6.2.0\spring-security-test-6.2.0.jar;C:\Users\k7407\.m2\repository\org\springframework\security\spring-security-core\6.2.0\spring-security-core-6.2.0.jar;C:\Users\k7407\.m2\repository\org\springframework\security\spring-security-crypto\6.2.0\spring-security-crypto-6.2.0.jar;C:\Users\k7407\.m2\repository\org\testcontainers\junit-jupiter\1.19.1\junit-jupiter-1.19.1.jar;C:\Users\k7407\.m2\repository\org\testcontainers\postgresql\1.19.1\postgresql-1.19.1.jar;C:\Users\k7407\.m2\repository\org\testcontainers\jdbc\1.19.1\jdbc-1.19.1.jar;C:\Users\k7407\.m2\repository\org\testcontainers\database-commons\1.19.1\database-commons-1.19.1.jar;C:\Users\k7407\.m2\repository\org\testcontainers\testcontainers\1.19.1\testcontainers-1.19.1.jar;C:\Users\k7407\.m2\repository\junit\junit\4.13.2\junit-4.13.2.jar;C:\Users\k7407\.m2\repository\org\hamcrest\hamcrest-core\2.2\hamcrest-core-2.2.jar;C:\Users\k7407\.m2\repository\org\slf4j\slf4j-api\2.0.9\slf4j-api-2.0.9.jar;C:\Users\k7407\.m2\repository\org\apache\commons\commons-compress\1.24.0\commons-compress-1.24.0.jar;C:\Users\k7407\.m2\repository\org\rnorth\duct-tape\duct-tape\1.0.8\duct-tape-1.0.8.jar;C:\Users\k7407\.m2\repository\org\jetbrains\annotations\17.0.0\annotations-17.0.0.jar;C:\Users\k7407\.m2\repository\com\github\docker-java\docker-java-api\3.3.3\docker-java-api-3.3.3.jar;C:\Users\k7407\.m2\repository\com\github\docker-java\docker-java-transport-zerodep\3.3.3\docker-java-transport-zerodep-3.3.3.jar;C:\Users\k7407\.m2\repository\com\github\docker-java\docker-java-transport\3.3.3\docker-java-transport-3.3.3.jar;C:\Users\k7407\.m2\repository\net\java\dev\jna\jna\5.12.1\jna-5.12.1.jar;C:\Users\k7407\.m2\repository\org\apache\httpcomponents\client5\httpclient5\5.2.1\httpclient5-5.2.1.jar;C:\Users\k7407\.m2\repository\org\apache\httpcomponents\core5\httpcore5\5.2.3\httpcore5-5.2.3.jar;C:\Users\k7407\.m2\repository\org\apache\httpcomponents\core5\httpcore5-h2\5.2.3\httpcore5-h2-5.2.3.jar;C:\Users\k7407\.m2\repository\io\micrometer\micrometer-core\1.12.0\micrometer-core-1.12.0.jar;C:\Users\k7407\.m2\repository\io\micrometer\micrometer-commons\1.12.0\micrometer-commons-1.12.0.jar;C:\Users\k7407\.m2\repository\org\hdrhistogram\HdrHistogram\2.1.12\HdrHistogram-2.1.12.jar;C:\Users\k7407\.m2\repository\org\latencyutils\LatencyUtils\2.0.3\LatencyUtils-2.0.3.jar;C:\Users\k7407\.m2\repository\org\junit\platform\junit-platform-launcher\1.10.1\junit-platform-launcher-1.10.1.jar;C:\Users\k7407\.m2\repository\org\junit\platform\junit-platform-engine\1.10.1\junit-platform-engine-1.10.1.jar;C:\Users\k7407\.m2\repository\org\opentest4j\opentest4j\1.3.0\opentest4j-1.3.0.jar;C:\Users\k7407\.m2\repository\org\junit\platform\junit-platform-commons\1.10.1\junit-platform-commons-1.10.1.jar;C:\Users\k7407\.m2\repository\org\apiguardian\apiguardian-api\1.1.2\apiguardian-api-1.1.2.jar;C:\Users\k7407\.m2\repository\com\atlassian\oai\swagger-request-validator-mockmvc\2.39.0\swagger-request-validator-mockmvc-2.39.0.jar;C:\Users\k7407\.m2\repository\com\atlassian\oai\swagger-request-validator-core\2.39.0\swagger-request-validator-core-2.39.0.jar;C:\Users\k7407\.m2\repository\com\github\java-json-tools\json-schema-validator\2.2.14\json-schema-validator-2.2.14.jar;C:\Users\k7407\.m2\repository\com\github\java-json-tools\jackson-coreutils-equivalence\1.0\jackson-coreutils-equivalence-1.0.jar;C:\Users\k7407\.m2\repository\com\github\java-json-tools\jackson-coreutils\2.0\jackson-coreutils-2.0.jar;C:\Users\k7407\.m2\repository\com\github\java-json-tools\json-schema-core\1.2.14\json-schema-core-1.2.14.jar;C:\Users\k7407\.m2\repository\com\github\java-json-tools\uri-template\0.10\uri-template-0.10.jar;C:\Users\k7407\.m2\repository\org\mozilla\rhino\1.7.7.2\rhino-1.7.7.2.jar;C:\Users\k7407\.m2\repository\com\sun\mail\mailapi\1.6.2\mailapi-1.6.2.jar;C:\Users\k7407\.m2\repository\joda-time\joda-time\2.10.5\joda-time-2.10.5.jar;C:\Users\k7407\.m2\repository\com\googlecode\libphonenumber\libphonenumber\8.11.1\libphonenumber-8.11.1.jar;C:\Users\k7407\.m2\repository\net\sf\jopt-simple\jopt-simple\5.0.4\jopt-simple-5.0.4.jar;C:\Users\k7407\.m2\repository\com\google\guava\guava\31.1-jre\guava-31.1-jre.jar;C:\Users\k7407\.m2\repository\com\google\guava\failureaccess\1.0.1\failureaccess-1.0.1.jar;C:\Users\k7407\.m2\repository\com\google\guava\listenablefuture\9999.0-empty-to-avoid-conflict-with-guava\listenablefuture-9999.0-empty-to-avoid-conflict-with-guava.jar;C:\Users\k7407\.m2\repository\com\google\errorprone\error_prone_annotations\2.11.0\error_prone_annotations-2.11.0.jar;C:\Users\k7407\.m2\repository\com\google\j2objc\j2objc-annotations\1.3\j2objc-annotations-1.3.jar;C:\Users\k7407\.m2\repository\com\google\code\findbugs\jsr305\3.0.2\jsr305-3.0.2.jar;C:\Users\k7407\.m2\repository\io\swagger\parser\v3\swagger-parser\2.1.16\swagger-parser-2.1.16.jar;C:\Users\k7407\.m2\repository\io\swagger\parser\v3\swagger-parser-v2-converter\2.1.16\swagger-parser-v2-converter-2.1.16.jar;C:\Users\k7407\.m2\repository\io\swagger\swagger-core\1.6.11\swagger-core-1.6.11.jar;C:\Users\k7407\.m2\repository\org\apache\commons\commons-lang3\3.13.0\commons-lang3-3.13.0.jar;C:\Users\k7407\.m2\repository\io\swagger\swagger-models\1.6.11\swagger-models-1.6.11.jar;C:\Users\k7407\.m2\repository\io\swagger\swagger-annotations\1.6.11\swagger-annotations-1.6.11.jar;C:\Users\k7407\.m2\repository\io\swagger\swagger-parser\1.0.67\swagger-parser-1.0.67.jar;C:\Users\k7407\.m2\repository\io\swagger\swagger-compat-spec-parser\1.0.67\swagger-compat-spec-parser-1.0.67.jar;C:\Users\k7407\.m2\repository\com\github\java-json-tools\json-patch\1.13\json-patch-1.13.jar;C:\Users\k7407\.m2\repository\com\github\java-json-tools\msg-simple\1.2\msg-simple-1.2.jar;C:\Users\k7407\.m2\repository\com\github\java-json-tools\btf\1.3\btf-1.3.jar;C:\Users\k7407\.m2\repository\io\swagger\core\v3\swagger-models\2.2.14\swagger-models-2.2.14.jar;C:\Users\k7407\.m2\repository\io\swagger\parser\v3\swagger-parser-core\2.1.16\swagger-parser-core-2.1.16.jar;C:\Users\k7407\.m2\repository\io\swagger\parser\v3\swagger-parser-v3\2.1.16\swagger-parser-v3-2.1.16.jar;C:\Users\k7407\.m2\repository\io\swagger\core\v3\swagger-core\2.2.14\swagger-core-2.2.14.jar;C:\Users\k7407\.m2\repository\io\swagger\core\v3\swagger-annotations\2.2.14\swagger-annotations-2.2.14.jar;C:\Users\k7407\.m2\repository\io\swagger\parser\v3\swagger-parser-safe-url-resolver\2.1.16\swagger-parser-safe-url-resolver-2.1.16.jar;C:\Users\k7407\.m2\repository\org\yaml\snakeyaml\2.2\snakeyaml-2.2.jar;C:\Users\k7407\.m2\repository\commons-io\commons-io\2.11.0\commons-io-2.11.0.jar;C:\Users\k7407\.m2\repository\com\intuit\karate\karate-junit5\1.4.1\karate-junit5-1.4.1.jar;C:\Users\k7407\.m2\repository\org\junit\jupiter\junit-jupiter-api\5.10.1\junit-jupiter-api-5.10.1.jar;C:\Users\k7407\.m2\repository\org\junit\jupiter\junit-jupiter-engine\5.10.1\junit-jupiter-engine-5.10.1.jar;C:\Users\k7407\.m2\repository\com\intuit\karate\karate-core\1.4.1\karate-core-1.4.1.jar;C:\Users\k7407\.m2\repository\org\graalvm\js\js-scriptengine\22.3.3\js-scriptengine-22.3.3.jar;C:\Users\k7407\.m2\repository\org\graalvm\sdk\graal-sdk\22.3.3\graal-sdk-22.3.3.jar;C:\Users\k7407\.m2\repository\org\graalvm\js\js\22.3.3\js-22.3.3.jar;C:\Users\k7407\.m2\repository\org\graalvm\regex\regex\22.3.3\regex-22.3.3.jar;C:\Users\k7407\.m2\repository\org\graalvm\truffle\truffle-api\22.3.3\truffle-api-22.3.3.jar;C:\Users\k7407\.m2\repository\com\ibm\icu\icu4j\71.1\icu4j-71.1.jar;C:\Users\k7407\.m2\repository\org\thymeleaf\thymeleaf\3.1.2.RELEASE\thymeleaf-3.1.2.RELEASE.jar;C:\Users\k7407\.m2\repository\ognl\ognl\3.3.4\ognl-3.3.4.jar;C:\Users\k7407\.m2\repository\org\javassist\javassist\3.29.0-GA\javassist-3.29.0-GA.jar;C:\Users\k7407\.m2\repository\org\attoparser\attoparser\2.0.7.RELEASE\attoparser-2.0.7.RELEASE.jar;C:\Users\k7407\.m2\repository\org\unbescape\unbescape\1.1.6.RELEASE\unbescape-1.1.6.RELEASE.jar;C:\Users\k7407\.m2\repository\com\linecorp\armeria\armeria\1.25.2\armeria-1.25.2.jar;C:\Users\k7407\.m2\repository\io\netty\netty-transport\4.1.101.Final\netty-transport-4.1.101.Final.jar;C:\Users\k7407\.m2\repository\io\netty\netty-common\4.1.101.Final\netty-common-4.1.101.Final.jar;C:\Users\k7407\.m2\repository\io\netty\netty-buffer\4.1.101.Final\netty-buffer-4.1.101.Final.jar;C:\Users\k7407\.m2\repository\io\netty\netty-resolver\4.1.101.Final\netty-resolver-4.1.101.Final.jar;C:\Users\k7407\.m2\repository\io\netty\netty-codec-haproxy\4.1.101.Final\netty-codec-haproxy-4.1.101.Final.jar;C:\Users\k7407\.m2\repository\io\netty\netty-codec\4.1.101.Final\netty-codec-4.1.101.Final.jar;C:\Users\k7407\.m2\repository\io\netty\netty-codec-http2\4.1.101.Final\netty-codec-http2-4.1.101.Final.jar;C:\Users\k7407\.m2\repository\io\netty\netty-handler\4.1.101.Final\netty-handler-4.1.101.Final.jar;C:\Users\k7407\.m2\repository\io\netty\netty-codec-http\4.1.101.Final\netty-codec-http-4.1.101.Final.jar;C:\Users\k7407\.m2\repository\io\netty\netty-resolver-dns\4.1.101.Final\netty-resolver-dns-4.1.101.Final.jar;C:\Users\k7407\.m2\repository\io\netty\netty-codec-dns\4.1.101.Final\netty-codec-dns-4.1.101.Final.jar;C:\Users\k7407\.m2\repository\org\reactivestreams\reactive-streams\1.0.4\reactive-streams-1.0.4.jar;C:\Users\k7407\.m2\repository\io\netty\netty-handler-proxy\4.1.101.Final\netty-handler-proxy-4.1.101.Final.jar;C:\Users\k7407\.m2\repository\io\netty\netty-codec-socks\4.1.101.Final\netty-codec-socks-4.1.101.Final.jar;C:\Users\k7407\.m2\repository\io\netty\netty-transport-native-unix-common\4.1.101.Final\netty-transport-native-unix-common-4.1.101.Final-linux-x86_64.jar;C:\Users\k7407\.m2\repository\io\netty\netty-transport-native-epoll\4.1.101.Final\netty-transport-native-epoll-4.1.101.Final-linux-x86_64.jar;C:\Users\k7407\.m2\repository\io\netty\netty-transport-native-unix-common\4.1.101.Final\netty-transport-native-unix-common-4.1.101.Final.jar;C:\Users\k7407\.m2\repository\io\netty\netty-transport-classes-epoll\4.1.101.Final\netty-transport-classes-epoll-4.1.101.Final.jar;C:\Users\k7407\.m2\repository\io\netty\netty-transport-native-unix-common\4.1.101.Final\netty-transport-native-unix-common-4.1.101.Final-linux-aarch_64.jar;C:\Users\k7407\.m2\repository\io\netty\netty-transport-native-epoll\4.1.101.Final\netty-transport-native-epoll-4.1.101.Final-linux-aarch_64.jar;C:\Users\k7407\.m2\repository\io\netty\netty-transport-native-unix-common\4.1.101.Final\netty-transport-native-unix-common-4.1.101.Final-osx-x86_64.jar;C:\Users\k7407\.m2\repository\io\netty\netty-transport-native-kqueue\4.1.101.Final\netty-transport-native-kqueue-4.1.101.Final-osx-x86_64.jar;C:\Users\k7407\.m2\repository\io\netty\netty-transport-classes-kqueue\4.1.101.Final\netty-transport-classes-kqueue-4.1.101.Final.jar;C:\Users\k7407\.m2\repository\io\netty\netty-resolver-dns-native-macos\4.1.101.Final\netty-resolver-dns-native-macos-4.1.101.Final-osx-x86_64.jar;C:\Users\k7407\.m2\repository\io\netty\netty-resolver-dns-classes-macos\4.1.101.Final\netty-resolver-dns-classes-macos-4.1.101.Final.jar;C:\Users\k7407\.m2\repository\io\netty\netty-transport-native-unix-common\4.1.101.Final\netty-transport-native-unix-common-4.1.101.Final-osx-aarch_64.jar;C:\Users\k7407\.m2\repository\io\netty\netty-transport-native-kqueue\4.1.101.Final\netty-transport-native-kqueue-4.1.101.Final-osx-aarch_64.jar;C:\Users\k7407\.m2\repository\io\netty\netty-resolver-dns-native-macos\4.1.101.Final\netty-resolver-dns-native-macos-4.1.101.Final-osx-aarch_64.jar;C:\Users\k7407\.m2\repository\io\netty\netty-tcnative-boringssl-static\2.0.61.Final\netty-tcnative-boringssl-static-2.0.61.Final-linux-x86_64.jar;C:\Users\k7407\.m2\repository\io\netty\netty-tcnative-classes\2.0.61.Final\netty-tcnative-classes-2.0.61.Final.jar;C:\Users\k7407\.m2\repository\io\netty\netty-tcnative-boringssl-static\2.0.61.Final\netty-tcnative-boringssl-static-2.0.61.Final-linux-aarch_64.jar;C:\Users\k7407\.m2\repository\io\netty\netty-tcnative-boringssl-static\2.0.61.Final\netty-tcnative-boringssl-static-2.0.61.Final-osx-x86_64.jar;C:\Users\k7407\.m2\repository\io\netty\netty-tcnative-boringssl-static\2.0.61.Final\netty-tcnative-boringssl-static-2.0.61.Final-osx-aarch_64.jar;C:\Users\k7407\.m2\repository\io\netty\netty-tcnative-boringssl-static\2.0.61.Final\netty-tcnative-boringssl-static-2.0.61.Final-windows-x86_64.jar;C:\Users\k7407\.m2\repository\com\aayushatharva\brotli4j\brotli4j\1.12.0\brotli4j-1.12.0.jar;C:\Users\k7407\.m2\repository\com\aayushatharva\brotli4j\service\1.12.0\service-1.12.0.jar;C:\Users\k7407\.m2\repository\com\aayushatharva\brotli4j\native-windows-x86_64\1.12.0\native-windows-x86_64-1.12.0.jar;C:\Users\k7407\.m2\repository\org\apache\httpcomponents\httpclient\4.5.14\httpclient-4.5.14.jar;C:\Users\k7407\.m2\repository\org\apache\httpcomponents\httpcore\4.4.16\httpcore-4.4.16.jar;C:\Users\k7407\.m2\repository\commons-codec\commons-codec\1.16.0\commons-codec-1.16.0.jar;C:\Users\k7407\.m2\repository\ch\qos\logback\logback-classic\1.4.11\logback-classic-1.4.11.jar;C:\Users\k7407\.m2\repository\ch\qos\logback\logback-core\1.4.11\logback-core-1.4.11.jar;C:\Users\k7407\.m2\repository\org\slf4j\jcl-over-slf4j\2.0.9\jcl-over-slf4j-2.0.9.jar;C:\Users\k7407\.m2\repository\org\antlr\antlr4-runtime\4.11.1\antlr4-runtime-4.11.1.jar;C:\Users\k7407\.m2\repository\de\siegmar\fastcsv\2.2.1\fastcsv-2.2.1.jar;C:\Users\k7407\.m2\repository\info\picocli\picocli\4.7.1\picocli-4.7.1.jar;C:\Users\k7407\.m2\repository\io\github\classgraph\classgraph\4.8.160\classgraph-4.8.160.jar;C:\Users\k7407\.m2\repository\io\github\t12y\resemble\1.0.2\resemble-1.0.2.jar;C:\Users\k7407\.m2\repository\io\github\t12y\ssim\1.0.0\ssim-1.0.0.jar;C:\Users\k7407\.m2\repository\com\github\javaparser\javaparser-core\3.25.8\javaparser-core-3.25.8.jar;C:\Users\k7407\.m2\repository\com\networknt\json-schema-validator\1.0.87\json-schema-validator-1.0.87.jar;C:\Users\k7407\.m2\repository\com\ethlo\time\itu\1.7.0\itu-1.7.0.jar;C:\Users\k7407\.m2\repository\com\fasterxml\jackson\dataformat\jackson-dataformat-yaml\2.15.3\jackson-dataformat-yaml-2.15.3.jar;"/>
    <property name="sun.cpu.endian" value="little"/>
    <property name="user.home" value="C:\Users\k7407"/>
    <property name="user.language" value="zh"/>
    <property name="java.specification.vendor" value="Oracle Corporation"/>
    <property name="java.version.date" value="2025-07-15"/>
    <property name="java.home" value="C:\Program Files\Java\jdk-21"/>
    <property name="file.separator" value="\"/>
    <property name="basedir" value="E:\Code\Casual-Academic-Time-Allocation-Management-System"/>
    <property name="java.vm.compressedOopsMode" value="Zero based"/>
    <property name="line.separator" value="&#10;"/>
    <property name="java.vm.specification.vendor" value="Oracle Corporation"/>
    <property name="java.specification.name" value="Java Platform API Specification"/>
    <property name="FILE_LOG_CHARSET" value="UTF-8"/>
    <property name="java.awt.headless" value="true"/>
    <property name="surefire.real.class.path" value="C:\Users\k7407\AppData\Local\Temp\surefire10953237333915150943\surefirebooter-20250808160502695_3.jar"/>
    <property name="user.script" value=""/>
    <property name="sun.management.compiler" value="HotSpot 64-Bit Tiered Compilers"/>
    <property name="java.runtime.version" value="21.0.8+12-LTS-250"/>
    <property name="user.name" value="k7407"/>
    <property name="stdout.encoding" value="UTF-8"/>
    <property name="path.separator" value=";"/>
    <property name="os.version" value="10.0"/>
    <property name="java.runtime.name" value="Java(TM) SE Runtime Environment"/>
    <property name="file.encoding" value="UTF-8"/>
    <property name="DB_URL" value="jdbc:postgresql://localhost:52410/test?loggerLevel=OFF"/>
    <property name="java.vm.name" value="Java HotSpot(TM) 64-Bit Server VM"/>
    <property name="skipTests" value="false"/>
    <property name="localRepository" value="C:\Users\k7407\.m2\repository"/>
    <property name="java.vendor.url.bug" value="https://bugreport.java.com/bugreport/"/>
    <property name="java.io.tmpdir" value="C:\Users\k7407\AppData\Local\Temp\"/>
    <property name="com.zaxxer.hikari.pool_number" value="13"/>
    <property name="catalina.home" value="C:\Users\k7407\AppData\Local\Temp\tomcat.0.16956961026991992561"/>
    <property name="java.version" value="21.0.8"/>
    <property name="user.dir" value="E:\Code\Casual-Academic-Time-Allocation-Management-System"/>
    <property name="os.arch" value="amd64"/>
    <property name="java.vm.specification.name" value="Java Virtual Machine Specification"/>
    <property name="PID" value="43568"/>
    <property name="sun.os.patch.level" value=""/>
    <property name="CONSOLE_LOG_CHARSET" value="UTF-8"/>
    <property name="catalina.base" value="C:\Users\k7407\AppData\Local\Temp\tomcat.0.8820950508902803498"/>
    <property name="native.encoding" value="UTF-8"/>
    <property name="java.library.path" value="C:\Program Files\Java\jdk-21\bin;C:\WINDOWS\Sun\Java\bin;C:\WINDOWS\system32;C:\WINDOWS;C:\ProgramData\miniconda3;C:\ProgramData\miniconda3\Library\mingw-w64\bin;C:\ProgramData\miniconda3\Library\usr\bin;C:\ProgramData\miniconda3\Library\bin;C:\ProgramData\miniconda3\Scripts;C:\ProgramData\miniconda3\bin;C:\Program Files (x86)\PowerShell\7;C:\Program Files\Java\jdk-21\bin;C:\Program Files\Amazon\AWSSAMCLI\bin;c:\Users\k7407\AppData\Local\Programs\cursor\resources\app\bin;C:\Python312\Scripts;C:\Python312;C:\Windows\system32;C:\Program Files\RabbitMQ Server\rabbitmq_server-4.0.1\sbin;C:\Windows;C:\Windows\System32\Wbem;C:\Windows\System32\WindowsPowerShell\v1.0;C:\Windows\System32\OpenSSH;C:\Program Files (x86)\NVIDIA Corporation\PhysX\Common;C:\WINDOWS\system32;C:\WINDOWS;C:\WINDOWS\System32\Wbem;C:\WINDOWS\System32\WindowsPowerShell\v1.0;C:\WINDOWS\System32\OpenSSH;C:\ProgramData\chocolatey\bin;C:\Program Files\dotnet;C:\Users\k7407\AppData\Local\Microsoft\WindowsApps;C:\Users\k7407\AppData\Roaming\npm;C:\Users\k7407\AppData\Local\GitHubDesktop\bin;c:\Users\k7407\AppData\Local\Programs\cursor\resources\app\bin;c:\Users\k7407\AppData\Local\Programs\cursor\resources\app\bin;C:\Program Files\Amazon\AWSSAMCLI\bin;C:\Program Files\Amazon\AWSCLIV2;C:\Program Files\Pandoc;C:\Program Files\Git\cmd;C:\Program Files\PuTTY;C:\Program Files\NVIDIA Corporation\NVIDIA App\NvDLISR;C:\msys64\mingw64\bin;C:\Program Files\wkhtmltopdf\bin;C:\Program Files (x86)\PowerShell\7;C:\ProgramData\miniconda3\Scripts;C:\ProgramData\miniconda3\condabin;C:\Users\k7407\AppData\Local\nvm;C:\nvm4w\nodejs;C:\Program Files\GitHub CLI;E:\act_Windows_x86_64;C:\Program Files\Docker\Docker\resources\bin;C:\Program Files\NVIDIA Corporation\NVIDIA NvDLISR;E:\Intellij\IntelliJ IDEA 2024.2.1\bin;C:\Users\k7407\scoop\shims;C:\Users\k7407\.local\bin;E:\gradle-8.10.2\bin;E:\apache-maven-3.9.9\bin;E:\curl-8.10.1_5-win64-mingw\bin;C:\Users\k7407\AppData\Local\Programs\Ollama;C:\Users\k7407\AppData\Local\Programs\Microsoft VS Code\bin;C:\Users\k7407\.lmstudio\bin;C:\Users\k7407\AppData\Local\Programs\cursor\resources\app\bin;C:\Users\k7407\AppData\Local\Programs\Windsurf\bin;C:\Users\k7407\AppData\Local\Programs\MiKTeX\miktex\bin\x64;C:\Program Files\MongoDB\Server\8.0\bin;c:\Users\k7407\.cursor\extensions\ms-python.debugpy-2025.8.0-win32-x64\bundled\scripts\noConfigScripts;."/>
    <property name="java.vm.info" value="mixed mode, sharing"/>
    <property name="stderr.encoding" value="UTF-8"/>
    <property name="java.vendor" value="Oracle Corporation"/>
    <property name="java.vm.version" value="21.0.8+12-LTS-250"/>
    <property name="sun.io.unicode.encoding" value="UnicodeLittle"/>
    <property name="java.class.version" value="65.0"/>
    <property name="CONSOLE_LOG_PATTERN" value="%d{yyyy-MM-dd HH:mm:ss} - %msg%n"/>
    <property name="LOGGED_APPLICATION_NAME" value="[catams] "/>
    <property name="DB_PASSWORD" value="test"/>
  </properties>
  <testcase name="testSubmitApprovalWithLongComment" classname="com.usyd.catams.integration.ApprovalSubmissionIntegrationTest" time="1.351">
    <system-out><![CDATA[16:05:31.355 [main] INFO  o.s.t.c.s.AnnotationConfigContextLoaderUtils - Could not detect default configuration classes for test class [com.usyd.catams.integration.ApprovalSubmissionIntegrationTest]: ApprovalSubmissionIntegrationTest does not declare any static, non-private, non-final, nested classes annotated with @Configuration.
16:05:31.406 [main] INFO  o.s.b.t.c.SpringBootTestContextBootstrapper - Found @SpringBootConfiguration com.usyd.catams.CatamsApplication for test class com.usyd.catams.integration.ApprovalSubmissionIntegrationTest
16:05:31.528 [main] INFO  o.testcontainers.images.PullPolicy - Image pull policy will be performed by: DefaultPullPolicy()
16:05:31.538 [main] INFO  o.t.utility.ImageNameSubstitutor - Image name substitution will be performed by: DefaultImageNameSubstitutor (composite of 'ConfigurationFileImageNameSubstitutor' and 'PrefixingImageNameSubstitutor')
16:05:32.227 [main] INFO  o.t.d.DockerClientProviderStrategy - Loaded org.testcontainers.dockerclient.NpipeSocketClientProviderStrategy from ~/.testcontainers.properties, will try it first
16:05:33.178 [main] INFO  o.t.d.DockerClientProviderStrategy - Found Docker environment with local Npipe socket (npipe:////./pipe/docker_engine)
16:05:33.181 [main] INFO  o.testcontainers.DockerClientFactory - Docker host IP address is localhost
16:05:33.222 [main] INFO  o.testcontainers.DockerClientFactory - Connected to docker: 
  Server Version: 28.3.2
  API Version: 1.51
  Operating System: Docker Desktop
  Total Memory: 32022 MB
16:05:33.671 [main] INFO  tc.testcontainers/ryuk:0.5.1 - Creating container for image: testcontainers/ryuk:0.5.1
16:05:34.029 [main] INFO  tc.testcontainers/ryuk:0.5.1 - Container testcontainers/ryuk:0.5.1 is starting: ace71b996b2ce315a305116141bae3a02258e6fede6083f0dc9c3292a91c16b0
16:05:34.752 [main] INFO  tc.testcontainers/ryuk:0.5.1 - Container testcontainers/ryuk:0.5.1 started in PT1.0809266S
16:05:34.762 [main] INFO  o.t.utility.RyukResourceReaper - Ryuk started - will monitor and terminate Testcontainers containers on JVM exit
16:05:34.762 [main] INFO  o.testcontainers.DockerClientFactory - Checking the system...
16:05:34.763 [main] INFO  o.testcontainers.DockerClientFactory - ✔︎ Docker server version should be at least 1.6.0
16:05:34.764 [main] INFO  tc.postgres:15-alpine - Creating container for image: postgres:15-alpine
16:05:35.500 [main] INFO  tc.postgres:15-alpine - Container postgres:15-alpine is starting: 00bc391d913cf148cba509bd26d3e3ff1182dbccd72775b953f0fe01250fffb3
16:05:38.824 [main] INFO  tc.postgres:15-alpine - Container postgres:15-alpine started in PT4.0606327S
16:05:38.826 [main] INFO  tc.postgres:15-alpine - Container is started (JDBC URL: jdbc:postgresql://localhost:52410/test?loggerLevel=OFF)
16:05:38.832 [main] INFO  o.s.b.d.r.RestartApplicationListener - Restart disabled due to context in which it is running

  .   ____          _            __ _ _
 /\\ / ___'_ __ _ _(_)_ __  __ _ \ \ \ \
( ( )\___ | '_ | '_| | '_ \/ _` | \ \ \ \
 \\/  ___)| |_)| | | | | || (_| |  ) ) ) )
  '  |____| .__|_| |_|_| |_\__, | / / / /
 =========|_|==============|___/=/_/_/_/
 :: Spring Boot ::                (v3.2.0)

16:05:38.913 [main] INFO  c.u.c.i.ApprovalSubmissionIntegrationTest - Starting ApprovalSubmissionIntegrationTest using Java 21.0.8 with PID 43568 (started by k7407 in E:\Code\Casual-Academic-Time-Allocation-Management-System)
16:05:38.913 [main] DEBUG c.u.c.i.ApprovalSubmissionIntegrationTest - Running with Spring Boot v3.2.0, Spring v6.1.1
16:05:38.913 [main] INFO  c.u.c.i.ApprovalSubmissionIntegrationTest - The following 1 profile is active: "integration-test"
16:05:39.514 [main] INFO  o.s.d.r.c.RepositoryConfigurationDelegate - Bootstrapping Spring Data JPA repositories in DEFAULT mode.
16:05:39.559 [main] INFO  o.s.d.r.c.RepositoryConfigurationDelegate - Finished Spring Data repository scanning in 44 ms. Found 3 JPA repository interfaces.
16:05:40.130 [main] INFO  o.s.b.w.e.tomcat.TomcatWebServer - Tomcat initialized with port 0 (http)
16:05:40.147 [main] INFO  o.a.coyote.http11.Http11NioProtocol - Initializing ProtocolHandler ["http-nio-auto-1"]
16:05:40.151 [main] INFO  o.a.catalina.core.StandardService - Starting service [Tomcat]
16:05:40.151 [main] INFO  o.a.catalina.core.StandardEngine - Starting Servlet engine: [Apache Tomcat/10.1.16]
16:05:40.289 [main] INFO  o.a.c.c.C.[.[localhost].[/api] - Initializing Spring embedded WebApplicationContext
16:05:40.289 [main] INFO  o.s.b.w.s.c.ServletWebServerApplicationContext - Root WebApplicationContext: initialization completed in 1373 ms
16:05:40.511 [main] INFO  o.h.jpa.internal.util.LogHelper - HHH000204: Processing PersistenceUnitInfo [name: default]
16:05:40.516 [main] INFO  o.h.c.i.RegionFactoryInitiator - HHH000026: Second-level cache disabled
16:05:40.523 [main] INFO  o.s.o.j.p.SpringPersistenceUnitInfo - No LoadTimeWeaver setup: ignoring JPA class transformer
16:05:40.525 [main] INFO  com.zaxxer.hikari.HikariDataSource - HikariPool-2 - Starting...
16:05:40.844 [main] INFO  com.zaxxer.hikari.pool.HikariPool - HikariPool-2 - Added connection org.postgresql.jdbc.PgConnection@2dbb606c
16:05:40.845 [main] INFO  com.zaxxer.hikari.HikariDataSource - HikariPool-2 - Start completed.
16:05:40.862 [main] WARN  org.hibernate.orm.deprecation - HHH90000025: PostgreSQLDialect does not need to be specified explicitly using 'hibernate.dialect' (remove the property setting and it will be selected by default)
16:05:41.146 [main] INFO  o.h.e.t.j.p.i.JtaPlatformInitiator - HHH000489: No JTA platform available (set 'hibernate.transaction.jta.platform' to enable JTA platform integration)
16:05:41.153 [main] WARN  o.h.e.jdbc.spi.SqlExceptionHelper - SQL Warning Code: 0, SQLState: 00000
16:05:41.153 [main] WARN  o.h.e.jdbc.spi.SqlExceptionHelper - table "approvals" does not exist, skipping
16:05:41.156 [main] WARN  o.h.e.jdbc.spi.SqlExceptionHelper - SQL Warning Code: 0, SQLState: 00000
16:05:41.157 [main] WARN  o.h.e.jdbc.spi.SqlExceptionHelper - table "courses" does not exist, skipping
16:05:41.159 [main] WARN  o.h.e.jdbc.spi.SqlExceptionHelper - SQL Warning Code: 0, SQLState: 00000
16:05:41.160 [main] WARN  o.h.e.jdbc.spi.SqlExceptionHelper - table "timesheets" does not exist, skipping
16:05:41.164 [main] WARN  o.h.e.jdbc.spi.SqlExceptionHelper - SQL Warning Code: 0, SQLState: 00000
16:05:41.164 [main] WARN  o.h.e.jdbc.spi.SqlExceptionHelper - table "users" does not exist, skipping
16:05:41.272 [main] INFO  o.s.o.j.LocalContainerEntityManagerFactoryBean - Initialized JPA EntityManagerFactory for persistence unit 'default'
16:05:41.503 [main] DEBUG c.u.c.s.JwtAuthenticationFilter - Filter 'jwtAuthenticationFilter' configured for use
16:05:42.014 [main] WARN  o.s.b.a.s.s.UserDetailsServiceAutoConfiguration - 

Using generated security password: 5109196e-139e-4822-8539-892a76793753

This generated password is for development use only. Your security configuration must be updated before running your application in production.

16:05:42.343 [main] INFO  o.s.b.a.e.web.EndpointLinksResolver - Exposing 3 endpoint(s) beneath base path '/actuator'
16:05:42.393 [main] INFO  o.s.s.web.DefaultSecurityFilterChain - Will secure any request with [org.springframework.security.web.session.DisableEncodeUrlFilter@4242f506, org.springframework.security.web.context.request.async.WebAsyncManagerIntegrationFilter@4d3d5062, org.springframework.security.web.context.SecurityContextHolderFilter@8eb11ad, org.springframework.security.web.header.HeaderWriterFilter@2c1e7702, org.springframework.web.filter.CorsFilter@4a634b9f, org.springframework.security.web.authentication.logout.LogoutFilter@735bc440, com.usyd.catams.security.JwtAuthenticationFilter@55de8436, org.springframework.security.web.savedrequest.RequestCacheAwareFilter@3ff477bd, org.springframework.security.web.servletapi.SecurityContextHolderAwareRequestFilter@12588f9f, org.springframework.security.web.authentication.AnonymousAuthenticationFilter@426a57db, org.springframework.security.web.session.SessionManagementFilter@20dc2bb8, org.springframework.security.web.access.ExceptionTranslationFilter@25c4c8b9, org.springframework.security.web.access.intercept.AuthorizationFilter@43e9307d]
16:05:42.838 [main] DEBUG c.u.c.s.JwtAuthenticationFilter - Filter 'jwtAuthenticationFilter' configured for use
16:05:42.840 [main] INFO  o.a.c.c.C.[.[localhost].[/api] - Initializing Spring TestDispatcherServlet ''
16:05:42.841 [main] INFO  o.s.t.w.s.TestDispatcherServlet - Initializing Servlet ''
16:05:42.843 [main] INFO  o.s.t.w.s.TestDispatcherServlet - Completed initialization in 2 ms
16:05:43.191 [main] INFO  o.a.coyote.http11.Http11NioProtocol - Starting ProtocolHandler ["http-nio-auto-1"]
16:05:43.227 [main] INFO  o.s.b.w.e.tomcat.TomcatWebServer - Tomcat started on port 52421 (http) with context path '/api'
16:05:43.234 [main] INFO  c.u.c.i.ApprovalSubmissionIntegrationTest - Started ApprovalSubmissionIntegrationTest in 4.402 seconds (process running for 40.344)
16:05:43.966 [main] DEBUG o.s.security.web.FilterChainProxy - Securing POST /api/approvals
16:05:44.163 [main] DEBUG c.u.c.s.JwtAuthenticationFilter - JWT authentication successful for user: tutor@university.edu with role: TUTOR
16:05:44.170 [main] WARN  o.s.w.s.h.HandlerMappingIntrospector - Cache miss for REQUEST dispatch to '/api/approvals' (previous null). Performing MatchableHandlerMapping lookup. This is logged once only at WARN level, and every time at TRACE.
16:05:44.190 [main] DEBUG o.s.security.web.FilterChainProxy - Secured POST /api/approvals
16:05:44.338 [main] WARN  c.u.c.e.GlobalExceptionHandler - Validation exception: Validation failed: comment: Comment cannot exceed 500 characters
16:05:44.482 [main] INFO  o.a.coyote.http11.Http11NioProtocol - Stopping ProtocolHandler ["http-nio-auto-1-52421"]
16:05:44.502 [main] INFO  o.s.o.j.LocalContainerEntityManagerFactoryBean - Closing JPA EntityManagerFactory for persistence unit 'default'
16:05:44.568 [main] INFO  com.zaxxer.hikari.HikariDataSource - HikariPool-2 - Shutdown initiated...
16:05:44.577 [main] INFO  com.zaxxer.hikari.HikariDataSource - HikariPool-2 - Shutdown completed.
]]></system-out>
  </testcase>
  <testcase name="testCannotSubmitApprovedTimesheet" classname="com.usyd.catams.integration.ApprovalSubmissionIntegrationTest" time="0.64">
    <system-out><![CDATA[16:05:44.603 [main] INFO  o.s.b.d.r.RestartApplicationListener - Restart disabled due to context in which it is running

  .   ____          _            __ _ _
 /\\ / ___'_ __ _ _(_)_ __  __ _ \ \ \ \
( ( )\___ | '_ | '_| | '_ \/ _` | \ \ \ \
 \\/  ___)| |_)| | | | | || (_| |  ) ) ) )
  '  |____| .__|_| |_|_| |_\__, | / / / /
 =========|_|==============|___/=/_/_/_/
 :: Spring Boot ::                (v3.2.0)

16:05:44.681 [main] INFO  c.u.c.i.ApprovalSubmissionIntegrationTest - Starting ApprovalSubmissionIntegrationTest using Java 21.0.8 with PID 43568 (started by k7407 in E:\Code\Casual-Academic-Time-Allocation-Management-System)
16:05:44.681 [main] DEBUG c.u.c.i.ApprovalSubmissionIntegrationTest - Running with Spring Boot v3.2.0, Spring v6.1.1
16:05:44.681 [main] INFO  c.u.c.i.ApprovalSubmissionIntegrationTest - The following 1 profile is active: "integration-test"
16:05:45.297 [main] INFO  o.s.d.r.c.RepositoryConfigurationDelegate - Bootstrapping Spring Data JPA repositories in DEFAULT mode.
16:05:45.358 [main] INFO  o.s.d.r.c.RepositoryConfigurationDelegate - Finished Spring Data repository scanning in 60 ms. Found 3 JPA repository interfaces.
16:05:45.637 [main] INFO  o.s.b.w.e.tomcat.TomcatWebServer - Tomcat initialized with port 0 (http)
16:05:45.637 [main] INFO  o.a.coyote.http11.Http11NioProtocol - Initializing ProtocolHandler ["http-nio-auto-2"]
16:05:45.638 [main] INFO  o.a.catalina.core.StandardService - Starting service [Tomcat]
16:05:45.638 [main] INFO  o.a.catalina.core.StandardEngine - Starting Servlet engine: [Apache Tomcat/10.1.16]
16:05:45.694 [main] INFO  o.a.c.c.C.[.[localhost].[/api] - Initializing Spring embedded WebApplicationContext
16:05:45.695 [main] INFO  o.s.b.w.s.c.ServletWebServerApplicationContext - Root WebApplicationContext: initialization completed in 1010 ms
16:05:45.922 [main] INFO  o.h.jpa.internal.util.LogHelper - HHH000204: Processing PersistenceUnitInfo [name: default]
16:05:45.926 [main] INFO  o.h.c.i.RegionFactoryInitiator - HHH000026: Second-level cache disabled
16:05:45.934 [main] INFO  o.s.o.j.p.SpringPersistenceUnitInfo - No LoadTimeWeaver setup: ignoring JPA class transformer
16:05:45.935 [main] INFO  com.zaxxer.hikari.HikariDataSource - HikariPool-3 - Starting...
16:05:45.971 [main] INFO  com.zaxxer.hikari.pool.HikariPool - HikariPool-3 - Added connection org.postgresql.jdbc.PgConnection@179eea2e
16:05:45.971 [main] INFO  com.zaxxer.hikari.HikariDataSource - HikariPool-3 - Start completed.
16:05:45.979 [main] WARN  org.hibernate.orm.deprecation - HHH90000025: PostgreSQLDialect does not need to be specified explicitly using 'hibernate.dialect' (remove the property setting and it will be selected by default)
16:05:46.212 [main] INFO  o.h.e.t.j.p.i.JtaPlatformInitiator - HHH000489: No JTA platform available (set 'hibernate.transaction.jta.platform' to enable JTA platform integration)
16:05:46.216 [main] WARN  o.h.e.jdbc.spi.SqlExceptionHelper - SQL Warning Code: 0, SQLState: 00000
16:05:46.217 [main] WARN  o.h.e.jdbc.spi.SqlExceptionHelper - table "approvals" does not exist, skipping
16:05:46.220 [main] WARN  o.h.e.jdbc.spi.SqlExceptionHelper - SQL Warning Code: 0, SQLState: 00000
16:05:46.220 [main] WARN  o.h.e.jdbc.spi.SqlExceptionHelper - table "courses" does not exist, skipping
16:05:46.222 [main] WARN  o.h.e.jdbc.spi.SqlExceptionHelper - SQL Warning Code: 0, SQLState: 00000
16:05:46.222 [main] WARN  o.h.e.jdbc.spi.SqlExceptionHelper - table "timesheets" does not exist, skipping
16:05:46.225 [main] WARN  o.h.e.jdbc.spi.SqlExceptionHelper - SQL Warning Code: 0, SQLState: 00000
16:05:46.226 [main] WARN  o.h.e.jdbc.spi.SqlExceptionHelper - table "users" does not exist, skipping
16:05:46.332 [main] INFO  o.s.o.j.LocalContainerEntityManagerFactoryBean - Initialized JPA EntityManagerFactory for persistence unit 'default'
16:05:46.502 [main] DEBUG c.u.c.s.JwtAuthenticationFilter - Filter 'jwtAuthenticationFilter' configured for use
16:05:46.930 [main] WARN  o.s.b.a.s.s.UserDetailsServiceAutoConfiguration - 

Using generated security password: a377c61e-68b7-4c4d-a640-b3963a3827ad

This generated password is for development use only. Your security configuration must be updated before running your application in production.

16:05:47.201 [main] INFO  o.s.b.a.e.web.EndpointLinksResolver - Exposing 3 endpoint(s) beneath base path '/actuator'
16:05:47.242 [main] INFO  o.s.s.web.DefaultSecurityFilterChain - Will secure any request with [org.springframework.security.web.session.DisableEncodeUrlFilter@582bc0ea, org.springframework.security.web.context.request.async.WebAsyncManagerIntegrationFilter@53957fec, org.springframework.security.web.context.SecurityContextHolderFilter@4646373c, org.springframework.security.web.header.HeaderWriterFilter@48b75b42, org.springframework.web.filter.CorsFilter@258b9994, org.springframework.security.web.authentication.logout.LogoutFilter@5396fa07, com.usyd.catams.security.JwtAuthenticationFilter@fdfe97a, org.springframework.security.web.savedrequest.RequestCacheAwareFilter@578ce59a, org.springframework.security.web.servletapi.SecurityContextHolderAwareRequestFilter@64470237, org.springframework.security.web.authentication.AnonymousAuthenticationFilter@60615390, org.springframework.security.web.session.SessionManagementFilter@26aee221, org.springframework.security.web.access.ExceptionTranslationFilter@7d13247a, org.springframework.security.web.access.intercept.AuthorizationFilter@73513853]
16:05:47.589 [main] DEBUG c.u.c.s.JwtAuthenticationFilter - Filter 'jwtAuthenticationFilter' configured for use
16:05:47.591 [main] INFO  o.a.c.c.C.[.[localhost].[/api] - Initializing Spring TestDispatcherServlet ''
16:05:47.591 [main] INFO  o.s.t.w.s.TestDispatcherServlet - Initializing Servlet ''
16:05:47.593 [main] INFO  o.s.t.w.s.TestDispatcherServlet - Completed initialization in 2 ms
16:05:47.659 [main] INFO  o.a.coyote.http11.Http11NioProtocol - Starting ProtocolHandler ["http-nio-auto-2"]
16:05:47.665 [main] INFO  o.s.b.w.e.tomcat.TomcatWebServer - Tomcat started on port 52433 (http) with context path '/api'
16:05:47.669 [main] INFO  c.u.c.i.ApprovalSubmissionIntegrationTest - Started ApprovalSubmissionIntegrationTest in 3.066 seconds (process running for 44.779)
16:05:48.089 [main] DEBUG o.s.security.web.FilterChainProxy - Securing POST /api/approvals
16:05:48.104 [main] DEBUG c.u.c.s.JwtAuthenticationFilter - JWT authentication successful for user: tutor@university.edu with role: TUTOR
16:05:48.106 [main] WARN  o.s.w.s.h.HandlerMappingIntrospector - Cache miss for REQUEST dispatch to '/api/approvals' (previous null). Performing MatchableHandlerMapping lookup. This is logged once only at WARN level, and every time at TRACE.
16:05:48.109 [main] DEBUG o.s.security.web.FilterChainProxy - Secured POST /api/approvals
16:05:48.127 [main] DEBUG o.s.s.a.m.AuthorizationManagerBeforeMethodInterceptor - Authorizing method invocation ReflectiveMethodInvocation: public org.springframework.http.ResponseEntity com.usyd.catams.controller.ApprovalController.performApprovalAction(com.usyd.catams.dto.request.ApprovalActionRequest,org.springframework.security.core.Authentication); target is of class [com.usyd.catams.controller.ApprovalController]
16:05:48.190 [main] DEBUG o.s.s.a.m.AuthorizationManagerBeforeMethodInterceptor - Authorized method invocation ReflectiveMethodInvocation: public org.springframework.http.ResponseEntity com.usyd.catams.controller.ApprovalController.performApprovalAction(com.usyd.catams.dto.request.ApprovalActionRequest,org.springframework.security.core.Authentication); target is of class [com.usyd.catams.controller.ApprovalController]
16:05:48.191 [main] DEBUG o.s.s.a.m.AuthorizationManagerBeforeMethodInterceptor - Authorizing method invocation ReflectiveMethodInvocation: public com.usyd.catams.dto.response.ApprovalActionResponse com.usyd.catams.application.ApprovalApplicationService.performApprovalActionAndReturnDto(java.lang.Long,com.usyd.catams.enums.ApprovalAction,java.lang.String,java.lang.Long); target is of class [com.usyd.catams.application.ApprovalApplicationService]
16:05:48.192 [main] DEBUG o.s.s.a.m.AuthorizationManagerBeforeMethodInterceptor - Authorized method invocation ReflectiveMethodInvocation: public com.usyd.catams.dto.response.ApprovalActionResponse com.usyd.catams.application.ApprovalApplicationService.performApprovalActionAndReturnDto(java.lang.Long,com.usyd.catams.enums.ApprovalAction,java.lang.String,java.lang.Long); target is of class [com.usyd.catams.application.ApprovalApplicationService]
16:05:48.241 [main] WARN  c.u.c.e.GlobalExceptionHandler - Illegal argument exception: Cannot perform SUBMIT_FOR_APPROVAL on timesheet with status APPROVED_BY_LECTURER_AND_TUTOR
16:05:48.260 [main] INFO  o.a.coyote.http11.Http11NioProtocol - Stopping ProtocolHandler ["http-nio-auto-2-52433"]
16:05:48.268 [main] INFO  o.s.o.j.LocalContainerEntityManagerFactoryBean - Closing JPA EntityManagerFactory for persistence unit 'default'
16:05:48.308 [main] INFO  com.zaxxer.hikari.HikariDataSource - HikariPool-3 - Shutdown initiated...
16:05:48.312 [main] INFO  com.zaxxer.hikari.HikariDataSource - HikariPool-3 - Shutdown completed.
]]></system-out>
  </testcase>
  <testcase name="testLecturerCanSubmitTimesheet" classname="com.usyd.catams.integration.ApprovalSubmissionIntegrationTest" time="0.508">
    <system-out><![CDATA[16:05:48.323 [main] INFO  o.s.b.d.r.RestartApplicationListener - Restart disabled due to context in which it is running

  .   ____          _            __ _ _
 /\\ / ___'_ __ _ _(_)_ __  __ _ \ \ \ \
( ( )\___ | '_ | '_| | '_ \/ _` | \ \ \ \
 \\/  ___)| |_)| | | | | || (_| |  ) ) ) )
  '  |____| .__|_| |_|_| |_\__, | / / / /
 =========|_|==============|___/=/_/_/_/
 :: Spring Boot ::                (v3.2.0)

16:05:48.370 [main] INFO  c.u.c.i.ApprovalSubmissionIntegrationTest - Starting ApprovalSubmissionIntegrationTest using Java 21.0.8 with PID 43568 (started by k7407 in E:\Code\Casual-Academic-Time-Allocation-Management-System)
16:05:48.370 [main] DEBUG c.u.c.i.ApprovalSubmissionIntegrationTest - Running with Spring Boot v3.2.0, Spring v6.1.1
16:05:48.371 [main] INFO  c.u.c.i.ApprovalSubmissionIntegrationTest - The following 1 profile is active: "integration-test"
16:05:48.801 [main] INFO  o.s.d.r.c.RepositoryConfigurationDelegate - Bootstrapping Spring Data JPA repositories in DEFAULT mode.
16:05:48.836 [main] INFO  o.s.d.r.c.RepositoryConfigurationDelegate - Finished Spring Data repository scanning in 34 ms. Found 3 JPA repository interfaces.
16:05:49.045 [main] INFO  o.s.b.w.e.tomcat.TomcatWebServer - Tomcat initialized with port 0 (http)
16:05:49.046 [main] INFO  o.a.coyote.http11.Http11NioProtocol - Initializing ProtocolHandler ["http-nio-auto-3"]
16:05:49.046 [main] INFO  o.a.catalina.core.StandardService - Starting service [Tomcat]
16:05:49.046 [main] INFO  o.a.catalina.core.StandardEngine - Starting Servlet engine: [Apache Tomcat/10.1.16]
16:05:49.090 [main] INFO  o.a.c.c.C.[.[localhost].[/api] - Initializing Spring embedded WebApplicationContext
16:05:49.090 [main] INFO  o.s.b.w.s.c.ServletWebServerApplicationContext - Root WebApplicationContext: initialization completed in 717 ms
16:05:49.281 [main] INFO  o.h.jpa.internal.util.LogHelper - HHH000204: Processing PersistenceUnitInfo [name: default]
16:05:49.286 [main] INFO  o.h.c.i.RegionFactoryInitiator - HHH000026: Second-level cache disabled
16:05:49.291 [main] INFO  o.s.o.j.p.SpringPersistenceUnitInfo - No LoadTimeWeaver setup: ignoring JPA class transformer
16:05:49.293 [main] INFO  com.zaxxer.hikari.HikariDataSource - HikariPool-4 - Starting...
16:05:49.316 [main] INFO  com.zaxxer.hikari.pool.HikariPool - HikariPool-4 - Added connection org.postgresql.jdbc.PgConnection@2eb311c9
16:05:49.316 [main] INFO  com.zaxxer.hikari.HikariDataSource - HikariPool-4 - Start completed.
16:05:49.323 [main] WARN  org.hibernate.orm.deprecation - HHH90000025: PostgreSQLDialect does not need to be specified explicitly using 'hibernate.dialect' (remove the property setting and it will be selected by default)
16:05:49.483 [main] INFO  o.h.e.t.j.p.i.JtaPlatformInitiator - HHH000489: No JTA platform available (set 'hibernate.transaction.jta.platform' to enable JTA platform integration)
16:05:49.486 [main] WARN  o.h.e.jdbc.spi.SqlExceptionHelper - SQL Warning Code: 0, SQLState: 00000
16:05:49.487 [main] WARN  o.h.e.jdbc.spi.SqlExceptionHelper - table "approvals" does not exist, skipping
16:05:49.489 [main] WARN  o.h.e.jdbc.spi.SqlExceptionHelper - SQL Warning Code: 0, SQLState: 00000
16:05:49.490 [main] WARN  o.h.e.jdbc.spi.SqlExceptionHelper - table "courses" does not exist, skipping
16:05:49.492 [main] WARN  o.h.e.jdbc.spi.SqlExceptionHelper - SQL Warning Code: 0, SQLState: 00000
16:05:49.492 [main] WARN  o.h.e.jdbc.spi.SqlExceptionHelper - table "timesheets" does not exist, skipping
16:05:49.494 [main] WARN  o.h.e.jdbc.spi.SqlExceptionHelper - SQL Warning Code: 0, SQLState: 00000
16:05:49.495 [main] WARN  o.h.e.jdbc.spi.SqlExceptionHelper - table "users" does not exist, skipping
16:05:49.595 [main] INFO  o.s.o.j.LocalContainerEntityManagerFactoryBean - Initialized JPA EntityManagerFactory for persistence unit 'default'
16:05:49.717 [main] DEBUG c.u.c.s.JwtAuthenticationFilter - Filter 'jwtAuthenticationFilter' configured for use
16:05:50.071 [main] WARN  o.s.b.a.s.s.UserDetailsServiceAutoConfiguration - 

Using generated security password: 66ffb85d-2b09-4575-aacd-de509017917c

This generated password is for development use only. Your security configuration must be updated before running your application in production.

16:05:50.318 [main] INFO  o.s.b.a.e.web.EndpointLinksResolver - Exposing 3 endpoint(s) beneath base path '/actuator'
16:05:50.358 [main] INFO  o.s.s.web.DefaultSecurityFilterChain - Will secure any request with [org.springframework.security.web.session.DisableEncodeUrlFilter@133db63a, org.springframework.security.web.context.request.async.WebAsyncManagerIntegrationFilter@26b34f18, org.springframework.security.web.context.SecurityContextHolderFilter@5b9ca2e2, org.springframework.security.web.header.HeaderWriterFilter@495c4835, org.springframework.web.filter.CorsFilter@71136cc9, org.springframework.security.web.authentication.logout.LogoutFilter@10fd1970, com.usyd.catams.security.JwtAuthenticationFilter@ea5df24, org.springframework.security.web.savedrequest.RequestCacheAwareFilter@7b71364e, org.springframework.security.web.servletapi.SecurityContextHolderAwareRequestFilter@1d0be497, org.springframework.security.web.authentication.AnonymousAuthenticationFilter@1408652c, org.springframework.security.web.session.SessionManagementFilter@6ed5929f, org.springframework.security.web.access.ExceptionTranslationFilter@4f547880, org.springframework.security.web.access.intercept.AuthorizationFilter@5eebed82]
16:05:50.658 [main] DEBUG c.u.c.s.JwtAuthenticationFilter - Filter 'jwtAuthenticationFilter' configured for use
16:05:50.659 [main] INFO  o.a.c.c.C.[.[localhost].[/api] - Initializing Spring TestDispatcherServlet ''
16:05:50.659 [main] INFO  o.s.t.w.s.TestDispatcherServlet - Initializing Servlet ''
16:05:50.661 [main] INFO  o.s.t.w.s.TestDispatcherServlet - Completed initialization in 2 ms
16:05:50.701 [main] INFO  o.a.coyote.http11.Http11NioProtocol - Starting ProtocolHandler ["http-nio-auto-3"]
16:05:50.707 [main] INFO  o.s.b.w.e.tomcat.TomcatWebServer - Tomcat started on port 52445 (http) with context path '/api'
16:05:50.712 [main] INFO  c.u.c.i.ApprovalSubmissionIntegrationTest - Started ApprovalSubmissionIntegrationTest in 2.388 seconds (process running for 47.821)
16:05:51.027 [main] DEBUG o.s.security.web.FilterChainProxy - Securing POST /api/approvals
16:05:51.040 [main] DEBUG c.u.c.s.JwtAuthenticationFilter - JWT authentication successful for user: lecturer@university.edu with role: LECTURER
16:05:51.041 [main] WARN  o.s.w.s.h.HandlerMappingIntrospector - Cache miss for REQUEST dispatch to '/api/approvals' (previous null). Performing MatchableHandlerMapping lookup. This is logged once only at WARN level, and every time at TRACE.
16:05:51.043 [main] DEBUG o.s.security.web.FilterChainProxy - Secured POST /api/approvals
16:05:51.053 [main] DEBUG o.s.s.a.m.AuthorizationManagerBeforeMethodInterceptor - Authorizing method invocation ReflectiveMethodInvocation: public org.springframework.http.ResponseEntity com.usyd.catams.controller.ApprovalController.performApprovalAction(com.usyd.catams.dto.request.ApprovalActionRequest,org.springframework.security.core.Authentication); target is of class [com.usyd.catams.controller.ApprovalController]
16:05:51.057 [main] DEBUG o.s.s.a.m.AuthorizationManagerBeforeMethodInterceptor - Authorized method invocation ReflectiveMethodInvocation: public org.springframework.http.ResponseEntity com.usyd.catams.controller.ApprovalController.performApprovalAction(com.usyd.catams.dto.request.ApprovalActionRequest,org.springframework.security.core.Authentication); target is of class [com.usyd.catams.controller.ApprovalController]
16:05:51.057 [main] DEBUG o.s.s.a.m.AuthorizationManagerBeforeMethodInterceptor - Authorizing method invocation ReflectiveMethodInvocation: public com.usyd.catams.dto.response.ApprovalActionResponse com.usyd.catams.application.ApprovalApplicationService.performApprovalActionAndReturnDto(java.lang.Long,com.usyd.catams.enums.ApprovalAction,java.lang.String,java.lang.Long); target is of class [com.usyd.catams.application.ApprovalApplicationService]
16:05:51.058 [main] DEBUG o.s.s.a.m.AuthorizationManagerBeforeMethodInterceptor - Authorized method invocation ReflectiveMethodInvocation: public com.usyd.catams.dto.response.ApprovalActionResponse com.usyd.catams.application.ApprovalApplicationService.performApprovalActionAndReturnDto(java.lang.Long,com.usyd.catams.enums.ApprovalAction,java.lang.String,java.lang.Long); target is of class [com.usyd.catams.application.ApprovalApplicationService]
16:05:51.155 [main] INFO  o.a.coyote.http11.Http11NioProtocol - Stopping ProtocolHandler ["http-nio-auto-3-52445"]
16:05:51.163 [main] INFO  o.s.o.j.LocalContainerEntityManagerFactoryBean - Closing JPA EntityManagerFactory for persistence unit 'default'
16:05:51.204 [main] INFO  com.zaxxer.hikari.HikariDataSource - HikariPool-4 - Shutdown initiated...
16:05:51.219 [main] INFO  com.zaxxer.hikari.HikariDataSource - HikariPool-4 - Shutdown completed.
]]></system-out>
  </testcase>
  <testcase name="testSubmitApprovalWithoutAuth" classname="com.usyd.catams.integration.ApprovalSubmissionIntegrationTest" time="0.493">
    <system-out><![CDATA[16:05:51.229 [main] INFO  o.s.b.d.r.RestartApplicationListener - Restart disabled due to context in which it is running

  .   ____          _            __ _ _
 /\\ / ___'_ __ _ _(_)_ __  __ _ \ \ \ \
( ( )\___ | '_ | '_| | '_ \/ _` | \ \ \ \
 \\/  ___)| |_)| | | | | || (_| |  ) ) ) )
  '  |____| .__|_| |_|_| |_\__, | / / / /
 =========|_|==============|___/=/_/_/_/
 :: Spring Boot ::                (v3.2.0)

16:05:51.270 [main] INFO  c.u.c.i.ApprovalSubmissionIntegrationTest - Starting ApprovalSubmissionIntegrationTest using Java 21.0.8 with PID 43568 (started by k7407 in E:\Code\Casual-Academic-Time-Allocation-Management-System)
16:05:51.270 [main] DEBUG c.u.c.i.ApprovalSubmissionIntegrationTest - Running with Spring Boot v3.2.0, Spring v6.1.1
16:05:51.270 [main] INFO  c.u.c.i.ApprovalSubmissionIntegrationTest - The following 1 profile is active: "integration-test"
16:05:51.643 [main] INFO  o.s.d.r.c.RepositoryConfigurationDelegate - Bootstrapping Spring Data JPA repositories in DEFAULT mode.
16:05:51.676 [main] INFO  o.s.d.r.c.RepositoryConfigurationDelegate - Finished Spring Data repository scanning in 33 ms. Found 3 JPA repository interfaces.
16:05:51.853 [main] INFO  o.s.b.w.e.tomcat.TomcatWebServer - Tomcat initialized with port 0 (http)
16:05:51.854 [main] INFO  o.a.coyote.http11.Http11NioProtocol - Initializing ProtocolHandler ["http-nio-auto-4"]
16:05:51.854 [main] INFO  o.a.catalina.core.StandardService - Starting service [Tomcat]
16:05:51.855 [main] INFO  o.a.catalina.core.StandardEngine - Starting Servlet engine: [Apache Tomcat/10.1.16]
16:05:51.897 [main] INFO  o.a.c.c.C.[.[localhost].[/api] - Initializing Spring embedded WebApplicationContext
16:05:51.897 [main] INFO  o.s.b.w.s.c.ServletWebServerApplicationContext - Root WebApplicationContext: initialization completed in 625 ms
16:05:52.093 [main] INFO  o.h.jpa.internal.util.LogHelper - HHH000204: Processing PersistenceUnitInfo [name: default]
16:05:52.097 [main] INFO  o.h.c.i.RegionFactoryInitiator - HHH000026: Second-level cache disabled
16:05:52.104 [main] INFO  o.s.o.j.p.SpringPersistenceUnitInfo - No LoadTimeWeaver setup: ignoring JPA class transformer
16:05:52.106 [main] INFO  com.zaxxer.hikari.HikariDataSource - HikariPool-5 - Starting...
16:05:52.127 [main] INFO  com.zaxxer.hikari.pool.HikariPool - HikariPool-5 - Added connection org.postgresql.jdbc.PgConnection@28b127bb
16:05:52.127 [main] INFO  com.zaxxer.hikari.HikariDataSource - HikariPool-5 - Start completed.
16:05:52.133 [main] WARN  org.hibernate.orm.deprecation - HHH90000025: PostgreSQLDialect does not need to be specified explicitly using 'hibernate.dialect' (remove the property setting and it will be selected by default)
16:05:52.290 [main] INFO  o.h.e.t.j.p.i.JtaPlatformInitiator - HHH000489: No JTA platform available (set 'hibernate.transaction.jta.platform' to enable JTA platform integration)
16:05:52.292 [main] WARN  o.h.e.jdbc.spi.SqlExceptionHelper - SQL Warning Code: 0, SQLState: 00000
16:05:52.292 [main] WARN  o.h.e.jdbc.spi.SqlExceptionHelper - table "approvals" does not exist, skipping
16:05:52.295 [main] WARN  o.h.e.jdbc.spi.SqlExceptionHelper - SQL Warning Code: 0, SQLState: 00000
16:05:52.295 [main] WARN  o.h.e.jdbc.spi.SqlExceptionHelper - table "courses" does not exist, skipping
16:05:52.297 [main] WARN  o.h.e.jdbc.spi.SqlExceptionHelper - SQL Warning Code: 0, SQLState: 00000
16:05:52.297 [main] WARN  o.h.e.jdbc.spi.SqlExceptionHelper - table "timesheets" does not exist, skipping
16:05:52.299 [main] WARN  o.h.e.jdbc.spi.SqlExceptionHelper - SQL Warning Code: 0, SQLState: 00000
16:05:52.299 [main] WARN  o.h.e.jdbc.spi.SqlExceptionHelper - table "users" does not exist, skipping
16:05:52.391 [main] INFO  o.s.o.j.LocalContainerEntityManagerFactoryBean - Initialized JPA EntityManagerFactory for persistence unit 'default'
16:05:52.505 [main] DEBUG c.u.c.s.JwtAuthenticationFilter - Filter 'jwtAuthenticationFilter' configured for use
16:05:52.859 [main] WARN  o.s.b.a.s.s.UserDetailsServiceAutoConfiguration - 

Using generated security password: 2dfec942-92d0-4540-a685-b1620995e25a

This generated password is for development use only. Your security configuration must be updated before running your application in production.

16:05:53.114 [main] INFO  o.s.b.a.e.web.EndpointLinksResolver - Exposing 3 endpoint(s) beneath base path '/actuator'
16:05:53.152 [main] INFO  o.s.s.web.DefaultSecurityFilterChain - Will secure any request with [org.springframework.security.web.session.DisableEncodeUrlFilter@1dd41ce3, org.springframework.security.web.context.request.async.WebAsyncManagerIntegrationFilter@508b789b, org.springframework.security.web.context.SecurityContextHolderFilter@6e596daa, org.springframework.security.web.header.HeaderWriterFilter@2c36243f, org.springframework.web.filter.CorsFilter@54afb5c3, org.springframework.security.web.authentication.logout.LogoutFilter@662802ad, com.usyd.catams.security.JwtAuthenticationFilter@ec02da0, org.springframework.security.web.savedrequest.RequestCacheAwareFilter@46010b60, org.springframework.security.web.servletapi.SecurityContextHolderAwareRequestFilter@42253109, org.springframework.security.web.authentication.AnonymousAuthenticationFilter@53e1f9fd, org.springframework.security.web.session.SessionManagementFilter@5c76c2c4, org.springframework.security.web.access.ExceptionTranslationFilter@58ee7a14, org.springframework.security.web.access.intercept.AuthorizationFilter@66b59adb]
16:05:53.456 [main] DEBUG c.u.c.s.JwtAuthenticationFilter - Filter 'jwtAuthenticationFilter' configured for use
16:05:53.456 [main] INFO  o.a.c.c.C.[.[localhost].[/api] - Initializing Spring TestDispatcherServlet ''
16:05:53.457 [main] INFO  o.s.t.w.s.TestDispatcherServlet - Initializing Servlet ''
16:05:53.459 [main] INFO  o.s.t.w.s.TestDispatcherServlet - Completed initialization in 2 ms
16:05:53.496 [main] INFO  o.a.coyote.http11.Http11NioProtocol - Starting ProtocolHandler ["http-nio-auto-4"]
16:05:53.501 [main] INFO  o.s.b.w.e.tomcat.TomcatWebServer - Tomcat started on port 52458 (http) with context path '/api'
16:05:53.506 [main] INFO  c.u.c.i.ApprovalSubmissionIntegrationTest - Started ApprovalSubmissionIntegrationTest in 2.277 seconds (process running for 50.615)
16:05:53.934 [main] DEBUG o.s.security.web.FilterChainProxy - Securing POST /api/approvals
16:05:53.936 [main] DEBUG o.s.s.w.a.AnonymousAuthenticationFilter - Set SecurityContextHolder to anonymous SecurityContext
16:05:53.936 [main] WARN  o.s.w.s.h.HandlerMappingIntrospector - Cache miss for REQUEST dispatch to '/api/approvals' (previous null). Performing MatchableHandlerMapping lookup. This is logged once only at WARN level, and every time at TRACE.
16:05:53.949 [main] INFO  o.a.coyote.http11.Http11NioProtocol - Stopping ProtocolHandler ["http-nio-auto-4-52458"]
16:05:53.957 [main] INFO  o.s.o.j.LocalContainerEntityManagerFactoryBean - Closing JPA EntityManagerFactory for persistence unit 'default'
16:05:53.996 [main] INFO  com.zaxxer.hikari.HikariDataSource - HikariPool-5 - Shutdown initiated...
16:05:54.004 [main] INFO  com.zaxxer.hikari.HikariDataSource - HikariPool-5 - Shutdown completed.
]]></system-out>
  </testcase>
  <testcase name="testLecturerCannotApproveTimesheet" classname="com.usyd.catams.integration.ApprovalSubmissionIntegrationTest" time="0.495">
    <system-out><![CDATA[16:05:54.012 [main] INFO  o.s.b.d.r.RestartApplicationListener - Restart disabled due to context in which it is running

  .   ____          _            __ _ _
 /\\ / ___'_ __ _ _(_)_ __  __ _ \ \ \ \
( ( )\___ | '_ | '_| | '_ \/ _` | \ \ \ \
 \\/  ___)| |_)| | | | | || (_| |  ) ) ) )
  '  |____| .__|_| |_|_| |_\__, | / / / /
 =========|_|==============|___/=/_/_/_/
 :: Spring Boot ::                (v3.2.0)

16:05:54.046 [main] INFO  c.u.c.i.ApprovalSubmissionIntegrationTest - Starting ApprovalSubmissionIntegrationTest using Java 21.0.8 with PID 43568 (started by k7407 in E:\Code\Casual-Academic-Time-Allocation-Management-System)
16:05:54.046 [main] DEBUG c.u.c.i.ApprovalSubmissionIntegrationTest - Running with Spring Boot v3.2.0, Spring v6.1.1
16:05:54.046 [main] INFO  c.u.c.i.ApprovalSubmissionIntegrationTest - The following 1 profile is active: "integration-test"
16:05:54.363 [main] INFO  o.s.d.r.c.RepositoryConfigurationDelegate - Bootstrapping Spring Data JPA repositories in DEFAULT mode.
16:05:54.396 [main] INFO  o.s.d.r.c.RepositoryConfigurationDelegate - Finished Spring Data repository scanning in 32 ms. Found 3 JPA repository interfaces.
16:05:54.580 [main] INFO  o.s.b.w.e.tomcat.TomcatWebServer - Tomcat initialized with port 0 (http)
16:05:54.581 [main] INFO  o.a.coyote.http11.Http11NioProtocol - Initializing ProtocolHandler ["http-nio-auto-5"]
16:05:54.582 [main] INFO  o.a.catalina.core.StandardService - Starting service [Tomcat]
16:05:54.582 [main] INFO  o.a.catalina.core.StandardEngine - Starting Servlet engine: [Apache Tomcat/10.1.16]
16:05:54.623 [main] INFO  o.a.c.c.C.[.[localhost].[/api] - Initializing Spring embedded WebApplicationContext
16:05:54.623 [main] INFO  o.s.b.w.s.c.ServletWebServerApplicationContext - Root WebApplicationContext: initialization completed in 574 ms
16:05:54.834 [main] INFO  o.h.jpa.internal.util.LogHelper - HHH000204: Processing PersistenceUnitInfo [name: default]
16:05:54.842 [main] INFO  o.h.c.i.RegionFactoryInitiator - HHH000026: Second-level cache disabled
16:05:54.857 [main] INFO  o.s.o.j.p.SpringPersistenceUnitInfo - No LoadTimeWeaver setup: ignoring JPA class transformer
16:05:54.858 [main] INFO  com.zaxxer.hikari.HikariDataSource - HikariPool-6 - Starting...
16:05:54.890 [main] INFO  com.zaxxer.hikari.pool.HikariPool - HikariPool-6 - Added connection org.postgresql.jdbc.PgConnection@2efaf6ff
16:05:54.890 [main] INFO  com.zaxxer.hikari.HikariDataSource - HikariPool-6 - Start completed.
16:05:54.896 [main] WARN  org.hibernate.orm.deprecation - HHH90000025: PostgreSQLDialect does not need to be specified explicitly using 'hibernate.dialect' (remove the property setting and it will be selected by default)
16:05:55.068 [main] INFO  o.h.e.t.j.p.i.JtaPlatformInitiator - HHH000489: No JTA platform available (set 'hibernate.transaction.jta.platform' to enable JTA platform integration)
16:05:55.070 [main] WARN  o.h.e.jdbc.spi.SqlExceptionHelper - SQL Warning Code: 0, SQLState: 00000
16:05:55.071 [main] WARN  o.h.e.jdbc.spi.SqlExceptionHelper - table "approvals" does not exist, skipping
16:05:55.073 [main] WARN  o.h.e.jdbc.spi.SqlExceptionHelper - SQL Warning Code: 0, SQLState: 00000
16:05:55.073 [main] WARN  o.h.e.jdbc.spi.SqlExceptionHelper - table "courses" does not exist, skipping
16:05:55.075 [main] WARN  o.h.e.jdbc.spi.SqlExceptionHelper - SQL Warning Code: 0, SQLState: 00000
16:05:55.075 [main] WARN  o.h.e.jdbc.spi.SqlExceptionHelper - table "timesheets" does not exist, skipping
16:05:55.078 [main] WARN  o.h.e.jdbc.spi.SqlExceptionHelper - SQL Warning Code: 0, SQLState: 00000
16:05:55.078 [main] WARN  o.h.e.jdbc.spi.SqlExceptionHelper - table "users" does not exist, skipping
16:05:55.177 [main] INFO  o.s.o.j.LocalContainerEntityManagerFactoryBean - Initialized JPA EntityManagerFactory for persistence unit 'default'
16:05:55.289 [main] DEBUG c.u.c.s.JwtAuthenticationFilter - Filter 'jwtAuthenticationFilter' configured for use
16:05:55.580 [main] WARN  o.s.b.a.s.s.UserDetailsServiceAutoConfiguration - 

Using generated security password: 73af577a-9d20-4e84-a5ff-a1bccb931983

This generated password is for development use only. Your security configuration must be updated before running your application in production.

16:05:55.808 [main] INFO  o.s.b.a.e.web.EndpointLinksResolver - Exposing 3 endpoint(s) beneath base path '/actuator'
16:05:55.840 [main] INFO  o.s.s.web.DefaultSecurityFilterChain - Will secure any request with [org.springframework.security.web.session.DisableEncodeUrlFilter@7548d844, org.springframework.security.web.context.request.async.WebAsyncManagerIntegrationFilter@27ef1b66, org.springframework.security.web.context.SecurityContextHolderFilter@a8476ea, org.springframework.security.web.header.HeaderWriterFilter@79b9eb56, org.springframework.web.filter.CorsFilter@74e1dea2, org.springframework.security.web.authentication.logout.LogoutFilter@42a9d46f, com.usyd.catams.security.JwtAuthenticationFilter@29e41f91, org.springframework.security.web.savedrequest.RequestCacheAwareFilter@2836279d, org.springframework.security.web.servletapi.SecurityContextHolderAwareRequestFilter@3a8425b1, org.springframework.security.web.authentication.AnonymousAuthenticationFilter@7e90cb61, org.springframework.security.web.session.SessionManagementFilter@9bf2ed3, org.springframework.security.web.access.ExceptionTranslationFilter@3a9526e1, org.springframework.security.web.access.intercept.AuthorizationFilter@5e9bc71]
16:05:56.066 [main] DEBUG c.u.c.s.JwtAuthenticationFilter - Filter 'jwtAuthenticationFilter' configured for use
16:05:56.068 [main] INFO  o.a.c.c.C.[.[localhost].[/api] - Initializing Spring TestDispatcherServlet ''
16:05:56.068 [main] INFO  o.s.t.w.s.TestDispatcherServlet - Initializing Servlet ''
16:05:56.069 [main] INFO  o.s.t.w.s.TestDispatcherServlet - Completed initialization in 1 ms
16:05:56.099 [main] INFO  o.a.coyote.http11.Http11NioProtocol - Starting ProtocolHandler ["http-nio-auto-5"]
16:05:56.103 [main] INFO  o.s.b.w.e.tomcat.TomcatWebServer - Tomcat started on port 52471 (http) with context path '/api'
16:05:56.107 [main] INFO  c.u.c.i.ApprovalSubmissionIntegrationTest - Started ApprovalSubmissionIntegrationTest in 2.096 seconds (process running for 53.216)
16:05:56.423 [main] DEBUG o.s.security.web.FilterChainProxy - Securing POST /api/approvals
16:05:56.434 [main] DEBUG c.u.c.s.JwtAuthenticationFilter - JWT authentication successful for user: lecturer@university.edu with role: LECTURER
16:05:56.435 [main] WARN  o.s.w.s.h.HandlerMappingIntrospector - Cache miss for REQUEST dispatch to '/api/approvals' (previous null). Performing MatchableHandlerMapping lookup. This is logged once only at WARN level, and every time at TRACE.
16:05:56.436 [main] DEBUG o.s.security.web.FilterChainProxy - Secured POST /api/approvals
16:05:56.445 [main] DEBUG o.s.s.a.m.AuthorizationManagerBeforeMethodInterceptor - Authorizing method invocation ReflectiveMethodInvocation: public org.springframework.http.ResponseEntity com.usyd.catams.controller.ApprovalController.performApprovalAction(com.usyd.catams.dto.request.ApprovalActionRequest,org.springframework.security.core.Authentication); target is of class [com.usyd.catams.controller.ApprovalController]
16:05:56.449 [main] DEBUG o.s.s.a.m.AuthorizationManagerBeforeMethodInterceptor - Authorized method invocation ReflectiveMethodInvocation: public org.springframework.http.ResponseEntity com.usyd.catams.controller.ApprovalController.performApprovalAction(com.usyd.catams.dto.request.ApprovalActionRequest,org.springframework.security.core.Authentication); target is of class [com.usyd.catams.controller.ApprovalController]
16:05:56.449 [main] DEBUG o.s.s.a.m.AuthorizationManagerBeforeMethodInterceptor - Authorizing method invocation ReflectiveMethodInvocation: public com.usyd.catams.dto.response.ApprovalActionResponse com.usyd.catams.application.ApprovalApplicationService.performApprovalActionAndReturnDto(java.lang.Long,com.usyd.catams.enums.ApprovalAction,java.lang.String,java.lang.Long); target is of class [com.usyd.catams.application.ApprovalApplicationService]
16:05:56.450 [main] DEBUG o.s.s.a.m.AuthorizationManagerBeforeMethodInterceptor - Authorized method invocation ReflectiveMethodInvocation: public com.usyd.catams.dto.response.ApprovalActionResponse com.usyd.catams.application.ApprovalApplicationService.performApprovalActionAndReturnDto(java.lang.Long,com.usyd.catams.enums.ApprovalAction,java.lang.String,java.lang.Long); target is of class [com.usyd.catams.application.ApprovalApplicationService]
16:05:56.497 [main] DEBUG o.s.security.web.FilterChainProxy - Securing POST /api/approvals
16:05:56.508 [main] DEBUG c.u.c.s.JwtAuthenticationFilter - JWT authentication successful for user: lecturer@university.edu with role: LECTURER
16:05:56.511 [main] DEBUG o.s.security.web.FilterChainProxy - Secured POST /api/approvals
16:05:56.513 [main] DEBUG o.s.s.a.m.AuthorizationManagerBeforeMethodInterceptor - Authorizing method invocation ReflectiveMethodInvocation: public org.springframework.http.ResponseEntity com.usyd.catams.controller.ApprovalController.performApprovalAction(com.usyd.catams.dto.request.ApprovalActionRequest,org.springframework.security.core.Authentication); target is of class [com.usyd.catams.controller.ApprovalController]
16:05:56.514 [main] DEBUG o.s.s.a.m.AuthorizationManagerBeforeMethodInterceptor - Authorized method invocation ReflectiveMethodInvocation: public org.springframework.http.ResponseEntity com.usyd.catams.controller.ApprovalController.performApprovalAction(com.usyd.catams.dto.request.ApprovalActionRequest,org.springframework.security.core.Authentication); target is of class [com.usyd.catams.controller.ApprovalController]
16:05:56.514 [main] DEBUG o.s.s.a.m.AuthorizationManagerBeforeMethodInterceptor - Authorizing method invocation ReflectiveMethodInvocation: public com.usyd.catams.dto.response.ApprovalActionResponse com.usyd.catams.application.ApprovalApplicationService.performApprovalActionAndReturnDto(java.lang.Long,com.usyd.catams.enums.ApprovalAction,java.lang.String,java.lang.Long); target is of class [com.usyd.catams.application.ApprovalApplicationService]
16:05:56.515 [main] DEBUG o.s.s.a.m.AuthorizationManagerBeforeMethodInterceptor - Authorized method invocation ReflectiveMethodInvocation: public com.usyd.catams.dto.response.ApprovalActionResponse com.usyd.catams.application.ApprovalApplicationService.performApprovalActionAndReturnDto(java.lang.Long,com.usyd.catams.enums.ApprovalAction,java.lang.String,java.lang.Long); target is of class [com.usyd.catams.application.ApprovalApplicationService]
16:05:56.534 [main] WARN  c.u.c.e.GlobalExceptionHandler - Security exception: User role LECTURER cannot perform action APPROVE
16:05:56.545 [main] INFO  o.a.coyote.http11.Http11NioProtocol - Stopping ProtocolHandler ["http-nio-auto-5-52471"]
16:05:56.553 [main] INFO  o.s.o.j.LocalContainerEntityManagerFactoryBean - Closing JPA EntityManagerFactory for persistence unit 'default'
16:05:56.597 [main] INFO  com.zaxxer.hikari.HikariDataSource - HikariPool-6 - Shutdown initiated...
16:05:56.600 [main] INFO  com.zaxxer.hikari.HikariDataSource - HikariPool-6 - Shutdown completed.
]]></system-out>
  </testcase>
  <testcase name="testGetApprovalHistory" classname="com.usyd.catams.integration.ApprovalSubmissionIntegrationTest" time="0.486">
    <system-out><![CDATA[16:05:56.609 [main] INFO  o.s.b.d.r.RestartApplicationListener - Restart disabled due to context in which it is running

  .   ____          _            __ _ _
 /\\ / ___'_ __ _ _(_)_ __  __ _ \ \ \ \
( ( )\___ | '_ | '_| | '_ \/ _` | \ \ \ \
 \\/  ___)| |_)| | | | | || (_| |  ) ) ) )
  '  |____| .__|_| |_|_| |_\__, | / / / /
 =========|_|==============|___/=/_/_/_/
 :: Spring Boot ::                (v3.2.0)

16:05:56.643 [main] INFO  c.u.c.i.ApprovalSubmissionIntegrationTest - Starting ApprovalSubmissionIntegrationTest using Java 21.0.8 with PID 43568 (started by k7407 in E:\Code\Casual-Academic-Time-Allocation-Management-System)
16:05:56.643 [main] DEBUG c.u.c.i.ApprovalSubmissionIntegrationTest - Running with Spring Boot v3.2.0, Spring v6.1.1
16:05:56.643 [main] INFO  c.u.c.i.ApprovalSubmissionIntegrationTest - The following 1 profile is active: "integration-test"
16:05:56.967 [main] INFO  o.s.d.r.c.RepositoryConfigurationDelegate - Bootstrapping Spring Data JPA repositories in DEFAULT mode.
16:05:56.997 [main] INFO  o.s.d.r.c.RepositoryConfigurationDelegate - Finished Spring Data repository scanning in 30 ms. Found 3 JPA repository interfaces.
16:05:57.182 [main] INFO  o.s.b.w.e.tomcat.TomcatWebServer - Tomcat initialized with port 0 (http)
16:05:57.183 [main] INFO  o.a.coyote.http11.Http11NioProtocol - Initializing ProtocolHandler ["http-nio-auto-6"]
16:05:57.183 [main] INFO  o.a.catalina.core.StandardService - Starting service [Tomcat]
16:05:57.183 [main] INFO  o.a.catalina.core.StandardEngine - Starting Servlet engine: [Apache Tomcat/10.1.16]
16:05:57.237 [main] INFO  o.a.c.c.C.[.[localhost].[/api] - Initializing Spring embedded WebApplicationContext
16:05:57.237 [main] INFO  o.s.b.w.s.c.ServletWebServerApplicationContext - Root WebApplicationContext: initialization completed in 592 ms
16:05:57.400 [main] INFO  o.h.jpa.internal.util.LogHelper - HHH000204: Processing PersistenceUnitInfo [name: default]
16:05:57.404 [main] INFO  o.h.c.i.RegionFactoryInitiator - HHH000026: Second-level cache disabled
16:05:57.410 [main] INFO  o.s.o.j.p.SpringPersistenceUnitInfo - No LoadTimeWeaver setup: ignoring JPA class transformer
16:05:57.411 [main] INFO  com.zaxxer.hikari.HikariDataSource - HikariPool-7 - Starting...
16:05:57.434 [main] INFO  com.zaxxer.hikari.pool.HikariPool - HikariPool-7 - Added connection org.postgresql.jdbc.PgConnection@79260985
16:05:57.434 [main] INFO  com.zaxxer.hikari.HikariDataSource - HikariPool-7 - Start completed.
16:05:57.441 [main] WARN  org.hibernate.orm.deprecation - HHH90000025: PostgreSQLDialect does not need to be specified explicitly using 'hibernate.dialect' (remove the property setting and it will be selected by default)
16:05:57.598 [main] INFO  o.h.e.t.j.p.i.JtaPlatformInitiator - HHH000489: No JTA platform available (set 'hibernate.transaction.jta.platform' to enable JTA platform integration)
16:05:57.602 [main] WARN  o.h.e.jdbc.spi.SqlExceptionHelper - SQL Warning Code: 0, SQLState: 00000
16:05:57.602 [main] WARN  o.h.e.jdbc.spi.SqlExceptionHelper - table "approvals" does not exist, skipping
16:05:57.604 [main] WARN  o.h.e.jdbc.spi.SqlExceptionHelper - SQL Warning Code: 0, SQLState: 00000
16:05:57.604 [main] WARN  o.h.e.jdbc.spi.SqlExceptionHelper - table "courses" does not exist, skipping
16:05:57.607 [main] WARN  o.h.e.jdbc.spi.SqlExceptionHelper - SQL Warning Code: 0, SQLState: 00000
16:05:57.607 [main] WARN  o.h.e.jdbc.spi.SqlExceptionHelper - table "timesheets" does not exist, skipping
16:05:57.609 [main] WARN  o.h.e.jdbc.spi.SqlExceptionHelper - SQL Warning Code: 0, SQLState: 00000
16:05:57.609 [main] WARN  o.h.e.jdbc.spi.SqlExceptionHelper - table "users" does not exist, skipping
16:05:57.704 [main] INFO  o.s.o.j.LocalContainerEntityManagerFactoryBean - Initialized JPA EntityManagerFactory for persistence unit 'default'
16:05:57.823 [main] DEBUG c.u.c.s.JwtAuthenticationFilter - Filter 'jwtAuthenticationFilter' configured for use
16:05:58.138 [main] WARN  o.s.b.a.s.s.UserDetailsServiceAutoConfiguration - 

Using generated security password: cde1ba9a-2c6e-4ca0-9ac5-20a27bb1309a

This generated password is for development use only. Your security configuration must be updated before running your application in production.

16:05:58.387 [main] INFO  o.s.b.a.e.web.EndpointLinksResolver - Exposing 3 endpoint(s) beneath base path '/actuator'
16:05:58.422 [main] INFO  o.s.s.web.DefaultSecurityFilterChain - Will secure any request with [org.springframework.security.web.session.DisableEncodeUrlFilter@71333493, org.springframework.security.web.context.request.async.WebAsyncManagerIntegrationFilter@59c80101, org.springframework.security.web.context.SecurityContextHolderFilter@700f3f81, org.springframework.security.web.header.HeaderWriterFilter@5e5c89f0, org.springframework.web.filter.CorsFilter@491445ab, org.springframework.security.web.authentication.logout.LogoutFilter@e3248c9, com.usyd.catams.security.JwtAuthenticationFilter@762463b3, org.springframework.security.web.savedrequest.RequestCacheAwareFilter@7d06b56f, org.springframework.security.web.servletapi.SecurityContextHolderAwareRequestFilter@65fab74d, org.springframework.security.web.authentication.AnonymousAuthenticationFilter@5fc5395d, org.springframework.security.web.session.SessionManagementFilter@1b86ec25, org.springframework.security.web.access.ExceptionTranslationFilter@fc63d58, org.springframework.security.web.access.intercept.AuthorizationFilter@61487dc9]
16:05:58.691 [main] DEBUG c.u.c.s.JwtAuthenticationFilter - Filter 'jwtAuthenticationFilter' configured for use
16:05:58.691 [main] INFO  o.a.c.c.C.[.[localhost].[/api] - Initializing Spring TestDispatcherServlet ''
16:05:58.691 [main] INFO  o.s.t.w.s.TestDispatcherServlet - Initializing Servlet ''
16:05:58.692 [main] INFO  o.s.t.w.s.TestDispatcherServlet - Completed initialization in 1 ms
16:05:58.723 [main] INFO  o.a.coyote.http11.Http11NioProtocol - Starting ProtocolHandler ["http-nio-auto-6"]
16:05:58.728 [main] INFO  o.s.b.w.e.tomcat.TomcatWebServer - Tomcat started on port 52484 (http) with context path '/api'
16:05:58.732 [main] INFO  c.u.c.i.ApprovalSubmissionIntegrationTest - Started ApprovalSubmissionIntegrationTest in 2.123 seconds (process running for 55.841)
16:05:59.047 [main] DEBUG o.s.security.web.FilterChainProxy - Securing POST /api/approvals
16:05:59.058 [main] DEBUG c.u.c.s.JwtAuthenticationFilter - JWT authentication successful for user: tutor@university.edu with role: TUTOR
16:05:59.059 [main] WARN  o.s.w.s.h.HandlerMappingIntrospector - Cache miss for REQUEST dispatch to '/api/approvals' (previous null). Performing MatchableHandlerMapping lookup. This is logged once only at WARN level, and every time at TRACE.
16:05:59.060 [main] DEBUG o.s.security.web.FilterChainProxy - Secured POST /api/approvals
16:05:59.068 [main] DEBUG o.s.s.a.m.AuthorizationManagerBeforeMethodInterceptor - Authorizing method invocation ReflectiveMethodInvocation: public org.springframework.http.ResponseEntity com.usyd.catams.controller.ApprovalController.performApprovalAction(com.usyd.catams.dto.request.ApprovalActionRequest,org.springframework.security.core.Authentication); target is of class [com.usyd.catams.controller.ApprovalController]
16:05:59.071 [main] DEBUG o.s.s.a.m.AuthorizationManagerBeforeMethodInterceptor - Authorized method invocation ReflectiveMethodInvocation: public org.springframework.http.ResponseEntity com.usyd.catams.controller.ApprovalController.performApprovalAction(com.usyd.catams.dto.request.ApprovalActionRequest,org.springframework.security.core.Authentication); target is of class [com.usyd.catams.controller.ApprovalController]
16:05:59.071 [main] DEBUG o.s.s.a.m.AuthorizationManagerBeforeMethodInterceptor - Authorizing method invocation ReflectiveMethodInvocation: public com.usyd.catams.dto.response.ApprovalActionResponse com.usyd.catams.application.ApprovalApplicationService.performApprovalActionAndReturnDto(java.lang.Long,com.usyd.catams.enums.ApprovalAction,java.lang.String,java.lang.Long); target is of class [com.usyd.catams.application.ApprovalApplicationService]
16:05:59.072 [main] DEBUG o.s.s.a.m.AuthorizationManagerBeforeMethodInterceptor - Authorized method invocation ReflectiveMethodInvocation: public com.usyd.catams.dto.response.ApprovalActionResponse com.usyd.catams.application.ApprovalApplicationService.performApprovalActionAndReturnDto(java.lang.Long,com.usyd.catams.enums.ApprovalAction,java.lang.String,java.lang.Long); target is of class [com.usyd.catams.application.ApprovalApplicationService]
16:05:59.116 [main] DEBUG o.s.security.web.FilterChainProxy - Securing GET /api/approvals/history/1
16:05:59.126 [main] DEBUG c.u.c.s.JwtAuthenticationFilter - JWT authentication successful for user: tutor@university.edu with role: TUTOR
16:05:59.129 [main] DEBUG o.s.security.web.FilterChainProxy - Secured GET /api/approvals/history/1
16:05:59.131 [main] DEBUG o.s.s.a.m.AuthorizationManagerBeforeMethodInterceptor - Authorizing method invocation ReflectiveMethodInvocation: public org.springframework.http.ResponseEntity com.usyd.catams.controller.ApprovalController.getApprovalHistory(java.lang.Long,org.springframework.security.core.Authentication); target is of class [com.usyd.catams.controller.ApprovalController]
16:05:59.132 [main] DEBUG o.s.s.a.m.AuthorizationManagerBeforeMethodInterceptor - Authorized method invocation ReflectiveMethodInvocation: public org.springframework.http.ResponseEntity com.usyd.catams.controller.ApprovalController.getApprovalHistory(java.lang.Long,org.springframework.security.core.Authentication); target is of class [com.usyd.catams.controller.ApprovalController]
16:05:59.171 [main] INFO  o.a.coyote.http11.Http11NioProtocol - Stopping ProtocolHandler ["http-nio-auto-6-52484"]
16:05:59.178 [main] INFO  o.s.o.j.LocalContainerEntityManagerFactoryBean - Closing JPA EntityManagerFactory for persistence unit 'default'
16:05:59.213 [main] INFO  com.zaxxer.hikari.HikariDataSource - HikariPool-7 - Shutdown initiated...
16:05:59.219 [main] INFO  com.zaxxer.hikari.HikariDataSource - HikariPool-7 - Shutdown completed.
]]></system-out>
  </testcase>
  <testcase name="testApprovalSubmissionResponseSchema" classname="com.usyd.catams.integration.ApprovalSubmissionIntegrationTest" time="0.451">
    <system-out><![CDATA[16:05:59.227 [main] INFO  o.s.b.d.r.RestartApplicationListener - Restart disabled due to context in which it is running

  .   ____          _            __ _ _
 /\\ / ___'_ __ _ _(_)_ __  __ _ \ \ \ \
( ( )\___ | '_ | '_| | '_ \/ _` | \ \ \ \
 \\/  ___)| |_)| | | | | || (_| |  ) ) ) )
  '  |____| .__|_| |_|_| |_\__, | / / / /
 =========|_|==============|___/=/_/_/_/
 :: Spring Boot ::                (v3.2.0)

16:05:59.261 [main] INFO  c.u.c.i.ApprovalSubmissionIntegrationTest - Starting ApprovalSubmissionIntegrationTest using Java 21.0.8 with PID 43568 (started by k7407 in E:\Code\Casual-Academic-Time-Allocation-Management-System)
16:05:59.261 [main] DEBUG c.u.c.i.ApprovalSubmissionIntegrationTest - Running with Spring Boot v3.2.0, Spring v6.1.1
16:05:59.262 [main] INFO  c.u.c.i.ApprovalSubmissionIntegrationTest - The following 1 profile is active: "integration-test"
16:05:59.548 [main] INFO  o.s.d.r.c.RepositoryConfigurationDelegate - Bootstrapping Spring Data JPA repositories in DEFAULT mode.
16:05:59.581 [main] INFO  o.s.d.r.c.RepositoryConfigurationDelegate - Finished Spring Data repository scanning in 32 ms. Found 3 JPA repository interfaces.
16:05:59.734 [main] INFO  o.s.b.w.e.tomcat.TomcatWebServer - Tomcat initialized with port 0 (http)
16:05:59.735 [main] INFO  o.a.coyote.http11.Http11NioProtocol - Initializing ProtocolHandler ["http-nio-auto-7"]
16:05:59.735 [main] INFO  o.a.catalina.core.StandardService - Starting service [Tomcat]
16:05:59.735 [main] INFO  o.a.catalina.core.StandardEngine - Starting Servlet engine: [Apache Tomcat/10.1.16]
16:05:59.779 [main] INFO  o.a.c.c.C.[.[localhost].[/api] - Initializing Spring embedded WebApplicationContext
16:05:59.779 [main] INFO  o.s.b.w.s.c.ServletWebServerApplicationContext - Root WebApplicationContext: initialization completed in 516 ms
16:05:59.962 [main] INFO  o.h.jpa.internal.util.LogHelper - HHH000204: Processing PersistenceUnitInfo [name: default]
16:05:59.966 [main] INFO  o.h.c.i.RegionFactoryInitiator - HHH000026: Second-level cache disabled
16:05:59.973 [main] INFO  o.s.o.j.p.SpringPersistenceUnitInfo - No LoadTimeWeaver setup: ignoring JPA class transformer
16:05:59.975 [main] INFO  com.zaxxer.hikari.HikariDataSource - HikariPool-8 - Starting...
16:06:00.020 [main] INFO  com.zaxxer.hikari.pool.HikariPool - HikariPool-8 - Added connection org.postgresql.jdbc.PgConnection@7a26dbec
16:06:00.021 [main] INFO  com.zaxxer.hikari.HikariDataSource - HikariPool-8 - Start completed.
16:06:00.028 [main] WARN  org.hibernate.orm.deprecation - HHH90000025: PostgreSQLDialect does not need to be specified explicitly using 'hibernate.dialect' (remove the property setting and it will be selected by default)
16:06:00.180 [main] INFO  o.h.e.t.j.p.i.JtaPlatformInitiator - HHH000489: No JTA platform available (set 'hibernate.transaction.jta.platform' to enable JTA platform integration)
16:06:00.184 [main] WARN  o.h.e.jdbc.spi.SqlExceptionHelper - SQL Warning Code: 0, SQLState: 00000
16:06:00.185 [main] WARN  o.h.e.jdbc.spi.SqlExceptionHelper - table "approvals" does not exist, skipping
16:06:00.187 [main] WARN  o.h.e.jdbc.spi.SqlExceptionHelper - SQL Warning Code: 0, SQLState: 00000
16:06:00.188 [main] WARN  o.h.e.jdbc.spi.SqlExceptionHelper - table "courses" does not exist, skipping
16:06:00.190 [main] WARN  o.h.e.jdbc.spi.SqlExceptionHelper - SQL Warning Code: 0, SQLState: 00000
16:06:00.190 [main] WARN  o.h.e.jdbc.spi.SqlExceptionHelper - table "timesheets" does not exist, skipping
16:06:00.192 [main] WARN  o.h.e.jdbc.spi.SqlExceptionHelper - SQL Warning Code: 0, SQLState: 00000
16:06:00.192 [main] WARN  o.h.e.jdbc.spi.SqlExceptionHelper - table "users" does not exist, skipping
16:06:00.283 [main] INFO  o.s.o.j.LocalContainerEntityManagerFactoryBean - Initialized JPA EntityManagerFactory for persistence unit 'default'
16:06:00.387 [main] DEBUG c.u.c.s.JwtAuthenticationFilter - Filter 'jwtAuthenticationFilter' configured for use
16:06:00.667 [main] WARN  o.s.b.a.s.s.UserDetailsServiceAutoConfiguration - 

Using generated security password: 39a195da-2a53-43a5-b038-4d0ccb76444f

This generated password is for development use only. Your security configuration must be updated before running your application in production.

16:06:00.892 [main] INFO  o.s.b.a.e.web.EndpointLinksResolver - Exposing 3 endpoint(s) beneath base path '/actuator'
16:06:00.922 [main] INFO  o.s.s.web.DefaultSecurityFilterChain - Will secure any request with [org.springframework.security.web.session.DisableEncodeUrlFilter@63a7fd5d, org.springframework.security.web.context.request.async.WebAsyncManagerIntegrationFilter@71074e39, org.springframework.security.web.context.SecurityContextHolderFilter@72f45933, org.springframework.security.web.header.HeaderWriterFilter@33b4ba64, org.springframework.web.filter.CorsFilter@4b16aade, org.springframework.security.web.authentication.logout.LogoutFilter@75e98530, com.usyd.catams.security.JwtAuthenticationFilter@229c5ab8, org.springframework.security.web.savedrequest.RequestCacheAwareFilter@5516ec73, org.springframework.security.web.servletapi.SecurityContextHolderAwareRequestFilter@28b23bf5, org.springframework.security.web.authentication.AnonymousAuthenticationFilter@2cb019ad, org.springframework.security.web.session.SessionManagementFilter@5b4b4bcc, org.springframework.security.web.access.ExceptionTranslationFilter@366ce8c7, org.springframework.security.web.access.intercept.AuthorizationFilter@6f8f142c]
16:06:01.191 [main] DEBUG c.u.c.s.JwtAuthenticationFilter - Filter 'jwtAuthenticationFilter' configured for use
16:06:01.192 [main] INFO  o.a.c.c.C.[.[localhost].[/api] - Initializing Spring TestDispatcherServlet ''
16:06:01.192 [main] INFO  o.s.t.w.s.TestDispatcherServlet - Initializing Servlet ''
16:06:01.193 [main] INFO  o.s.t.w.s.TestDispatcherServlet - Completed initialization in 1 ms
16:06:01.227 [main] INFO  o.a.coyote.http11.Http11NioProtocol - Starting ProtocolHandler ["http-nio-auto-7"]
16:06:01.232 [main] INFO  o.s.b.w.e.tomcat.TomcatWebServer - Tomcat started on port 52496 (http) with context path '/api'
16:06:01.235 [main] INFO  c.u.c.i.ApprovalSubmissionIntegrationTest - Started ApprovalSubmissionIntegrationTest in 2.008 seconds (process running for 58.345)
16:06:01.546 [main] DEBUG o.s.security.web.FilterChainProxy - Securing POST /api/approvals
16:06:01.558 [main] DEBUG c.u.c.s.JwtAuthenticationFilter - JWT authentication successful for user: tutor@university.edu with role: TUTOR
16:06:01.559 [main] WARN  o.s.w.s.h.HandlerMappingIntrospector - Cache miss for REQUEST dispatch to '/api/approvals' (previous null). Performing MatchableHandlerMapping lookup. This is logged once only at WARN level, and every time at TRACE.
16:06:01.560 [main] DEBUG o.s.security.web.FilterChainProxy - Secured POST /api/approvals
16:06:01.570 [main] DEBUG o.s.s.a.m.AuthorizationManagerBeforeMethodInterceptor - Authorizing method invocation ReflectiveMethodInvocation: public org.springframework.http.ResponseEntity com.usyd.catams.controller.ApprovalController.performApprovalAction(com.usyd.catams.dto.request.ApprovalActionRequest,org.springframework.security.core.Authentication); target is of class [com.usyd.catams.controller.ApprovalController]
16:06:01.573 [main] DEBUG o.s.s.a.m.AuthorizationManagerBeforeMethodInterceptor - Authorized method invocation ReflectiveMethodInvocation: public org.springframework.http.ResponseEntity com.usyd.catams.controller.ApprovalController.performApprovalAction(com.usyd.catams.dto.request.ApprovalActionRequest,org.springframework.security.core.Authentication); target is of class [com.usyd.catams.controller.ApprovalController]
16:06:01.573 [main] DEBUG o.s.s.a.m.AuthorizationManagerBeforeMethodInterceptor - Authorizing method invocation ReflectiveMethodInvocation: public com.usyd.catams.dto.response.ApprovalActionResponse com.usyd.catams.application.ApprovalApplicationService.performApprovalActionAndReturnDto(java.lang.Long,com.usyd.catams.enums.ApprovalAction,java.lang.String,java.lang.Long); target is of class [com.usyd.catams.application.ApprovalApplicationService]
16:06:01.574 [main] DEBUG o.s.s.a.m.AuthorizationManagerBeforeMethodInterceptor - Authorized method invocation ReflectiveMethodInvocation: public com.usyd.catams.dto.response.ApprovalActionResponse com.usyd.catams.application.ApprovalApplicationService.performApprovalActionAndReturnDto(java.lang.Long,com.usyd.catams.enums.ApprovalAction,java.lang.String,java.lang.Long); target is of class [com.usyd.catams.application.ApprovalApplicationService]
16:06:01.627 [main] INFO  o.a.coyote.http11.Http11NioProtocol - Stopping ProtocolHandler ["http-nio-auto-7-52496"]
16:06:01.635 [main] INFO  o.s.o.j.LocalContainerEntityManagerFactoryBean - Closing JPA EntityManagerFactory for persistence unit 'default'
16:06:01.679 [main] INFO  com.zaxxer.hikari.HikariDataSource - HikariPool-8 - Shutdown initiated...
16:06:01.688 [main] INFO  com.zaxxer.hikari.HikariDataSource - HikariPool-8 - Shutdown completed.
]]></system-out>
  </testcase>
  <testcase name="testTutorCannotSubmitOtherUsersTimesheet" classname="com.usyd.catams.integration.ApprovalSubmissionIntegrationTest" time="0.501">
    <system-out><![CDATA[16:06:01.696 [main] INFO  o.s.b.d.r.RestartApplicationListener - Restart disabled due to context in which it is running

  .   ____          _            __ _ _
 /\\ / ___'_ __ _ _(_)_ __  __ _ \ \ \ \
( ( )\___ | '_ | '_| | '_ \/ _` | \ \ \ \
 \\/  ___)| |_)| | | | | || (_| |  ) ) ) )
  '  |____| .__|_| |_|_| |_\__, | / / / /
 =========|_|==============|___/=/_/_/_/
 :: Spring Boot ::                (v3.2.0)

16:06:01.731 [main] INFO  c.u.c.i.ApprovalSubmissionIntegrationTest - Starting ApprovalSubmissionIntegrationTest using Java 21.0.8 with PID 43568 (started by k7407 in E:\Code\Casual-Academic-Time-Allocation-Management-System)
16:06:01.731 [main] DEBUG c.u.c.i.ApprovalSubmissionIntegrationTest - Running with Spring Boot v3.2.0, Spring v6.1.1
16:06:01.732 [main] INFO  c.u.c.i.ApprovalSubmissionIntegrationTest - The following 1 profile is active: "integration-test"
16:06:02.026 [main] INFO  o.s.d.r.c.RepositoryConfigurationDelegate - Bootstrapping Spring Data JPA repositories in DEFAULT mode.
16:06:02.052 [main] INFO  o.s.d.r.c.RepositoryConfigurationDelegate - Finished Spring Data repository scanning in 26 ms. Found 3 JPA repository interfaces.
16:06:02.196 [main] INFO  o.s.b.w.e.tomcat.TomcatWebServer - Tomcat initialized with port 0 (http)
16:06:02.197 [main] INFO  o.a.coyote.http11.Http11NioProtocol - Initializing ProtocolHandler ["http-nio-auto-8"]
16:06:02.197 [main] INFO  o.a.catalina.core.StandardService - Starting service [Tomcat]
16:06:02.197 [main] INFO  o.a.catalina.core.StandardEngine - Starting Servlet engine: [Apache Tomcat/10.1.16]
16:06:02.238 [main] INFO  o.a.c.c.C.[.[localhost].[/api] - Initializing Spring embedded WebApplicationContext
16:06:02.238 [main] INFO  o.s.b.w.s.c.ServletWebServerApplicationContext - Root WebApplicationContext: initialization completed in 504 ms
16:06:02.380 [main] INFO  o.h.jpa.internal.util.LogHelper - HHH000204: Processing PersistenceUnitInfo [name: default]
16:06:02.383 [main] INFO  o.h.c.i.RegionFactoryInitiator - HHH000026: Second-level cache disabled
16:06:02.389 [main] INFO  o.s.o.j.p.SpringPersistenceUnitInfo - No LoadTimeWeaver setup: ignoring JPA class transformer
16:06:02.390 [main] INFO  com.zaxxer.hikari.HikariDataSource - HikariPool-9 - Starting...
16:06:02.410 [main] INFO  com.zaxxer.hikari.pool.HikariPool - HikariPool-9 - Added connection org.postgresql.jdbc.PgConnection@1b334fc8
16:06:02.411 [main] INFO  com.zaxxer.hikari.HikariDataSource - HikariPool-9 - Start completed.
16:06:02.415 [main] WARN  org.hibernate.orm.deprecation - HHH90000025: PostgreSQLDialect does not need to be specified explicitly using 'hibernate.dialect' (remove the property setting and it will be selected by default)
16:06:02.556 [main] INFO  o.h.e.t.j.p.i.JtaPlatformInitiator - HHH000489: No JTA platform available (set 'hibernate.transaction.jta.platform' to enable JTA platform integration)
16:06:02.558 [main] WARN  o.h.e.jdbc.spi.SqlExceptionHelper - SQL Warning Code: 0, SQLState: 00000
16:06:02.559 [main] WARN  o.h.e.jdbc.spi.SqlExceptionHelper - table "approvals" does not exist, skipping
16:06:02.560 [main] WARN  o.h.e.jdbc.spi.SqlExceptionHelper - SQL Warning Code: 0, SQLState: 00000
16:06:02.560 [main] WARN  o.h.e.jdbc.spi.SqlExceptionHelper - table "courses" does not exist, skipping
16:06:02.562 [main] WARN  o.h.e.jdbc.spi.SqlExceptionHelper - SQL Warning Code: 0, SQLState: 00000
16:06:02.563 [main] WARN  o.h.e.jdbc.spi.SqlExceptionHelper - table "timesheets" does not exist, skipping
16:06:02.564 [main] WARN  o.h.e.jdbc.spi.SqlExceptionHelper - SQL Warning Code: 0, SQLState: 00000
16:06:02.564 [main] WARN  o.h.e.jdbc.spi.SqlExceptionHelper - table "users" does not exist, skipping
16:06:02.656 [main] INFO  o.s.o.j.LocalContainerEntityManagerFactoryBean - Initialized JPA EntityManagerFactory for persistence unit 'default'
16:06:02.756 [main] DEBUG c.u.c.s.JwtAuthenticationFilter - Filter 'jwtAuthenticationFilter' configured for use
16:06:03.063 [main] WARN  o.s.b.a.s.s.UserDetailsServiceAutoConfiguration - 

Using generated security password: 06bb04f5-0d4d-461e-a80d-9161d2447fd4

This generated password is for development use only. Your security configuration must be updated before running your application in production.

16:06:03.267 [main] INFO  o.s.b.a.e.web.EndpointLinksResolver - Exposing 3 endpoint(s) beneath base path '/actuator'
16:06:03.325 [main] INFO  o.s.s.web.DefaultSecurityFilterChain - Will secure any request with [org.springframework.security.web.session.DisableEncodeUrlFilter@26480f6e, org.springframework.security.web.context.request.async.WebAsyncManagerIntegrationFilter@4de0e744, org.springframework.security.web.context.SecurityContextHolderFilter@2b387b5e, org.springframework.security.web.header.HeaderWriterFilter@1b724124, org.springframework.web.filter.CorsFilter@20120e0f, org.springframework.security.web.authentication.logout.LogoutFilter@4c5a9347, com.usyd.catams.security.JwtAuthenticationFilter@14af3130, org.springframework.security.web.savedrequest.RequestCacheAwareFilter@7ab8faed, org.springframework.security.web.servletapi.SecurityContextHolderAwareRequestFilter@639ce2c0, org.springframework.security.web.authentication.AnonymousAuthenticationFilter@389a7f78, org.springframework.security.web.session.SessionManagementFilter@4fc9e465, org.springframework.security.web.access.ExceptionTranslationFilter@6c78008c, org.springframework.security.web.access.intercept.AuthorizationFilter@2ff48410]
16:06:03.609 [main] DEBUG c.u.c.s.JwtAuthenticationFilter - Filter 'jwtAuthenticationFilter' configured for use
16:06:03.609 [main] INFO  o.a.c.c.C.[.[localhost].[/api] - Initializing Spring TestDispatcherServlet ''
16:06:03.609 [main] INFO  o.s.t.w.s.TestDispatcherServlet - Initializing Servlet ''
16:06:03.610 [main] INFO  o.s.t.w.s.TestDispatcherServlet - Completed initialization in 1 ms
16:06:03.642 [main] INFO  o.a.coyote.http11.Http11NioProtocol - Starting ProtocolHandler ["http-nio-auto-8"]
16:06:03.646 [main] INFO  o.s.b.w.e.tomcat.TomcatWebServer - Tomcat started on port 52508 (http) with context path '/api'
16:06:03.651 [main] INFO  c.u.c.i.ApprovalSubmissionIntegrationTest - Started ApprovalSubmissionIntegrationTest in 1.956 seconds (process running for 60.76)
16:06:04.032 [main] DEBUG o.s.security.web.FilterChainProxy - Securing POST /api/approvals
16:06:04.044 [main] DEBUG c.u.c.s.JwtAuthenticationFilter - JWT authentication successful for user: other.tutor@university.edu with role: TUTOR
16:06:04.045 [main] WARN  o.s.w.s.h.HandlerMappingIntrospector - Cache miss for REQUEST dispatch to '/api/approvals' (previous null). Performing MatchableHandlerMapping lookup. This is logged once only at WARN level, and every time at TRACE.
16:06:04.047 [main] DEBUG o.s.security.web.FilterChainProxy - Secured POST /api/approvals
16:06:04.057 [main] DEBUG o.s.s.a.m.AuthorizationManagerBeforeMethodInterceptor - Authorizing method invocation ReflectiveMethodInvocation: public org.springframework.http.ResponseEntity com.usyd.catams.controller.ApprovalController.performApprovalAction(com.usyd.catams.dto.request.ApprovalActionRequest,org.springframework.security.core.Authentication); target is of class [com.usyd.catams.controller.ApprovalController]
16:06:04.061 [main] DEBUG o.s.s.a.m.AuthorizationManagerBeforeMethodInterceptor - Authorized method invocation ReflectiveMethodInvocation: public org.springframework.http.ResponseEntity com.usyd.catams.controller.ApprovalController.performApprovalAction(com.usyd.catams.dto.request.ApprovalActionRequest,org.springframework.security.core.Authentication); target is of class [com.usyd.catams.controller.ApprovalController]
16:06:04.061 [main] DEBUG o.s.s.a.m.AuthorizationManagerBeforeMethodInterceptor - Authorizing method invocation ReflectiveMethodInvocation: public com.usyd.catams.dto.response.ApprovalActionResponse com.usyd.catams.application.ApprovalApplicationService.performApprovalActionAndReturnDto(java.lang.Long,com.usyd.catams.enums.ApprovalAction,java.lang.String,java.lang.Long); target is of class [com.usyd.catams.application.ApprovalApplicationService]
16:06:04.062 [main] DEBUG o.s.s.a.m.AuthorizationManagerBeforeMethodInterceptor - Authorized method invocation ReflectiveMethodInvocation: public com.usyd.catams.dto.response.ApprovalActionResponse com.usyd.catams.application.ApprovalApplicationService.performApprovalActionAndReturnDto(java.lang.Long,com.usyd.catams.enums.ApprovalAction,java.lang.String,java.lang.Long); target is of class [com.usyd.catams.application.ApprovalApplicationService]
16:06:04.081 [main] WARN  c.u.c.e.GlobalExceptionHandler - Security exception: User does not have permission to perform SUBMIT_FOR_APPROVAL on this timesheet
16:06:04.099 [main] INFO  o.a.coyote.http11.Http11NioProtocol - Stopping ProtocolHandler ["http-nio-auto-8-52508"]
16:06:04.107 [main] INFO  o.s.o.j.LocalContainerEntityManagerFactoryBean - Closing JPA EntityManagerFactory for persistence unit 'default'
16:06:04.147 [main] INFO  com.zaxxer.hikari.HikariDataSource - HikariPool-9 - Shutdown initiated...
16:06:04.149 [main] INFO  com.zaxxer.hikari.HikariDataSource - HikariPool-9 - Shutdown completed.
]]></system-out>
  </testcase>
  <testcase name="testTutorCanSubmitOwnDraftTimesheet" classname="com.usyd.catams.integration.ApprovalSubmissionIntegrationTest" time="0.423">
    <system-out><![CDATA[16:06:04.161 [main] INFO  o.s.b.d.r.RestartApplicationListener - Restart disabled due to context in which it is running

  .   ____          _            __ _ _
 /\\ / ___'_ __ _ _(_)_ __  __ _ \ \ \ \
( ( )\___ | '_ | '_| | '_ \/ _` | \ \ \ \
 \\/  ___)| |_)| | | | | || (_| |  ) ) ) )
  '  |____| .__|_| |_|_| |_\__, | / / / /
 =========|_|==============|___/=/_/_/_/
 :: Spring Boot ::                (v3.2.0)

16:06:04.191 [main] INFO  c.u.c.i.ApprovalSubmissionIntegrationTest - Starting ApprovalSubmissionIntegrationTest using Java 21.0.8 with PID 43568 (started by k7407 in E:\Code\Casual-Academic-Time-Allocation-Management-System)
16:06:04.191 [main] DEBUG c.u.c.i.ApprovalSubmissionIntegrationTest - Running with Spring Boot v3.2.0, Spring v6.1.1
16:06:04.192 [main] INFO  c.u.c.i.ApprovalSubmissionIntegrationTest - The following 1 profile is active: "integration-test"
16:06:04.477 [main] INFO  o.s.d.r.c.RepositoryConfigurationDelegate - Bootstrapping Spring Data JPA repositories in DEFAULT mode.
16:06:04.508 [main] INFO  o.s.d.r.c.RepositoryConfigurationDelegate - Finished Spring Data repository scanning in 30 ms. Found 3 JPA repository interfaces.
16:06:04.655 [main] INFO  o.s.b.w.e.tomcat.TomcatWebServer - Tomcat initialized with port 0 (http)
16:06:04.655 [main] INFO  o.a.coyote.http11.Http11NioProtocol - Initializing ProtocolHandler ["http-nio-auto-9"]
16:06:04.655 [main] INFO  o.a.catalina.core.StandardService - Starting service [Tomcat]
16:06:04.655 [main] INFO  o.a.catalina.core.StandardEngine - Starting Servlet engine: [Apache Tomcat/10.1.16]
16:06:04.699 [main] INFO  o.a.c.c.C.[.[localhost].[/api] - Initializing Spring embedded WebApplicationContext
16:06:04.699 [main] INFO  o.s.b.w.s.c.ServletWebServerApplicationContext - Root WebApplicationContext: initialization completed in 506 ms
16:06:04.929 [main] INFO  o.h.jpa.internal.util.LogHelper - HHH000204: Processing PersistenceUnitInfo [name: default]
16:06:04.934 [main] INFO  o.h.c.i.RegionFactoryInitiator - HHH000026: Second-level cache disabled
16:06:04.941 [main] INFO  o.s.o.j.p.SpringPersistenceUnitInfo - No LoadTimeWeaver setup: ignoring JPA class transformer
16:06:04.942 [main] INFO  com.zaxxer.hikari.HikariDataSource - HikariPool-10 - Starting...
16:06:04.967 [main] INFO  com.zaxxer.hikari.pool.HikariPool - HikariPool-10 - Added connection org.postgresql.jdbc.PgConnection@25530e7b
16:06:04.967 [main] INFO  com.zaxxer.hikari.HikariDataSource - HikariPool-10 - Start completed.
16:06:04.973 [main] WARN  org.hibernate.orm.deprecation - HHH90000025: PostgreSQLDialect does not need to be specified explicitly using 'hibernate.dialect' (remove the property setting and it will be selected by default)
16:06:05.103 [main] INFO  o.h.e.t.j.p.i.JtaPlatformInitiator - HHH000489: No JTA platform available (set 'hibernate.transaction.jta.platform' to enable JTA platform integration)
16:06:05.106 [main] WARN  o.h.e.jdbc.spi.SqlExceptionHelper - SQL Warning Code: 0, SQLState: 00000
16:06:05.106 [main] WARN  o.h.e.jdbc.spi.SqlExceptionHelper - table "approvals" does not exist, skipping
16:06:05.108 [main] WARN  o.h.e.jdbc.spi.SqlExceptionHelper - SQL Warning Code: 0, SQLState: 00000
16:06:05.108 [main] WARN  o.h.e.jdbc.spi.SqlExceptionHelper - table "courses" does not exist, skipping
16:06:05.111 [main] WARN  o.h.e.jdbc.spi.SqlExceptionHelper - SQL Warning Code: 0, SQLState: 00000
16:06:05.111 [main] WARN  o.h.e.jdbc.spi.SqlExceptionHelper - table "timesheets" does not exist, skipping
16:06:05.113 [main] WARN  o.h.e.jdbc.spi.SqlExceptionHelper - SQL Warning Code: 0, SQLState: 00000
16:06:05.113 [main] WARN  o.h.e.jdbc.spi.SqlExceptionHelper - table "users" does not exist, skipping
16:06:05.210 [main] INFO  o.s.o.j.LocalContainerEntityManagerFactoryBean - Initialized JPA EntityManagerFactory for persistence unit 'default'
16:06:05.308 [main] DEBUG c.u.c.s.JwtAuthenticationFilter - Filter 'jwtAuthenticationFilter' configured for use
16:06:05.575 [main] WARN  o.s.b.a.s.s.UserDetailsServiceAutoConfiguration - 

Using generated security password: 5437e1fd-a557-4c75-ba9a-536a858d63ce

This generated password is for development use only. Your security configuration must be updated before running your application in production.

16:06:05.802 [main] INFO  o.s.b.a.e.web.EndpointLinksResolver - Exposing 3 endpoint(s) beneath base path '/actuator'
16:06:05.834 [main] INFO  o.s.s.web.DefaultSecurityFilterChain - Will secure any request with [org.springframework.security.web.session.DisableEncodeUrlFilter@2c4580cf, org.springframework.security.web.context.request.async.WebAsyncManagerIntegrationFilter@68a37d5b, org.springframework.security.web.context.SecurityContextHolderFilter@b0bdcff, org.springframework.security.web.header.HeaderWriterFilter@7e045b0d, org.springframework.web.filter.CorsFilter@639b34f4, org.springframework.security.web.authentication.logout.LogoutFilter@4b269165, com.usyd.catams.security.JwtAuthenticationFilter@60e134fc, org.springframework.security.web.savedrequest.RequestCacheAwareFilter@170fc94e, org.springframework.security.web.servletapi.SecurityContextHolderAwareRequestFilter@2f367b26, org.springframework.security.web.authentication.AnonymousAuthenticationFilter@443e4970, org.springframework.security.web.session.SessionManagementFilter@536f5a18, org.springframework.security.web.access.ExceptionTranslationFilter@5a62f089, org.springframework.security.web.access.intercept.AuthorizationFilter@6c4b4dc4]
16:06:06.068 [main] DEBUG c.u.c.s.JwtAuthenticationFilter - Filter 'jwtAuthenticationFilter' configured for use
16:06:06.069 [main] INFO  o.a.c.c.C.[.[localhost].[/api] - Initializing Spring TestDispatcherServlet ''
16:06:06.069 [main] INFO  o.s.t.w.s.TestDispatcherServlet - Initializing Servlet ''
16:06:06.071 [main] INFO  o.s.t.w.s.TestDispatcherServlet - Completed initialization in 2 ms
16:06:06.100 [main] INFO  o.a.coyote.http11.Http11NioProtocol - Starting ProtocolHandler ["http-nio-auto-9"]
16:06:06.105 [main] INFO  o.s.b.w.e.tomcat.TomcatWebServer - Tomcat started on port 52523 (http) with context path '/api'
16:06:06.109 [main] INFO  c.u.c.i.ApprovalSubmissionIntegrationTest - Started ApprovalSubmissionIntegrationTest in 1.949 seconds (process running for 63.219)
16:06:06.408 [main] DEBUG o.s.security.web.FilterChainProxy - Securing POST /api/approvals
16:06:06.418 [main] DEBUG c.u.c.s.JwtAuthenticationFilter - JWT authentication successful for user: tutor@university.edu with role: TUTOR
16:06:06.418 [main] WARN  o.s.w.s.h.HandlerMappingIntrospector - Cache miss for REQUEST dispatch to '/api/approvals' (previous null). Performing MatchableHandlerMapping lookup. This is logged once only at WARN level, and every time at TRACE.
16:06:06.420 [main] DEBUG o.s.security.web.FilterChainProxy - Secured POST /api/approvals
16:06:06.429 [main] DEBUG o.s.s.a.m.AuthorizationManagerBeforeMethodInterceptor - Authorizing method invocation ReflectiveMethodInvocation: public org.springframework.http.ResponseEntity com.usyd.catams.controller.ApprovalController.performApprovalAction(com.usyd.catams.dto.request.ApprovalActionRequest,org.springframework.security.core.Authentication); target is of class [com.usyd.catams.controller.ApprovalController]
16:06:06.432 [main] DEBUG o.s.s.a.m.AuthorizationManagerBeforeMethodInterceptor - Authorized method invocation ReflectiveMethodInvocation: public org.springframework.http.ResponseEntity com.usyd.catams.controller.ApprovalController.performApprovalAction(com.usyd.catams.dto.request.ApprovalActionRequest,org.springframework.security.core.Authentication); target is of class [com.usyd.catams.controller.ApprovalController]
16:06:06.432 [main] DEBUG o.s.s.a.m.AuthorizationManagerBeforeMethodInterceptor - Authorizing method invocation ReflectiveMethodInvocation: public com.usyd.catams.dto.response.ApprovalActionResponse com.usyd.catams.application.ApprovalApplicationService.performApprovalActionAndReturnDto(java.lang.Long,com.usyd.catams.enums.ApprovalAction,java.lang.String,java.lang.Long); target is of class [com.usyd.catams.application.ApprovalApplicationService]
16:06:06.433 [main] DEBUG o.s.s.a.m.AuthorizationManagerBeforeMethodInterceptor - Authorized method invocation ReflectiveMethodInvocation: public com.usyd.catams.dto.response.ApprovalActionResponse com.usyd.catams.application.ApprovalApplicationService.performApprovalActionAndReturnDto(java.lang.Long,com.usyd.catams.enums.ApprovalAction,java.lang.String,java.lang.Long); target is of class [com.usyd.catams.application.ApprovalApplicationService]
16:06:06.485 [main] INFO  o.a.coyote.http11.Http11NioProtocol - Stopping ProtocolHandler ["http-nio-auto-9-52523"]
16:06:06.492 [main] INFO  o.s.o.j.LocalContainerEntityManagerFactoryBean - Closing JPA EntityManagerFactory for persistence unit 'default'
16:06:06.530 [main] INFO  com.zaxxer.hikari.HikariDataSource - HikariPool-10 - Shutdown initiated...
16:06:06.533 [main] INFO  com.zaxxer.hikari.HikariDataSource - HikariPool-10 - Shutdown completed.
]]></system-out>
  </testcase>
  <testcase name="testAdminCanSubmitDraftTimesheet" classname="com.usyd.catams.integration.ApprovalSubmissionIntegrationTest" time="0.422">
    <system-out><![CDATA[16:06:06.542 [main] INFO  o.s.b.d.r.RestartApplicationListener - Restart disabled due to context in which it is running

  .   ____          _            __ _ _
 /\\ / ___'_ __ _ _(_)_ __  __ _ \ \ \ \
( ( )\___ | '_ | '_| | '_ \/ _` | \ \ \ \
 \\/  ___)| |_)| | | | | || (_| |  ) ) ) )
  '  |____| .__|_| |_|_| |_\__, | / / / /
 =========|_|==============|___/=/_/_/_/
 :: Spring Boot ::                (v3.2.0)

16:06:06.568 [main] INFO  c.u.c.i.ApprovalSubmissionIntegrationTest - Starting ApprovalSubmissionIntegrationTest using Java 21.0.8 with PID 43568 (started by k7407 in E:\Code\Casual-Academic-Time-Allocation-Management-System)
16:06:06.569 [main] DEBUG c.u.c.i.ApprovalSubmissionIntegrationTest - Running with Spring Boot v3.2.0, Spring v6.1.1
16:06:06.569 [main] INFO  c.u.c.i.ApprovalSubmissionIntegrationTest - The following 1 profile is active: "integration-test"
16:06:06.839 [main] INFO  o.s.d.r.c.RepositoryConfigurationDelegate - Bootstrapping Spring Data JPA repositories in DEFAULT mode.
16:06:06.864 [main] INFO  o.s.d.r.c.RepositoryConfigurationDelegate - Finished Spring Data repository scanning in 24 ms. Found 3 JPA repository interfaces.
16:06:07.031 [main] INFO  o.s.b.w.e.tomcat.TomcatWebServer - Tomcat initialized with port 0 (http)
16:06:07.032 [main] INFO  o.a.coyote.http11.Http11NioProtocol - Initializing ProtocolHandler ["http-nio-auto-10"]
16:06:07.032 [main] INFO  o.a.catalina.core.StandardService - Starting service [Tomcat]
16:06:07.032 [main] INFO  o.a.catalina.core.StandardEngine - Starting Servlet engine: [Apache Tomcat/10.1.16]
16:06:07.098 [main] INFO  o.a.c.c.C.[.[localhost].[/api] - Initializing Spring embedded WebApplicationContext
16:06:07.099 [main] INFO  o.s.b.w.s.c.ServletWebServerApplicationContext - Root WebApplicationContext: initialization completed in 529 ms
16:06:07.256 [main] INFO  o.h.jpa.internal.util.LogHelper - HHH000204: Processing PersistenceUnitInfo [name: default]
16:06:07.260 [main] INFO  o.h.c.i.RegionFactoryInitiator - HHH000026: Second-level cache disabled
16:06:07.265 [main] INFO  o.s.o.j.p.SpringPersistenceUnitInfo - No LoadTimeWeaver setup: ignoring JPA class transformer
16:06:07.266 [main] INFO  com.zaxxer.hikari.HikariDataSource - HikariPool-11 - Starting...
16:06:07.290 [main] INFO  com.zaxxer.hikari.pool.HikariPool - HikariPool-11 - Added connection org.postgresql.jdbc.PgConnection@faa845c
16:06:07.290 [main] INFO  com.zaxxer.hikari.HikariDataSource - HikariPool-11 - Start completed.
16:06:07.295 [main] WARN  org.hibernate.orm.deprecation - HHH90000025: PostgreSQLDialect does not need to be specified explicitly using 'hibernate.dialect' (remove the property setting and it will be selected by default)
16:06:07.415 [main] INFO  o.h.e.t.j.p.i.JtaPlatformInitiator - HHH000489: No JTA platform available (set 'hibernate.transaction.jta.platform' to enable JTA platform integration)
16:06:07.417 [main] WARN  o.h.e.jdbc.spi.SqlExceptionHelper - SQL Warning Code: 0, SQLState: 00000
16:06:07.417 [main] WARN  o.h.e.jdbc.spi.SqlExceptionHelper - table "approvals" does not exist, skipping
16:06:07.419 [main] WARN  o.h.e.jdbc.spi.SqlExceptionHelper - SQL Warning Code: 0, SQLState: 00000
16:06:07.419 [main] WARN  o.h.e.jdbc.spi.SqlExceptionHelper - table "courses" does not exist, skipping
16:06:07.420 [main] WARN  o.h.e.jdbc.spi.SqlExceptionHelper - SQL Warning Code: 0, SQLState: 00000
16:06:07.420 [main] WARN  o.h.e.jdbc.spi.SqlExceptionHelper - table "timesheets" does not exist, skipping
16:06:07.422 [main] WARN  o.h.e.jdbc.spi.SqlExceptionHelper - SQL Warning Code: 0, SQLState: 00000
16:06:07.422 [main] WARN  o.h.e.jdbc.spi.SqlExceptionHelper - table "users" does not exist, skipping
16:06:07.519 [main] INFO  o.s.o.j.LocalContainerEntityManagerFactoryBean - Initialized JPA EntityManagerFactory for persistence unit 'default'
16:06:07.625 [main] DEBUG c.u.c.s.JwtAuthenticationFilter - Filter 'jwtAuthenticationFilter' configured for use
16:06:07.930 [main] WARN  o.s.b.a.s.s.UserDetailsServiceAutoConfiguration - 

Using generated security password: 6066b16a-6e51-4d0b-b983-b219aa6fc1f1

This generated password is for development use only. Your security configuration must be updated before running your application in production.

16:06:08.152 [main] INFO  o.s.b.a.e.web.EndpointLinksResolver - Exposing 3 endpoint(s) beneath base path '/actuator'
16:06:08.183 [main] INFO  o.s.s.web.DefaultSecurityFilterChain - Will secure any request with [org.springframework.security.web.session.DisableEncodeUrlFilter@42ea4d3d, org.springframework.security.web.context.request.async.WebAsyncManagerIntegrationFilter@4f1d174c, org.springframework.security.web.context.SecurityContextHolderFilter@27c92749, org.springframework.security.web.header.HeaderWriterFilter@2e93c506, org.springframework.web.filter.CorsFilter@baed3c9, org.springframework.security.web.authentication.logout.LogoutFilter@3db2a06a, com.usyd.catams.security.JwtAuthenticationFilter@65914515, org.springframework.security.web.savedrequest.RequestCacheAwareFilter@5529e515, org.springframework.security.web.servletapi.SecurityContextHolderAwareRequestFilter@1e2b9837, org.springframework.security.web.authentication.AnonymousAuthenticationFilter@759222ba, org.springframework.security.web.session.SessionManagementFilter@2d602a2e, org.springframework.security.web.access.ExceptionTranslationFilter@48bfb325, org.springframework.security.web.access.intercept.AuthorizationFilter@3143a3a7]
16:06:08.436 [main] DEBUG c.u.c.s.JwtAuthenticationFilter - Filter 'jwtAuthenticationFilter' configured for use
16:06:08.436 [main] INFO  o.a.c.c.C.[.[localhost].[/api] - Initializing Spring TestDispatcherServlet ''
16:06:08.436 [main] INFO  o.s.t.w.s.TestDispatcherServlet - Initializing Servlet ''
16:06:08.437 [main] INFO  o.s.t.w.s.TestDispatcherServlet - Completed initialization in 1 ms
16:06:08.469 [main] INFO  o.a.coyote.http11.Http11NioProtocol - Starting ProtocolHandler ["http-nio-auto-10"]
16:06:08.473 [main] INFO  o.s.b.w.e.tomcat.TomcatWebServer - Tomcat started on port 52539 (http) with context path '/api'
16:06:08.477 [main] INFO  c.u.c.i.ApprovalSubmissionIntegrationTest - Started ApprovalSubmissionIntegrationTest in 1.935 seconds (process running for 65.587)
16:06:08.769 [main] DEBUG o.s.security.web.FilterChainProxy - Securing POST /api/approvals
16:06:08.779 [main] DEBUG c.u.c.s.JwtAuthenticationFilter - JWT authentication successful for user: admin@university.edu with role: ADMIN
16:06:08.779 [main] WARN  o.s.w.s.h.HandlerMappingIntrospector - Cache miss for REQUEST dispatch to '/api/approvals' (previous null). Performing MatchableHandlerMapping lookup. This is logged once only at WARN level, and every time at TRACE.
16:06:08.781 [main] DEBUG o.s.security.web.FilterChainProxy - Secured POST /api/approvals
16:06:08.789 [main] DEBUG o.s.s.a.m.AuthorizationManagerBeforeMethodInterceptor - Authorizing method invocation ReflectiveMethodInvocation: public org.springframework.http.ResponseEntity com.usyd.catams.controller.ApprovalController.performApprovalAction(com.usyd.catams.dto.request.ApprovalActionRequest,org.springframework.security.core.Authentication); target is of class [com.usyd.catams.controller.ApprovalController]
16:06:08.793 [main] DEBUG o.s.s.a.m.AuthorizationManagerBeforeMethodInterceptor - Authorized method invocation ReflectiveMethodInvocation: public org.springframework.http.ResponseEntity com.usyd.catams.controller.ApprovalController.performApprovalAction(com.usyd.catams.dto.request.ApprovalActionRequest,org.springframework.security.core.Authentication); target is of class [com.usyd.catams.controller.ApprovalController]
16:06:08.793 [main] DEBUG o.s.s.a.m.AuthorizationManagerBeforeMethodInterceptor - Authorizing method invocation ReflectiveMethodInvocation: public com.usyd.catams.dto.response.ApprovalActionResponse com.usyd.catams.application.ApprovalApplicationService.performApprovalActionAndReturnDto(java.lang.Long,com.usyd.catams.enums.ApprovalAction,java.lang.String,java.lang.Long); target is of class [com.usyd.catams.application.ApprovalApplicationService]
16:06:08.793 [main] DEBUG o.s.s.a.m.AuthorizationManagerBeforeMethodInterceptor - Authorized method invocation ReflectiveMethodInvocation: public com.usyd.catams.dto.response.ApprovalActionResponse com.usyd.catams.application.ApprovalApplicationService.performApprovalActionAndReturnDto(java.lang.Long,com.usyd.catams.enums.ApprovalAction,java.lang.String,java.lang.Long); target is of class [com.usyd.catams.application.ApprovalApplicationService]
16:06:08.844 [main] INFO  o.a.coyote.http11.Http11NioProtocol - Stopping ProtocolHandler ["http-nio-auto-10-52539"]
16:06:08.852 [main] INFO  o.s.o.j.LocalContainerEntityManagerFactoryBean - Closing JPA EntityManagerFactory for persistence unit 'default'
16:06:08.892 [main] INFO  com.zaxxer.hikari.HikariDataSource - HikariPool-11 - Shutdown initiated...
16:06:08.896 [main] INFO  com.zaxxer.hikari.HikariDataSource - HikariPool-11 - Shutdown completed.
]]></system-out>
  </testcase>
  <testcase name="testSubmitApprovalForNonExistentTimesheet" classname="com.usyd.catams.integration.ApprovalSubmissionIntegrationTest" time="0.401">
    <system-out><![CDATA[16:06:08.907 [main] INFO  o.s.b.d.r.RestartApplicationListener - Restart disabled due to context in which it is running

  .   ____          _            __ _ _
 /\\ / ___'_ __ _ _(_)_ __  __ _ \ \ \ \
( ( )\___ | '_ | '_| | '_ \/ _` | \ \ \ \
 \\/  ___)| |_)| | | | | || (_| |  ) ) ) )
  '  |____| .__|_| |_|_| |_\__, | / / / /
 =========|_|==============|___/=/_/_/_/
 :: Spring Boot ::                (v3.2.0)

16:06:08.939 [main] INFO  c.u.c.i.ApprovalSubmissionIntegrationTest - Starting ApprovalSubmissionIntegrationTest using Java 21.0.8 with PID 43568 (started by k7407 in E:\Code\Casual-Academic-Time-Allocation-Management-System)
16:06:08.939 [main] DEBUG c.u.c.i.ApprovalSubmissionIntegrationTest - Running with Spring Boot v3.2.0, Spring v6.1.1
16:06:08.940 [main] INFO  c.u.c.i.ApprovalSubmissionIntegrationTest - The following 1 profile is active: "integration-test"
16:06:09.287 [main] INFO  o.s.d.r.c.RepositoryConfigurationDelegate - Bootstrapping Spring Data JPA repositories in DEFAULT mode.
16:06:09.315 [main] INFO  o.s.d.r.c.RepositoryConfigurationDelegate - Finished Spring Data repository scanning in 28 ms. Found 3 JPA repository interfaces.
16:06:09.482 [main] INFO  o.s.b.w.e.tomcat.TomcatWebServer - Tomcat initialized with port 0 (http)
16:06:09.483 [main] INFO  o.a.coyote.http11.Http11NioProtocol - Initializing ProtocolHandler ["http-nio-auto-11"]
16:06:09.483 [main] INFO  o.a.catalina.core.StandardService - Starting service [Tomcat]
16:06:09.483 [main] INFO  o.a.catalina.core.StandardEngine - Starting Servlet engine: [Apache Tomcat/10.1.16]
16:06:09.521 [main] INFO  o.a.c.c.C.[.[localhost].[/api] - Initializing Spring embedded WebApplicationContext
16:06:09.521 [main] INFO  o.s.b.w.s.c.ServletWebServerApplicationContext - Root WebApplicationContext: initialization completed in 578 ms
16:06:09.677 [main] INFO  o.h.jpa.internal.util.LogHelper - HHH000204: Processing PersistenceUnitInfo [name: default]
16:06:09.681 [main] INFO  o.h.c.i.RegionFactoryInitiator - HHH000026: Second-level cache disabled
16:06:09.687 [main] INFO  o.s.o.j.p.SpringPersistenceUnitInfo - No LoadTimeWeaver setup: ignoring JPA class transformer
16:06:09.688 [main] INFO  com.zaxxer.hikari.HikariDataSource - HikariPool-12 - Starting...
16:06:09.721 [main] INFO  com.zaxxer.hikari.pool.HikariPool - HikariPool-12 - Added connection org.postgresql.jdbc.PgConnection@4d5c0a13
16:06:09.721 [main] INFO  com.zaxxer.hikari.HikariDataSource - HikariPool-12 - Start completed.
16:06:09.725 [main] WARN  org.hibernate.orm.deprecation - HHH90000025: PostgreSQLDialect does not need to be specified explicitly using 'hibernate.dialect' (remove the property setting and it will be selected by default)
16:06:09.830 [main] INFO  o.h.e.t.j.p.i.JtaPlatformInitiator - HHH000489: No JTA platform available (set 'hibernate.transaction.jta.platform' to enable JTA platform integration)
16:06:09.832 [main] WARN  o.h.e.jdbc.spi.SqlExceptionHelper - SQL Warning Code: 0, SQLState: 00000
16:06:09.833 [main] WARN  o.h.e.jdbc.spi.SqlExceptionHelper - table "approvals" does not exist, skipping
16:06:09.835 [main] WARN  o.h.e.jdbc.spi.SqlExceptionHelper - SQL Warning Code: 0, SQLState: 00000
16:06:09.835 [main] WARN  o.h.e.jdbc.spi.SqlExceptionHelper - table "courses" does not exist, skipping
16:06:09.837 [main] WARN  o.h.e.jdbc.spi.SqlExceptionHelper - SQL Warning Code: 0, SQLState: 00000
16:06:09.837 [main] WARN  o.h.e.jdbc.spi.SqlExceptionHelper - table "timesheets" does not exist, skipping
16:06:09.838 [main] WARN  o.h.e.jdbc.spi.SqlExceptionHelper - SQL Warning Code: 0, SQLState: 00000
16:06:09.838 [main] WARN  o.h.e.jdbc.spi.SqlExceptionHelper - table "users" does not exist, skipping
16:06:09.925 [main] INFO  o.s.o.j.LocalContainerEntityManagerFactoryBean - Initialized JPA EntityManagerFactory for persistence unit 'default'
16:06:10.018 [main] DEBUG c.u.c.s.JwtAuthenticationFilter - Filter 'jwtAuthenticationFilter' configured for use
16:06:10.284 [main] WARN  o.s.b.a.s.s.UserDetailsServiceAutoConfiguration - 

Using generated security password: e8e38386-9740-4041-9a52-e09241345c59

This generated password is for development use only. Your security configuration must be updated before running your application in production.

16:06:10.516 [main] INFO  o.s.b.a.e.web.EndpointLinksResolver - Exposing 3 endpoint(s) beneath base path '/actuator'
16:06:10.550 [main] INFO  o.s.s.web.DefaultSecurityFilterChain - Will secure any request with [org.springframework.security.web.session.DisableEncodeUrlFilter@3bc2ab7e, org.springframework.security.web.context.request.async.WebAsyncManagerIntegrationFilter@2105a8e9, org.springframework.security.web.context.SecurityContextHolderFilter@40b465b8, org.springframework.security.web.header.HeaderWriterFilter@518bc727, org.springframework.web.filter.CorsFilter@3c242a56, org.springframework.security.web.authentication.logout.LogoutFilter@7b88cfe2, com.usyd.catams.security.JwtAuthenticationFilter@97ad29f, org.springframework.security.web.savedrequest.RequestCacheAwareFilter@643c1a7e, org.springframework.security.web.servletapi.SecurityContextHolderAwareRequestFilter@7a455f92, org.springframework.security.web.authentication.AnonymousAuthenticationFilter@78c4b02a, org.springframework.security.web.session.SessionManagementFilter@67426220, org.springframework.security.web.access.ExceptionTranslationFilter@86c3c1b, org.springframework.security.web.access.intercept.AuthorizationFilter@7d53360f]
16:06:10.796 [main] DEBUG c.u.c.s.JwtAuthenticationFilter - Filter 'jwtAuthenticationFilter' configured for use
16:06:10.797 [main] INFO  o.a.c.c.C.[.[localhost].[/api] - Initializing Spring TestDispatcherServlet ''
16:06:10.797 [main] INFO  o.s.t.w.s.TestDispatcherServlet - Initializing Servlet ''
16:06:10.798 [main] INFO  o.s.t.w.s.TestDispatcherServlet - Completed initialization in 1 ms
16:06:10.858 [main] INFO  o.a.coyote.http11.Http11NioProtocol - Starting ProtocolHandler ["http-nio-auto-11"]
16:06:10.866 [main] INFO  o.s.b.w.e.tomcat.TomcatWebServer - Tomcat started on port 52551 (http) with context path '/api'
16:06:10.881 [main] INFO  c.u.c.i.ApprovalSubmissionIntegrationTest - Started ApprovalSubmissionIntegrationTest in 1.975 seconds (process running for 67.991)
16:06:11.197 [main] DEBUG o.s.security.web.FilterChainProxy - Securing POST /api/approvals
16:06:11.206 [main] DEBUG c.u.c.s.JwtAuthenticationFilter - JWT authentication successful for user: tutor@university.edu with role: TUTOR
16:06:11.206 [main] WARN  o.s.w.s.h.HandlerMappingIntrospector - Cache miss for REQUEST dispatch to '/api/approvals' (previous null). Performing MatchableHandlerMapping lookup. This is logged once only at WARN level, and every time at TRACE.
16:06:11.207 [main] DEBUG o.s.security.web.FilterChainProxy - Secured POST /api/approvals
16:06:11.214 [main] DEBUG o.s.s.a.m.AuthorizationManagerBeforeMethodInterceptor - Authorizing method invocation ReflectiveMethodInvocation: public org.springframework.http.ResponseEntity com.usyd.catams.controller.ApprovalController.performApprovalAction(com.usyd.catams.dto.request.ApprovalActionRequest,org.springframework.security.core.Authentication); target is of class [com.usyd.catams.controller.ApprovalController]
16:06:11.217 [main] DEBUG o.s.s.a.m.AuthorizationManagerBeforeMethodInterceptor - Authorized method invocation ReflectiveMethodInvocation: public org.springframework.http.ResponseEntity com.usyd.catams.controller.ApprovalController.performApprovalAction(com.usyd.catams.dto.request.ApprovalActionRequest,org.springframework.security.core.Authentication); target is of class [com.usyd.catams.controller.ApprovalController]
16:06:11.217 [main] DEBUG o.s.s.a.m.AuthorizationManagerBeforeMethodInterceptor - Authorizing method invocation ReflectiveMethodInvocation: public com.usyd.catams.dto.response.ApprovalActionResponse com.usyd.catams.application.ApprovalApplicationService.performApprovalActionAndReturnDto(java.lang.Long,com.usyd.catams.enums.ApprovalAction,java.lang.String,java.lang.Long); target is of class [com.usyd.catams.application.ApprovalApplicationService]
16:06:11.218 [main] DEBUG o.s.s.a.m.AuthorizationManagerBeforeMethodInterceptor - Authorized method invocation ReflectiveMethodInvocation: public com.usyd.catams.dto.response.ApprovalActionResponse com.usyd.catams.application.ApprovalApplicationService.performApprovalActionAndReturnDto(java.lang.Long,com.usyd.catams.enums.ApprovalAction,java.lang.String,java.lang.Long); target is of class [com.usyd.catams.application.ApprovalApplicationService]
16:06:11.226 [main] WARN  c.u.c.e.GlobalExceptionHandler - Resource not found: Timesheet not found with ID: 99999
16:06:11.236 [main] INFO  o.a.coyote.http11.Http11NioProtocol - Stopping ProtocolHandler ["http-nio-auto-11-52551"]
16:06:11.243 [main] INFO  o.s.o.j.LocalContainerEntityManagerFactoryBean - Closing JPA EntityManagerFactory for persistence unit 'default'
16:06:11.281 [main] INFO  com.zaxxer.hikari.HikariDataSource - HikariPool-12 - Shutdown initiated...
16:06:11.283 [main] INFO  com.zaxxer.hikari.HikariDataSource - HikariPool-12 - Shutdown completed.
]]></system-out>
  </testcase>
  <testcase name="testSubmitApprovalWithInvalidData" classname="com.usyd.catams.integration.ApprovalSubmissionIntegrationTest" time="0.374">
    <system-out><![CDATA[16:06:11.293 [main] INFO  o.s.b.d.r.RestartApplicationListener - Restart disabled due to context in which it is running

  .   ____          _            __ _ _
 /\\ / ___'_ __ _ _(_)_ __  __ _ \ \ \ \
( ( )\___ | '_ | '_| | '_ \/ _` | \ \ \ \
 \\/  ___)| |_)| | | | | || (_| |  ) ) ) )
  '  |____| .__|_| |_|_| |_\__, | / / / /
 =========|_|==============|___/=/_/_/_/
 :: Spring Boot ::                (v3.2.0)

16:06:11.324 [main] INFO  c.u.c.i.ApprovalSubmissionIntegrationTest - Starting ApprovalSubmissionIntegrationTest using Java 21.0.8 with PID 43568 (started by k7407 in E:\Code\Casual-Academic-Time-Allocation-Management-System)
16:06:11.324 [main] DEBUG c.u.c.i.ApprovalSubmissionIntegrationTest - Running with Spring Boot v3.2.0, Spring v6.1.1
16:06:11.324 [main] INFO  c.u.c.i.ApprovalSubmissionIntegrationTest - The following 1 profile is active: "integration-test"
16:06:11.584 [main] INFO  o.s.d.r.c.RepositoryConfigurationDelegate - Bootstrapping Spring Data JPA repositories in DEFAULT mode.
16:06:11.610 [main] INFO  o.s.d.r.c.RepositoryConfigurationDelegate - Finished Spring Data repository scanning in 25 ms. Found 3 JPA repository interfaces.
16:06:11.749 [main] INFO  o.s.b.w.e.tomcat.TomcatWebServer - Tomcat initialized with port 0 (http)
16:06:11.750 [main] INFO  o.a.coyote.http11.Http11NioProtocol - Initializing ProtocolHandler ["http-nio-auto-12"]
16:06:11.750 [main] INFO  o.a.catalina.core.StandardService - Starting service [Tomcat]
16:06:11.750 [main] INFO  o.a.catalina.core.StandardEngine - Starting Servlet engine: [Apache Tomcat/10.1.16]
16:06:11.786 [main] INFO  o.a.c.c.C.[.[localhost].[/api] - Initializing Spring embedded WebApplicationContext
16:06:11.786 [main] INFO  o.s.b.w.s.c.ServletWebServerApplicationContext - Root WebApplicationContext: initialization completed in 461 ms
16:06:11.935 [main] INFO  o.h.jpa.internal.util.LogHelper - HHH000204: Processing PersistenceUnitInfo [name: default]
16:06:11.939 [main] INFO  o.h.c.i.RegionFactoryInitiator - HHH000026: Second-level cache disabled
16:06:11.943 [main] INFO  o.s.o.j.p.SpringPersistenceUnitInfo - No LoadTimeWeaver setup: ignoring JPA class transformer
16:06:11.944 [main] INFO  com.zaxxer.hikari.HikariDataSource - HikariPool-13 - Starting...
16:06:11.966 [main] INFO  com.zaxxer.hikari.pool.HikariPool - HikariPool-13 - Added connection org.postgresql.jdbc.PgConnection@3d6a74ed
16:06:11.966 [main] INFO  com.zaxxer.hikari.HikariDataSource - HikariPool-13 - Start completed.
16:06:11.971 [main] WARN  org.hibernate.orm.deprecation - HHH90000025: PostgreSQLDialect does not need to be specified explicitly using 'hibernate.dialect' (remove the property setting and it will be selected by default)
16:06:12.074 [main] INFO  o.h.e.t.j.p.i.JtaPlatformInitiator - HHH000489: No JTA platform available (set 'hibernate.transaction.jta.platform' to enable JTA platform integration)
16:06:12.078 [main] WARN  o.h.e.jdbc.spi.SqlExceptionHelper - SQL Warning Code: 0, SQLState: 00000
16:06:12.078 [main] WARN  o.h.e.jdbc.spi.SqlExceptionHelper - table "approvals" does not exist, skipping
16:06:12.080 [main] WARN  o.h.e.jdbc.spi.SqlExceptionHelper - SQL Warning Code: 0, SQLState: 00000
16:06:12.080 [main] WARN  o.h.e.jdbc.spi.SqlExceptionHelper - table "courses" does not exist, skipping
16:06:12.082 [main] WARN  o.h.e.jdbc.spi.SqlExceptionHelper - SQL Warning Code: 0, SQLState: 00000
16:06:12.082 [main] WARN  o.h.e.jdbc.spi.SqlExceptionHelper - table "timesheets" does not exist, skipping
16:06:12.083 [main] WARN  o.h.e.jdbc.spi.SqlExceptionHelper - SQL Warning Code: 0, SQLState: 00000
16:06:12.084 [main] WARN  o.h.e.jdbc.spi.SqlExceptionHelper - table "users" does not exist, skipping
16:06:12.170 [main] INFO  o.s.o.j.LocalContainerEntityManagerFactoryBean - Initialized JPA EntityManagerFactory for persistence unit 'default'
16:06:12.250 [main] DEBUG c.u.c.s.JwtAuthenticationFilter - Filter 'jwtAuthenticationFilter' configured for use
16:06:12.579 [main] WARN  o.s.b.a.s.s.UserDetailsServiceAutoConfiguration - 

Using generated security password: 0a27d132-a640-4767-8113-64d947d2bd4d

This generated password is for development use only. Your security configuration must be updated before running your application in production.

16:06:12.806 [main] INFO  o.s.b.a.e.web.EndpointLinksResolver - Exposing 3 endpoint(s) beneath base path '/actuator'
16:06:12.841 [main] INFO  o.s.s.web.DefaultSecurityFilterChain - Will secure any request with [org.springframework.security.web.session.DisableEncodeUrlFilter@143658a4, org.springframework.security.web.context.request.async.WebAsyncManagerIntegrationFilter@739d2503, org.springframework.security.web.context.SecurityContextHolderFilter@66745f4, org.springframework.security.web.header.HeaderWriterFilter@78f933ad, org.springframework.web.filter.CorsFilter@4157c87b, org.springframework.security.web.authentication.logout.LogoutFilter@14334394, com.usyd.catams.security.JwtAuthenticationFilter@3119f885, org.springframework.security.web.savedrequest.RequestCacheAwareFilter@744d64f0, org.springframework.security.web.servletapi.SecurityContextHolderAwareRequestFilter@6c192368, org.springframework.security.web.authentication.AnonymousAuthenticationFilter@2f833b71, org.springframework.security.web.session.SessionManagementFilter@4f0622ca, org.springframework.security.web.access.ExceptionTranslationFilter@637a9fe5, org.springframework.security.web.access.intercept.AuthorizationFilter@303c47f2]
16:06:13.175 [main] DEBUG c.u.c.s.JwtAuthenticationFilter - Filter 'jwtAuthenticationFilter' configured for use
16:06:13.177 [main] INFO  o.a.c.c.C.[.[localhost].[/api] - Initializing Spring TestDispatcherServlet ''
16:06:13.177 [main] INFO  o.s.t.w.s.TestDispatcherServlet - Initializing Servlet ''
16:06:13.179 [main] INFO  o.s.t.w.s.TestDispatcherServlet - Completed initialization in 2 ms
16:06:13.207 [main] INFO  o.a.coyote.http11.Http11NioProtocol - Starting ProtocolHandler ["http-nio-auto-12"]
16:06:13.211 [main] INFO  o.s.b.w.e.tomcat.TomcatWebServer - Tomcat started on port 52565 (http) with context path '/api'
16:06:13.214 [main] INFO  c.u.c.i.ApprovalSubmissionIntegrationTest - Started ApprovalSubmissionIntegrationTest in 1.921 seconds (process running for 70.324)
16:06:13.504 [main] DEBUG o.s.security.web.FilterChainProxy - Securing POST /api/approvals
16:06:13.515 [main] DEBUG c.u.c.s.JwtAuthenticationFilter - JWT authentication successful for user: tutor@university.edu with role: TUTOR
16:06:13.516 [main] WARN  o.s.w.s.h.HandlerMappingIntrospector - Cache miss for REQUEST dispatch to '/api/approvals' (previous null). Performing MatchableHandlerMapping lookup. This is logged once only at WARN level, and every time at TRACE.
16:06:13.517 [main] DEBUG o.s.security.web.FilterChainProxy - Secured POST /api/approvals
16:06:13.526 [main] WARN  c.u.c.e.GlobalExceptionHandler - Validation exception: Validation failed: action: Action is required
16:06:13.533 [main] INFO  o.a.coyote.http11.Http11NioProtocol - Stopping ProtocolHandler ["http-nio-auto-12-52565"]
16:06:13.540 [main] INFO  o.s.o.j.LocalContainerEntityManagerFactoryBean - Closing JPA EntityManagerFactory for persistence unit 'default'
16:06:13.583 [main] INFO  com.zaxxer.hikari.HikariDataSource - HikariPool-13 - Shutdown initiated...
16:06:13.585 [main] INFO  com.zaxxer.hikari.HikariDataSource - HikariPool-13 - Shutdown completed.
]]></system-out>
  </testcase>
</testsuite>